2024-10-29 20:34:55,513 - INFO - CSV dosyası okunuyor...
2024-10-29 20:34:55,527 - INFO - CSV dosyası başarıyla okundu.
2024-10-29 20:34:55,528 - INFO - thenlper/gte-large yükleniyor...
2024-10-29 20:34:57,867 - INFO - thenlper/gte-large yüklendi.
2024-10-29 20:34:57,867 - INFO - sentence-transformers/all-MiniLM-L12-v2 yükleniyor...
2024-10-29 20:34:58,360 - INFO - sentence-transformers/all-MiniLM-L12-v2 yüklendi.
2024-10-29 20:34:58,360 - INFO - jinaai/jina-embeddings-v3 yükleniyor...
2024-10-29 20:35:02,589 - INFO - jinaai/jina-embeddings-v3 yüklendi.
2024-10-29 20:35:02,590 - INFO - intfloat/multilingual-e5-large-instruct yükleniyor...
2024-10-29 20:35:05,463 - INFO - intfloat/multilingual-e5-large-instruct yüklendi.
2024-10-29 20:35:05,478 - INFO - BAAI/bge-m3 yükleniyor...
2024-10-29 20:35:07,574 - INFO - BAAI/bge-m3 yüklendi.
2024-10-29 20:35:07,581 - INFO - nomic-ai/nomic-embed-text-v1 yükleniyor...
2024-10-29 20:35:11,503 - WARNING - <All keys matched successfully>
2024-10-29 20:35:11,509 - INFO - nomic-ai/nomic-embed-text-v1 yüklendi.
2024-10-29 20:35:11,509 - INFO - dbmdz/bert-base-turkish-cased yükleniyor...
2024-10-29 20:35:12,740 - INFO - dbmdz/bert-base-turkish-cased yüklendi.
2024-10-29 20:35:12,740 - INFO - thenlper/gte-large için temsilleri alınıyor...
2024-10-29 20:54:28,940 - INFO - thenlper/gte-large için temsiller alındı.
2024-10-29 20:54:28,947 - INFO - sentence-transformers/all-MiniLM-L12-v2 için temsilleri alınıyor...
2024-10-29 20:56:25,912 - INFO - sentence-transformers/all-MiniLM-L12-v2 için temsiller alındı.
2024-10-29 20:56:25,914 - INFO - jinaai/jina-embeddings-v3 için temsilleri alınıyor...
2024-10-29 21:18:50,953 - INFO - jinaai/jina-embeddings-v3 için temsiller alındı.
2024-10-29 21:18:50,958 - INFO - intfloat/multilingual-e5-large-instruct için temsilleri alınıyor...
2024-10-29 21:38:02,962 - INFO - intfloat/multilingual-e5-large-instruct için temsiller alındı.
2024-10-29 21:38:02,964 - INFO - BAAI/bge-m3 için temsilleri alınıyor...
2024-10-29 22:43:31,218 - INFO - BAAI/bge-m3 için temsiller alındı.
2024-10-29 22:43:31,229 - INFO - nomic-ai/nomic-embed-text-v1 için temsilleri alınıyor...
2024-10-29 22:51:11,024 - INFO - nomic-ai/nomic-embed-text-v1 için temsiller alındı.
2024-10-29 22:51:11,026 - INFO - dbmdz/bert-base-turkish-cased için temsilleri alınıyor...
2024-10-29 22:56:53,669 - INFO - dbmdz/bert-base-turkish-cased için temsiller alındı.
2024-10-29 22:56:53,671 - INFO - thenlper/gte-large için temsilleri alınıyor...
2024-10-29 23:16:09,425 - INFO - thenlper/gte-large için temsiller alındı.
2024-10-29 23:16:09,427 - INFO - sentence-transformers/all-MiniLM-L12-v2 için temsilleri alınıyor...
2024-10-29 23:18:06,522 - INFO - sentence-transformers/all-MiniLM-L12-v2 için temsiller alındı.
2024-10-29 23:18:06,537 - INFO - jinaai/jina-embeddings-v3 için temsilleri alınıyor...
2024-10-29 23:39:37,464 - INFO - jinaai/jina-embeddings-v3 için temsiller alındı.
2024-10-29 23:39:37,467 - INFO - intfloat/multilingual-e5-large-instruct için temsilleri alınıyor...
2024-10-29 23:58:59,141 - INFO - intfloat/multilingual-e5-large-instruct için temsiller alındı.
2024-10-29 23:58:59,145 - INFO - BAAI/bge-m3 için temsilleri alınıyor...
2024-10-30 01:11:04,584 - INFO - BAAI/bge-m3 için temsiller alındı.
2024-10-30 01:11:04,597 - INFO - nomic-ai/nomic-embed-text-v1 için temsilleri alınıyor...
2024-10-30 01:18:30,395 - INFO - nomic-ai/nomic-embed-text-v1 için temsiller alındı.
2024-10-30 01:18:30,397 - INFO - dbmdz/bert-base-turkish-cased için temsilleri alınıyor...
2024-10-30 01:24:11,065 - INFO - dbmdz/bert-base-turkish-cased için temsiller alındı.
2024-10-30 01:24:11,067 - INFO - Benzerlik hesaplanıyor ve en benzer 5 cevap bulunuyor...
2024-10-30 01:24:11,331 - INFO - Başarı oranları hesaplanıyor...
2024-10-30 01:24:11,451 - INFO - thenlper/gte-large - Top 1 Başarı: 38.40%
2024-10-30 01:24:11,452 - INFO - thenlper/gte-large - Top 5 Başarı: 50.80%
2024-10-30 01:24:11,452 - INFO - sentence-transformers/all-MiniLM-L12-v2 - Top 1 Başarı: 14.90%
2024-10-30 01:24:11,452 - INFO - sentence-transformers/all-MiniLM-L12-v2 - Top 5 Başarı: 21.10%
2024-10-30 01:24:11,452 - INFO - jinaai/jina-embeddings-v3 - Top 1 Başarı: 85.80%
2024-10-30 01:24:11,452 - INFO - jinaai/jina-embeddings-v3 - Top 5 Başarı: 94.40%
2024-10-30 01:24:11,452 - INFO - intfloat/multilingual-e5-large-instruct - Top 1 Başarı: 42.90%
2024-10-30 01:24:11,452 - INFO - intfloat/multilingual-e5-large-instruct - Top 5 Başarı: 55.60%
2024-10-30 01:24:11,452 - INFO - BAAI/bge-m3 - Top 1 Başarı: 62.50%
2024-10-30 01:24:11,452 - INFO - BAAI/bge-m3 - Top 5 Başarı: 76.20%
2024-10-30 01:24:11,452 - INFO - nomic-ai/nomic-embed-text-v1 - Top 1 Başarı: 37.10%
2024-10-30 01:24:11,453 - INFO - nomic-ai/nomic-embed-text-v1 - Top 5 Başarı: 49.90%
2024-10-30 01:24:11,453 - INFO - dbmdz/bert-base-turkish-cased - Top 1 Başarı: 22.10%
2024-10-30 01:24:11,453 - INFO - dbmdz/bert-base-turkish-cased - Top 5 Başarı: 34.80%
2024-10-30 01:24:11,453 - INFO - thenlper/gte-large için TSNE uygulanıyor...
2024-10-30 01:38:15,894 - INFO - thenlper/gte-large için TSNE görselleştirmesi tamamlandı.
2024-10-30 01:38:15,895 - INFO - sentence-transformers/all-MiniLM-L12-v2 için TSNE uygulanıyor...
2024-10-30 01:38:44,098 - INFO - sentence-transformers/all-MiniLM-L12-v2 için TSNE görselleştirmesi tamamlandı.
2024-10-30 01:38:44,099 - INFO - jinaai/jina-embeddings-v3 için TSNE uygulanıyor...
2024-10-30 01:38:54,241 - INFO - jinaai/jina-embeddings-v3 için TSNE görselleştirmesi tamamlandı.
2024-10-30 01:38:54,241 - INFO - intfloat/multilingual-e5-large-instruct için TSNE uygulanıyor...
2024-10-30 01:39:02,208 - INFO - intfloat/multilingual-e5-large-instruct için TSNE görselleştirmesi tamamlandı.
2024-10-30 01:39:02,208 - INFO - BAAI/bge-m3 için TSNE uygulanıyor...
2024-10-30 01:39:11,649 - INFO - BAAI/bge-m3 için TSNE görselleştirmesi tamamlandı.
2024-10-30 01:39:11,650 - INFO - nomic-ai/nomic-embed-text-v1 için TSNE uygulanıyor...
2024-10-30 01:39:21,688 - INFO - nomic-ai/nomic-embed-text-v1 için TSNE görselleştirmesi tamamlandı.
2024-10-30 01:39:21,689 - INFO - dbmdz/bert-base-turkish-cased için TSNE uygulanıyor...
2024-10-30 01:39:30,850 - INFO - dbmdz/bert-base-turkish-cased için TSNE görselleştirmesi tamamlandı.
