2024-10-30 20:12:22,050 - INFO - Reading CSV file...
2024-10-30 20:12:22,063 - INFO - CSV file successfully read.
2024-10-30 20:12:22,127 - INFO - Using device: cuda
2024-10-30 20:12:22,129 - INFO - Processing model: nomic-ai/nomic-embed-text-v1
2024-10-30 20:12:22,288 - INFO - Reading CSV file...
2024-10-30 20:12:22,301 - INFO - CSV file successfully read.
2024-10-30 20:12:22,360 - INFO - Using device: cuda
2024-10-30 20:12:22,363 - INFO - Processing model: dbmdz/bert-base-turkish-cased
2024-10-30 20:12:27,086 - INFO - Getting embeddings for dbmdz/bert-base-turkish-cased...
2024-10-30 20:12:29,470 - WARNING - <All keys matched successfully>
2024-10-30 20:12:30,597 - INFO - Getting embeddings for nomic-ai/nomic-embed-text-v1...
2024-10-30 20:12:53,202 - INFO - Embeddings for dbmdz/bert-base-turkish-cased obtained.
2024-10-30 20:12:55,172 - INFO - Getting embeddings for dbmdz/bert-base-turkish-cased...
2024-10-30 20:13:07,595 - INFO - Embeddings for nomic-ai/nomic-embed-text-v1 obtained.
2024-10-30 20:13:12,457 - WARNING - <All keys matched successfully>
2024-10-30 20:13:12,836 - INFO - Getting embeddings for nomic-ai/nomic-embed-text-v1...
2024-10-30 20:13:16,696 - INFO - Embeddings for dbmdz/bert-base-turkish-cased obtained.
2024-10-30 20:13:18,706 - INFO - dbmdz/bert-base-turkish-cased - Top 1 Accuracy: 28.70%
2024-10-30 20:13:18,707 - INFO - dbmdz/bert-base-turkish-cased - Top 5 Accuracy: 43.10%
2024-10-30 20:13:18,707 - INFO - Applying TSNE for dbmdz/bert-base-turkish-cased...
2024-10-30 20:13:45,384 - INFO - Embeddings for nomic-ai/nomic-embed-text-v1 obtained.
2024-10-30 20:13:46,856 - INFO - nomic-ai/nomic-embed-text-v1 - Top 1 Accuracy: 50.10%
2024-10-30 20:13:46,856 - INFO - nomic-ai/nomic-embed-text-v1 - Top 5 Accuracy: 61.90%
2024-10-30 20:13:46,856 - INFO - Applying TSNE for nomic-ai/nomic-embed-text-v1...
2024-10-30 20:14:17,246 - INFO - TSNE visualization completed for nomic-ai/nomic-embed-text-v1.
2024-10-30 20:14:26,893 - INFO - TSNE visualization completed for dbmdz/bert-base-turkish-cased.
