2024-10-30 20:12:20,170 - INFO - Reading CSV file...
2024-10-30 20:12:20,190 - INFO - CSV file successfully read.
2024-10-30 20:12:20,255 - INFO - Using device: cuda
2024-10-30 20:12:20,257 - INFO - Processing model: sentence-transformers/all-MiniLM-L12-v2
2024-10-30 20:12:20,424 - INFO - Reading CSV file...
2024-10-30 20:12:20,448 - INFO - CSV file successfully read.
2024-10-30 20:12:20,518 - INFO - Using device: cuda
2024-10-30 20:12:20,521 - INFO - Processing model: intfloat/multilingual-e5-large-instruct
2024-10-30 20:12:24,864 - INFO - Getting embeddings for sentence-transformers/all-MiniLM-L12-v2...
2024-10-30 20:12:26,496 - INFO - Getting embeddings for intfloat/multilingual-e5-large-instruct...
2024-10-30 20:12:50,869 - INFO - Embeddings for sentence-transformers/all-MiniLM-L12-v2 obtained.
2024-10-30 20:12:52,300 - INFO - Getting embeddings for sentence-transformers/all-MiniLM-L12-v2...
2024-10-30 20:13:09,389 - INFO - Embeddings for intfloat/multilingual-e5-large-instruct obtained.
2024-10-30 20:13:14,379 - INFO - Embeddings for sentence-transformers/all-MiniLM-L12-v2 obtained.
2024-10-30 20:13:14,590 - INFO - Getting embeddings for intfloat/multilingual-e5-large-instruct...
2024-10-30 20:13:16,405 - INFO - sentence-transformers/all-MiniLM-L12-v2 - Top 1 Accuracy: 30.90%
2024-10-30 20:13:16,405 - INFO - sentence-transformers/all-MiniLM-L12-v2 - Top 5 Accuracy: 43.90%
2024-10-30 20:13:16,405 - INFO - Applying TSNE for sentence-transformers/all-MiniLM-L12-v2...
2024-10-30 20:13:51,638 - INFO - Embeddings for intfloat/multilingual-e5-large-instruct obtained.
2024-10-30 20:13:53,748 - INFO - intfloat/multilingual-e5-large-instruct - Top 1 Accuracy: 67.20%
2024-10-30 20:13:53,748 - INFO - intfloat/multilingual-e5-large-instruct - Top 5 Accuracy: 83.00%
2024-10-30 20:13:53,749 - INFO - Applying TSNE for intfloat/multilingual-e5-large-instruct...
2024-10-30 20:14:06,909 - INFO - TSNE visualization completed for intfloat/multilingual-e5-large-instruct.
2024-10-30 20:14:38,007 - INFO - TSNE visualization completed for sentence-transformers/all-MiniLM-L12-v2.
