2024-10-30 20:26:02,203 - INFO - Reading CSV file...
2024-10-30 20:26:02,221 - INFO - CSV file successfully read.
2024-10-30 20:26:02,304 - INFO - Using device: cuda
2024-10-30 20:26:02,308 - INFO - Processing model: sentence-transformers/all-MiniLM-L12-v2
2024-10-30 20:26:02,450 - INFO - Reading CSV file...
2024-10-30 20:26:02,462 - INFO - CSV file successfully read.
2024-10-30 20:26:02,533 - INFO - Using device: cuda
2024-10-30 20:26:02,539 - INFO - Processing model: intfloat/multilingual-e5-large-instruct
2024-10-30 20:26:02,923 - INFO - Reading CSV file...
2024-10-30 20:26:02,934 - INFO - CSV file successfully read.
2024-10-30 20:26:02,999 - INFO - Using device: cuda
2024-10-30 20:26:03,001 - INFO - Processing model: BAAI/bge-m3
2024-10-30 20:26:06,928 - INFO - Getting embeddings for sentence-transformers/all-MiniLM-L12-v2...
2024-10-30 20:26:08,590 - INFO - Getting embeddings for intfloat/multilingual-e5-large-instruct...
2024-10-30 20:26:11,977 - INFO - Getting embeddings for BAAI/bge-m3...
2024-10-30 20:26:31,539 - INFO - Embeddings for sentence-transformers/all-MiniLM-L12-v2 obtained.
2024-10-30 20:26:32,724 - INFO - Getting embeddings for sentence-transformers/all-MiniLM-L12-v2...
2024-10-30 20:26:56,499 - INFO - Embeddings for sentence-transformers/all-MiniLM-L12-v2 obtained.
2024-10-30 20:26:56,877 - INFO - Embeddings for intfloat/multilingual-e5-large-instruct obtained.
2024-10-30 20:26:57,366 - INFO - sentence-transformers/all-MiniLM-L12-v2 - Top 1 Accuracy: 35.70%
2024-10-30 20:26:57,367 - INFO - sentence-transformers/all-MiniLM-L12-v2 - Top 5 Accuracy: 47.20%
2024-10-30 20:26:57,367 - INFO - Applying TSNE for sentence-transformers/all-MiniLM-L12-v2...
2024-10-30 20:27:00,971 - INFO - Embeddings for BAAI/bge-m3 obtained.
2024-10-30 20:27:01,636 - INFO - Getting embeddings for intfloat/multilingual-e5-large-instruct...
2024-10-30 20:27:11,253 - INFO - Getting embeddings for BAAI/bge-m3...
2024-10-30 20:27:24,980 - INFO - TSNE visualization completed for sentence-transformers/all-MiniLM-L12-v2.
2024-10-30 20:27:28,479 - INFO - Embeddings for intfloat/multilingual-e5-large-instruct obtained.
2024-10-30 20:27:29,534 - INFO - intfloat/multilingual-e5-large-instruct - Top 1 Accuracy: 75.30%
2024-10-30 20:27:29,535 - INFO - intfloat/multilingual-e5-large-instruct - Top 5 Accuracy: 89.70%
2024-10-30 20:27:29,536 - INFO - Applying TSNE for intfloat/multilingual-e5-large-instruct...
2024-10-30 20:27:37,077 - INFO - Embeddings for BAAI/bge-m3 obtained.
2024-10-30 20:27:38,227 - INFO - BAAI/bge-m3 - Top 1 Accuracy: 72.40%
2024-10-30 20:27:38,227 - INFO - BAAI/bge-m3 - Top 5 Accuracy: 86.00%
2024-10-30 20:27:38,228 - INFO - Applying TSNE for BAAI/bge-m3...
2024-10-30 20:27:49,258 - INFO - TSNE visualization completed for intfloat/multilingual-e5-large-instruct.
2024-10-30 20:27:56,110 - INFO - TSNE visualization completed for BAAI/bge-m3.
