2024-10-29 16:53:55,453 - INFO - CSV dosyası okunuyor...
2024-10-29 16:53:55,474 - INFO - CSV dosyası başarıyla okundu.
2024-10-29 16:53:55,476 - INFO - thenlper/gte-large yükleniyor...
2024-10-29 16:53:58,274 - INFO - thenlper/gte-large yüklendi.
2024-10-29 16:53:58,274 - INFO - sentence-transformers/all-MiniLM-L12-v2 yükleniyor...
2024-10-29 16:53:58,768 - INFO - sentence-transformers/all-MiniLM-L12-v2 yüklendi.
2024-10-29 16:53:58,768 - INFO - jinaai/jina-embeddings-v3 yükleniyor...
2024-10-29 16:54:02,715 - INFO - jinaai/jina-embeddings-v3 yüklendi.
2024-10-29 16:54:02,716 - INFO - intfloat/multilingual-e5-large-instruct yükleniyor...
2024-10-29 16:54:05,563 - INFO - intfloat/multilingual-e5-large-instruct yüklendi.
2024-10-29 16:54:05,564 - INFO - BAAI/bge-m3 yükleniyor...
2024-10-29 16:54:07,650 - INFO - BAAI/bge-m3 yüklendi.
2024-10-29 16:54:07,650 - INFO - nomic-ai/nomic-embed-text-v1 yükleniyor...
2024-10-29 16:54:11,419 - WARNING - <All keys matched successfully>
2024-10-29 16:54:11,427 - INFO - nomic-ai/nomic-embed-text-v1 yüklendi.
2024-10-29 16:54:11,427 - INFO - dbmdz/bert-base-turkish-cased yükleniyor...
2024-10-29 16:54:12,587 - INFO - dbmdz/bert-base-turkish-cased yüklendi.
2024-10-29 16:54:12,587 - INFO - thenlper/gte-large için temsilleri alınıyor...
2024-10-29 16:57:17,537 - INFO - thenlper/gte-large için temsiller alındı.
2024-10-29 16:57:17,545 - INFO - sentence-transformers/all-MiniLM-L12-v2 için temsilleri alınıyor...
2024-10-29 16:57:35,267 - INFO - sentence-transformers/all-MiniLM-L12-v2 için temsiller alındı.
2024-10-29 16:57:35,275 - INFO - jinaai/jina-embeddings-v3 için temsilleri alınıyor...
2024-10-29 17:00:24,050 - INFO - jinaai/jina-embeddings-v3 için temsiller alındı.
2024-10-29 17:00:24,054 - INFO - intfloat/multilingual-e5-large-instruct için temsilleri alınıyor...
2024-10-29 17:02:52,410 - INFO - intfloat/multilingual-e5-large-instruct için temsiller alındı.
2024-10-29 17:02:52,412 - INFO - BAAI/bge-m3 için temsilleri alınıyor...
2024-10-29 17:48:46,363 - INFO - BAAI/bge-m3 için temsiller alındı.
2024-10-29 17:48:46,383 - INFO - nomic-ai/nomic-embed-text-v1 için temsilleri alınıyor...
2024-10-29 17:50:03,445 - INFO - nomic-ai/nomic-embed-text-v1 için temsiller alındı.
2024-10-29 17:50:03,446 - INFO - dbmdz/bert-base-turkish-cased için temsilleri alınıyor...
2024-10-29 17:50:46,685 - INFO - dbmdz/bert-base-turkish-cased için temsiller alındı.
2024-10-29 17:50:46,688 - INFO - thenlper/gte-large için temsilleri alınıyor...
