2024-10-31 14:50:03,189 - INFO - Reading CSV file...
2024-10-31 14:50:03,201 - INFO - CSV file successfully read.
2024-10-31 14:50:04,248 - INFO - Using device: cuda
2024-10-31 14:50:04,249 - INFO - Starting model processing...
2024-10-31 14:50:04,249 - INFO - Processing model: dbmdz/bert-base-turkish-cased
2024-10-31 14:50:08,547 - INFO - Getting embeddings for dbmdz/bert-base-turkish-cased...
2024-10-31 14:50:10,018 - INFO - Embeddings for dbmdz/bert-base-turkish-cased obtained.
2024-10-31 14:50:11,540 - INFO - Getting embeddings for dbmdz/bert-base-turkish-cased...
2024-10-31 14:50:15,753 - INFO - Embeddings for dbmdz/bert-base-turkish-cased obtained.
2024-10-31 14:50:17,134 - INFO - Getting embeddings for dbmdz/bert-base-turkish-cased...
2024-10-31 14:50:17,306 - INFO - Embeddings for dbmdz/bert-base-turkish-cased obtained.
2024-10-31 14:50:18,778 - INFO - Getting embeddings for dbmdz/bert-base-turkish-cased...
2024-10-31 14:50:19,491 - INFO - Embeddings for dbmdz/bert-base-turkish-cased obtained.
2024-10-31 14:50:20,824 - INFO - Getting embeddings for dbmdz/bert-base-turkish-cased...
2024-10-31 14:50:20,962 - INFO - Embeddings for dbmdz/bert-base-turkish-cased obtained.
2024-10-31 14:50:22,251 - INFO - Getting embeddings for dbmdz/bert-base-turkish-cased...
2024-10-31 14:50:22,734 - INFO - Embeddings for dbmdz/bert-base-turkish-cased obtained.
2024-10-31 14:50:23,451 - INFO - dbmdz/bert-base-turkish-cased - Training Top 1 Accuracy: 21.00%
2024-10-31 14:50:23,451 - INFO - dbmdz/bert-base-turkish-cased - Training Top 5 Accuracy: 34.75%
2024-10-31 14:50:23,463 - INFO - dbmdz/bert-base-turkish-cased - Validation Top 1 Accuracy: 39.00%
2024-10-31 14:50:23,464 - INFO - dbmdz/bert-base-turkish-cased - Validation Top 5 Accuracy: 58.00%
2024-10-31 14:50:23,486 - INFO - dbmdz/bert-base-turkish-cased - Test Top 1 Accuracy: 29.00%
2024-10-31 14:50:23,487 - INFO - dbmdz/bert-base-turkish-cased - Test Top 5 Accuracy: 47.00%
2024-10-31 14:50:23,487 - INFO - Applying TSNE for dbmdz/bert-base-turkish-cased...
2024-10-31 14:50:27,748 - INFO - TSNE visualization saved for dbmdz/bert-base-turkish-cased.
2024-10-31 14:50:27,748 - INFO - All models processed successfully.
