2024-11-01 21:02:37,943 - INFO - Reading CSV file...
2024-11-01 21:02:37,956 - INFO - CSV file successfully read.
2024-11-01 21:02:38,487 - INFO - Using device: cuda
2024-11-01 21:02:38,488 - INFO - Training model: dbmdz/bert-base-turkish-cased
2024-11-01 21:02:42,786 - INFO - Epoch 1/10
2024-11-01 21:02:44,208 - INFO - Getting embeddings for dbmdz/bert-base-turkish-cased...
2024-11-01 21:02:44,803 - INFO - Embeddings for dbmdz/bert-base-turkish-cased obtained.
2024-11-01 21:02:46,222 - INFO - Getting embeddings for dbmdz/bert-base-turkish-cased...
2024-11-01 21:02:46,745 - INFO - Embeddings for dbmdz/bert-base-turkish-cased obtained.
2024-11-01 21:02:46,768 - INFO - Training Batch 1: Top 1 Accuracy: 44.00%, Top 5 Accuracy: 86.00%
2024-11-01 21:02:48,170 - INFO - Getting embeddings for dbmdz/bert-base-turkish-cased...
2024-11-01 21:02:48,586 - INFO - Embeddings for dbmdz/bert-base-turkish-cased obtained.
2024-11-01 21:02:50,002 - INFO - Getting embeddings for dbmdz/bert-base-turkish-cased...
2024-11-01 21:02:50,527 - INFO - Embeddings for dbmdz/bert-base-turkish-cased obtained.
2024-11-01 21:02:50,536 - INFO - Training Batch 2: Top 1 Accuracy: 56.00%, Top 5 Accuracy: 92.00%
2024-11-01 21:02:51,985 - INFO - Getting embeddings for dbmdz/bert-base-turkish-cased...
2024-11-01 21:02:52,617 - INFO - Embeddings for dbmdz/bert-base-turkish-cased obtained.
2024-11-01 21:02:54,020 - INFO - Getting embeddings for dbmdz/bert-base-turkish-cased...
2024-11-01 21:02:54,614 - INFO - Embeddings for dbmdz/bert-base-turkish-cased obtained.
2024-11-01 21:02:54,624 - INFO - Training Batch 3: Top 1 Accuracy: 52.00%, Top 5 Accuracy: 76.00%
2024-11-01 21:02:56,040 - INFO - Getting embeddings for dbmdz/bert-base-turkish-cased...
2024-11-01 21:02:56,601 - INFO - Embeddings for dbmdz/bert-base-turkish-cased obtained.
2024-11-01 21:02:58,045 - INFO - Getting embeddings for dbmdz/bert-base-turkish-cased...
2024-11-01 21:02:58,723 - INFO - Embeddings for dbmdz/bert-base-turkish-cased obtained.
2024-11-01 21:02:58,733 - INFO - Training Batch 4: Top 1 Accuracy: 54.00%, Top 5 Accuracy: 80.00%
2024-11-01 21:03:00,062 - INFO - Getting embeddings for dbmdz/bert-base-turkish-cased...
2024-11-01 21:03:00,668 - INFO - Embeddings for dbmdz/bert-base-turkish-cased obtained.
2024-11-01 21:03:02,083 - INFO - Getting embeddings for dbmdz/bert-base-turkish-cased...
2024-11-01 21:03:02,703 - INFO - Embeddings for dbmdz/bert-base-turkish-cased obtained.
2024-11-01 21:03:02,714 - INFO - Training Batch 5: Top 1 Accuracy: 50.00%, Top 5 Accuracy: 86.00%
2024-11-01 21:03:04,129 - INFO - Getting embeddings for dbmdz/bert-base-turkish-cased...
2024-11-01 21:03:04,631 - INFO - Embeddings for dbmdz/bert-base-turkish-cased obtained.
2024-11-01 21:03:06,104 - INFO - Getting embeddings for dbmdz/bert-base-turkish-cased...
2024-11-01 21:03:06,715 - INFO - Embeddings for dbmdz/bert-base-turkish-cased obtained.
2024-11-01 21:03:06,728 - INFO - Training Batch 6: Top 1 Accuracy: 54.00%, Top 5 Accuracy: 84.00%
2024-11-01 21:03:08,370 - INFO - Getting embeddings for dbmdz/bert-base-turkish-cased...
2024-11-01 21:03:09,022 - INFO - Embeddings for dbmdz/bert-base-turkish-cased obtained.
2024-11-01 21:03:10,507 - INFO - Getting embeddings for dbmdz/bert-base-turkish-cased...
2024-11-01 21:03:11,149 - INFO - Embeddings for dbmdz/bert-base-turkish-cased obtained.
2024-11-01 21:03:11,162 - INFO - Training Batch 7: Top 1 Accuracy: 50.00%, Top 5 Accuracy: 82.00%
2024-11-01 21:03:12,878 - INFO - Getting embeddings for dbmdz/bert-base-turkish-cased...
2024-11-01 21:03:13,485 - INFO - Embeddings for dbmdz/bert-base-turkish-cased obtained.
2024-11-01 21:03:14,936 - INFO - Getting embeddings for dbmdz/bert-base-turkish-cased...
2024-11-01 21:03:15,546 - INFO - Embeddings for dbmdz/bert-base-turkish-cased obtained.
2024-11-01 21:03:15,558 - INFO - Training Batch 8: Top 1 Accuracy: 58.00%, Top 5 Accuracy: 74.00%
2024-11-01 21:03:16,885 - INFO - Getting embeddings for dbmdz/bert-base-turkish-cased...
2024-11-01 21:03:17,501 - INFO - Embeddings for dbmdz/bert-base-turkish-cased obtained.
2024-11-01 21:03:18,931 - INFO - Getting embeddings for dbmdz/bert-base-turkish-cased...
2024-11-01 21:03:19,513 - INFO - Embeddings for dbmdz/bert-base-turkish-cased obtained.
2024-11-01 21:03:19,522 - INFO - Training Batch 9: Top 1 Accuracy: 40.00%, Top 5 Accuracy: 78.00%
2024-11-01 21:03:21,231 - INFO - Getting embeddings for dbmdz/bert-base-turkish-cased...
2024-11-01 21:03:21,855 - INFO - Embeddings for dbmdz/bert-base-turkish-cased obtained.
2024-11-01 21:03:23,399 - INFO - Getting embeddings for dbmdz/bert-base-turkish-cased...
2024-11-01 21:03:23,862 - INFO - Embeddings for dbmdz/bert-base-turkish-cased obtained.
2024-11-01 21:03:23,877 - INFO - Training Batch 10: Top 1 Accuracy: 60.00%, Top 5 Accuracy: 82.00%
2024-11-01 21:03:25,473 - INFO - Getting embeddings for dbmdz/bert-base-turkish-cased...
2024-11-01 21:03:26,062 - INFO - Embeddings for dbmdz/bert-base-turkish-cased obtained.
2024-11-01 21:03:27,446 - INFO - Getting embeddings for dbmdz/bert-base-turkish-cased...
2024-11-01 21:03:27,919 - INFO - Embeddings for dbmdz/bert-base-turkish-cased obtained.
2024-11-01 21:03:27,932 - INFO - Training Batch 11: Top 1 Accuracy: 56.00%, Top 5 Accuracy: 82.00%
2024-11-01 21:03:29,297 - INFO - Getting embeddings for dbmdz/bert-base-turkish-cased...
2024-11-01 21:03:29,724 - INFO - Embeddings for dbmdz/bert-base-turkish-cased obtained.
2024-11-01 21:03:31,122 - INFO - Getting embeddings for dbmdz/bert-base-turkish-cased...
2024-11-01 21:03:31,653 - INFO - Embeddings for dbmdz/bert-base-turkish-cased obtained.
2024-11-01 21:03:31,663 - INFO - Training Batch 12: Top 1 Accuracy: 54.00%, Top 5 Accuracy: 78.00%
2024-11-01 21:03:33,128 - INFO - Getting embeddings for dbmdz/bert-base-turkish-cased...
2024-11-01 21:03:33,665 - INFO - Embeddings for dbmdz/bert-base-turkish-cased obtained.
2024-11-01 21:03:35,088 - INFO - Getting embeddings for dbmdz/bert-base-turkish-cased...
2024-11-01 21:03:35,702 - INFO - Embeddings for dbmdz/bert-base-turkish-cased obtained.
2024-11-01 21:03:35,713 - INFO - Training Batch 13: Top 1 Accuracy: 52.00%, Top 5 Accuracy: 84.00%
2024-11-01 21:03:37,602 - INFO - Getting embeddings for dbmdz/bert-base-turkish-cased...
2024-11-01 21:03:38,028 - INFO - Embeddings for dbmdz/bert-base-turkish-cased obtained.
2024-11-01 21:03:39,438 - INFO - Getting embeddings for dbmdz/bert-base-turkish-cased...
2024-11-01 21:03:40,136 - INFO - Embeddings for dbmdz/bert-base-turkish-cased obtained.
2024-11-01 21:03:40,145 - INFO - Training Batch 14: Top 1 Accuracy: 58.00%, Top 5 Accuracy: 78.00%
2024-11-01 21:03:41,487 - INFO - Getting embeddings for dbmdz/bert-base-turkish-cased...
2024-11-01 21:03:42,189 - INFO - Embeddings for dbmdz/bert-base-turkish-cased obtained.
2024-11-01 21:03:44,667 - INFO - Getting embeddings for dbmdz/bert-base-turkish-cased...
2024-11-01 21:03:45,390 - INFO - Embeddings for dbmdz/bert-base-turkish-cased obtained.
2024-11-01 21:03:45,401 - INFO - Training Batch 15: Top 1 Accuracy: 58.00%, Top 5 Accuracy: 84.00%
2024-11-01 21:03:46,873 - INFO - Getting embeddings for dbmdz/bert-base-turkish-cased...
2024-11-01 21:03:47,320 - INFO - Embeddings for dbmdz/bert-base-turkish-cased obtained.
2024-11-01 21:03:48,778 - INFO - Getting embeddings for dbmdz/bert-base-turkish-cased...
2024-11-01 21:03:49,334 - INFO - Embeddings for dbmdz/bert-base-turkish-cased obtained.
2024-11-01 21:03:49,354 - INFO - Training Batch 16: Top 1 Accuracy: 42.00%, Top 5 Accuracy: 84.00%
2024-11-01 21:03:49,365 - INFO - Validating model...
2024-11-01 21:03:50,791 - INFO - Getting embeddings for dbmdz/bert-base-turkish-cased...
2024-11-01 21:03:51,920 - INFO - Embeddings for dbmdz/bert-base-turkish-cased obtained.
2024-11-01 21:03:53,340 - INFO - Getting embeddings for dbmdz/bert-base-turkish-cased...
2024-11-01 21:03:54,434 - INFO - Embeddings for dbmdz/bert-base-turkish-cased obtained.
2024-11-01 21:03:54,447 - INFO - Validation: Top 1 Accuracy: 40.00%, Top 5 Accuracy: 71.00%
2024-11-01 21:03:54,448 - INFO - Epoch 2/10
2024-11-01 21:03:55,830 - INFO - Getting embeddings for dbmdz/bert-base-turkish-cased...
2024-11-01 21:03:56,389 - INFO - Embeddings for dbmdz/bert-base-turkish-cased obtained.
2024-11-01 21:03:57,944 - INFO - Getting embeddings for dbmdz/bert-base-turkish-cased...
2024-11-01 21:03:58,638 - INFO - Embeddings for dbmdz/bert-base-turkish-cased obtained.
2024-11-01 21:03:58,650 - INFO - Training Batch 1: Top 1 Accuracy: 44.00%, Top 5 Accuracy: 86.00%
2024-11-01 21:03:59,984 - INFO - Getting embeddings for dbmdz/bert-base-turkish-cased...
2024-11-01 21:04:00,504 - INFO - Embeddings for dbmdz/bert-base-turkish-cased obtained.
2024-11-01 21:04:01,892 - INFO - Getting embeddings for dbmdz/bert-base-turkish-cased...
2024-11-01 21:04:02,366 - INFO - Embeddings for dbmdz/bert-base-turkish-cased obtained.
2024-11-01 21:04:02,386 - INFO - Training Batch 2: Top 1 Accuracy: 56.00%, Top 5 Accuracy: 92.00%
2024-11-01 21:04:03,794 - INFO - Getting embeddings for dbmdz/bert-base-turkish-cased...
2024-11-01 21:04:04,289 - INFO - Embeddings for dbmdz/bert-base-turkish-cased obtained.
2024-11-01 21:04:05,698 - INFO - Getting embeddings for dbmdz/bert-base-turkish-cased...
2024-11-01 21:04:06,413 - INFO - Embeddings for dbmdz/bert-base-turkish-cased obtained.
2024-11-01 21:04:06,422 - INFO - Training Batch 3: Top 1 Accuracy: 52.00%, Top 5 Accuracy: 76.00%
2024-11-01 21:04:07,785 - INFO - Getting embeddings for dbmdz/bert-base-turkish-cased...
2024-11-01 21:04:08,313 - INFO - Embeddings for dbmdz/bert-base-turkish-cased obtained.
2024-11-01 21:04:09,727 - INFO - Getting embeddings for dbmdz/bert-base-turkish-cased...
2024-11-01 21:04:10,445 - INFO - Embeddings for dbmdz/bert-base-turkish-cased obtained.
2024-11-01 21:04:10,460 - INFO - Training Batch 4: Top 1 Accuracy: 54.00%, Top 5 Accuracy: 80.00%
2024-11-01 21:04:11,784 - INFO - Getting embeddings for dbmdz/bert-base-turkish-cased...
2024-11-01 21:04:12,455 - INFO - Embeddings for dbmdz/bert-base-turkish-cased obtained.
2024-11-01 21:04:13,788 - INFO - Getting embeddings for dbmdz/bert-base-turkish-cased...
2024-11-01 21:04:14,391 - INFO - Embeddings for dbmdz/bert-base-turkish-cased obtained.
2024-11-01 21:04:14,408 - INFO - Training Batch 5: Top 1 Accuracy: 50.00%, Top 5 Accuracy: 86.00%
2024-11-01 21:04:15,861 - INFO - Getting embeddings for dbmdz/bert-base-turkish-cased...
2024-11-01 21:04:16,491 - INFO - Embeddings for dbmdz/bert-base-turkish-cased obtained.
2024-11-01 21:04:18,017 - INFO - Getting embeddings for dbmdz/bert-base-turkish-cased...
2024-11-01 21:04:18,564 - INFO - Embeddings for dbmdz/bert-base-turkish-cased obtained.
2024-11-01 21:04:18,581 - INFO - Training Batch 6: Top 1 Accuracy: 54.00%, Top 5 Accuracy: 84.00%
2024-11-01 21:04:20,296 - INFO - Getting embeddings for dbmdz/bert-base-turkish-cased...
2024-11-01 21:04:20,874 - INFO - Embeddings for dbmdz/bert-base-turkish-cased obtained.
2024-11-01 21:04:22,258 - INFO - Getting embeddings for dbmdz/bert-base-turkish-cased...
2024-11-01 21:04:22,805 - INFO - Embeddings for dbmdz/bert-base-turkish-cased obtained.
2024-11-01 21:04:22,816 - INFO - Training Batch 7: Top 1 Accuracy: 50.00%, Top 5 Accuracy: 82.00%
2024-11-01 21:04:24,249 - INFO - Getting embeddings for dbmdz/bert-base-turkish-cased...
2024-11-01 21:04:24,750 - INFO - Embeddings for dbmdz/bert-base-turkish-cased obtained.
2024-11-01 21:04:26,290 - INFO - Getting embeddings for dbmdz/bert-base-turkish-cased...
2024-11-01 21:04:26,928 - INFO - Embeddings for dbmdz/bert-base-turkish-cased obtained.
2024-11-01 21:04:26,937 - INFO - Training Batch 8: Top 1 Accuracy: 58.00%, Top 5 Accuracy: 74.00%
2024-11-01 21:04:28,251 - INFO - Getting embeddings for dbmdz/bert-base-turkish-cased...
2024-11-01 21:04:28,884 - INFO - Embeddings for dbmdz/bert-base-turkish-cased obtained.
2024-11-01 21:04:30,329 - INFO - Getting embeddings for dbmdz/bert-base-turkish-cased...
2024-11-01 21:04:30,925 - INFO - Embeddings for dbmdz/bert-base-turkish-cased obtained.
2024-11-01 21:04:30,937 - INFO - Training Batch 9: Top 1 Accuracy: 40.00%, Top 5 Accuracy: 78.00%
2024-11-01 21:04:32,261 - INFO - Getting embeddings for dbmdz/bert-base-turkish-cased...
2024-11-01 21:04:32,813 - INFO - Embeddings for dbmdz/bert-base-turkish-cased obtained.
2024-11-01 21:04:34,173 - INFO - Getting embeddings for dbmdz/bert-base-turkish-cased...
2024-11-01 21:04:34,768 - INFO - Embeddings for dbmdz/bert-base-turkish-cased obtained.
2024-11-01 21:04:34,778 - INFO - Training Batch 10: Top 1 Accuracy: 60.00%, Top 5 Accuracy: 82.00%
2024-11-01 21:04:36,152 - INFO - Getting embeddings for dbmdz/bert-base-turkish-cased...
2024-11-01 21:04:36,777 - INFO - Embeddings for dbmdz/bert-base-turkish-cased obtained.
2024-11-01 21:04:38,195 - INFO - Getting embeddings for dbmdz/bert-base-turkish-cased...
2024-11-01 21:04:38,803 - INFO - Embeddings for dbmdz/bert-base-turkish-cased obtained.
2024-11-01 21:04:38,812 - INFO - Training Batch 11: Top 1 Accuracy: 56.00%, Top 5 Accuracy: 82.00%
2024-11-01 21:04:40,274 - INFO - Getting embeddings for dbmdz/bert-base-turkish-cased...
2024-11-01 21:04:40,821 - INFO - Embeddings for dbmdz/bert-base-turkish-cased obtained.
2024-11-01 21:04:42,248 - INFO - Getting embeddings for dbmdz/bert-base-turkish-cased...
2024-11-01 21:04:42,993 - INFO - Embeddings for dbmdz/bert-base-turkish-cased obtained.
2024-11-01 21:04:43,003 - INFO - Training Batch 12: Top 1 Accuracy: 54.00%, Top 5 Accuracy: 78.00%
2024-11-01 21:04:44,393 - INFO - Getting embeddings for dbmdz/bert-base-turkish-cased...
2024-11-01 21:04:44,899 - INFO - Embeddings for dbmdz/bert-base-turkish-cased obtained.
2024-11-01 21:04:46,724 - INFO - Getting embeddings for dbmdz/bert-base-turkish-cased...
2024-11-01 21:04:47,294 - INFO - Embeddings for dbmdz/bert-base-turkish-cased obtained.
2024-11-01 21:04:47,305 - INFO - Training Batch 13: Top 1 Accuracy: 52.00%, Top 5 Accuracy: 84.00%
2024-11-01 21:04:48,745 - INFO - Getting embeddings for dbmdz/bert-base-turkish-cased...
2024-11-01 21:04:49,225 - INFO - Embeddings for dbmdz/bert-base-turkish-cased obtained.
2024-11-01 21:04:50,646 - INFO - Getting embeddings for dbmdz/bert-base-turkish-cased...
2024-11-01 21:04:51,173 - INFO - Embeddings for dbmdz/bert-base-turkish-cased obtained.
2024-11-01 21:04:51,182 - INFO - Training Batch 14: Top 1 Accuracy: 58.00%, Top 5 Accuracy: 78.00%
2024-11-01 21:04:52,437 - INFO - Getting embeddings for dbmdz/bert-base-turkish-cased...
2024-11-01 21:04:53,060 - INFO - Embeddings for dbmdz/bert-base-turkish-cased obtained.
2024-11-01 21:04:54,336 - INFO - Getting embeddings for dbmdz/bert-base-turkish-cased...
2024-11-01 21:04:54,795 - INFO - Embeddings for dbmdz/bert-base-turkish-cased obtained.
2024-11-01 21:04:54,807 - INFO - Training Batch 15: Top 1 Accuracy: 58.00%, Top 5 Accuracy: 84.00%
2024-11-01 21:04:56,128 - INFO - Getting embeddings for dbmdz/bert-base-turkish-cased...
2024-11-01 21:04:56,608 - INFO - Embeddings for dbmdz/bert-base-turkish-cased obtained.
2024-11-01 21:04:58,045 - INFO - Getting embeddings for dbmdz/bert-base-turkish-cased...
2024-11-01 21:04:58,786 - INFO - Embeddings for dbmdz/bert-base-turkish-cased obtained.
2024-11-01 21:04:58,797 - INFO - Training Batch 16: Top 1 Accuracy: 42.00%, Top 5 Accuracy: 84.00%
2024-11-01 21:04:58,799 - INFO - Validating model...
2024-11-01 21:05:00,138 - INFO - Getting embeddings for dbmdz/bert-base-turkish-cased...
2024-11-01 21:05:01,182 - INFO - Embeddings for dbmdz/bert-base-turkish-cased obtained.
2024-11-01 21:05:02,539 - INFO - Getting embeddings for dbmdz/bert-base-turkish-cased...
2024-11-01 21:05:03,875 - INFO - Embeddings for dbmdz/bert-base-turkish-cased obtained.
2024-11-01 21:05:03,888 - INFO - Validation: Top 1 Accuracy: 40.00%, Top 5 Accuracy: 71.00%
2024-11-01 21:05:03,889 - INFO - Epoch 3/10
2024-11-01 21:05:05,388 - INFO - Getting embeddings for dbmdz/bert-base-turkish-cased...
2024-11-01 21:05:05,927 - INFO - Embeddings for dbmdz/bert-base-turkish-cased obtained.
2024-11-01 21:05:07,343 - INFO - Getting embeddings for dbmdz/bert-base-turkish-cased...
2024-11-01 21:05:08,102 - INFO - Embeddings for dbmdz/bert-base-turkish-cased obtained.
2024-11-01 21:05:08,113 - INFO - Training Batch 1: Top 1 Accuracy: 44.00%, Top 5 Accuracy: 86.00%
2024-11-01 21:05:09,560 - INFO - Getting embeddings for dbmdz/bert-base-turkish-cased...
2024-11-01 21:05:09,983 - INFO - Embeddings for dbmdz/bert-base-turkish-cased obtained.
2024-11-01 21:05:11,427 - INFO - Getting embeddings for dbmdz/bert-base-turkish-cased...
2024-11-01 21:05:11,933 - INFO - Embeddings for dbmdz/bert-base-turkish-cased obtained.
2024-11-01 21:05:11,942 - INFO - Training Batch 2: Top 1 Accuracy: 56.00%, Top 5 Accuracy: 92.00%
2024-11-01 21:05:13,386 - INFO - Getting embeddings for dbmdz/bert-base-turkish-cased...
2024-11-01 21:05:14,013 - INFO - Embeddings for dbmdz/bert-base-turkish-cased obtained.
2024-11-01 21:05:15,411 - INFO - Getting embeddings for dbmdz/bert-base-turkish-cased...
2024-11-01 21:05:15,942 - INFO - Embeddings for dbmdz/bert-base-turkish-cased obtained.
2024-11-01 21:05:15,954 - INFO - Training Batch 3: Top 1 Accuracy: 52.00%, Top 5 Accuracy: 76.00%
2024-11-01 21:05:17,413 - INFO - Getting embeddings for dbmdz/bert-base-turkish-cased...
2024-11-01 21:05:17,926 - INFO - Embeddings for dbmdz/bert-base-turkish-cased obtained.
2024-11-01 21:05:19,957 - INFO - Getting embeddings for dbmdz/bert-base-turkish-cased...
2024-11-01 21:05:20,564 - INFO - Embeddings for dbmdz/bert-base-turkish-cased obtained.
2024-11-01 21:05:20,578 - INFO - Training Batch 4: Top 1 Accuracy: 54.00%, Top 5 Accuracy: 80.00%
2024-11-01 21:05:22,001 - INFO - Getting embeddings for dbmdz/bert-base-turkish-cased...
2024-11-01 21:05:22,644 - INFO - Embeddings for dbmdz/bert-base-turkish-cased obtained.
2024-11-01 21:05:24,006 - INFO - Getting embeddings for dbmdz/bert-base-turkish-cased...
2024-11-01 21:05:24,598 - INFO - Embeddings for dbmdz/bert-base-turkish-cased obtained.
2024-11-01 21:05:24,607 - INFO - Training Batch 5: Top 1 Accuracy: 50.00%, Top 5 Accuracy: 86.00%
2024-11-01 21:05:25,972 - INFO - Getting embeddings for dbmdz/bert-base-turkish-cased...
2024-11-01 21:05:26,512 - INFO - Embeddings for dbmdz/bert-base-turkish-cased obtained.
2024-11-01 21:05:27,993 - INFO - Getting embeddings for dbmdz/bert-base-turkish-cased...
2024-11-01 21:05:28,551 - INFO - Embeddings for dbmdz/bert-base-turkish-cased obtained.
2024-11-01 21:05:28,568 - INFO - Training Batch 6: Top 1 Accuracy: 54.00%, Top 5 Accuracy: 84.00%
2024-11-01 21:05:29,927 - INFO - Getting embeddings for dbmdz/bert-base-turkish-cased...
2024-11-01 21:05:30,474 - INFO - Embeddings for dbmdz/bert-base-turkish-cased obtained.
2024-11-01 21:05:31,938 - INFO - Getting embeddings for dbmdz/bert-base-turkish-cased...
2024-11-01 21:05:32,407 - INFO - Embeddings for dbmdz/bert-base-turkish-cased obtained.
2024-11-01 21:05:32,418 - INFO - Training Batch 7: Top 1 Accuracy: 50.00%, Top 5 Accuracy: 82.00%
2024-11-01 21:05:33,809 - INFO - Getting embeddings for dbmdz/bert-base-turkish-cased...
2024-11-01 21:05:34,297 - INFO - Embeddings for dbmdz/bert-base-turkish-cased obtained.
2024-11-01 21:05:35,746 - INFO - Getting embeddings for dbmdz/bert-base-turkish-cased...
2024-11-01 21:05:36,453 - INFO - Embeddings for dbmdz/bert-base-turkish-cased obtained.
2024-11-01 21:05:36,463 - INFO - Training Batch 8: Top 1 Accuracy: 58.00%, Top 5 Accuracy: 74.00%
2024-11-01 21:05:37,848 - INFO - Getting embeddings for dbmdz/bert-base-turkish-cased...
2024-11-01 21:05:38,358 - INFO - Embeddings for dbmdz/bert-base-turkish-cased obtained.
2024-11-01 21:05:39,765 - INFO - Getting embeddings for dbmdz/bert-base-turkish-cased...
2024-11-01 21:05:40,303 - INFO - Embeddings for dbmdz/bert-base-turkish-cased obtained.
2024-11-01 21:05:40,315 - INFO - Training Batch 9: Top 1 Accuracy: 40.00%, Top 5 Accuracy: 78.00%
2024-11-01 21:05:41,709 - INFO - Getting embeddings for dbmdz/bert-base-turkish-cased...
2024-11-01 21:05:42,326 - INFO - Embeddings for dbmdz/bert-base-turkish-cased obtained.
2024-11-01 21:05:43,617 - INFO - Getting embeddings for dbmdz/bert-base-turkish-cased...
2024-11-01 21:05:44,146 - INFO - Embeddings for dbmdz/bert-base-turkish-cased obtained.
2024-11-01 21:05:44,161 - INFO - Training Batch 10: Top 1 Accuracy: 60.00%, Top 5 Accuracy: 82.00%
2024-11-01 21:05:45,526 - INFO - Getting embeddings for dbmdz/bert-base-turkish-cased...
2024-11-01 21:05:46,077 - INFO - Embeddings for dbmdz/bert-base-turkish-cased obtained.
2024-11-01 21:05:47,546 - INFO - Getting embeddings for dbmdz/bert-base-turkish-cased...
2024-11-01 21:05:48,025 - INFO - Embeddings for dbmdz/bert-base-turkish-cased obtained.
2024-11-01 21:05:48,038 - INFO - Training Batch 11: Top 1 Accuracy: 56.00%, Top 5 Accuracy: 82.00%
2024-11-01 21:05:49,473 - INFO - Getting embeddings for dbmdz/bert-base-turkish-cased...
2024-11-01 21:05:49,920 - INFO - Embeddings for dbmdz/bert-base-turkish-cased obtained.
2024-11-01 21:05:51,449 - INFO - Getting embeddings for dbmdz/bert-base-turkish-cased...
2024-11-01 21:05:52,224 - INFO - Embeddings for dbmdz/bert-base-turkish-cased obtained.
2024-11-01 21:05:52,236 - INFO - Training Batch 12: Top 1 Accuracy: 54.00%, Top 5 Accuracy: 78.00%
2024-11-01 21:05:53,674 - INFO - Getting embeddings for dbmdz/bert-base-turkish-cased...
2024-11-01 21:05:54,174 - INFO - Embeddings for dbmdz/bert-base-turkish-cased obtained.
2024-11-01 21:05:55,647 - INFO - Getting embeddings for dbmdz/bert-base-turkish-cased...
2024-11-01 21:05:56,468 - INFO - Embeddings for dbmdz/bert-base-turkish-cased obtained.
2024-11-01 21:05:56,480 - INFO - Training Batch 13: Top 1 Accuracy: 52.00%, Top 5 Accuracy: 84.00%
2024-11-01 21:05:58,079 - INFO - Getting embeddings for dbmdz/bert-base-turkish-cased...
2024-11-01 21:05:58,651 - INFO - Embeddings for dbmdz/bert-base-turkish-cased obtained.
2024-11-01 21:06:00,096 - INFO - Getting embeddings for dbmdz/bert-base-turkish-cased...
2024-11-01 21:06:00,869 - INFO - Embeddings for dbmdz/bert-base-turkish-cased obtained.
2024-11-01 21:06:00,879 - INFO - Training Batch 14: Top 1 Accuracy: 58.00%, Top 5 Accuracy: 78.00%
2024-11-01 21:06:02,301 - INFO - Getting embeddings for dbmdz/bert-base-turkish-cased...
2024-11-01 21:06:02,967 - INFO - Embeddings for dbmdz/bert-base-turkish-cased obtained.
2024-11-01 21:06:04,324 - INFO - Getting embeddings for dbmdz/bert-base-turkish-cased...
2024-11-01 21:06:04,890 - INFO - Embeddings for dbmdz/bert-base-turkish-cased obtained.
2024-11-01 21:06:04,899 - INFO - Training Batch 15: Top 1 Accuracy: 58.00%, Top 5 Accuracy: 84.00%
2024-11-01 21:06:06,401 - INFO - Getting embeddings for dbmdz/bert-base-turkish-cased...
2024-11-01 21:06:07,050 - INFO - Embeddings for dbmdz/bert-base-turkish-cased obtained.
2024-11-01 21:06:08,432 - INFO - Getting embeddings for dbmdz/bert-base-turkish-cased...
2024-11-01 21:06:08,977 - INFO - Embeddings for dbmdz/bert-base-turkish-cased obtained.
2024-11-01 21:06:08,993 - INFO - Training Batch 16: Top 1 Accuracy: 42.00%, Top 5 Accuracy: 84.00%
2024-11-01 21:06:09,007 - INFO - Validating model...
2024-11-01 21:06:10,357 - INFO - Getting embeddings for dbmdz/bert-base-turkish-cased...
2024-11-01 21:06:11,301 - INFO - Embeddings for dbmdz/bert-base-turkish-cased obtained.
2024-11-01 21:06:32,520 - INFO - Getting embeddings for dbmdz/bert-base-turkish-cased...
2024-11-01 21:06:33,825 - INFO - Embeddings for dbmdz/bert-base-turkish-cased obtained.
2024-11-01 21:06:33,838 - INFO - Validation: Top 1 Accuracy: 40.00%, Top 5 Accuracy: 71.00%
2024-11-01 21:06:33,838 - INFO - Epoch 4/10
2024-11-01 21:06:34,838 - INFO - Getting embeddings for dbmdz/bert-base-turkish-cased...
2024-11-01 21:06:35,261 - INFO - Embeddings for dbmdz/bert-base-turkish-cased obtained.
2024-11-01 21:06:36,337 - INFO - Getting embeddings for dbmdz/bert-base-turkish-cased...
2024-11-01 21:06:36,844 - INFO - Embeddings for dbmdz/bert-base-turkish-cased obtained.
2024-11-01 21:06:36,856 - INFO - Training Batch 1: Top 1 Accuracy: 44.00%, Top 5 Accuracy: 86.00%
2024-11-01 21:06:37,872 - INFO - Getting embeddings for dbmdz/bert-base-turkish-cased...
2024-11-01 21:06:38,296 - INFO - Embeddings for dbmdz/bert-base-turkish-cased obtained.
2024-11-01 21:06:39,319 - INFO - Getting embeddings for dbmdz/bert-base-turkish-cased...
2024-11-01 21:06:39,813 - INFO - Embeddings for dbmdz/bert-base-turkish-cased obtained.
2024-11-01 21:06:39,823 - INFO - Training Batch 2: Top 1 Accuracy: 56.00%, Top 5 Accuracy: 92.00%
2024-11-01 21:06:41,100 - INFO - Getting embeddings for dbmdz/bert-base-turkish-cased...
2024-11-01 21:06:41,533 - INFO - Embeddings for dbmdz/bert-base-turkish-cased obtained.
2024-11-01 21:06:42,553 - INFO - Getting embeddings for dbmdz/bert-base-turkish-cased...
2024-11-01 21:06:42,993 - INFO - Embeddings for dbmdz/bert-base-turkish-cased obtained.
2024-11-01 21:06:43,002 - INFO - Training Batch 3: Top 1 Accuracy: 52.00%, Top 5 Accuracy: 76.00%
2024-11-01 21:06:44,000 - INFO - Getting embeddings for dbmdz/bert-base-turkish-cased...
2024-11-01 21:06:44,567 - INFO - Embeddings for dbmdz/bert-base-turkish-cased obtained.
2024-11-01 21:06:45,575 - INFO - Getting embeddings for dbmdz/bert-base-turkish-cased...
2024-11-01 21:06:46,120 - INFO - Embeddings for dbmdz/bert-base-turkish-cased obtained.
2024-11-01 21:06:46,135 - INFO - Training Batch 4: Top 1 Accuracy: 54.00%, Top 5 Accuracy: 80.00%
2024-11-01 21:06:47,119 - INFO - Getting embeddings for dbmdz/bert-base-turkish-cased...
2024-11-01 21:06:47,544 - INFO - Embeddings for dbmdz/bert-base-turkish-cased obtained.
2024-11-01 21:06:48,531 - INFO - Getting embeddings for dbmdz/bert-base-turkish-cased...
2024-11-01 21:06:48,978 - INFO - Embeddings for dbmdz/bert-base-turkish-cased obtained.
2024-11-01 21:06:48,988 - INFO - Training Batch 5: Top 1 Accuracy: 50.00%, Top 5 Accuracy: 86.00%
2024-11-01 21:06:49,985 - INFO - Getting embeddings for dbmdz/bert-base-turkish-cased...
2024-11-01 21:06:50,607 - INFO - Embeddings for dbmdz/bert-base-turkish-cased obtained.
2024-11-01 21:06:51,609 - INFO - Getting embeddings for dbmdz/bert-base-turkish-cased...
2024-11-01 21:06:52,106 - INFO - Embeddings for dbmdz/bert-base-turkish-cased obtained.
2024-11-01 21:06:52,118 - INFO - Training Batch 6: Top 1 Accuracy: 54.00%, Top 5 Accuracy: 84.00%
2024-11-01 21:06:53,133 - INFO - Getting embeddings for dbmdz/bert-base-turkish-cased...
2024-11-01 21:06:53,741 - INFO - Embeddings for dbmdz/bert-base-turkish-cased obtained.
2024-11-01 21:06:54,806 - INFO - Getting embeddings for dbmdz/bert-base-turkish-cased...
2024-11-01 21:06:55,365 - INFO - Embeddings for dbmdz/bert-base-turkish-cased obtained.
2024-11-01 21:06:55,376 - INFO - Training Batch 7: Top 1 Accuracy: 50.00%, Top 5 Accuracy: 82.00%
2024-11-01 21:06:56,426 - INFO - Getting embeddings for dbmdz/bert-base-turkish-cased...
2024-11-01 21:06:56,960 - INFO - Embeddings for dbmdz/bert-base-turkish-cased obtained.
2024-11-01 21:06:58,042 - INFO - Getting embeddings for dbmdz/bert-base-turkish-cased...
2024-11-01 21:06:58,497 - INFO - Embeddings for dbmdz/bert-base-turkish-cased obtained.
2024-11-01 21:06:58,507 - INFO - Training Batch 8: Top 1 Accuracy: 58.00%, Top 5 Accuracy: 74.00%
2024-11-01 21:06:59,530 - INFO - Getting embeddings for dbmdz/bert-base-turkish-cased...
2024-11-01 21:06:59,967 - INFO - Embeddings for dbmdz/bert-base-turkish-cased obtained.
2024-11-01 21:07:01,057 - INFO - Getting embeddings for dbmdz/bert-base-turkish-cased...
2024-11-01 21:07:01,530 - INFO - Embeddings for dbmdz/bert-base-turkish-cased obtained.
2024-11-01 21:07:01,546 - INFO - Training Batch 9: Top 1 Accuracy: 40.00%, Top 5 Accuracy: 78.00%
2024-11-01 21:07:02,563 - INFO - Getting embeddings for dbmdz/bert-base-turkish-cased...
2024-11-01 21:07:03,114 - INFO - Embeddings for dbmdz/bert-base-turkish-cased obtained.
2024-11-01 21:07:04,136 - INFO - Getting embeddings for dbmdz/bert-base-turkish-cased...
2024-11-01 21:07:04,681 - INFO - Embeddings for dbmdz/bert-base-turkish-cased obtained.
2024-11-01 21:07:04,691 - INFO - Training Batch 10: Top 1 Accuracy: 60.00%, Top 5 Accuracy: 82.00%
2024-11-01 21:07:05,719 - INFO - Getting embeddings for dbmdz/bert-base-turkish-cased...
2024-11-01 21:07:06,337 - INFO - Embeddings for dbmdz/bert-base-turkish-cased obtained.
2024-11-01 21:07:07,356 - INFO - Getting embeddings for dbmdz/bert-base-turkish-cased...
2024-11-01 21:07:07,865 - INFO - Embeddings for dbmdz/bert-base-turkish-cased obtained.
2024-11-01 21:07:07,875 - INFO - Training Batch 11: Top 1 Accuracy: 56.00%, Top 5 Accuracy: 82.00%
2024-11-01 21:07:08,919 - INFO - Getting embeddings for dbmdz/bert-base-turkish-cased...
2024-11-01 21:07:09,356 - INFO - Embeddings for dbmdz/bert-base-turkish-cased obtained.
2024-11-01 21:07:10,604 - INFO - Getting embeddings for dbmdz/bert-base-turkish-cased...
2024-11-01 21:07:11,090 - INFO - Embeddings for dbmdz/bert-base-turkish-cased obtained.
2024-11-01 21:07:11,100 - INFO - Training Batch 12: Top 1 Accuracy: 54.00%, Top 5 Accuracy: 78.00%
2024-11-01 21:07:12,068 - INFO - Getting embeddings for dbmdz/bert-base-turkish-cased...
2024-11-01 21:07:12,501 - INFO - Embeddings for dbmdz/bert-base-turkish-cased obtained.
2024-11-01 21:07:13,544 - INFO - Getting embeddings for dbmdz/bert-base-turkish-cased...
2024-11-01 21:07:14,098 - INFO - Embeddings for dbmdz/bert-base-turkish-cased obtained.
2024-11-01 21:07:14,109 - INFO - Training Batch 13: Top 1 Accuracy: 52.00%, Top 5 Accuracy: 84.00%
2024-11-01 21:07:15,105 - INFO - Getting embeddings for dbmdz/bert-base-turkish-cased...
2024-11-01 21:07:15,692 - INFO - Embeddings for dbmdz/bert-base-turkish-cased obtained.
2024-11-01 21:07:16,697 - INFO - Getting embeddings for dbmdz/bert-base-turkish-cased...
2024-11-01 21:07:17,250 - INFO - Embeddings for dbmdz/bert-base-turkish-cased obtained.
2024-11-01 21:07:17,263 - INFO - Training Batch 14: Top 1 Accuracy: 58.00%, Top 5 Accuracy: 78.00%
2024-11-01 21:07:18,293 - INFO - Getting embeddings for dbmdz/bert-base-turkish-cased...
2024-11-01 21:07:18,969 - INFO - Embeddings for dbmdz/bert-base-turkish-cased obtained.
2024-11-01 21:07:19,994 - INFO - Getting embeddings for dbmdz/bert-base-turkish-cased...
2024-11-01 21:07:20,503 - INFO - Embeddings for dbmdz/bert-base-turkish-cased obtained.
2024-11-01 21:07:20,513 - INFO - Training Batch 15: Top 1 Accuracy: 58.00%, Top 5 Accuracy: 84.00%
2024-11-01 21:07:21,552 - INFO - Getting embeddings for dbmdz/bert-base-turkish-cased...
2024-11-01 21:07:22,038 - INFO - Embeddings for dbmdz/bert-base-turkish-cased obtained.
2024-11-01 21:07:23,129 - INFO - Getting embeddings for dbmdz/bert-base-turkish-cased...
2024-11-01 21:07:23,847 - INFO - Embeddings for dbmdz/bert-base-turkish-cased obtained.
2024-11-01 21:07:23,859 - INFO - Training Batch 16: Top 1 Accuracy: 42.00%, Top 5 Accuracy: 84.00%
2024-11-01 21:07:23,861 - INFO - Validating model...
2024-11-01 21:07:24,898 - INFO - Getting embeddings for dbmdz/bert-base-turkish-cased...
2024-11-01 21:07:25,811 - INFO - Embeddings for dbmdz/bert-base-turkish-cased obtained.
2024-11-01 21:07:26,886 - INFO - Getting embeddings for dbmdz/bert-base-turkish-cased...
2024-11-01 21:07:27,927 - INFO - Embeddings for dbmdz/bert-base-turkish-cased obtained.
2024-11-01 21:07:27,941 - INFO - Validation: Top 1 Accuracy: 40.00%, Top 5 Accuracy: 71.00%
2024-11-01 21:07:27,941 - INFO - Epoch 5/10
2024-11-01 21:07:29,014 - INFO - Getting embeddings for dbmdz/bert-base-turkish-cased...
2024-11-01 21:07:29,586 - INFO - Embeddings for dbmdz/bert-base-turkish-cased obtained.
2024-11-01 21:07:30,628 - INFO - Getting embeddings for dbmdz/bert-base-turkish-cased...
2024-11-01 21:07:31,319 - INFO - Embeddings for dbmdz/bert-base-turkish-cased obtained.
2024-11-01 21:07:31,331 - INFO - Training Batch 1: Top 1 Accuracy: 44.00%, Top 5 Accuracy: 86.00%
2024-11-01 21:07:32,376 - INFO - Getting embeddings for dbmdz/bert-base-turkish-cased...
2024-11-01 21:07:33,023 - INFO - Embeddings for dbmdz/bert-base-turkish-cased obtained.
2024-11-01 21:07:34,057 - INFO - Getting embeddings for dbmdz/bert-base-turkish-cased...
2024-11-01 21:07:34,679 - INFO - Embeddings for dbmdz/bert-base-turkish-cased obtained.
2024-11-01 21:07:34,690 - INFO - Training Batch 2: Top 1 Accuracy: 56.00%, Top 5 Accuracy: 92.00%
2024-11-01 21:07:35,722 - INFO - Getting embeddings for dbmdz/bert-base-turkish-cased...
2024-11-01 21:07:36,225 - INFO - Embeddings for dbmdz/bert-base-turkish-cased obtained.
2024-11-01 21:07:37,263 - INFO - Getting embeddings for dbmdz/bert-base-turkish-cased...
2024-11-01 21:07:37,719 - INFO - Embeddings for dbmdz/bert-base-turkish-cased obtained.
2024-11-01 21:07:37,729 - INFO - Training Batch 3: Top 1 Accuracy: 52.00%, Top 5 Accuracy: 76.00%
2024-11-01 21:07:38,755 - INFO - Getting embeddings for dbmdz/bert-base-turkish-cased...
2024-11-01 21:07:39,313 - INFO - Embeddings for dbmdz/bert-base-turkish-cased obtained.
2024-11-01 21:07:40,344 - INFO - Getting embeddings for dbmdz/bert-base-turkish-cased...
2024-11-01 21:07:41,122 - INFO - Embeddings for dbmdz/bert-base-turkish-cased obtained.
2024-11-01 21:07:41,133 - INFO - Training Batch 4: Top 1 Accuracy: 54.00%, Top 5 Accuracy: 80.00%
2024-11-01 21:07:42,118 - INFO - Getting embeddings for dbmdz/bert-base-turkish-cased...
2024-11-01 21:07:42,573 - INFO - Embeddings for dbmdz/bert-base-turkish-cased obtained.
2024-11-01 21:07:43,600 - INFO - Getting embeddings for dbmdz/bert-base-turkish-cased...
2024-11-01 21:07:44,061 - INFO - Embeddings for dbmdz/bert-base-turkish-cased obtained.
2024-11-01 21:07:44,074 - INFO - Training Batch 5: Top 1 Accuracy: 50.00%, Top 5 Accuracy: 86.00%
2024-11-01 21:07:45,111 - INFO - Getting embeddings for dbmdz/bert-base-turkish-cased...
2024-11-01 21:07:45,549 - INFO - Embeddings for dbmdz/bert-base-turkish-cased obtained.
2024-11-01 21:07:46,609 - INFO - Getting embeddings for dbmdz/bert-base-turkish-cased...
2024-11-01 21:07:47,260 - INFO - Embeddings for dbmdz/bert-base-turkish-cased obtained.
2024-11-01 21:07:47,278 - INFO - Training Batch 6: Top 1 Accuracy: 54.00%, Top 5 Accuracy: 84.00%
2024-11-01 21:07:48,350 - INFO - Getting embeddings for dbmdz/bert-base-turkish-cased...
2024-11-01 21:07:48,831 - INFO - Embeddings for dbmdz/bert-base-turkish-cased obtained.
2024-11-01 21:07:49,911 - INFO - Getting embeddings for dbmdz/bert-base-turkish-cased...
2024-11-01 21:07:50,571 - INFO - Embeddings for dbmdz/bert-base-turkish-cased obtained.
2024-11-01 21:07:50,582 - INFO - Training Batch 7: Top 1 Accuracy: 50.00%, Top 5 Accuracy: 82.00%
2024-11-01 21:07:51,588 - INFO - Getting embeddings for dbmdz/bert-base-turkish-cased...
2024-11-01 21:07:52,124 - INFO - Embeddings for dbmdz/bert-base-turkish-cased obtained.
2024-11-01 21:07:53,238 - INFO - Getting embeddings for dbmdz/bert-base-turkish-cased...
2024-11-01 21:07:53,851 - INFO - Embeddings for dbmdz/bert-base-turkish-cased obtained.
2024-11-01 21:07:53,864 - INFO - Training Batch 8: Top 1 Accuracy: 58.00%, Top 5 Accuracy: 74.00%
2024-11-01 21:07:54,954 - INFO - Getting embeddings for dbmdz/bert-base-turkish-cased...
2024-11-01 21:07:55,478 - INFO - Embeddings for dbmdz/bert-base-turkish-cased obtained.
2024-11-01 21:07:56,560 - INFO - Getting embeddings for dbmdz/bert-base-turkish-cased...
2024-11-01 21:07:57,119 - INFO - Embeddings for dbmdz/bert-base-turkish-cased obtained.
2024-11-01 21:07:57,134 - INFO - Training Batch 9: Top 1 Accuracy: 40.00%, Top 5 Accuracy: 78.00%
2024-11-01 21:07:58,150 - INFO - Getting embeddings for dbmdz/bert-base-turkish-cased...
2024-11-01 21:07:58,589 - INFO - Embeddings for dbmdz/bert-base-turkish-cased obtained.
2024-11-01 21:07:59,589 - INFO - Getting embeddings for dbmdz/bert-base-turkish-cased...
2024-11-01 21:08:00,144 - INFO - Embeddings for dbmdz/bert-base-turkish-cased obtained.
2024-11-01 21:08:00,154 - INFO - Training Batch 10: Top 1 Accuracy: 60.00%, Top 5 Accuracy: 82.00%
2024-11-01 21:08:01,210 - INFO - Getting embeddings for dbmdz/bert-base-turkish-cased...
2024-11-01 21:08:01,716 - INFO - Embeddings for dbmdz/bert-base-turkish-cased obtained.
2024-11-01 21:08:02,773 - INFO - Getting embeddings for dbmdz/bert-base-turkish-cased...
2024-11-01 21:08:03,368 - INFO - Embeddings for dbmdz/bert-base-turkish-cased obtained.
2024-11-01 21:08:03,381 - INFO - Training Batch 11: Top 1 Accuracy: 56.00%, Top 5 Accuracy: 82.00%
2024-11-01 21:08:04,409 - INFO - Getting embeddings for dbmdz/bert-base-turkish-cased...
2024-11-01 21:08:04,969 - INFO - Embeddings for dbmdz/bert-base-turkish-cased obtained.
2024-11-01 21:08:05,973 - INFO - Getting embeddings for dbmdz/bert-base-turkish-cased...
2024-11-01 21:08:06,515 - INFO - Embeddings for dbmdz/bert-base-turkish-cased obtained.
2024-11-01 21:08:06,526 - INFO - Training Batch 12: Top 1 Accuracy: 54.00%, Top 5 Accuracy: 78.00%
2024-11-01 21:08:07,523 - INFO - Getting embeddings for dbmdz/bert-base-turkish-cased...
2024-11-01 21:08:08,149 - INFO - Embeddings for dbmdz/bert-base-turkish-cased obtained.
2024-11-01 21:08:09,161 - INFO - Getting embeddings for dbmdz/bert-base-turkish-cased...
2024-11-01 21:08:09,752 - INFO - Embeddings for dbmdz/bert-base-turkish-cased obtained.
2024-11-01 21:08:09,766 - INFO - Training Batch 13: Top 1 Accuracy: 52.00%, Top 5 Accuracy: 84.00%
2024-11-01 21:08:10,829 - INFO - Getting embeddings for dbmdz/bert-base-turkish-cased...
2024-11-01 21:08:11,437 - INFO - Embeddings for dbmdz/bert-base-turkish-cased obtained.
2024-11-01 21:08:12,537 - INFO - Getting embeddings for dbmdz/bert-base-turkish-cased...
2024-11-01 21:08:13,128 - INFO - Embeddings for dbmdz/bert-base-turkish-cased obtained.
2024-11-01 21:08:13,147 - INFO - Training Batch 14: Top 1 Accuracy: 58.00%, Top 5 Accuracy: 78.00%
2024-11-01 21:08:14,626 - INFO - Getting embeddings for dbmdz/bert-base-turkish-cased...
2024-11-01 21:08:15,327 - INFO - Embeddings for dbmdz/bert-base-turkish-cased obtained.
2024-11-01 21:08:16,344 - INFO - Getting embeddings for dbmdz/bert-base-turkish-cased...
2024-11-01 21:08:16,957 - INFO - Embeddings for dbmdz/bert-base-turkish-cased obtained.
2024-11-01 21:08:16,968 - INFO - Training Batch 15: Top 1 Accuracy: 58.00%, Top 5 Accuracy: 84.00%
2024-11-01 21:08:18,008 - INFO - Getting embeddings for dbmdz/bert-base-turkish-cased...
2024-11-01 21:08:18,616 - INFO - Embeddings for dbmdz/bert-base-turkish-cased obtained.
2024-11-01 21:08:19,640 - INFO - Getting embeddings for dbmdz/bert-base-turkish-cased...
2024-11-01 21:08:20,270 - INFO - Embeddings for dbmdz/bert-base-turkish-cased obtained.
2024-11-01 21:08:20,281 - INFO - Training Batch 16: Top 1 Accuracy: 42.00%, Top 5 Accuracy: 84.00%
2024-11-01 21:08:20,284 - INFO - Validating model...
2024-11-01 21:08:21,332 - INFO - Getting embeddings for dbmdz/bert-base-turkish-cased...
2024-11-01 21:08:22,581 - INFO - Embeddings for dbmdz/bert-base-turkish-cased obtained.
2024-11-01 21:08:23,642 - INFO - Getting embeddings for dbmdz/bert-base-turkish-cased...
2024-11-01 21:08:24,794 - INFO - Embeddings for dbmdz/bert-base-turkish-cased obtained.
2024-11-01 21:08:24,807 - INFO - Validation: Top 1 Accuracy: 40.00%, Top 5 Accuracy: 71.00%
2024-11-01 21:08:24,807 - INFO - Epoch 6/10
2024-11-01 21:08:26,052 - INFO - Getting embeddings for dbmdz/bert-base-turkish-cased...
2024-11-01 21:08:26,524 - INFO - Embeddings for dbmdz/bert-base-turkish-cased obtained.
2024-11-01 21:08:27,505 - INFO - Getting embeddings for dbmdz/bert-base-turkish-cased...
2024-11-01 21:08:28,069 - INFO - Embeddings for dbmdz/bert-base-turkish-cased obtained.
2024-11-01 21:08:28,081 - INFO - Training Batch 1: Top 1 Accuracy: 44.00%, Top 5 Accuracy: 86.00%
2024-11-01 21:08:29,131 - INFO - Getting embeddings for dbmdz/bert-base-turkish-cased...
2024-11-01 21:08:29,766 - INFO - Embeddings for dbmdz/bert-base-turkish-cased obtained.
2024-11-01 21:08:30,798 - INFO - Getting embeddings for dbmdz/bert-base-turkish-cased...
2024-11-01 21:08:31,369 - INFO - Embeddings for dbmdz/bert-base-turkish-cased obtained.
2024-11-01 21:08:31,381 - INFO - Training Batch 2: Top 1 Accuracy: 56.00%, Top 5 Accuracy: 92.00%
2024-11-01 21:08:32,392 - INFO - Getting embeddings for dbmdz/bert-base-turkish-cased...
2024-11-01 21:08:32,908 - INFO - Embeddings for dbmdz/bert-base-turkish-cased obtained.
2024-11-01 21:08:33,928 - INFO - Getting embeddings for dbmdz/bert-base-turkish-cased...
2024-11-01 21:08:34,572 - INFO - Embeddings for dbmdz/bert-base-turkish-cased obtained.
2024-11-01 21:08:34,585 - INFO - Training Batch 3: Top 1 Accuracy: 52.00%, Top 5 Accuracy: 76.00%
2024-11-01 21:08:35,604 - INFO - Getting embeddings for dbmdz/bert-base-turkish-cased...
2024-11-01 21:08:36,077 - INFO - Embeddings for dbmdz/bert-base-turkish-cased obtained.
2024-11-01 21:08:37,064 - INFO - Getting embeddings for dbmdz/bert-base-turkish-cased...
2024-11-01 21:08:37,586 - INFO - Embeddings for dbmdz/bert-base-turkish-cased obtained.
2024-11-01 21:08:37,596 - INFO - Training Batch 4: Top 1 Accuracy: 54.00%, Top 5 Accuracy: 80.00%
2024-11-01 21:08:38,570 - INFO - Getting embeddings for dbmdz/bert-base-turkish-cased...
2024-11-01 21:08:39,152 - INFO - Embeddings for dbmdz/bert-base-turkish-cased obtained.
2024-11-01 21:08:40,186 - INFO - Getting embeddings for dbmdz/bert-base-turkish-cased...
2024-11-01 21:08:40,781 - INFO - Embeddings for dbmdz/bert-base-turkish-cased obtained.
2024-11-01 21:08:40,791 - INFO - Training Batch 5: Top 1 Accuracy: 50.00%, Top 5 Accuracy: 86.00%
2024-11-01 21:08:41,819 - INFO - Getting embeddings for dbmdz/bert-base-turkish-cased...
2024-11-01 21:08:42,260 - INFO - Embeddings for dbmdz/bert-base-turkish-cased obtained.
2024-11-01 21:08:43,361 - INFO - Getting embeddings for dbmdz/bert-base-turkish-cased...
2024-11-01 21:08:44,013 - INFO - Embeddings for dbmdz/bert-base-turkish-cased obtained.
2024-11-01 21:08:44,025 - INFO - Training Batch 6: Top 1 Accuracy: 54.00%, Top 5 Accuracy: 84.00%
2024-11-01 21:08:45,137 - INFO - Getting embeddings for dbmdz/bert-base-turkish-cased...
2024-11-01 21:08:45,586 - INFO - Embeddings for dbmdz/bert-base-turkish-cased obtained.
2024-11-01 21:08:46,584 - INFO - Getting embeddings for dbmdz/bert-base-turkish-cased...
2024-11-01 21:08:47,155 - INFO - Embeddings for dbmdz/bert-base-turkish-cased obtained.
2024-11-01 21:08:47,166 - INFO - Training Batch 7: Top 1 Accuracy: 50.00%, Top 5 Accuracy: 82.00%
2024-11-01 21:08:48,167 - INFO - Getting embeddings for dbmdz/bert-base-turkish-cased...
2024-11-01 21:08:48,664 - INFO - Embeddings for dbmdz/bert-base-turkish-cased obtained.
2024-11-01 21:08:49,712 - INFO - Getting embeddings for dbmdz/bert-base-turkish-cased...
2024-11-01 21:08:50,341 - INFO - Embeddings for dbmdz/bert-base-turkish-cased obtained.
2024-11-01 21:08:50,351 - INFO - Training Batch 8: Top 1 Accuracy: 58.00%, Top 5 Accuracy: 74.00%
2024-11-01 21:08:51,348 - INFO - Getting embeddings for dbmdz/bert-base-turkish-cased...
2024-11-01 21:08:51,876 - INFO - Embeddings for dbmdz/bert-base-turkish-cased obtained.
2024-11-01 21:08:52,886 - INFO - Getting embeddings for dbmdz/bert-base-turkish-cased...
2024-11-01 21:08:53,356 - INFO - Embeddings for dbmdz/bert-base-turkish-cased obtained.
2024-11-01 21:08:53,367 - INFO - Training Batch 9: Top 1 Accuracy: 40.00%, Top 5 Accuracy: 78.00%
2024-11-01 21:08:54,377 - INFO - Getting embeddings for dbmdz/bert-base-turkish-cased...
2024-11-01 21:08:54,866 - INFO - Embeddings for dbmdz/bert-base-turkish-cased obtained.
2024-11-01 21:08:55,913 - INFO - Getting embeddings for dbmdz/bert-base-turkish-cased...
2024-11-01 21:08:56,386 - INFO - Embeddings for dbmdz/bert-base-turkish-cased obtained.
2024-11-01 21:08:56,400 - INFO - Training Batch 10: Top 1 Accuracy: 60.00%, Top 5 Accuracy: 82.00%
2024-11-01 21:08:57,380 - INFO - Getting embeddings for dbmdz/bert-base-turkish-cased...
2024-11-01 21:08:57,938 - INFO - Embeddings for dbmdz/bert-base-turkish-cased obtained.
2024-11-01 21:08:58,976 - INFO - Getting embeddings for dbmdz/bert-base-turkish-cased...
2024-11-01 21:08:59,533 - INFO - Embeddings for dbmdz/bert-base-turkish-cased obtained.
2024-11-01 21:08:59,548 - INFO - Training Batch 11: Top 1 Accuracy: 56.00%, Top 5 Accuracy: 82.00%
2024-11-01 21:09:00,567 - INFO - Getting embeddings for dbmdz/bert-base-turkish-cased...
2024-11-01 21:09:01,205 - INFO - Embeddings for dbmdz/bert-base-turkish-cased obtained.
2024-11-01 21:09:02,285 - INFO - Getting embeddings for dbmdz/bert-base-turkish-cased...
2024-11-01 21:09:02,917 - INFO - Embeddings for dbmdz/bert-base-turkish-cased obtained.
2024-11-01 21:09:02,931 - INFO - Training Batch 12: Top 1 Accuracy: 54.00%, Top 5 Accuracy: 78.00%
2024-11-01 21:09:03,985 - INFO - Getting embeddings for dbmdz/bert-base-turkish-cased...
2024-11-01 21:09:04,462 - INFO - Embeddings for dbmdz/bert-base-turkish-cased obtained.
2024-11-01 21:09:05,447 - INFO - Getting embeddings for dbmdz/bert-base-turkish-cased...
2024-11-01 21:09:05,968 - INFO - Embeddings for dbmdz/bert-base-turkish-cased obtained.
2024-11-01 21:09:05,980 - INFO - Training Batch 13: Top 1 Accuracy: 52.00%, Top 5 Accuracy: 84.00%
2024-11-01 21:09:07,027 - INFO - Getting embeddings for dbmdz/bert-base-turkish-cased...
2024-11-01 21:09:07,522 - INFO - Embeddings for dbmdz/bert-base-turkish-cased obtained.
2024-11-01 21:09:08,549 - INFO - Getting embeddings for dbmdz/bert-base-turkish-cased...
2024-11-01 21:09:09,226 - INFO - Embeddings for dbmdz/bert-base-turkish-cased obtained.
2024-11-01 21:09:09,236 - INFO - Training Batch 14: Top 1 Accuracy: 58.00%, Top 5 Accuracy: 78.00%
2024-11-01 21:09:10,255 - INFO - Getting embeddings for dbmdz/bert-base-turkish-cased...
2024-11-01 21:09:10,800 - INFO - Embeddings for dbmdz/bert-base-turkish-cased obtained.
2024-11-01 21:09:11,876 - INFO - Getting embeddings for dbmdz/bert-base-turkish-cased...
2024-11-01 21:09:12,423 - INFO - Embeddings for dbmdz/bert-base-turkish-cased obtained.
2024-11-01 21:09:12,434 - INFO - Training Batch 15: Top 1 Accuracy: 58.00%, Top 5 Accuracy: 84.00%
2024-11-01 21:09:13,478 - INFO - Getting embeddings for dbmdz/bert-base-turkish-cased...
2024-11-01 21:09:14,034 - INFO - Embeddings for dbmdz/bert-base-turkish-cased obtained.
2024-11-01 21:09:15,081 - INFO - Getting embeddings for dbmdz/bert-base-turkish-cased...
2024-11-01 21:09:15,663 - INFO - Embeddings for dbmdz/bert-base-turkish-cased obtained.
2024-11-01 21:09:15,677 - INFO - Training Batch 16: Top 1 Accuracy: 42.00%, Top 5 Accuracy: 84.00%
2024-11-01 21:09:15,681 - INFO - Validating model...
2024-11-01 21:09:16,751 - INFO - Getting embeddings for dbmdz/bert-base-turkish-cased...
2024-11-01 21:09:17,880 - INFO - Embeddings for dbmdz/bert-base-turkish-cased obtained.
2024-11-01 21:09:18,877 - INFO - Getting embeddings for dbmdz/bert-base-turkish-cased...
2024-11-01 21:09:19,805 - INFO - Embeddings for dbmdz/bert-base-turkish-cased obtained.
2024-11-01 21:09:19,818 - INFO - Validation: Top 1 Accuracy: 40.00%, Top 5 Accuracy: 71.00%
2024-11-01 21:09:19,818 - INFO - Epoch 7/10
2024-11-01 21:09:20,905 - INFO - Getting embeddings for dbmdz/bert-base-turkish-cased...
2024-11-01 21:09:21,427 - INFO - Embeddings for dbmdz/bert-base-turkish-cased obtained.
2024-11-01 21:09:22,459 - INFO - Getting embeddings for dbmdz/bert-base-turkish-cased...
2024-11-01 21:09:22,982 - INFO - Embeddings for dbmdz/bert-base-turkish-cased obtained.
2024-11-01 21:09:22,994 - INFO - Training Batch 1: Top 1 Accuracy: 44.00%, Top 5 Accuracy: 86.00%
2024-11-01 21:09:23,983 - INFO - Getting embeddings for dbmdz/bert-base-turkish-cased...
2024-11-01 21:09:24,412 - INFO - Embeddings for dbmdz/bert-base-turkish-cased obtained.
2024-11-01 21:09:25,446 - INFO - Getting embeddings for dbmdz/bert-base-turkish-cased...
2024-11-01 21:09:25,892 - INFO - Embeddings for dbmdz/bert-base-turkish-cased obtained.
2024-11-01 21:09:25,902 - INFO - Training Batch 2: Top 1 Accuracy: 56.00%, Top 5 Accuracy: 92.00%
2024-11-01 21:09:26,919 - INFO - Getting embeddings for dbmdz/bert-base-turkish-cased...
2024-11-01 21:09:27,435 - INFO - Embeddings for dbmdz/bert-base-turkish-cased obtained.
2024-11-01 21:09:28,440 - INFO - Getting embeddings for dbmdz/bert-base-turkish-cased...
2024-11-01 21:09:29,151 - INFO - Embeddings for dbmdz/bert-base-turkish-cased obtained.
2024-11-01 21:09:29,161 - INFO - Training Batch 3: Top 1 Accuracy: 52.00%, Top 5 Accuracy: 76.00%
2024-11-01 21:09:30,236 - INFO - Getting embeddings for dbmdz/bert-base-turkish-cased...
2024-11-01 21:09:30,763 - INFO - Embeddings for dbmdz/bert-base-turkish-cased obtained.
2024-11-01 21:09:31,840 - INFO - Getting embeddings for dbmdz/bert-base-turkish-cased...
2024-11-01 21:09:32,385 - INFO - Embeddings for dbmdz/bert-base-turkish-cased obtained.
2024-11-01 21:09:32,395 - INFO - Training Batch 4: Top 1 Accuracy: 54.00%, Top 5 Accuracy: 80.00%
2024-11-01 21:09:33,449 - INFO - Getting embeddings for dbmdz/bert-base-turkish-cased...
2024-11-01 21:09:33,990 - INFO - Embeddings for dbmdz/bert-base-turkish-cased obtained.
2024-11-01 21:09:35,005 - INFO - Getting embeddings for dbmdz/bert-base-turkish-cased...
2024-11-01 21:09:35,676 - INFO - Embeddings for dbmdz/bert-base-turkish-cased obtained.
2024-11-01 21:09:35,691 - INFO - Training Batch 5: Top 1 Accuracy: 50.00%, Top 5 Accuracy: 86.00%
2024-11-01 21:09:36,739 - INFO - Getting embeddings for dbmdz/bert-base-turkish-cased...
2024-11-01 21:09:37,188 - INFO - Embeddings for dbmdz/bert-base-turkish-cased obtained.
2024-11-01 21:09:38,218 - INFO - Getting embeddings for dbmdz/bert-base-turkish-cased...
2024-11-01 21:09:38,670 - INFO - Embeddings for dbmdz/bert-base-turkish-cased obtained.
2024-11-01 21:09:38,682 - INFO - Training Batch 6: Top 1 Accuracy: 54.00%, Top 5 Accuracy: 84.00%
2024-11-01 21:09:39,745 - INFO - Getting embeddings for dbmdz/bert-base-turkish-cased...
2024-11-01 21:09:40,296 - INFO - Embeddings for dbmdz/bert-base-turkish-cased obtained.
2024-11-01 21:09:41,337 - INFO - Getting embeddings for dbmdz/bert-base-turkish-cased...
2024-11-01 21:09:41,856 - INFO - Embeddings for dbmdz/bert-base-turkish-cased obtained.
2024-11-01 21:09:41,868 - INFO - Training Batch 7: Top 1 Accuracy: 50.00%, Top 5 Accuracy: 82.00%
2024-11-01 21:09:43,095 - INFO - Getting embeddings for dbmdz/bert-base-turkish-cased...
2024-11-01 21:09:43,609 - INFO - Embeddings for dbmdz/bert-base-turkish-cased obtained.
2024-11-01 21:09:44,681 - INFO - Getting embeddings for dbmdz/bert-base-turkish-cased...
2024-11-01 21:09:45,224 - INFO - Embeddings for dbmdz/bert-base-turkish-cased obtained.
2024-11-01 21:09:45,234 - INFO - Training Batch 8: Top 1 Accuracy: 58.00%, Top 5 Accuracy: 74.00%
2024-11-01 21:09:46,269 - INFO - Getting embeddings for dbmdz/bert-base-turkish-cased...
2024-11-01 21:09:46,813 - INFO - Embeddings for dbmdz/bert-base-turkish-cased obtained.
2024-11-01 21:09:47,883 - INFO - Getting embeddings for dbmdz/bert-base-turkish-cased...
2024-11-01 21:09:48,376 - INFO - Embeddings for dbmdz/bert-base-turkish-cased obtained.
2024-11-01 21:09:48,388 - INFO - Training Batch 9: Top 1 Accuracy: 40.00%, Top 5 Accuracy: 78.00%
2024-11-01 21:09:49,386 - INFO - Getting embeddings for dbmdz/bert-base-turkish-cased...
2024-11-01 21:09:49,934 - INFO - Embeddings for dbmdz/bert-base-turkish-cased obtained.
2024-11-01 21:09:50,978 - INFO - Getting embeddings for dbmdz/bert-base-turkish-cased...
2024-11-01 21:09:51,432 - INFO - Embeddings for dbmdz/bert-base-turkish-cased obtained.
2024-11-01 21:09:51,442 - INFO - Training Batch 10: Top 1 Accuracy: 60.00%, Top 5 Accuracy: 82.00%
2024-11-01 21:09:52,525 - INFO - Getting embeddings for dbmdz/bert-base-turkish-cased...
2024-11-01 21:09:52,999 - INFO - Embeddings for dbmdz/bert-base-turkish-cased obtained.
2024-11-01 21:09:54,043 - INFO - Getting embeddings for dbmdz/bert-base-turkish-cased...
2024-11-01 21:09:54,518 - INFO - Embeddings for dbmdz/bert-base-turkish-cased obtained.
2024-11-01 21:09:54,529 - INFO - Training Batch 11: Top 1 Accuracy: 56.00%, Top 5 Accuracy: 82.00%
2024-11-01 21:09:55,498 - INFO - Getting embeddings for dbmdz/bert-base-turkish-cased...
2024-11-01 21:09:56,015 - INFO - Embeddings for dbmdz/bert-base-turkish-cased obtained.
2024-11-01 21:09:57,024 - INFO - Getting embeddings for dbmdz/bert-base-turkish-cased...
2024-11-01 21:09:57,504 - INFO - Embeddings for dbmdz/bert-base-turkish-cased obtained.
2024-11-01 21:09:57,515 - INFO - Training Batch 12: Top 1 Accuracy: 54.00%, Top 5 Accuracy: 78.00%
2024-11-01 21:09:58,558 - INFO - Getting embeddings for dbmdz/bert-base-turkish-cased...
2024-11-01 21:09:58,993 - INFO - Embeddings for dbmdz/bert-base-turkish-cased obtained.
2024-11-01 21:10:00,455 - INFO - Getting embeddings for dbmdz/bert-base-turkish-cased...
2024-11-01 21:10:01,057 - INFO - Embeddings for dbmdz/bert-base-turkish-cased obtained.
2024-11-01 21:10:01,074 - INFO - Training Batch 13: Top 1 Accuracy: 52.00%, Top 5 Accuracy: 84.00%
2024-11-01 21:10:02,126 - INFO - Getting embeddings for dbmdz/bert-base-turkish-cased...
2024-11-01 21:10:02,680 - INFO - Embeddings for dbmdz/bert-base-turkish-cased obtained.
2024-11-01 21:10:03,743 - INFO - Getting embeddings for dbmdz/bert-base-turkish-cased...
2024-11-01 21:10:04,194 - INFO - Embeddings for dbmdz/bert-base-turkish-cased obtained.
2024-11-01 21:10:04,206 - INFO - Training Batch 14: Top 1 Accuracy: 58.00%, Top 5 Accuracy: 78.00%
2024-11-01 21:10:05,265 - INFO - Getting embeddings for dbmdz/bert-base-turkish-cased...
2024-11-01 21:10:05,750 - INFO - Embeddings for dbmdz/bert-base-turkish-cased obtained.
2024-11-01 21:10:06,876 - INFO - Getting embeddings for dbmdz/bert-base-turkish-cased...
2024-11-01 21:10:07,484 - INFO - Embeddings for dbmdz/bert-base-turkish-cased obtained.
2024-11-01 21:10:07,499 - INFO - Training Batch 15: Top 1 Accuracy: 58.00%, Top 5 Accuracy: 84.00%
2024-11-01 21:10:08,418 - INFO - Getting embeddings for dbmdz/bert-base-turkish-cased...
2024-11-01 21:10:08,943 - INFO - Embeddings for dbmdz/bert-base-turkish-cased obtained.
2024-11-01 21:10:09,973 - INFO - Getting embeddings for dbmdz/bert-base-turkish-cased...
2024-11-01 21:10:10,531 - INFO - Embeddings for dbmdz/bert-base-turkish-cased obtained.
2024-11-01 21:10:10,548 - INFO - Training Batch 16: Top 1 Accuracy: 42.00%, Top 5 Accuracy: 84.00%
2024-11-01 21:10:10,550 - INFO - Validating model...
2024-11-01 21:10:11,479 - INFO - Getting embeddings for dbmdz/bert-base-turkish-cased...
2024-11-01 21:10:12,543 - INFO - Embeddings for dbmdz/bert-base-turkish-cased obtained.
2024-11-01 21:10:13,558 - INFO - Getting embeddings for dbmdz/bert-base-turkish-cased...
2024-11-01 21:10:14,662 - INFO - Embeddings for dbmdz/bert-base-turkish-cased obtained.
2024-11-01 21:10:14,676 - INFO - Validation: Top 1 Accuracy: 40.00%, Top 5 Accuracy: 71.00%
2024-11-01 21:10:14,676 - INFO - Epoch 8/10
2024-11-01 21:10:15,733 - INFO - Getting embeddings for dbmdz/bert-base-turkish-cased...
2024-11-01 21:10:16,299 - INFO - Embeddings for dbmdz/bert-base-turkish-cased obtained.
2024-11-01 21:10:17,373 - INFO - Getting embeddings for dbmdz/bert-base-turkish-cased...
2024-11-01 21:10:17,996 - INFO - Embeddings for dbmdz/bert-base-turkish-cased obtained.
2024-11-01 21:10:18,008 - INFO - Training Batch 1: Top 1 Accuracy: 44.00%, Top 5 Accuracy: 86.00%
2024-11-01 21:10:19,007 - INFO - Getting embeddings for dbmdz/bert-base-turkish-cased...
2024-11-01 21:10:19,490 - INFO - Embeddings for dbmdz/bert-base-turkish-cased obtained.
2024-11-01 21:10:20,507 - INFO - Getting embeddings for dbmdz/bert-base-turkish-cased...
2024-11-01 21:10:21,083 - INFO - Embeddings for dbmdz/bert-base-turkish-cased obtained.
2024-11-01 21:10:21,103 - INFO - Training Batch 2: Top 1 Accuracy: 56.00%, Top 5 Accuracy: 92.00%
2024-11-01 21:10:22,254 - INFO - Getting embeddings for dbmdz/bert-base-turkish-cased...
2024-11-01 21:10:22,692 - INFO - Embeddings for dbmdz/bert-base-turkish-cased obtained.
2024-11-01 21:10:23,699 - INFO - Getting embeddings for dbmdz/bert-base-turkish-cased...
2024-11-01 21:10:24,224 - INFO - Embeddings for dbmdz/bert-base-turkish-cased obtained.
2024-11-01 21:10:24,236 - INFO - Training Batch 3: Top 1 Accuracy: 52.00%, Top 5 Accuracy: 76.00%
2024-11-01 21:10:25,306 - INFO - Getting embeddings for dbmdz/bert-base-turkish-cased...
2024-11-01 21:10:25,913 - INFO - Embeddings for dbmdz/bert-base-turkish-cased obtained.
2024-11-01 21:10:26,985 - INFO - Getting embeddings for dbmdz/bert-base-turkish-cased...
2024-11-01 21:10:27,550 - INFO - Embeddings for dbmdz/bert-base-turkish-cased obtained.
2024-11-01 21:10:27,561 - INFO - Training Batch 4: Top 1 Accuracy: 54.00%, Top 5 Accuracy: 80.00%
2024-11-01 21:10:28,597 - INFO - Getting embeddings for dbmdz/bert-base-turkish-cased...
2024-11-01 21:10:29,065 - INFO - Embeddings for dbmdz/bert-base-turkish-cased obtained.
2024-11-01 21:10:30,234 - INFO - Getting embeddings for dbmdz/bert-base-turkish-cased...
2024-11-01 21:10:30,928 - INFO - Embeddings for dbmdz/bert-base-turkish-cased obtained.
2024-11-01 21:10:30,938 - INFO - Training Batch 5: Top 1 Accuracy: 50.00%, Top 5 Accuracy: 86.00%
2024-11-01 21:10:31,954 - INFO - Getting embeddings for dbmdz/bert-base-turkish-cased...
2024-11-01 21:10:32,380 - INFO - Embeddings for dbmdz/bert-base-turkish-cased obtained.
2024-11-01 21:10:33,430 - INFO - Getting embeddings for dbmdz/bert-base-turkish-cased...
2024-11-01 21:10:33,911 - INFO - Embeddings for dbmdz/bert-base-turkish-cased obtained.
2024-11-01 21:10:33,929 - INFO - Training Batch 6: Top 1 Accuracy: 54.00%, Top 5 Accuracy: 84.00%
2024-11-01 21:10:35,000 - INFO - Getting embeddings for dbmdz/bert-base-turkish-cased...
2024-11-01 21:10:35,593 - INFO - Embeddings for dbmdz/bert-base-turkish-cased obtained.
2024-11-01 21:10:36,620 - INFO - Getting embeddings for dbmdz/bert-base-turkish-cased...
2024-11-01 21:10:37,289 - INFO - Embeddings for dbmdz/bert-base-turkish-cased obtained.
2024-11-01 21:10:37,307 - INFO - Training Batch 7: Top 1 Accuracy: 50.00%, Top 5 Accuracy: 82.00%
2024-11-01 21:10:38,480 - INFO - Getting embeddings for dbmdz/bert-base-turkish-cased...
2024-11-01 21:10:39,080 - INFO - Embeddings for dbmdz/bert-base-turkish-cased obtained.
2024-11-01 21:10:40,104 - INFO - Getting embeddings for dbmdz/bert-base-turkish-cased...
2024-11-01 21:10:40,787 - INFO - Embeddings for dbmdz/bert-base-turkish-cased obtained.
2024-11-01 21:10:40,797 - INFO - Training Batch 8: Top 1 Accuracy: 58.00%, Top 5 Accuracy: 74.00%
2024-11-01 21:10:41,848 - INFO - Getting embeddings for dbmdz/bert-base-turkish-cased...
2024-11-01 21:10:42,382 - INFO - Embeddings for dbmdz/bert-base-turkish-cased obtained.
2024-11-01 21:10:43,480 - INFO - Getting embeddings for dbmdz/bert-base-turkish-cased...
2024-11-01 21:10:44,097 - INFO - Embeddings for dbmdz/bert-base-turkish-cased obtained.
2024-11-01 21:10:44,122 - INFO - Training Batch 9: Top 1 Accuracy: 40.00%, Top 5 Accuracy: 78.00%
2024-11-01 21:10:45,137 - INFO - Getting embeddings for dbmdz/bert-base-turkish-cased...
2024-11-01 21:10:45,647 - INFO - Embeddings for dbmdz/bert-base-turkish-cased obtained.
2024-11-01 21:10:46,702 - INFO - Getting embeddings for dbmdz/bert-base-turkish-cased...
2024-11-01 21:10:47,342 - INFO - Embeddings for dbmdz/bert-base-turkish-cased obtained.
2024-11-01 21:10:47,354 - INFO - Training Batch 10: Top 1 Accuracy: 60.00%, Top 5 Accuracy: 82.00%
2024-11-01 21:10:48,432 - INFO - Getting embeddings for dbmdz/bert-base-turkish-cased...
2024-11-01 21:10:49,011 - INFO - Embeddings for dbmdz/bert-base-turkish-cased obtained.
2024-11-01 21:10:50,013 - INFO - Getting embeddings for dbmdz/bert-base-turkish-cased...
2024-11-01 21:10:50,569 - INFO - Embeddings for dbmdz/bert-base-turkish-cased obtained.
2024-11-01 21:10:50,581 - INFO - Training Batch 11: Top 1 Accuracy: 56.00%, Top 5 Accuracy: 82.00%
2024-11-01 21:10:51,573 - INFO - Getting embeddings for dbmdz/bert-base-turkish-cased...
2024-11-01 21:10:52,109 - INFO - Embeddings for dbmdz/bert-base-turkish-cased obtained.
2024-11-01 21:10:53,317 - INFO - Getting embeddings for dbmdz/bert-base-turkish-cased...
2024-11-01 21:10:53,916 - INFO - Embeddings for dbmdz/bert-base-turkish-cased obtained.
2024-11-01 21:10:53,929 - INFO - Training Batch 12: Top 1 Accuracy: 54.00%, Top 5 Accuracy: 78.00%
2024-11-01 21:10:54,956 - INFO - Getting embeddings for dbmdz/bert-base-turkish-cased...
2024-11-01 21:10:55,513 - INFO - Embeddings for dbmdz/bert-base-turkish-cased obtained.
2024-11-01 21:10:56,546 - INFO - Getting embeddings for dbmdz/bert-base-turkish-cased...
2024-11-01 21:10:57,097 - INFO - Embeddings for dbmdz/bert-base-turkish-cased obtained.
2024-11-01 21:10:57,114 - INFO - Training Batch 13: Top 1 Accuracy: 52.00%, Top 5 Accuracy: 84.00%
2024-11-01 21:10:58,176 - INFO - Getting embeddings for dbmdz/bert-base-turkish-cased...
2024-11-01 21:10:58,702 - INFO - Embeddings for dbmdz/bert-base-turkish-cased obtained.
2024-11-01 21:11:00,058 - INFO - Getting embeddings for dbmdz/bert-base-turkish-cased...
2024-11-01 21:11:00,660 - INFO - Embeddings for dbmdz/bert-base-turkish-cased obtained.
2024-11-01 21:11:00,672 - INFO - Training Batch 14: Top 1 Accuracy: 58.00%, Top 5 Accuracy: 78.00%
2024-11-01 21:11:01,749 - INFO - Getting embeddings for dbmdz/bert-base-turkish-cased...
2024-11-01 21:11:02,247 - INFO - Embeddings for dbmdz/bert-base-turkish-cased obtained.
2024-11-01 21:11:03,519 - INFO - Getting embeddings for dbmdz/bert-base-turkish-cased...
2024-11-01 21:11:04,167 - INFO - Embeddings for dbmdz/bert-base-turkish-cased obtained.
2024-11-01 21:11:04,177 - INFO - Training Batch 15: Top 1 Accuracy: 58.00%, Top 5 Accuracy: 84.00%
2024-11-01 21:11:05,245 - INFO - Getting embeddings for dbmdz/bert-base-turkish-cased...
2024-11-01 21:11:05,762 - INFO - Embeddings for dbmdz/bert-base-turkish-cased obtained.
2024-11-01 21:11:06,827 - INFO - Getting embeddings for dbmdz/bert-base-turkish-cased...
2024-11-01 21:11:07,498 - INFO - Embeddings for dbmdz/bert-base-turkish-cased obtained.
2024-11-01 21:11:07,509 - INFO - Training Batch 16: Top 1 Accuracy: 42.00%, Top 5 Accuracy: 84.00%
2024-11-01 21:11:07,511 - INFO - Validating model...
2024-11-01 21:11:08,548 - INFO - Getting embeddings for dbmdz/bert-base-turkish-cased...
2024-11-01 21:11:09,583 - INFO - Embeddings for dbmdz/bert-base-turkish-cased obtained.
2024-11-01 21:11:10,671 - INFO - Getting embeddings for dbmdz/bert-base-turkish-cased...
2024-11-01 21:11:11,862 - INFO - Embeddings for dbmdz/bert-base-turkish-cased obtained.
2024-11-01 21:11:11,876 - INFO - Validation: Top 1 Accuracy: 40.00%, Top 5 Accuracy: 71.00%
2024-11-01 21:11:11,876 - INFO - Epoch 9/10
2024-11-01 21:11:12,952 - INFO - Getting embeddings for dbmdz/bert-base-turkish-cased...
2024-11-01 21:11:13,434 - INFO - Embeddings for dbmdz/bert-base-turkish-cased obtained.
2024-11-01 21:11:14,496 - INFO - Getting embeddings for dbmdz/bert-base-turkish-cased...
2024-11-01 21:11:15,138 - INFO - Embeddings for dbmdz/bert-base-turkish-cased obtained.
2024-11-01 21:11:15,150 - INFO - Training Batch 1: Top 1 Accuracy: 44.00%, Top 5 Accuracy: 86.00%
2024-11-01 21:11:16,228 - INFO - Getting embeddings for dbmdz/bert-base-turkish-cased...
2024-11-01 21:11:16,764 - INFO - Embeddings for dbmdz/bert-base-turkish-cased obtained.
2024-11-01 21:11:17,773 - INFO - Getting embeddings for dbmdz/bert-base-turkish-cased...
2024-11-01 21:11:18,224 - INFO - Embeddings for dbmdz/bert-base-turkish-cased obtained.
2024-11-01 21:11:18,234 - INFO - Training Batch 2: Top 1 Accuracy: 56.00%, Top 5 Accuracy: 92.00%
2024-11-01 21:11:19,260 - INFO - Getting embeddings for dbmdz/bert-base-turkish-cased...
2024-11-01 21:11:19,906 - INFO - Embeddings for dbmdz/bert-base-turkish-cased obtained.
2024-11-01 21:11:21,010 - INFO - Getting embeddings for dbmdz/bert-base-turkish-cased...
2024-11-01 21:11:21,776 - INFO - Embeddings for dbmdz/bert-base-turkish-cased obtained.
2024-11-01 21:11:21,791 - INFO - Training Batch 3: Top 1 Accuracy: 52.00%, Top 5 Accuracy: 76.00%
2024-11-01 21:11:22,805 - INFO - Getting embeddings for dbmdz/bert-base-turkish-cased...
2024-11-01 21:11:23,298 - INFO - Embeddings for dbmdz/bert-base-turkish-cased obtained.
2024-11-01 21:11:24,263 - INFO - Getting embeddings for dbmdz/bert-base-turkish-cased...
2024-11-01 21:11:24,711 - INFO - Embeddings for dbmdz/bert-base-turkish-cased obtained.
2024-11-01 21:11:24,721 - INFO - Training Batch 4: Top 1 Accuracy: 54.00%, Top 5 Accuracy: 80.00%
2024-11-01 21:11:25,674 - INFO - Getting embeddings for dbmdz/bert-base-turkish-cased...
2024-11-01 21:11:26,256 - INFO - Embeddings for dbmdz/bert-base-turkish-cased obtained.
2024-11-01 21:11:27,358 - INFO - Getting embeddings for dbmdz/bert-base-turkish-cased...
2024-11-01 21:11:27,885 - INFO - Embeddings for dbmdz/bert-base-turkish-cased obtained.
2024-11-01 21:11:27,898 - INFO - Training Batch 5: Top 1 Accuracy: 50.00%, Top 5 Accuracy: 86.00%
2024-11-01 21:11:28,928 - INFO - Getting embeddings for dbmdz/bert-base-turkish-cased...
2024-11-01 21:11:29,438 - INFO - Embeddings for dbmdz/bert-base-turkish-cased obtained.
2024-11-01 21:11:30,521 - INFO - Getting embeddings for dbmdz/bert-base-turkish-cased...
2024-11-01 21:11:31,103 - INFO - Embeddings for dbmdz/bert-base-turkish-cased obtained.
2024-11-01 21:11:31,122 - INFO - Training Batch 6: Top 1 Accuracy: 54.00%, Top 5 Accuracy: 84.00%
2024-11-01 21:11:32,181 - INFO - Getting embeddings for dbmdz/bert-base-turkish-cased...
2024-11-01 21:11:32,716 - INFO - Embeddings for dbmdz/bert-base-turkish-cased obtained.
2024-11-01 21:11:33,762 - INFO - Getting embeddings for dbmdz/bert-base-turkish-cased...
2024-11-01 21:11:34,335 - INFO - Embeddings for dbmdz/bert-base-turkish-cased obtained.
2024-11-01 21:11:34,346 - INFO - Training Batch 7: Top 1 Accuracy: 50.00%, Top 5 Accuracy: 82.00%
2024-11-01 21:11:35,368 - INFO - Getting embeddings for dbmdz/bert-base-turkish-cased...
2024-11-01 21:11:35,885 - INFO - Embeddings for dbmdz/bert-base-turkish-cased obtained.
2024-11-01 21:11:36,937 - INFO - Getting embeddings for dbmdz/bert-base-turkish-cased...
2024-11-01 21:11:37,451 - INFO - Embeddings for dbmdz/bert-base-turkish-cased obtained.
2024-11-01 21:11:37,461 - INFO - Training Batch 8: Top 1 Accuracy: 58.00%, Top 5 Accuracy: 74.00%
2024-11-01 21:11:38,478 - INFO - Getting embeddings for dbmdz/bert-base-turkish-cased...
2024-11-01 21:11:39,033 - INFO - Embeddings for dbmdz/bert-base-turkish-cased obtained.
2024-11-01 21:11:40,278 - INFO - Getting embeddings for dbmdz/bert-base-turkish-cased...
2024-11-01 21:11:40,896 - INFO - Embeddings for dbmdz/bert-base-turkish-cased obtained.
2024-11-01 21:11:40,907 - INFO - Training Batch 9: Top 1 Accuracy: 40.00%, Top 5 Accuracy: 78.00%
2024-11-01 21:11:41,891 - INFO - Getting embeddings for dbmdz/bert-base-turkish-cased...
2024-11-01 21:11:42,392 - INFO - Embeddings for dbmdz/bert-base-turkish-cased obtained.
2024-11-01 21:11:43,433 - INFO - Getting embeddings for dbmdz/bert-base-turkish-cased...
2024-11-01 21:11:43,929 - INFO - Embeddings for dbmdz/bert-base-turkish-cased obtained.
2024-11-01 21:11:43,939 - INFO - Training Batch 10: Top 1 Accuracy: 60.00%, Top 5 Accuracy: 82.00%
2024-11-01 21:11:44,956 - INFO - Getting embeddings for dbmdz/bert-base-turkish-cased...
2024-11-01 21:11:45,483 - INFO - Embeddings for dbmdz/bert-base-turkish-cased obtained.
2024-11-01 21:11:46,510 - INFO - Getting embeddings for dbmdz/bert-base-turkish-cased...
2024-11-01 21:11:47,090 - INFO - Embeddings for dbmdz/bert-base-turkish-cased obtained.
2024-11-01 21:11:47,101 - INFO - Training Batch 11: Top 1 Accuracy: 56.00%, Top 5 Accuracy: 82.00%
2024-11-01 21:11:48,093 - INFO - Getting embeddings for dbmdz/bert-base-turkish-cased...
2024-11-01 21:11:48,723 - INFO - Embeddings for dbmdz/bert-base-turkish-cased obtained.
2024-11-01 21:11:49,786 - INFO - Getting embeddings for dbmdz/bert-base-turkish-cased...
2024-11-01 21:11:50,463 - INFO - Embeddings for dbmdz/bert-base-turkish-cased obtained.
2024-11-01 21:11:50,475 - INFO - Training Batch 12: Top 1 Accuracy: 54.00%, Top 5 Accuracy: 78.00%
2024-11-01 21:11:51,482 - INFO - Getting embeddings for dbmdz/bert-base-turkish-cased...
2024-11-01 21:11:52,034 - INFO - Embeddings for dbmdz/bert-base-turkish-cased obtained.
2024-11-01 21:11:53,021 - INFO - Getting embeddings for dbmdz/bert-base-turkish-cased...
2024-11-01 21:11:53,739 - INFO - Embeddings for dbmdz/bert-base-turkish-cased obtained.
2024-11-01 21:11:53,756 - INFO - Training Batch 13: Top 1 Accuracy: 52.00%, Top 5 Accuracy: 84.00%
2024-11-01 21:11:54,782 - INFO - Getting embeddings for dbmdz/bert-base-turkish-cased...
2024-11-01 21:11:55,401 - INFO - Embeddings for dbmdz/bert-base-turkish-cased obtained.
2024-11-01 21:11:56,428 - INFO - Getting embeddings for dbmdz/bert-base-turkish-cased...
2024-11-01 21:11:56,892 - INFO - Embeddings for dbmdz/bert-base-turkish-cased obtained.
2024-11-01 21:11:56,901 - INFO - Training Batch 14: Top 1 Accuracy: 58.00%, Top 5 Accuracy: 78.00%
2024-11-01 21:11:57,932 - INFO - Getting embeddings for dbmdz/bert-base-turkish-cased...
2024-11-01 21:11:58,430 - INFO - Embeddings for dbmdz/bert-base-turkish-cased obtained.
2024-11-01 21:11:59,455 - INFO - Getting embeddings for dbmdz/bert-base-turkish-cased...
2024-11-01 21:12:00,006 - INFO - Embeddings for dbmdz/bert-base-turkish-cased obtained.
2024-11-01 21:12:00,019 - INFO - Training Batch 15: Top 1 Accuracy: 58.00%, Top 5 Accuracy: 84.00%
2024-11-01 21:12:01,041 - INFO - Getting embeddings for dbmdz/bert-base-turkish-cased...
2024-11-01 21:12:01,541 - INFO - Embeddings for dbmdz/bert-base-turkish-cased obtained.
2024-11-01 21:12:02,563 - INFO - Getting embeddings for dbmdz/bert-base-turkish-cased...
2024-11-01 21:12:03,112 - INFO - Embeddings for dbmdz/bert-base-turkish-cased obtained.
2024-11-01 21:12:03,124 - INFO - Training Batch 16: Top 1 Accuracy: 42.00%, Top 5 Accuracy: 84.00%
2024-11-01 21:12:03,126 - INFO - Validating model...
2024-11-01 21:12:04,178 - INFO - Getting embeddings for dbmdz/bert-base-turkish-cased...
2024-11-01 21:12:05,311 - INFO - Embeddings for dbmdz/bert-base-turkish-cased obtained.
2024-11-01 21:12:06,389 - INFO - Getting embeddings for dbmdz/bert-base-turkish-cased...
2024-11-01 21:12:07,389 - INFO - Embeddings for dbmdz/bert-base-turkish-cased obtained.
2024-11-01 21:12:07,402 - INFO - Validation: Top 1 Accuracy: 40.00%, Top 5 Accuracy: 71.00%
2024-11-01 21:12:07,403 - INFO - Epoch 10/10
2024-11-01 21:12:08,482 - INFO - Getting embeddings for dbmdz/bert-base-turkish-cased...
2024-11-01 21:12:09,075 - INFO - Embeddings for dbmdz/bert-base-turkish-cased obtained.
2024-11-01 21:12:10,154 - INFO - Getting embeddings for dbmdz/bert-base-turkish-cased...
2024-11-01 21:12:10,735 - INFO - Embeddings for dbmdz/bert-base-turkish-cased obtained.
2024-11-01 21:12:10,754 - INFO - Training Batch 1: Top 1 Accuracy: 44.00%, Top 5 Accuracy: 86.00%
2024-11-01 21:12:11,796 - INFO - Getting embeddings for dbmdz/bert-base-turkish-cased...
2024-11-01 21:12:12,369 - INFO - Embeddings for dbmdz/bert-base-turkish-cased obtained.
2024-11-01 21:12:13,530 - INFO - Getting embeddings for dbmdz/bert-base-turkish-cased...
2024-11-01 21:12:14,215 - INFO - Embeddings for dbmdz/bert-base-turkish-cased obtained.
2024-11-01 21:12:14,225 - INFO - Training Batch 2: Top 1 Accuracy: 56.00%, Top 5 Accuracy: 92.00%
2024-11-01 21:12:15,289 - INFO - Getting embeddings for dbmdz/bert-base-turkish-cased...
2024-11-01 21:12:15,736 - INFO - Embeddings for dbmdz/bert-base-turkish-cased obtained.
2024-11-01 21:12:16,798 - INFO - Getting embeddings for dbmdz/bert-base-turkish-cased...
2024-11-01 21:12:17,333 - INFO - Embeddings for dbmdz/bert-base-turkish-cased obtained.
2024-11-01 21:12:17,343 - INFO - Training Batch 3: Top 1 Accuracy: 52.00%, Top 5 Accuracy: 76.00%
2024-11-01 21:12:18,648 - INFO - Getting embeddings for dbmdz/bert-base-turkish-cased...
2024-11-01 21:12:19,337 - INFO - Embeddings for dbmdz/bert-base-turkish-cased obtained.
2024-11-01 21:12:20,392 - INFO - Getting embeddings for dbmdz/bert-base-turkish-cased...
2024-11-01 21:12:20,890 - INFO - Embeddings for dbmdz/bert-base-turkish-cased obtained.
2024-11-01 21:12:20,900 - INFO - Training Batch 4: Top 1 Accuracy: 54.00%, Top 5 Accuracy: 80.00%
2024-11-01 21:12:22,167 - INFO - Getting embeddings for dbmdz/bert-base-turkish-cased...
2024-11-01 21:12:22,740 - INFO - Embeddings for dbmdz/bert-base-turkish-cased obtained.
2024-11-01 21:12:23,801 - INFO - Getting embeddings for dbmdz/bert-base-turkish-cased...
2024-11-01 21:12:24,319 - INFO - Embeddings for dbmdz/bert-base-turkish-cased obtained.
2024-11-01 21:12:24,329 - INFO - Training Batch 5: Top 1 Accuracy: 50.00%, Top 5 Accuracy: 86.00%
2024-11-01 21:12:25,388 - INFO - Getting embeddings for dbmdz/bert-base-turkish-cased...
2024-11-01 21:12:25,977 - INFO - Embeddings for dbmdz/bert-base-turkish-cased obtained.
2024-11-01 21:12:27,030 - INFO - Getting embeddings for dbmdz/bert-base-turkish-cased...
2024-11-01 21:12:27,602 - INFO - Embeddings for dbmdz/bert-base-turkish-cased obtained.
2024-11-01 21:12:27,620 - INFO - Training Batch 6: Top 1 Accuracy: 54.00%, Top 5 Accuracy: 84.00%
2024-11-01 21:12:28,662 - INFO - Getting embeddings for dbmdz/bert-base-turkish-cased...
2024-11-01 21:12:29,209 - INFO - Embeddings for dbmdz/bert-base-turkish-cased obtained.
2024-11-01 21:12:30,244 - INFO - Getting embeddings for dbmdz/bert-base-turkish-cased...
2024-11-01 21:12:30,834 - INFO - Embeddings for dbmdz/bert-base-turkish-cased obtained.
2024-11-01 21:12:30,847 - INFO - Training Batch 7: Top 1 Accuracy: 50.00%, Top 5 Accuracy: 82.00%
2024-11-01 21:12:31,920 - INFO - Getting embeddings for dbmdz/bert-base-turkish-cased...
2024-11-01 21:12:32,524 - INFO - Embeddings for dbmdz/bert-base-turkish-cased obtained.
2024-11-01 21:12:33,557 - INFO - Getting embeddings for dbmdz/bert-base-turkish-cased...
2024-11-01 21:12:34,099 - INFO - Embeddings for dbmdz/bert-base-turkish-cased obtained.
2024-11-01 21:12:34,111 - INFO - Training Batch 8: Top 1 Accuracy: 58.00%, Top 5 Accuracy: 74.00%
2024-11-01 21:12:35,128 - INFO - Getting embeddings for dbmdz/bert-base-turkish-cased...
2024-11-01 21:12:35,609 - INFO - Embeddings for dbmdz/bert-base-turkish-cased obtained.
2024-11-01 21:12:36,724 - INFO - Getting embeddings for dbmdz/bert-base-turkish-cased...
2024-11-01 21:12:37,413 - INFO - Embeddings for dbmdz/bert-base-turkish-cased obtained.
2024-11-01 21:12:37,426 - INFO - Training Batch 9: Top 1 Accuracy: 40.00%, Top 5 Accuracy: 78.00%
2024-11-01 21:12:38,672 - INFO - Getting embeddings for dbmdz/bert-base-turkish-cased...
2024-11-01 21:12:39,191 - INFO - Embeddings for dbmdz/bert-base-turkish-cased obtained.
2024-11-01 21:12:40,184 - INFO - Getting embeddings for dbmdz/bert-base-turkish-cased...
2024-11-01 21:12:40,663 - INFO - Embeddings for dbmdz/bert-base-turkish-cased obtained.
2024-11-01 21:12:40,674 - INFO - Training Batch 10: Top 1 Accuracy: 60.00%, Top 5 Accuracy: 82.00%
2024-11-01 21:12:41,705 - INFO - Getting embeddings for dbmdz/bert-base-turkish-cased...
2024-11-01 21:12:42,218 - INFO - Embeddings for dbmdz/bert-base-turkish-cased obtained.
2024-11-01 21:12:43,254 - INFO - Getting embeddings for dbmdz/bert-base-turkish-cased...
2024-11-01 21:12:43,843 - INFO - Embeddings for dbmdz/bert-base-turkish-cased obtained.
2024-11-01 21:12:43,853 - INFO - Training Batch 11: Top 1 Accuracy: 56.00%, Top 5 Accuracy: 82.00%
2024-11-01 21:12:44,845 - INFO - Getting embeddings for dbmdz/bert-base-turkish-cased...
2024-11-01 21:12:45,274 - INFO - Embeddings for dbmdz/bert-base-turkish-cased obtained.
2024-11-01 21:12:46,281 - INFO - Getting embeddings for dbmdz/bert-base-turkish-cased...
2024-11-01 21:12:46,742 - INFO - Embeddings for dbmdz/bert-base-turkish-cased obtained.
2024-11-01 21:12:46,753 - INFO - Training Batch 12: Top 1 Accuracy: 54.00%, Top 5 Accuracy: 78.00%
2024-11-01 21:12:47,785 - INFO - Getting embeddings for dbmdz/bert-base-turkish-cased...
2024-11-01 21:12:48,269 - INFO - Embeddings for dbmdz/bert-base-turkish-cased obtained.
2024-11-01 21:12:49,432 - INFO - Getting embeddings for dbmdz/bert-base-turkish-cased...
2024-11-01 21:12:49,972 - INFO - Embeddings for dbmdz/bert-base-turkish-cased obtained.
2024-11-01 21:12:49,983 - INFO - Training Batch 13: Top 1 Accuracy: 52.00%, Top 5 Accuracy: 84.00%
2024-11-01 21:12:51,000 - INFO - Getting embeddings for dbmdz/bert-base-turkish-cased...
2024-11-01 21:12:51,430 - INFO - Embeddings for dbmdz/bert-base-turkish-cased obtained.
2024-11-01 21:12:52,438 - INFO - Getting embeddings for dbmdz/bert-base-turkish-cased...
2024-11-01 21:12:52,884 - INFO - Embeddings for dbmdz/bert-base-turkish-cased obtained.
2024-11-01 21:12:52,894 - INFO - Training Batch 14: Top 1 Accuracy: 58.00%, Top 5 Accuracy: 78.00%
2024-11-01 21:12:53,967 - INFO - Getting embeddings for dbmdz/bert-base-turkish-cased...
2024-11-01 21:12:54,455 - INFO - Embeddings for dbmdz/bert-base-turkish-cased obtained.
2024-11-01 21:12:55,520 - INFO - Getting embeddings for dbmdz/bert-base-turkish-cased...
2024-11-01 21:12:56,234 - INFO - Embeddings for dbmdz/bert-base-turkish-cased obtained.
2024-11-01 21:12:56,244 - INFO - Training Batch 15: Top 1 Accuracy: 58.00%, Top 5 Accuracy: 84.00%
2024-11-01 21:12:57,239 - INFO - Getting embeddings for dbmdz/bert-base-turkish-cased...
2024-11-01 21:12:57,684 - INFO - Embeddings for dbmdz/bert-base-turkish-cased obtained.
2024-11-01 21:12:58,718 - INFO - Getting embeddings for dbmdz/bert-base-turkish-cased...
2024-11-01 21:12:59,183 - INFO - Embeddings for dbmdz/bert-base-turkish-cased obtained.
2024-11-01 21:12:59,194 - INFO - Training Batch 16: Top 1 Accuracy: 42.00%, Top 5 Accuracy: 84.00%
2024-11-01 21:12:59,196 - INFO - Validating model...
2024-11-01 21:13:00,231 - INFO - Getting embeddings for dbmdz/bert-base-turkish-cased...
2024-11-01 21:13:01,104 - INFO - Embeddings for dbmdz/bert-base-turkish-cased obtained.
2024-11-01 21:13:02,123 - INFO - Getting embeddings for dbmdz/bert-base-turkish-cased...
2024-11-01 21:13:03,320 - INFO - Embeddings for dbmdz/bert-base-turkish-cased obtained.
2024-11-01 21:13:03,334 - INFO - Validation: Top 1 Accuracy: 40.00%, Top 5 Accuracy: 71.00%
2024-11-01 21:13:03,341 - INFO - Testing model...
2024-11-01 21:13:04,377 - INFO - Getting embeddings for dbmdz/bert-base-turkish-cased...
2024-11-01 21:13:05,659 - INFO - Embeddings for dbmdz/bert-base-turkish-cased obtained.
2024-11-01 21:13:06,717 - INFO - Getting embeddings for dbmdz/bert-base-turkish-cased...
2024-11-01 21:13:07,836 - INFO - Embeddings for dbmdz/bert-base-turkish-cased obtained.
2024-11-01 21:13:07,849 - INFO - Test Results: Top 1 Accuracy: 49.00%, Top 5 Accuracy: 77.00%
