2024-10-31 17:14:10,810 - INFO - Reading CSV file...
2024-10-31 17:14:10,821 - INFO - CSV file successfully read.
2024-10-31 17:14:11,334 - INFO - Using device: cuda
2024-10-31 17:14:11,335 - INFO - Processing model: dbmdz/bert-base-turkish-cased
2024-10-31 17:14:15,690 - INFO - Starting epoch 1/3000 for dbmdz/bert-base-turkish-cased...
2024-10-31 17:14:17,163 - INFO - Getting embeddings for dbmdz/bert-base-turkish-cased...
2024-10-31 17:14:25,300 - INFO - Embeddings for dbmdz/bert-base-turkish-cased obtained.
2024-10-31 17:14:26,890 - INFO - Getting embeddings for dbmdz/bert-base-turkish-cased...
2024-10-31 17:14:35,630 - INFO - Embeddings for dbmdz/bert-base-turkish-cased obtained.
2024-10-31 17:14:37,265 - INFO - Getting embeddings for dbmdz/bert-base-turkish-cased...
2024-10-31 17:14:38,351 - INFO - Embeddings for dbmdz/bert-base-turkish-cased obtained.
2024-10-31 17:14:39,850 - INFO - Getting embeddings for dbmdz/bert-base-turkish-cased...
2024-10-31 17:14:40,978 - INFO - Embeddings for dbmdz/bert-base-turkish-cased obtained.
2024-10-31 17:14:42,489 - INFO - Getting embeddings for dbmdz/bert-base-turkish-cased...
2024-10-31 17:14:43,439 - INFO - Embeddings for dbmdz/bert-base-turkish-cased obtained.
2024-10-31 17:14:45,032 - INFO - Getting embeddings for dbmdz/bert-base-turkish-cased...
2024-10-31 17:14:46,105 - INFO - Embeddings for dbmdz/bert-base-turkish-cased obtained.
2024-10-31 17:14:46,165 - INFO - dbmdz/bert-base-turkish-cased - Epoch 1: Training Top 1 Accuracy: 29.88%
2024-10-31 17:14:46,166 - INFO - dbmdz/bert-base-turkish-cased - Epoch 1: Training Top 5 Accuracy: 45.62%
2024-10-31 17:14:46,166 - INFO - Starting epoch 2/3000 for dbmdz/bert-base-turkish-cased...
2024-10-31 17:14:47,608 - INFO - Getting embeddings for dbmdz/bert-base-turkish-cased...
2024-10-31 17:14:55,877 - INFO - Embeddings for dbmdz/bert-base-turkish-cased obtained.
2024-10-31 17:14:57,389 - INFO - Getting embeddings for dbmdz/bert-base-turkish-cased...
2024-10-31 17:15:06,222 - INFO - Embeddings for dbmdz/bert-base-turkish-cased obtained.
2024-10-31 17:15:07,743 - INFO - Getting embeddings for dbmdz/bert-base-turkish-cased...
2024-10-31 17:15:08,807 - INFO - Embeddings for dbmdz/bert-base-turkish-cased obtained.
2024-10-31 17:15:10,282 - INFO - Getting embeddings for dbmdz/bert-base-turkish-cased...
2024-10-31 17:15:11,421 - INFO - Embeddings for dbmdz/bert-base-turkish-cased obtained.
2024-10-31 17:15:12,962 - INFO - Getting embeddings for dbmdz/bert-base-turkish-cased...
2024-10-31 17:15:14,134 - INFO - Embeddings for dbmdz/bert-base-turkish-cased obtained.
2024-10-31 17:15:15,740 - INFO - Getting embeddings for dbmdz/bert-base-turkish-cased...
2024-10-31 17:15:16,970 - INFO - Embeddings for dbmdz/bert-base-turkish-cased obtained.
2024-10-31 17:15:17,004 - INFO - dbmdz/bert-base-turkish-cased - Epoch 2: Training Top 1 Accuracy: 29.88%
2024-10-31 17:15:17,005 - INFO - dbmdz/bert-base-turkish-cased - Epoch 2: Training Top 5 Accuracy: 45.62%
2024-10-31 17:15:17,005 - INFO - Starting epoch 3/3000 for dbmdz/bert-base-turkish-cased...
2024-10-31 17:15:18,423 - INFO - Getting embeddings for dbmdz/bert-base-turkish-cased...
2024-10-31 17:15:26,993 - INFO - Embeddings for dbmdz/bert-base-turkish-cased obtained.
2024-10-31 17:15:28,770 - INFO - Getting embeddings for dbmdz/bert-base-turkish-cased...
2024-10-31 17:15:37,630 - INFO - Embeddings for dbmdz/bert-base-turkish-cased obtained.
2024-10-31 17:15:39,011 - INFO - Getting embeddings for dbmdz/bert-base-turkish-cased...
2024-10-31 17:15:40,307 - INFO - Embeddings for dbmdz/bert-base-turkish-cased obtained.
2024-10-31 17:15:41,668 - INFO - Getting embeddings for dbmdz/bert-base-turkish-cased...
2024-10-31 17:15:42,813 - INFO - Embeddings for dbmdz/bert-base-turkish-cased obtained.
2024-10-31 17:15:44,282 - INFO - Getting embeddings for dbmdz/bert-base-turkish-cased...
2024-10-31 17:15:45,359 - INFO - Embeddings for dbmdz/bert-base-turkish-cased obtained.
2024-10-31 17:15:46,856 - INFO - Getting embeddings for dbmdz/bert-base-turkish-cased...
2024-10-31 17:15:47,971 - INFO - Embeddings for dbmdz/bert-base-turkish-cased obtained.
2024-10-31 17:15:48,044 - INFO - dbmdz/bert-base-turkish-cased - Epoch 3: Training Top 1 Accuracy: 29.88%
2024-10-31 17:15:48,044 - INFO - dbmdz/bert-base-turkish-cased - Epoch 3: Training Top 5 Accuracy: 45.62%
2024-10-31 17:15:48,044 - INFO - Starting epoch 4/3000 for dbmdz/bert-base-turkish-cased...
2024-10-31 17:15:49,806 - INFO - Getting embeddings for dbmdz/bert-base-turkish-cased...
2024-10-31 17:15:58,152 - INFO - Embeddings for dbmdz/bert-base-turkish-cased obtained.
2024-10-31 17:15:59,718 - INFO - Getting embeddings for dbmdz/bert-base-turkish-cased...
2024-10-31 17:16:09,094 - INFO - Embeddings for dbmdz/bert-base-turkish-cased obtained.
2024-10-31 17:16:10,582 - INFO - Getting embeddings for dbmdz/bert-base-turkish-cased...
