2024-10-31 19:24:03,503 - INFO - Reading CSV file...
2024-10-31 19:24:03,514 - INFO - CSV file successfully read.
2024-10-31 19:24:04,627 - INFO - Using device: cuda
2024-10-31 19:24:04,627 - INFO - Processing model: dbmdz/bert-base-turkish-cased
2024-10-31 19:24:08,717 - INFO - Starting epoch 1/3 for dbmdz/bert-base-turkish-cased...
2024-10-31 19:24:10,240 - INFO - Getting embeddings for dbmdz/bert-base-turkish-cased...
2024-10-31 19:24:10,583 - INFO - Embeddings for dbmdz/bert-base-turkish-cased obtained.
2024-10-31 19:24:11,994 - INFO - Getting embeddings for dbmdz/bert-base-turkish-cased...
2024-10-31 19:24:12,165 - INFO - Embeddings for dbmdz/bert-base-turkish-cased obtained.
2024-10-31 19:24:12,172 - INFO - dbmdz/bert-base-turkish-cased - Epoch 1, Batch 1: Training Top 1 Accuracy: 56.25%
2024-10-31 19:24:12,173 - INFO - dbmdz/bert-base-turkish-cased - Epoch 1, Batch 1: Training Top 5 Accuracy: 62.50%
2024-10-31 19:24:13,901 - INFO - Getting embeddings for dbmdz/bert-base-turkish-cased...
2024-10-31 19:24:14,093 - INFO - Embeddings for dbmdz/bert-base-turkish-cased obtained.
2024-10-31 19:24:15,549 - INFO - Getting embeddings for dbmdz/bert-base-turkish-cased...
2024-10-31 19:24:15,794 - INFO - Embeddings for dbmdz/bert-base-turkish-cased obtained.
2024-10-31 19:24:15,801 - INFO - dbmdz/bert-base-turkish-cased - Epoch 1, Batch 2: Training Top 1 Accuracy: 87.50%
2024-10-31 19:24:15,801 - INFO - dbmdz/bert-base-turkish-cased - Epoch 1, Batch 2: Training Top 5 Accuracy: 87.50%
2024-10-31 19:24:17,355 - INFO - Getting embeddings for dbmdz/bert-base-turkish-cased...
2024-10-31 19:24:17,542 - INFO - Embeddings for dbmdz/bert-base-turkish-cased obtained.
2024-10-31 19:24:19,081 - INFO - Getting embeddings for dbmdz/bert-base-turkish-cased...
2024-10-31 19:24:19,355 - INFO - Embeddings for dbmdz/bert-base-turkish-cased obtained.
2024-10-31 19:24:19,361 - INFO - dbmdz/bert-base-turkish-cased - Epoch 1, Batch 3: Training Top 1 Accuracy: 62.50%
2024-10-31 19:24:19,361 - INFO - dbmdz/bert-base-turkish-cased - Epoch 1, Batch 3: Training Top 5 Accuracy: 75.00%
2024-10-31 19:24:21,187 - INFO - Getting embeddings for dbmdz/bert-base-turkish-cased...
2024-10-31 19:24:21,472 - INFO - Embeddings for dbmdz/bert-base-turkish-cased obtained.
2024-10-31 19:24:22,885 - INFO - Getting embeddings for dbmdz/bert-base-turkish-cased...
2024-10-31 19:24:23,028 - INFO - Embeddings for dbmdz/bert-base-turkish-cased obtained.
2024-10-31 19:24:23,034 - INFO - dbmdz/bert-base-turkish-cased - Epoch 1, Batch 4: Training Top 1 Accuracy: 62.50%
2024-10-31 19:24:23,035 - INFO - dbmdz/bert-base-turkish-cased - Epoch 1, Batch 4: Training Top 5 Accuracy: 62.50%
2024-10-31 19:24:24,387 - INFO - Getting embeddings for dbmdz/bert-base-turkish-cased...
2024-10-31 19:24:24,644 - INFO - Embeddings for dbmdz/bert-base-turkish-cased obtained.
2024-10-31 19:24:26,556 - INFO - Getting embeddings for dbmdz/bert-base-turkish-cased...
2024-10-31 19:24:26,706 - INFO - Embeddings for dbmdz/bert-base-turkish-cased obtained.
2024-10-31 19:24:26,712 - INFO - dbmdz/bert-base-turkish-cased - Epoch 1, Batch 5: Training Top 1 Accuracy: 68.75%
2024-10-31 19:24:26,713 - INFO - dbmdz/bert-base-turkish-cased - Epoch 1, Batch 5: Training Top 5 Accuracy: 87.50%
2024-10-31 19:24:28,099 - INFO - Getting embeddings for dbmdz/bert-base-turkish-cased...
2024-10-31 19:24:28,288 - INFO - Embeddings for dbmdz/bert-base-turkish-cased obtained.
2024-10-31 19:24:29,809 - INFO - Getting embeddings for dbmdz/bert-base-turkish-cased...
2024-10-31 19:24:30,025 - INFO - Embeddings for dbmdz/bert-base-turkish-cased obtained.
2024-10-31 19:24:30,033 - INFO - dbmdz/bert-base-turkish-cased - Epoch 1, Batch 6: Training Top 1 Accuracy: 68.75%
2024-10-31 19:24:30,034 - INFO - dbmdz/bert-base-turkish-cased - Epoch 1, Batch 6: Training Top 5 Accuracy: 93.75%
2024-10-31 19:24:31,409 - INFO - Getting embeddings for dbmdz/bert-base-turkish-cased...
2024-10-31 19:24:31,578 - INFO - Embeddings for dbmdz/bert-base-turkish-cased obtained.
2024-10-31 19:24:33,174 - INFO - Getting embeddings for dbmdz/bert-base-turkish-cased...
2024-10-31 19:24:33,464 - INFO - Embeddings for dbmdz/bert-base-turkish-cased obtained.
2024-10-31 19:24:33,470 - INFO - dbmdz/bert-base-turkish-cased - Epoch 1, Batch 7: Training Top 1 Accuracy: 75.00%
2024-10-31 19:24:33,471 - INFO - dbmdz/bert-base-turkish-cased - Epoch 1, Batch 7: Training Top 5 Accuracy: 87.50%
2024-10-31 19:24:34,826 - INFO - Getting embeddings for dbmdz/bert-base-turkish-cased...
2024-10-31 19:24:35,003 - INFO - Embeddings for dbmdz/bert-base-turkish-cased obtained.
2024-10-31 19:24:36,422 - INFO - Getting embeddings for dbmdz/bert-base-turkish-cased...
2024-10-31 19:24:36,708 - INFO - Embeddings for dbmdz/bert-base-turkish-cased obtained.
2024-10-31 19:24:36,715 - INFO - dbmdz/bert-base-turkish-cased - Epoch 1, Batch 8: Training Top 1 Accuracy: 50.00%
2024-10-31 19:24:36,715 - INFO - dbmdz/bert-base-turkish-cased - Epoch 1, Batch 8: Training Top 5 Accuracy: 81.25%
2024-10-31 19:24:38,080 - INFO - Getting embeddings for dbmdz/bert-base-turkish-cased...
2024-10-31 19:24:38,296 - INFO - Embeddings for dbmdz/bert-base-turkish-cased obtained.
2024-10-31 19:24:39,769 - INFO - Getting embeddings for dbmdz/bert-base-turkish-cased...
2024-10-31 19:24:40,065 - INFO - Embeddings for dbmdz/bert-base-turkish-cased obtained.
2024-10-31 19:24:40,072 - INFO - dbmdz/bert-base-turkish-cased - Epoch 1, Batch 9: Training Top 1 Accuracy: 81.25%
2024-10-31 19:24:40,072 - INFO - dbmdz/bert-base-turkish-cased - Epoch 1, Batch 9: Training Top 5 Accuracy: 87.50%
2024-10-31 19:24:41,497 - INFO - Getting embeddings for dbmdz/bert-base-turkish-cased...
2024-10-31 19:24:41,712 - INFO - Embeddings for dbmdz/bert-base-turkish-cased obtained.
2024-10-31 19:24:43,141 - INFO - Getting embeddings for dbmdz/bert-base-turkish-cased...
2024-10-31 19:24:43,484 - INFO - Embeddings for dbmdz/bert-base-turkish-cased obtained.
2024-10-31 19:24:43,492 - INFO - dbmdz/bert-base-turkish-cased - Epoch 1, Batch 10: Training Top 1 Accuracy: 50.00%
2024-10-31 19:24:43,492 - INFO - dbmdz/bert-base-turkish-cased - Epoch 1, Batch 10: Training Top 5 Accuracy: 68.75%
2024-10-31 19:24:44,872 - INFO - Getting embeddings for dbmdz/bert-base-turkish-cased...
2024-10-31 19:24:45,085 - INFO - Embeddings for dbmdz/bert-base-turkish-cased obtained.
2024-10-31 19:24:46,520 - INFO - Getting embeddings for dbmdz/bert-base-turkish-cased...
2024-10-31 19:24:46,800 - INFO - Embeddings for dbmdz/bert-base-turkish-cased obtained.
2024-10-31 19:24:46,806 - INFO - dbmdz/bert-base-turkish-cased - Epoch 1, Batch 11: Training Top 1 Accuracy: 68.75%
2024-10-31 19:24:46,807 - INFO - dbmdz/bert-base-turkish-cased - Epoch 1, Batch 11: Training Top 5 Accuracy: 87.50%
2024-10-31 19:24:48,162 - INFO - Getting embeddings for dbmdz/bert-base-turkish-cased...
2024-10-31 19:24:48,368 - INFO - Embeddings for dbmdz/bert-base-turkish-cased obtained.
2024-10-31 19:24:49,810 - INFO - Getting embeddings for dbmdz/bert-base-turkish-cased...
2024-10-31 19:24:50,099 - INFO - Embeddings for dbmdz/bert-base-turkish-cased obtained.
2024-10-31 19:24:50,105 - INFO - dbmdz/bert-base-turkish-cased - Epoch 1, Batch 12: Training Top 1 Accuracy: 43.75%
2024-10-31 19:24:50,106 - INFO - dbmdz/bert-base-turkish-cased - Epoch 1, Batch 12: Training Top 5 Accuracy: 75.00%
2024-10-31 19:24:51,457 - INFO - Getting embeddings for dbmdz/bert-base-turkish-cased...
2024-10-31 19:24:51,663 - INFO - Embeddings for dbmdz/bert-base-turkish-cased obtained.
2024-10-31 19:24:53,191 - INFO - Getting embeddings for dbmdz/bert-base-turkish-cased...
2024-10-31 19:24:53,484 - INFO - Embeddings for dbmdz/bert-base-turkish-cased obtained.
2024-10-31 19:24:53,490 - INFO - dbmdz/bert-base-turkish-cased - Epoch 1, Batch 13: Training Top 1 Accuracy: 62.50%
2024-10-31 19:24:53,491 - INFO - dbmdz/bert-base-turkish-cased - Epoch 1, Batch 13: Training Top 5 Accuracy: 81.25%
2024-10-31 19:24:54,868 - INFO - Getting embeddings for dbmdz/bert-base-turkish-cased...
2024-10-31 19:24:55,065 - INFO - Embeddings for dbmdz/bert-base-turkish-cased obtained.
2024-10-31 19:24:56,473 - INFO - Getting embeddings for dbmdz/bert-base-turkish-cased...
2024-10-31 19:24:56,739 - INFO - Embeddings for dbmdz/bert-base-turkish-cased obtained.
2024-10-31 19:24:56,747 - INFO - dbmdz/bert-base-turkish-cased - Epoch 1, Batch 14: Training Top 1 Accuracy: 81.25%
2024-10-31 19:24:56,747 - INFO - dbmdz/bert-base-turkish-cased - Epoch 1, Batch 14: Training Top 5 Accuracy: 81.25%
2024-10-31 19:24:58,511 - INFO - Getting embeddings for dbmdz/bert-base-turkish-cased...
2024-10-31 19:24:58,709 - INFO - Embeddings for dbmdz/bert-base-turkish-cased obtained.
2024-10-31 19:25:00,041 - INFO - Getting embeddings for dbmdz/bert-base-turkish-cased...
2024-10-31 19:25:00,229 - INFO - Embeddings for dbmdz/bert-base-turkish-cased obtained.
2024-10-31 19:25:00,236 - INFO - dbmdz/bert-base-turkish-cased - Epoch 1, Batch 15: Training Top 1 Accuracy: 56.25%
2024-10-31 19:25:00,236 - INFO - dbmdz/bert-base-turkish-cased - Epoch 1, Batch 15: Training Top 5 Accuracy: 87.50%
2024-10-31 19:25:01,737 - INFO - Getting embeddings for dbmdz/bert-base-turkish-cased...
2024-10-31 19:25:01,958 - INFO - Embeddings for dbmdz/bert-base-turkish-cased obtained.
2024-10-31 19:25:03,327 - INFO - Getting embeddings for dbmdz/bert-base-turkish-cased...
2024-10-31 19:25:03,465 - INFO - Embeddings for dbmdz/bert-base-turkish-cased obtained.
2024-10-31 19:25:03,471 - INFO - dbmdz/bert-base-turkish-cased - Epoch 1, Batch 16: Training Top 1 Accuracy: 43.75%
2024-10-31 19:25:03,472 - INFO - dbmdz/bert-base-turkish-cased - Epoch 1, Batch 16: Training Top 5 Accuracy: 62.50%
2024-10-31 19:25:04,958 - INFO - Getting embeddings for dbmdz/bert-base-turkish-cased...
2024-10-31 19:25:05,183 - INFO - Embeddings for dbmdz/bert-base-turkish-cased obtained.
2024-10-31 19:25:06,618 - INFO - Getting embeddings for dbmdz/bert-base-turkish-cased...
2024-10-31 19:25:06,788 - INFO - Embeddings for dbmdz/bert-base-turkish-cased obtained.
2024-10-31 19:25:06,794 - INFO - dbmdz/bert-base-turkish-cased - Epoch 1, Batch 17: Training Top 1 Accuracy: 50.00%
2024-10-31 19:25:06,795 - INFO - dbmdz/bert-base-turkish-cased - Epoch 1, Batch 17: Training Top 5 Accuracy: 62.50%
2024-10-31 19:25:08,152 - INFO - Getting embeddings for dbmdz/bert-base-turkish-cased...
2024-10-31 19:25:08,320 - INFO - Embeddings for dbmdz/bert-base-turkish-cased obtained.
2024-10-31 19:25:09,636 - INFO - Getting embeddings for dbmdz/bert-base-turkish-cased...
2024-10-31 19:25:09,858 - INFO - Embeddings for dbmdz/bert-base-turkish-cased obtained.
2024-10-31 19:25:09,865 - INFO - dbmdz/bert-base-turkish-cased - Epoch 1, Batch 18: Training Top 1 Accuracy: 56.25%
2024-10-31 19:25:09,865 - INFO - dbmdz/bert-base-turkish-cased - Epoch 1, Batch 18: Training Top 5 Accuracy: 75.00%
2024-10-31 19:25:11,249 - INFO - Getting embeddings for dbmdz/bert-base-turkish-cased...
2024-10-31 19:25:11,407 - INFO - Embeddings for dbmdz/bert-base-turkish-cased obtained.
2024-10-31 19:25:12,815 - INFO - Getting embeddings for dbmdz/bert-base-turkish-cased...
2024-10-31 19:25:13,070 - INFO - Embeddings for dbmdz/bert-base-turkish-cased obtained.
2024-10-31 19:25:13,077 - INFO - dbmdz/bert-base-turkish-cased - Epoch 1, Batch 19: Training Top 1 Accuracy: 68.75%
2024-10-31 19:25:13,077 - INFO - dbmdz/bert-base-turkish-cased - Epoch 1, Batch 19: Training Top 5 Accuracy: 93.75%
2024-10-31 19:25:14,471 - INFO - Getting embeddings for dbmdz/bert-base-turkish-cased...
2024-10-31 19:25:14,610 - INFO - Embeddings for dbmdz/bert-base-turkish-cased obtained.
2024-10-31 19:25:16,071 - INFO - Getting embeddings for dbmdz/bert-base-turkish-cased...
2024-10-31 19:25:16,306 - INFO - Embeddings for dbmdz/bert-base-turkish-cased obtained.
2024-10-31 19:25:16,317 - INFO - dbmdz/bert-base-turkish-cased - Epoch 1, Batch 20: Training Top 1 Accuracy: 68.75%
2024-10-31 19:25:16,317 - INFO - dbmdz/bert-base-turkish-cased - Epoch 1, Batch 20: Training Top 5 Accuracy: 81.25%
2024-10-31 19:25:17,742 - INFO - Getting embeddings for dbmdz/bert-base-turkish-cased...
2024-10-31 19:25:18,005 - INFO - Embeddings for dbmdz/bert-base-turkish-cased obtained.
2024-10-31 19:25:19,357 - INFO - Getting embeddings for dbmdz/bert-base-turkish-cased...
2024-10-31 19:25:19,546 - INFO - Embeddings for dbmdz/bert-base-turkish-cased obtained.
2024-10-31 19:25:19,552 - INFO - dbmdz/bert-base-turkish-cased - Epoch 1, Batch 21: Training Top 1 Accuracy: 50.00%
2024-10-31 19:25:19,552 - INFO - dbmdz/bert-base-turkish-cased - Epoch 1, Batch 21: Training Top 5 Accuracy: 68.75%
2024-10-31 19:25:20,943 - INFO - Getting embeddings for dbmdz/bert-base-turkish-cased...
2024-10-31 19:25:21,176 - INFO - Embeddings for dbmdz/bert-base-turkish-cased obtained.
2024-10-31 19:25:22,589 - INFO - Getting embeddings for dbmdz/bert-base-turkish-cased...
2024-10-31 19:25:22,819 - INFO - Embeddings for dbmdz/bert-base-turkish-cased obtained.
2024-10-31 19:25:22,826 - INFO - dbmdz/bert-base-turkish-cased - Epoch 1, Batch 22: Training Top 1 Accuracy: 62.50%
2024-10-31 19:25:22,826 - INFO - dbmdz/bert-base-turkish-cased - Epoch 1, Batch 22: Training Top 5 Accuracy: 87.50%
2024-10-31 19:25:24,259 - INFO - Getting embeddings for dbmdz/bert-base-turkish-cased...
2024-10-31 19:25:24,527 - INFO - Embeddings for dbmdz/bert-base-turkish-cased obtained.
2024-10-31 19:25:25,942 - INFO - Getting embeddings for dbmdz/bert-base-turkish-cased...
2024-10-31 19:25:26,093 - INFO - Embeddings for dbmdz/bert-base-turkish-cased obtained.
2024-10-31 19:25:26,100 - INFO - dbmdz/bert-base-turkish-cased - Epoch 1, Batch 23: Training Top 1 Accuracy: 56.25%
2024-10-31 19:25:26,100 - INFO - dbmdz/bert-base-turkish-cased - Epoch 1, Batch 23: Training Top 5 Accuracy: 81.25%
2024-10-31 19:25:27,490 - INFO - Getting embeddings for dbmdz/bert-base-turkish-cased...
2024-10-31 19:25:27,687 - INFO - Embeddings for dbmdz/bert-base-turkish-cased obtained.
2024-10-31 19:25:29,168 - INFO - Getting embeddings for dbmdz/bert-base-turkish-cased...
2024-10-31 19:25:29,460 - INFO - Embeddings for dbmdz/bert-base-turkish-cased obtained.
2024-10-31 19:25:29,466 - INFO - dbmdz/bert-base-turkish-cased - Epoch 1, Batch 24: Training Top 1 Accuracy: 50.00%
2024-10-31 19:25:29,467 - INFO - dbmdz/bert-base-turkish-cased - Epoch 1, Batch 24: Training Top 5 Accuracy: 75.00%
2024-10-31 19:25:31,295 - INFO - Getting embeddings for dbmdz/bert-base-turkish-cased...
2024-10-31 19:25:31,450 - INFO - Embeddings for dbmdz/bert-base-turkish-cased obtained.
2024-10-31 19:25:32,927 - INFO - Getting embeddings for dbmdz/bert-base-turkish-cased...
2024-10-31 19:25:33,217 - INFO - Embeddings for dbmdz/bert-base-turkish-cased obtained.
2024-10-31 19:25:33,223 - INFO - dbmdz/bert-base-turkish-cased - Epoch 1, Batch 25: Training Top 1 Accuracy: 50.00%
2024-10-31 19:25:33,224 - INFO - dbmdz/bert-base-turkish-cased - Epoch 1, Batch 25: Training Top 5 Accuracy: 93.75%
2024-10-31 19:25:34,641 - INFO - Getting embeddings for dbmdz/bert-base-turkish-cased...
2024-10-31 19:25:34,861 - INFO - Embeddings for dbmdz/bert-base-turkish-cased obtained.
2024-10-31 19:25:36,260 - INFO - Getting embeddings for dbmdz/bert-base-turkish-cased...
2024-10-31 19:25:36,555 - INFO - Embeddings for dbmdz/bert-base-turkish-cased obtained.
2024-10-31 19:25:36,562 - INFO - dbmdz/bert-base-turkish-cased - Epoch 1, Batch 26: Training Top 1 Accuracy: 56.25%
2024-10-31 19:25:36,562 - INFO - dbmdz/bert-base-turkish-cased - Epoch 1, Batch 26: Training Top 5 Accuracy: 81.25%
2024-10-31 19:25:37,897 - INFO - Getting embeddings for dbmdz/bert-base-turkish-cased...
2024-10-31 19:25:38,062 - INFO - Embeddings for dbmdz/bert-base-turkish-cased obtained.
2024-10-31 19:25:39,674 - INFO - Getting embeddings for dbmdz/bert-base-turkish-cased...
2024-10-31 19:25:39,905 - INFO - Embeddings for dbmdz/bert-base-turkish-cased obtained.
2024-10-31 19:25:39,911 - INFO - dbmdz/bert-base-turkish-cased - Epoch 1, Batch 27: Training Top 1 Accuracy: 50.00%
2024-10-31 19:25:39,912 - INFO - dbmdz/bert-base-turkish-cased - Epoch 1, Batch 27: Training Top 5 Accuracy: 75.00%
2024-10-31 19:25:41,228 - INFO - Getting embeddings for dbmdz/bert-base-turkish-cased...
2024-10-31 19:25:41,385 - INFO - Embeddings for dbmdz/bert-base-turkish-cased obtained.
2024-10-31 19:25:42,713 - INFO - Getting embeddings for dbmdz/bert-base-turkish-cased...
2024-10-31 19:25:43,019 - INFO - Embeddings for dbmdz/bert-base-turkish-cased obtained.
2024-10-31 19:25:43,027 - INFO - dbmdz/bert-base-turkish-cased - Epoch 1, Batch 28: Training Top 1 Accuracy: 68.75%
2024-10-31 19:25:43,027 - INFO - dbmdz/bert-base-turkish-cased - Epoch 1, Batch 28: Training Top 5 Accuracy: 81.25%
2024-10-31 19:25:44,425 - INFO - Getting embeddings for dbmdz/bert-base-turkish-cased...
2024-10-31 19:25:44,571 - INFO - Embeddings for dbmdz/bert-base-turkish-cased obtained.
2024-10-31 19:25:45,955 - INFO - Getting embeddings for dbmdz/bert-base-turkish-cased...
2024-10-31 19:25:46,247 - INFO - Embeddings for dbmdz/bert-base-turkish-cased obtained.
2024-10-31 19:25:46,254 - INFO - dbmdz/bert-base-turkish-cased - Epoch 1, Batch 29: Training Top 1 Accuracy: 68.75%
2024-10-31 19:25:46,254 - INFO - dbmdz/bert-base-turkish-cased - Epoch 1, Batch 29: Training Top 5 Accuracy: 81.25%
2024-10-31 19:25:47,600 - INFO - Getting embeddings for dbmdz/bert-base-turkish-cased...
2024-10-31 19:25:47,747 - INFO - Embeddings for dbmdz/bert-base-turkish-cased obtained.
2024-10-31 19:25:49,204 - INFO - Getting embeddings for dbmdz/bert-base-turkish-cased...
2024-10-31 19:25:49,466 - INFO - Embeddings for dbmdz/bert-base-turkish-cased obtained.
2024-10-31 19:25:49,473 - INFO - dbmdz/bert-base-turkish-cased - Epoch 1, Batch 30: Training Top 1 Accuracy: 68.75%
2024-10-31 19:25:49,473 - INFO - dbmdz/bert-base-turkish-cased - Epoch 1, Batch 30: Training Top 5 Accuracy: 93.75%
