2024-10-30 16:53:49,245 - INFO - CSV dosyası okunuyor...
2024-10-30 16:53:49,271 - INFO - CSV dosyası başarıyla okundu.
2024-10-30 16:53:49,308 - INFO - sentence-transformers/all-MiniLM-L12-v2 yükleniyor...
2024-10-30 16:53:51,530 - INFO - sentence-transformers/all-MiniLM-L12-v2 yüklendi.
2024-10-30 16:53:51,530 - INFO - jinaai/jina-embeddings-v3 yükleniyor...
2024-10-30 16:53:53,977 - WARNING - flash_attn is not installed. Using PyTorch native attention implementation.
2024-10-30 16:53:53,978 - WARNING - flash_attn is not installed. Using PyTorch native attention implementation.
2024-10-30 16:53:53,980 - WARNING - flash_attn is not installed. Using PyTorch native attention implementation.
2024-10-30 16:53:53,982 - WARNING - flash_attn is not installed. Using PyTorch native attention implementation.
2024-10-30 16:53:53,984 - WARNING - flash_attn is not installed. Using PyTorch native attention implementation.
2024-10-30 16:53:53,986 - WARNING - flash_attn is not installed. Using PyTorch native attention implementation.
2024-10-30 16:53:53,988 - WARNING - flash_attn is not installed. Using PyTorch native attention implementation.
2024-10-30 16:53:53,989 - WARNING - flash_attn is not installed. Using PyTorch native attention implementation.
2024-10-30 16:53:53,991 - WARNING - flash_attn is not installed. Using PyTorch native attention implementation.
2024-10-30 16:53:53,992 - WARNING - flash_attn is not installed. Using PyTorch native attention implementation.
2024-10-30 16:53:53,993 - WARNING - flash_attn is not installed. Using PyTorch native attention implementation.
2024-10-30 16:53:53,995 - WARNING - flash_attn is not installed. Using PyTorch native attention implementation.
2024-10-30 16:53:53,996 - WARNING - flash_attn is not installed. Using PyTorch native attention implementation.
2024-10-30 16:53:53,998 - WARNING - flash_attn is not installed. Using PyTorch native attention implementation.
2024-10-30 16:53:53,999 - WARNING - flash_attn is not installed. Using PyTorch native attention implementation.
2024-10-30 16:53:54,001 - WARNING - flash_attn is not installed. Using PyTorch native attention implementation.
2024-10-30 16:53:54,002 - WARNING - flash_attn is not installed. Using PyTorch native attention implementation.
2024-10-30 16:53:54,004 - WARNING - flash_attn is not installed. Using PyTorch native attention implementation.
2024-10-30 16:53:54,005 - WARNING - flash_attn is not installed. Using PyTorch native attention implementation.
2024-10-30 16:53:54,007 - WARNING - flash_attn is not installed. Using PyTorch native attention implementation.
2024-10-30 16:53:54,011 - WARNING - flash_attn is not installed. Using PyTorch native attention implementation.
2024-10-30 16:53:54,015 - WARNING - flash_attn is not installed. Using PyTorch native attention implementation.
2024-10-30 16:53:54,020 - WARNING - flash_attn is not installed. Using PyTorch native attention implementation.
2024-10-30 16:53:54,023 - WARNING - flash_attn is not installed. Using PyTorch native attention implementation.
2024-10-30 16:53:54,026 - WARNING - flash_attn is not installed. Using PyTorch native attention implementation.
2024-10-30 16:53:56,191 - INFO - jinaai/jina-embeddings-v3 yüklendi.
2024-10-30 16:53:56,191 - INFO - intfloat/multilingual-e5-large-instruct yükleniyor...
2024-10-30 16:53:58,833 - INFO - intfloat/multilingual-e5-large-instruct yüklendi.
2024-10-30 16:53:58,834 - INFO - BAAI/bge-m3 yükleniyor...
2024-10-30 16:54:02,278 - INFO - BAAI/bge-m3 yüklendi.
2024-10-30 16:54:02,279 - INFO - thenlper/gte-large yükleniyor...
2024-10-30 16:54:04,274 - INFO - thenlper/gte-large yüklendi.
2024-10-30 16:54:04,275 - INFO - nomic-ai/nomic-embed-text-v1 yükleniyor...
2024-10-30 16:54:07,472 - WARNING - <All keys matched successfully>
2024-10-30 16:54:07,896 - INFO - nomic-ai/nomic-embed-text-v1 yüklendi.
2024-10-30 16:54:07,897 - INFO - dbmdz/bert-base-turkish-cased yükleniyor...
2024-10-30 16:54:09,500 - INFO - dbmdz/bert-base-turkish-cased yüklendi.
2024-10-30 16:54:09,500 - INFO - sentence-transformers/all-MiniLM-L12-v2 için temsiller önbellekten yükleniyor...
2024-10-30 16:54:09,502 - INFO - jinaai/jina-embeddings-v3 için temsiller önbellekten yükleniyor...
2024-10-30 16:54:09,504 - INFO - intfloat/multilingual-e5-large-instruct için temsiller önbellekten yükleniyor...
2024-10-30 16:54:09,507 - INFO - BAAI/bge-m3 için temsiller önbellekten yükleniyor...
2024-10-30 16:54:09,511 - INFO - thenlper/gte-large için temsiller önbellekten yükleniyor...
2024-10-30 16:54:09,514 - INFO - nomic-ai/nomic-embed-text-v1 için temsiller önbellekten yükleniyor...
2024-10-30 16:54:09,516 - INFO - dbmdz/bert-base-turkish-cased için temsiller önbellekten yükleniyor...
2024-10-30 16:54:09,523 - INFO - sentence-transformers/all-MiniLM-L12-v2 için temsiller önbellekten yükleniyor...
2024-10-30 16:54:09,525 - INFO - jinaai/jina-embeddings-v3 için temsiller önbellekten yükleniyor...
2024-10-30 16:54:09,527 - INFO - intfloat/multilingual-e5-large-instruct için temsiller önbellekten yükleniyor...
2024-10-30 16:54:09,529 - INFO - BAAI/bge-m3 için temsiller önbellekten yükleniyor...
2024-10-30 16:54:09,533 - INFO - thenlper/gte-large için temsiller önbellekten yükleniyor...
2024-10-30 16:54:09,535 - INFO - nomic-ai/nomic-embed-text-v1 için temsiller önbellekten yükleniyor...
2024-10-30 16:54:09,538 - INFO - dbmdz/bert-base-turkish-cased için temsiller önbellekten yükleniyor...
2024-10-30 16:54:10,180 - INFO - sentence-transformers/all-MiniLM-L12-v2 - Top 1 Başarı: 100.00%, Top 5 Başarı: 100.00%
2024-10-30 16:54:10,725 - INFO - jinaai/jina-embeddings-v3 - Top 1 Başarı: 100.00%, Top 5 Başarı: 100.00%
2024-10-30 16:54:11,183 - INFO - intfloat/multilingual-e5-large-instruct - Top 1 Başarı: 100.00%, Top 5 Başarı: 100.00%
2024-10-30 16:54:11,610 - INFO - BAAI/bge-m3 - Top 1 Başarı: 100.00%, Top 5 Başarı: 100.00%
2024-10-30 16:54:12,015 - INFO - thenlper/gte-large - Top 1 Başarı: 100.00%, Top 5 Başarı: 100.00%
2024-10-30 16:54:12,381 - INFO - nomic-ai/nomic-embed-text-v1 - Top 1 Başarı: 100.00%, Top 5 Başarı: 100.00%
2024-10-30 16:54:12,794 - INFO - dbmdz/bert-base-turkish-cased - Top 1 Başarı: 100.00%, Top 5 Başarı: 100.00%
2024-10-30 16:54:12,794 - INFO - sentence-transformers/all-MiniLM-L12-v2 için TSNE uygulanıyor...
2024-10-30 16:54:16,653 - INFO - sentence-transformers/all-MiniLM-L12-v2 için TSNE görselleştirmesi tamamlandı.
2024-10-30 16:54:16,653 - INFO - jinaai/jina-embeddings-v3 için TSNE uygulanıyor...
