2024-10-31 15:41:01,744 - INFO - Reading CSV file...
2024-10-31 15:41:01,755 - INFO - CSV file successfully read.
2024-10-31 15:41:02,122 - INFO - Using device: cuda
2024-10-31 15:41:02,122 - INFO - Processing model: dbmdz/bert-base-turkish-cased
2024-10-31 15:41:06,755 - INFO - Getting embeddings for dbmdz/bert-base-turkish-cased...
2024-10-31 15:41:15,362 - INFO - Embeddings for dbmdz/bert-base-turkish-cased obtained.
2024-10-31 15:41:16,823 - INFO - Getting embeddings for dbmdz/bert-base-turkish-cased...
2024-10-31 15:41:25,561 - INFO - Embeddings for dbmdz/bert-base-turkish-cased obtained.
2024-10-31 15:41:26,860 - INFO - Getting embeddings for dbmdz/bert-base-turkish-cased...
2024-10-31 15:41:27,823 - INFO - Embeddings for dbmdz/bert-base-turkish-cased obtained.
2024-10-31 15:41:29,197 - INFO - Getting embeddings for dbmdz/bert-base-turkish-cased...
2024-10-31 15:41:30,175 - INFO - Embeddings for dbmdz/bert-base-turkish-cased obtained.
2024-10-31 15:41:33,089 - INFO - Getting embeddings for dbmdz/bert-base-turkish-cased...
2024-10-31 15:41:34,215 - INFO - Embeddings for dbmdz/bert-base-turkish-cased obtained.
2024-10-31 15:41:36,013 - INFO - Getting embeddings for dbmdz/bert-base-turkish-cased...
2024-10-31 15:41:37,098 - INFO - Embeddings for dbmdz/bert-base-turkish-cased obtained.
2024-10-31 15:41:37,905 - INFO - dbmdz/bert-base-turkish-cased - Training Top 1 Accuracy: 29.88%
2024-10-31 15:41:37,905 - INFO - dbmdz/bert-base-turkish-cased - Training Top 5 Accuracy: 45.62%
2024-10-31 15:41:37,916 - INFO - dbmdz/bert-base-turkish-cased - Validation Top 1 Accuracy: 40.00%
2024-10-31 15:41:37,916 - INFO - dbmdz/bert-base-turkish-cased - Validation Top 5 Accuracy: 54.00%
2024-10-31 15:41:37,925 - INFO - dbmdz/bert-base-turkish-cased - Test Top 1 Accuracy: 49.00%
2024-10-31 15:41:37,926 - INFO - dbmdz/bert-base-turkish-cased - Test Top 5 Accuracy: 62.00%
2024-10-31 15:41:37,926 - INFO - Applying TSNE for dbmdz/bert-base-turkish-cased...
2024-10-31 15:41:42,583 - INFO - TSNE visualization completed for dbmdz/bert-base-turkish-cased.
