2024-11-01 20:58:58,182 - INFO - Reading CSV file...
2024-11-01 20:58:58,194 - INFO - CSV file successfully read.
2024-11-01 20:58:58,676 - INFO - Using device: cuda
2024-11-01 20:58:58,677 - INFO - Training model: dbmdz/bert-base-turkish-cased
2024-11-01 20:59:02,850 - INFO - Epoch 1/1
2024-11-01 20:59:04,367 - INFO - Getting embeddings for dbmdz/bert-base-turkish-cased...
2024-11-01 20:59:05,815 - INFO - Embeddings for dbmdz/bert-base-turkish-cased obtained.
2024-11-01 20:59:07,228 - INFO - Getting embeddings for dbmdz/bert-base-turkish-cased...
2024-11-01 20:59:08,714 - INFO - Embeddings for dbmdz/bert-base-turkish-cased obtained.
2024-11-01 20:59:08,768 - INFO - Training Batch 1: Top 1 Accuracy: 44.67%, Top 5 Accuracy: 73.33%
2024-11-01 20:59:10,178 - INFO - Getting embeddings for dbmdz/bert-base-turkish-cased...
2024-11-01 20:59:11,771 - INFO - Embeddings for dbmdz/bert-base-turkish-cased obtained.
2024-11-01 20:59:13,154 - INFO - Getting embeddings for dbmdz/bert-base-turkish-cased...
2024-11-01 20:59:14,781 - INFO - Embeddings for dbmdz/bert-base-turkish-cased obtained.
2024-11-01 20:59:14,810 - INFO - Training Batch 2: Top 1 Accuracy: 40.67%, Top 5 Accuracy: 74.67%
2024-11-01 20:59:16,233 - INFO - Getting embeddings for dbmdz/bert-base-turkish-cased...
2024-11-01 20:59:17,726 - INFO - Embeddings for dbmdz/bert-base-turkish-cased obtained.
2024-11-01 20:59:19,867 - INFO - Getting embeddings for dbmdz/bert-base-turkish-cased...
2024-11-01 20:59:21,543 - INFO - Embeddings for dbmdz/bert-base-turkish-cased obtained.
2024-11-01 20:59:21,588 - INFO - Training Batch 3: Top 1 Accuracy: 44.00%, Top 5 Accuracy: 75.33%
2024-11-01 20:59:22,920 - INFO - Getting embeddings for dbmdz/bert-base-turkish-cased...
2024-11-01 20:59:24,263 - INFO - Embeddings for dbmdz/bert-base-turkish-cased obtained.
2024-11-01 20:59:25,589 - INFO - Getting embeddings for dbmdz/bert-base-turkish-cased...
2024-11-01 20:59:27,117 - INFO - Embeddings for dbmdz/bert-base-turkish-cased obtained.
2024-11-01 20:59:27,155 - INFO - Training Batch 4: Top 1 Accuracy: 46.67%, Top 5 Accuracy: 74.00%
2024-11-01 20:59:28,564 - INFO - Getting embeddings for dbmdz/bert-base-turkish-cased...
2024-11-01 20:59:29,607 - INFO - Embeddings for dbmdz/bert-base-turkish-cased obtained.
2024-11-01 20:59:31,033 - INFO - Getting embeddings for dbmdz/bert-base-turkish-cased...
2024-11-01 20:59:32,230 - INFO - Embeddings for dbmdz/bert-base-turkish-cased obtained.
2024-11-01 20:59:32,246 - INFO - Training Batch 5: Top 1 Accuracy: 45.00%, Top 5 Accuracy: 81.00%
2024-11-01 20:59:32,261 - INFO - Validating model...
2024-11-01 20:59:33,645 - INFO - Getting embeddings for dbmdz/bert-base-turkish-cased...
2024-11-01 20:59:35,295 - INFO - Embeddings for dbmdz/bert-base-turkish-cased obtained.
2024-11-01 20:59:36,708 - INFO - Getting embeddings for dbmdz/bert-base-turkish-cased...
2024-11-01 20:59:38,286 - INFO - Embeddings for dbmdz/bert-base-turkish-cased obtained.
2024-11-01 20:59:38,305 - INFO - Validation: Top 1 Accuracy: 40.67%, Top 5 Accuracy: 76.00%
2024-11-01 20:59:38,319 - INFO - Testing model...
2024-11-01 20:59:39,664 - INFO - Getting embeddings for dbmdz/bert-base-turkish-cased...
2024-11-01 20:59:41,176 - INFO - Embeddings for dbmdz/bert-base-turkish-cased obtained.
2024-11-01 20:59:42,609 - INFO - Getting embeddings for dbmdz/bert-base-turkish-cased...
2024-11-01 20:59:44,186 - INFO - Embeddings for dbmdz/bert-base-turkish-cased obtained.
2024-11-01 20:59:44,216 - INFO - Test Results: Top 1 Accuracy: 44.67%, Top 5 Accuracy: 74.67%
