2024-10-31 20:40:38,260 - INFO - Reading CSV file...
2024-10-31 20:40:38,272 - INFO - CSV file successfully read.
2024-10-31 20:40:39,608 - INFO - Using device: cuda
2024-10-31 20:40:39,609 - INFO - Processing model: dbmdz/bert-base-turkish-cased
2024-10-31 20:40:43,750 - INFO - Starting epoch 1/1 for dbmdz/bert-base-turkish-cased...
2024-10-31 20:40:45,193 - INFO - Getting embeddings for dbmdz/bert-base-turkish-cased...
2024-10-31 20:40:46,905 - INFO - Embeddings for dbmdz/bert-base-turkish-cased obtained.
2024-10-31 20:40:48,371 - INFO - Getting embeddings for dbmdz/bert-base-turkish-cased...
2024-10-31 20:40:50,084 - INFO - Embeddings for dbmdz/bert-base-turkish-cased obtained.
2024-10-31 20:40:50,098 - INFO - dbmdz/bert-base-turkish-cased - Epoch 1, Batch 1: Training Top 1 Accuracy: 39.33%
2024-10-31 20:40:50,098 - INFO - dbmdz/bert-base-turkish-cased - Epoch 1, Batch 1: Training Top 5 Accuracy: 58.00%
2024-10-31 20:40:51,560 - INFO - Getting embeddings for dbmdz/bert-base-turkish-cased...
2024-10-31 20:40:53,408 - INFO - Embeddings for dbmdz/bert-base-turkish-cased obtained.
2024-10-31 20:40:54,821 - INFO - Getting embeddings for dbmdz/bert-base-turkish-cased...
2024-10-31 20:40:56,563 - INFO - Embeddings for dbmdz/bert-base-turkish-cased obtained.
2024-10-31 20:40:56,574 - INFO - dbmdz/bert-base-turkish-cased - Epoch 1, Batch 2: Training Top 1 Accuracy: 44.00%
2024-10-31 20:40:56,574 - INFO - dbmdz/bert-base-turkish-cased - Epoch 1, Batch 2: Training Top 5 Accuracy: 65.33%
2024-10-31 20:40:57,955 - INFO - Getting embeddings for dbmdz/bert-base-turkish-cased...
2024-10-31 20:40:59,445 - INFO - Embeddings for dbmdz/bert-base-turkish-cased obtained.
2024-10-31 20:41:01,096 - INFO - Getting embeddings for dbmdz/bert-base-turkish-cased...
2024-10-31 20:41:03,055 - INFO - Embeddings for dbmdz/bert-base-turkish-cased obtained.
2024-10-31 20:41:03,066 - INFO - dbmdz/bert-base-turkish-cased - Epoch 1, Batch 3: Training Top 1 Accuracy: 46.67%
2024-10-31 20:41:03,066 - INFO - dbmdz/bert-base-turkish-cased - Epoch 1, Batch 3: Training Top 5 Accuracy: 70.00%
2024-10-31 20:41:04,483 - INFO - Getting embeddings for dbmdz/bert-base-turkish-cased...
2024-10-31 20:41:06,102 - INFO - Embeddings for dbmdz/bert-base-turkish-cased obtained.
2024-10-31 20:41:07,536 - INFO - Getting embeddings for dbmdz/bert-base-turkish-cased...
2024-10-31 20:41:09,166 - INFO - Embeddings for dbmdz/bert-base-turkish-cased obtained.
2024-10-31 20:41:09,176 - INFO - dbmdz/bert-base-turkish-cased - Epoch 1, Batch 4: Training Top 1 Accuracy: 43.33%
2024-10-31 20:41:09,177 - INFO - dbmdz/bert-base-turkish-cased - Epoch 1, Batch 4: Training Top 5 Accuracy: 58.67%
2024-10-31 20:41:10,575 - INFO - Getting embeddings for dbmdz/bert-base-turkish-cased...
2024-10-31 20:41:12,183 - INFO - Embeddings for dbmdz/bert-base-turkish-cased obtained.
2024-10-31 20:41:13,626 - INFO - Getting embeddings for dbmdz/bert-base-turkish-cased...
2024-10-31 20:41:15,276 - INFO - Embeddings for dbmdz/bert-base-turkish-cased obtained.
2024-10-31 20:41:15,288 - INFO - dbmdz/bert-base-turkish-cased - Epoch 1, Batch 5: Training Top 1 Accuracy: 33.33%
2024-10-31 20:41:15,288 - INFO - dbmdz/bert-base-turkish-cased - Epoch 1, Batch 5: Training Top 5 Accuracy: 52.67%
2024-10-31 20:41:16,758 - INFO - Getting embeddings for dbmdz/bert-base-turkish-cased...
2024-10-31 20:41:17,379 - INFO - Embeddings for dbmdz/bert-base-turkish-cased obtained.
2024-10-31 20:41:18,737 - INFO - Getting embeddings for dbmdz/bert-base-turkish-cased...
2024-10-31 20:41:19,300 - INFO - Embeddings for dbmdz/bert-base-turkish-cased obtained.
2024-10-31 20:41:19,308 - INFO - dbmdz/bert-base-turkish-cased - Epoch 1, Batch 6: Training Top 1 Accuracy: 52.00%
2024-10-31 20:41:19,309 - INFO - dbmdz/bert-base-turkish-cased - Epoch 1, Batch 6: Training Top 5 Accuracy: 74.00%
2024-10-31 20:41:21,229 - INFO - Getting embeddings for dbmdz/bert-base-turkish-cased...
2024-10-31 20:41:22,402 - INFO - Embeddings for dbmdz/bert-base-turkish-cased obtained.
2024-10-31 20:41:24,052 - INFO - Getting embeddings for dbmdz/bert-base-turkish-cased...
2024-10-31 20:41:25,120 - INFO - Embeddings for dbmdz/bert-base-turkish-cased obtained.
2024-10-31 20:41:25,137 - INFO - dbmdz/bert-base-turkish-cased - Epoch 1: Validation Top 1 Accuracy: 47.00%
2024-10-31 20:41:25,137 - INFO - dbmdz/bert-base-turkish-cased - Epoch 1: Validation Top 5 Accuracy: 59.00%
2024-10-31 20:41:25,137 - INFO - dbmdz/bert-base-turkish-cased - Epoch 1: Model improved, saving model...
2024-10-31 20:41:25,137 - INFO - Evaluating model on test set: dbmdz/bert-base-turkish-cased
2024-10-31 20:41:27,026 - INFO - Getting embeddings for dbmdz/bert-base-turkish-cased...
2024-10-31 20:41:28,278 - INFO - Embeddings for dbmdz/bert-base-turkish-cased obtained.
2024-10-31 20:41:29,714 - INFO - Getting embeddings for dbmdz/bert-base-turkish-cased...
2024-10-31 20:41:30,898 - INFO - Embeddings for dbmdz/bert-base-turkish-cased obtained.
2024-10-31 20:41:30,915 - INFO - dbmdz/bert-base-turkish-cased - Test Top 1 Accuracy: 52.00%
2024-10-31 20:41:30,915 - INFO - dbmdz/bert-base-turkish-cased - Test Top 5 Accuracy: 65.00%
