2024-10-31 15:01:16,025 - INFO - Reading CSV file...
2024-10-31 15:01:16,038 - INFO - CSV file successfully read.
2024-10-31 15:01:16,446 - INFO - Using device: cuda
2024-10-31 15:01:16,446 - INFO - Processing model: dbmdz/bert-base-turkish-cased
2024-10-31 15:01:20,493 - INFO - Getting embeddings for dbmdz/bert-base-turkish-cased...
2024-10-31 15:01:29,245 - INFO - Embeddings for dbmdz/bert-base-turkish-cased obtained.
2024-10-31 15:01:30,707 - INFO - Getting embeddings for dbmdz/bert-base-turkish-cased...
2024-10-31 15:01:39,699 - INFO - Embeddings for dbmdz/bert-base-turkish-cased obtained.
2024-10-31 15:01:41,128 - INFO - Getting embeddings for dbmdz/bert-base-turkish-cased...
2024-10-31 15:01:42,071 - INFO - Embeddings for dbmdz/bert-base-turkish-cased obtained.
2024-10-31 15:01:43,392 - INFO - Getting embeddings for dbmdz/bert-base-turkish-cased...
2024-10-31 15:01:44,362 - INFO - Embeddings for dbmdz/bert-base-turkish-cased obtained.
2024-10-31 15:01:45,626 - INFO - Getting embeddings for dbmdz/bert-base-turkish-cased...
2024-10-31 15:01:46,836 - INFO - Embeddings for dbmdz/bert-base-turkish-cased obtained.
2024-10-31 15:01:48,200 - INFO - Getting embeddings for dbmdz/bert-base-turkish-cased...
2024-10-31 15:01:49,226 - INFO - Embeddings for dbmdz/bert-base-turkish-cased obtained.
2024-10-31 15:01:50,073 - INFO - dbmdz/bert-base-turkish-cased - Training Top 1 Accuracy: 29.88%
2024-10-31 15:01:50,073 - INFO - dbmdz/bert-base-turkish-cased - Training Top 5 Accuracy: 45.62%
2024-10-31 15:01:50,084 - INFO - dbmdz/bert-base-turkish-cased - Validation Top 1 Accuracy: 40.00%
2024-10-31 15:01:50,085 - INFO - dbmdz/bert-base-turkish-cased - Validation Top 5 Accuracy: 54.00%
2024-10-31 15:01:50,096 - INFO - dbmdz/bert-base-turkish-cased - Test Top 1 Accuracy: 49.00%
2024-10-31 15:01:50,096 - INFO - dbmdz/bert-base-turkish-cased - Test Top 5 Accuracy: 62.00%
2024-10-31 15:01:50,096 - INFO - Applying TSNE for dbmdz/bert-base-turkish-cased...
2024-10-31 15:01:59,410 - INFO - TSNE visualization completed for dbmdz/bert-base-turkish-cased.
