2024-10-30 16:48:04,252 - INFO - CSV dosyası okunuyor...
2024-10-30 16:48:04,285 - INFO - CSV dosyası başarıyla okundu.
2024-10-30 16:48:04,289 - INFO - sentence-transformers/all-MiniLM-L12-v2 yükleniyor...
2024-10-30 16:48:07,145 - INFO - sentence-transformers/all-MiniLM-L12-v2 yüklendi.
2024-10-30 16:48:07,146 - INFO - jinaai/jina-embeddings-v3 yükleniyor...
2024-10-30 16:48:09,576 - WARNING - flash_attn is not installed. Using PyTorch native attention implementation.
2024-10-30 16:48:09,577 - WARNING - flash_attn is not installed. Using PyTorch native attention implementation.
2024-10-30 16:48:09,583 - WARNING - flash_attn is not installed. Using PyTorch native attention implementation.
2024-10-30 16:48:09,584 - WARNING - flash_attn is not installed. Using PyTorch native attention implementation.
2024-10-30 16:48:09,586 - WARNING - flash_attn is not installed. Using PyTorch native attention implementation.
2024-10-30 16:48:09,588 - WARNING - flash_attn is not installed. Using PyTorch native attention implementation.
2024-10-30 16:48:09,590 - WARNING - flash_attn is not installed. Using PyTorch native attention implementation.
2024-10-30 16:48:09,591 - WARNING - flash_attn is not installed. Using PyTorch native attention implementation.
2024-10-30 16:48:09,593 - WARNING - flash_attn is not installed. Using PyTorch native attention implementation.
2024-10-30 16:48:09,594 - WARNING - flash_attn is not installed. Using PyTorch native attention implementation.
2024-10-30 16:48:09,596 - WARNING - flash_attn is not installed. Using PyTorch native attention implementation.
2024-10-30 16:48:09,597 - WARNING - flash_attn is not installed. Using PyTorch native attention implementation.
2024-10-30 16:48:09,598 - WARNING - flash_attn is not installed. Using PyTorch native attention implementation.
2024-10-30 16:48:09,600 - WARNING - flash_attn is not installed. Using PyTorch native attention implementation.
2024-10-30 16:48:09,601 - WARNING - flash_attn is not installed. Using PyTorch native attention implementation.
2024-10-30 16:48:09,603 - WARNING - flash_attn is not installed. Using PyTorch native attention implementation.
2024-10-30 16:48:09,604 - WARNING - flash_attn is not installed. Using PyTorch native attention implementation.
2024-10-30 16:48:09,607 - WARNING - flash_attn is not installed. Using PyTorch native attention implementation.
2024-10-30 16:48:09,609 - WARNING - flash_attn is not installed. Using PyTorch native attention implementation.
2024-10-30 16:48:09,610 - WARNING - flash_attn is not installed. Using PyTorch native attention implementation.
2024-10-30 16:48:09,612 - WARNING - flash_attn is not installed. Using PyTorch native attention implementation.
2024-10-30 16:48:09,613 - WARNING - flash_attn is not installed. Using PyTorch native attention implementation.
2024-10-30 16:48:09,615 - WARNING - flash_attn is not installed. Using PyTorch native attention implementation.
2024-10-30 16:48:09,616 - WARNING - flash_attn is not installed. Using PyTorch native attention implementation.
2024-10-30 16:48:09,617 - WARNING - flash_attn is not installed. Using PyTorch native attention implementation.
2024-10-30 16:48:12,043 - INFO - jinaai/jina-embeddings-v3 yüklendi.
2024-10-30 16:48:12,044 - INFO - intfloat/multilingual-e5-large-instruct yükleniyor...
2024-10-30 16:48:15,453 - INFO - intfloat/multilingual-e5-large-instruct yüklendi.
2024-10-30 16:48:15,453 - INFO - BAAI/bge-m3 yükleniyor...
2024-10-30 16:48:20,713 - INFO - BAAI/bge-m3 yüklendi.
2024-10-30 16:48:20,713 - INFO - thenlper/gte-large yükleniyor...
2024-10-30 16:48:22,998 - INFO - thenlper/gte-large yüklendi.
2024-10-30 16:48:22,998 - INFO - nomic-ai/nomic-embed-text-v1 yükleniyor...
2024-10-30 16:48:26,618 - WARNING - <All keys matched successfully>
2024-10-30 16:48:27,011 - INFO - nomic-ai/nomic-embed-text-v1 yüklendi.
2024-10-30 16:48:27,011 - INFO - dbmdz/bert-base-turkish-cased yükleniyor...
2024-10-30 16:48:28,719 - INFO - dbmdz/bert-base-turkish-cased yüklendi.
2024-10-30 16:48:28,719 - INFO - sentence-transformers/all-MiniLM-L12-v2 için temsiller alınıyor...
2024-10-30 16:48:39,304 - INFO - sentence-transformers/all-MiniLM-L12-v2 için temsiller alındı ve önbelleğe kaydedildi.
2024-10-30 16:48:39,306 - INFO - jinaai/jina-embeddings-v3 için temsiller alınıyor...
2024-10-30 16:49:21,431 - INFO - jinaai/jina-embeddings-v3 için temsiller alındı ve önbelleğe kaydedildi.
2024-10-30 16:49:21,432 - INFO - intfloat/multilingual-e5-large-instruct için temsiller alınıyor...
2024-10-30 16:49:40,888 - INFO - intfloat/multilingual-e5-large-instruct için temsiller alındı ve önbelleğe kaydedildi.
2024-10-30 16:49:40,890 - INFO - BAAI/bge-m3 için temsiller alınıyor...
2024-10-30 16:49:58,460 - INFO - BAAI/bge-m3 için temsiller alındı ve önbelleğe kaydedildi.
2024-10-30 16:49:58,462 - INFO - thenlper/gte-large için temsiller alınıyor...
2024-10-30 16:50:16,729 - INFO - thenlper/gte-large için temsiller alındı ve önbelleğe kaydedildi.
2024-10-30 16:50:16,731 - INFO - nomic-ai/nomic-embed-text-v1 için temsiller alınıyor...
2024-10-30 16:50:33,049 - INFO - nomic-ai/nomic-embed-text-v1 için temsiller alındı ve önbelleğe kaydedildi.
2024-10-30 16:50:33,051 - INFO - dbmdz/bert-base-turkish-cased için temsiller alınıyor...
2024-10-30 16:50:43,171 - INFO - dbmdz/bert-base-turkish-cased için temsiller alındı ve önbelleğe kaydedildi.
2024-10-30 16:50:43,173 - INFO - sentence-transformers/all-MiniLM-L12-v2 için temsiller önbellekten yükleniyor...
2024-10-30 16:50:43,175 - INFO - jinaai/jina-embeddings-v3 için temsiller önbellekten yükleniyor...
2024-10-30 16:50:43,177 - INFO - intfloat/multilingual-e5-large-instruct için temsiller önbellekten yükleniyor...
2024-10-30 16:50:43,179 - INFO - BAAI/bge-m3 için temsiller önbellekten yükleniyor...
2024-10-30 16:50:43,181 - INFO - thenlper/gte-large için temsiller önbellekten yükleniyor...
2024-10-30 16:50:43,184 - INFO - nomic-ai/nomic-embed-text-v1 için temsiller önbellekten yükleniyor...
2024-10-30 16:50:43,186 - INFO - dbmdz/bert-base-turkish-cased için temsiller önbellekten yükleniyor...
