2024-10-31 20:33:34,652 - INFO - Reading CSV file...
2024-10-31 20:33:34,663 - INFO - CSV file successfully read.
2024-10-31 20:33:35,901 - INFO - Using device: cuda
2024-10-31 20:33:35,902 - INFO - Processing model: dbmdz/bert-base-turkish-cased
2024-10-31 20:33:39,935 - INFO - Starting epoch 1/3 for dbmdz/bert-base-turkish-cased...
2024-10-31 20:33:41,354 - INFO - Getting embeddings for dbmdz/bert-base-turkish-cased...
2024-10-31 20:33:43,211 - INFO - Embeddings for dbmdz/bert-base-turkish-cased obtained.
2024-10-31 20:33:44,634 - INFO - Getting embeddings for dbmdz/bert-base-turkish-cased...
2024-10-31 20:33:46,462 - INFO - Embeddings for dbmdz/bert-base-turkish-cased obtained.
2024-10-31 20:33:46,477 - INFO - dbmdz/bert-base-turkish-cased - Epoch 1, Batch 1: Training Top 1 Accuracy: 40.00%
2024-10-31 20:33:46,478 - INFO - dbmdz/bert-base-turkish-cased - Epoch 1, Batch 1: Training Top 5 Accuracy: 58.67%
2024-10-31 20:33:47,804 - INFO - Getting embeddings for dbmdz/bert-base-turkish-cased...
2024-10-31 20:33:49,575 - INFO - Embeddings for dbmdz/bert-base-turkish-cased obtained.
2024-10-31 20:33:50,938 - INFO - Getting embeddings for dbmdz/bert-base-turkish-cased...
2024-10-31 20:33:52,747 - INFO - Embeddings for dbmdz/bert-base-turkish-cased obtained.
2024-10-31 20:33:52,796 - INFO - dbmdz/bert-base-turkish-cased - Epoch 1, Batch 2: Training Top 1 Accuracy: 41.33%
2024-10-31 20:33:52,796 - INFO - dbmdz/bert-base-turkish-cased - Epoch 1, Batch 2: Training Top 5 Accuracy: 66.00%
2024-10-31 20:33:54,199 - INFO - Getting embeddings for dbmdz/bert-base-turkish-cased...
2024-10-31 20:33:55,734 - INFO - Embeddings for dbmdz/bert-base-turkish-cased obtained.
2024-10-31 20:33:57,166 - INFO - Getting embeddings for dbmdz/bert-base-turkish-cased...
2024-10-31 20:33:58,712 - INFO - Embeddings for dbmdz/bert-base-turkish-cased obtained.
2024-10-31 20:33:58,731 - INFO - dbmdz/bert-base-turkish-cased - Epoch 1, Batch 3: Training Top 1 Accuracy: 38.00%
2024-10-31 20:33:58,732 - INFO - dbmdz/bert-base-turkish-cased - Epoch 1, Batch 3: Training Top 5 Accuracy: 58.67%
2024-10-31 20:34:00,165 - INFO - Getting embeddings for dbmdz/bert-base-turkish-cased...
2024-10-31 20:34:01,878 - INFO - Embeddings for dbmdz/bert-base-turkish-cased obtained.
2024-10-31 20:34:03,244 - INFO - Getting embeddings for dbmdz/bert-base-turkish-cased...
2024-10-31 20:34:04,932 - INFO - Embeddings for dbmdz/bert-base-turkish-cased obtained.
2024-10-31 20:34:04,954 - INFO - dbmdz/bert-base-turkish-cased - Epoch 1, Batch 4: Training Top 1 Accuracy: 43.33%
2024-10-31 20:34:04,954 - INFO - dbmdz/bert-base-turkish-cased - Epoch 1, Batch 4: Training Top 5 Accuracy: 58.00%
2024-10-31 20:34:06,570 - INFO - Getting embeddings for dbmdz/bert-base-turkish-cased...
2024-10-31 20:34:07,965 - INFO - Embeddings for dbmdz/bert-base-turkish-cased obtained.
2024-10-31 20:34:09,344 - INFO - Getting embeddings for dbmdz/bert-base-turkish-cased...
2024-10-31 20:34:11,059 - INFO - Embeddings for dbmdz/bert-base-turkish-cased obtained.
2024-10-31 20:34:11,070 - INFO - dbmdz/bert-base-turkish-cased - Epoch 1, Batch 5: Training Top 1 Accuracy: 44.00%
2024-10-31 20:34:11,071 - INFO - dbmdz/bert-base-turkish-cased - Epoch 1, Batch 5: Training Top 5 Accuracy: 60.67%
2024-10-31 20:34:12,430 - INFO - Getting embeddings for dbmdz/bert-base-turkish-cased...
2024-10-31 20:34:13,003 - INFO - Embeddings for dbmdz/bert-base-turkish-cased obtained.
2024-10-31 20:34:14,319 - INFO - Getting embeddings for dbmdz/bert-base-turkish-cased...
2024-10-31 20:34:14,805 - INFO - Embeddings for dbmdz/bert-base-turkish-cased obtained.
2024-10-31 20:34:14,813 - INFO - dbmdz/bert-base-turkish-cased - Epoch 1, Batch 6: Training Top 1 Accuracy: 54.00%
2024-10-31 20:34:14,813 - INFO - dbmdz/bert-base-turkish-cased - Epoch 1, Batch 6: Training Top 5 Accuracy: 70.00%
2024-10-31 20:34:16,353 - INFO - Getting embeddings for dbmdz/bert-base-turkish-cased...
2024-10-31 20:34:17,546 - INFO - Embeddings for dbmdz/bert-base-turkish-cased obtained.
2024-10-31 20:34:19,293 - INFO - Getting embeddings for dbmdz/bert-base-turkish-cased...
2024-10-31 20:34:20,479 - INFO - Embeddings for dbmdz/bert-base-turkish-cased obtained.
2024-10-31 20:34:20,494 - INFO - dbmdz/bert-base-turkish-cased - Epoch 1: Validation Top 1 Accuracy: 47.00%
2024-10-31 20:34:20,494 - INFO - dbmdz/bert-base-turkish-cased - Epoch 1: Validation Top 5 Accuracy: 58.00%
2024-10-31 20:34:20,494 - INFO - dbmdz/bert-base-turkish-cased - Epoch 1: Model improved, saving model...
2024-10-31 20:34:20,495 - INFO - Starting epoch 2/3 for dbmdz/bert-base-turkish-cased...
2024-10-31 20:34:21,912 - INFO - Getting embeddings for dbmdz/bert-base-turkish-cased...
2024-10-31 20:34:23,515 - INFO - Embeddings for dbmdz/bert-base-turkish-cased obtained.
2024-10-31 20:34:24,953 - INFO - Getting embeddings for dbmdz/bert-base-turkish-cased...
2024-10-31 20:34:26,898 - INFO - Embeddings for dbmdz/bert-base-turkish-cased obtained.
2024-10-31 20:34:26,909 - INFO - dbmdz/bert-base-turkish-cased - Epoch 2, Batch 1: Training Top 1 Accuracy: 40.00%
2024-10-31 20:34:26,909 - INFO - dbmdz/bert-base-turkish-cased - Epoch 2, Batch 1: Training Top 5 Accuracy: 62.67%
2024-10-31 20:34:29,089 - INFO - Getting embeddings for dbmdz/bert-base-turkish-cased...
2024-10-31 20:34:30,932 - INFO - Embeddings for dbmdz/bert-base-turkish-cased obtained.
2024-10-31 20:34:32,289 - INFO - Getting embeddings for dbmdz/bert-base-turkish-cased...
2024-10-31 20:34:33,969 - INFO - Embeddings for dbmdz/bert-base-turkish-cased obtained.
2024-10-31 20:34:33,989 - INFO - dbmdz/bert-base-turkish-cased - Epoch 2, Batch 2: Training Top 1 Accuracy: 40.00%
2024-10-31 20:34:33,990 - INFO - dbmdz/bert-base-turkish-cased - Epoch 2, Batch 2: Training Top 5 Accuracy: 60.67%
2024-10-31 20:34:35,397 - INFO - Getting embeddings for dbmdz/bert-base-turkish-cased...
2024-10-31 20:34:37,249 - INFO - Embeddings for dbmdz/bert-base-turkish-cased obtained.
2024-10-31 20:34:38,641 - INFO - Getting embeddings for dbmdz/bert-base-turkish-cased...
2024-10-31 20:34:40,573 - INFO - Embeddings for dbmdz/bert-base-turkish-cased obtained.
2024-10-31 20:34:40,583 - INFO - dbmdz/bert-base-turkish-cased - Epoch 2, Batch 3: Training Top 1 Accuracy: 43.33%
2024-10-31 20:34:40,583 - INFO - dbmdz/bert-base-turkish-cased - Epoch 2, Batch 3: Training Top 5 Accuracy: 62.67%
2024-10-31 20:34:41,975 - INFO - Getting embeddings for dbmdz/bert-base-turkish-cased...
2024-10-31 20:34:43,563 - INFO - Embeddings for dbmdz/bert-base-turkish-cased obtained.
2024-10-31 20:34:44,940 - INFO - Getting embeddings for dbmdz/bert-base-turkish-cased...
2024-10-31 20:34:46,421 - INFO - Embeddings for dbmdz/bert-base-turkish-cased obtained.
2024-10-31 20:34:46,431 - INFO - dbmdz/bert-base-turkish-cased - Epoch 2, Batch 4: Training Top 1 Accuracy: 41.33%
2024-10-31 20:34:46,432 - INFO - dbmdz/bert-base-turkish-cased - Epoch 2, Batch 4: Training Top 5 Accuracy: 58.67%
2024-10-31 20:34:47,774 - INFO - Getting embeddings for dbmdz/bert-base-turkish-cased...
2024-10-31 20:34:49,155 - INFO - Embeddings for dbmdz/bert-base-turkish-cased obtained.
2024-10-31 20:34:50,517 - INFO - Getting embeddings for dbmdz/bert-base-turkish-cased...
2024-10-31 20:34:52,203 - INFO - Embeddings for dbmdz/bert-base-turkish-cased obtained.
2024-10-31 20:34:52,221 - INFO - dbmdz/bert-base-turkish-cased - Epoch 2, Batch 5: Training Top 1 Accuracy: 46.00%
2024-10-31 20:34:52,221 - INFO - dbmdz/bert-base-turkish-cased - Epoch 2, Batch 5: Training Top 5 Accuracy: 65.33%
2024-10-31 20:34:53,674 - INFO - Getting embeddings for dbmdz/bert-base-turkish-cased...
2024-10-31 20:34:54,209 - INFO - Embeddings for dbmdz/bert-base-turkish-cased obtained.
2024-10-31 20:34:55,691 - INFO - Getting embeddings for dbmdz/bert-base-turkish-cased...
2024-10-31 20:34:56,477 - INFO - Embeddings for dbmdz/bert-base-turkish-cased obtained.
2024-10-31 20:34:56,485 - INFO - dbmdz/bert-base-turkish-cased - Epoch 2, Batch 6: Training Top 1 Accuracy: 48.00%
2024-10-31 20:34:56,485 - INFO - dbmdz/bert-base-turkish-cased - Epoch 2, Batch 6: Training Top 5 Accuracy: 60.00%
2024-10-31 20:34:57,903 - INFO - Getting embeddings for dbmdz/bert-base-turkish-cased...
2024-10-31 20:34:58,970 - INFO - Embeddings for dbmdz/bert-base-turkish-cased obtained.
2024-10-31 20:35:00,309 - INFO - Getting embeddings for dbmdz/bert-base-turkish-cased...
2024-10-31 20:35:01,391 - INFO - Embeddings for dbmdz/bert-base-turkish-cased obtained.
2024-10-31 20:35:01,406 - INFO - dbmdz/bert-base-turkish-cased - Epoch 2: Validation Top 1 Accuracy: 47.00%
2024-10-31 20:35:01,407 - INFO - dbmdz/bert-base-turkish-cased - Epoch 2: Validation Top 5 Accuracy: 58.00%
2024-10-31 20:35:01,407 - INFO - Starting epoch 3/3 for dbmdz/bert-base-turkish-cased...
2024-10-31 20:35:02,762 - INFO - Getting embeddings for dbmdz/bert-base-turkish-cased...
2024-10-31 20:35:04,180 - INFO - Embeddings for dbmdz/bert-base-turkish-cased obtained.
2024-10-31 20:35:05,517 - INFO - Getting embeddings for dbmdz/bert-base-turkish-cased...
2024-10-31 20:35:07,216 - INFO - Embeddings for dbmdz/bert-base-turkish-cased obtained.
2024-10-31 20:35:07,242 - INFO - dbmdz/bert-base-turkish-cased - Epoch 3, Batch 1: Training Top 1 Accuracy: 46.00%
2024-10-31 20:35:07,243 - INFO - dbmdz/bert-base-turkish-cased - Epoch 3, Batch 1: Training Top 5 Accuracy: 63.33%
2024-10-31 20:35:08,555 - INFO - Getting embeddings for dbmdz/bert-base-turkish-cased...
2024-10-31 20:35:10,116 - INFO - Embeddings for dbmdz/bert-base-turkish-cased obtained.
2024-10-31 20:35:11,439 - INFO - Getting embeddings for dbmdz/bert-base-turkish-cased...
2024-10-31 20:35:13,005 - INFO - Embeddings for dbmdz/bert-base-turkish-cased obtained.
2024-10-31 20:35:13,016 - INFO - dbmdz/bert-base-turkish-cased - Epoch 3, Batch 2: Training Top 1 Accuracy: 42.67%
2024-10-31 20:35:13,016 - INFO - dbmdz/bert-base-turkish-cased - Epoch 3, Batch 2: Training Top 5 Accuracy: 63.33%
2024-10-31 20:35:14,420 - INFO - Getting embeddings for dbmdz/bert-base-turkish-cased...
2024-10-31 20:35:15,967 - INFO - Embeddings for dbmdz/bert-base-turkish-cased obtained.
2024-10-31 20:35:17,357 - INFO - Getting embeddings for dbmdz/bert-base-turkish-cased...
2024-10-31 20:35:19,038 - INFO - Embeddings for dbmdz/bert-base-turkish-cased obtained.
2024-10-31 20:35:19,116 - INFO - dbmdz/bert-base-turkish-cased - Epoch 3, Batch 3: Training Top 1 Accuracy: 39.33%
2024-10-31 20:35:19,117 - INFO - dbmdz/bert-base-turkish-cased - Epoch 3, Batch 3: Training Top 5 Accuracy: 62.67%
2024-10-31 20:35:20,492 - INFO - Getting embeddings for dbmdz/bert-base-turkish-cased...
2024-10-31 20:35:22,150 - INFO - Embeddings for dbmdz/bert-base-turkish-cased obtained.
2024-10-31 20:35:23,487 - INFO - Getting embeddings for dbmdz/bert-base-turkish-cased...
2024-10-31 20:35:25,181 - INFO - Embeddings for dbmdz/bert-base-turkish-cased obtained.
2024-10-31 20:35:25,203 - INFO - dbmdz/bert-base-turkish-cased - Epoch 3, Batch 4: Training Top 1 Accuracy: 44.00%
2024-10-31 20:35:25,203 - INFO - dbmdz/bert-base-turkish-cased - Epoch 3, Batch 4: Training Top 5 Accuracy: 60.00%
2024-10-31 20:35:26,611 - INFO - Getting embeddings for dbmdz/bert-base-turkish-cased...
2024-10-31 20:35:28,273 - INFO - Embeddings for dbmdz/bert-base-turkish-cased obtained.
2024-10-31 20:35:29,631 - INFO - Getting embeddings for dbmdz/bert-base-turkish-cased...
2024-10-31 20:35:31,521 - INFO - Embeddings for dbmdz/bert-base-turkish-cased obtained.
2024-10-31 20:35:31,532 - INFO - dbmdz/bert-base-turkish-cased - Epoch 3, Batch 5: Training Top 1 Accuracy: 44.00%
2024-10-31 20:35:31,532 - INFO - dbmdz/bert-base-turkish-cased - Epoch 3, Batch 5: Training Top 5 Accuracy: 61.33%
2024-10-31 20:35:32,961 - INFO - Getting embeddings for dbmdz/bert-base-turkish-cased...
2024-10-31 20:35:33,471 - INFO - Embeddings for dbmdz/bert-base-turkish-cased obtained.
2024-10-31 20:35:34,971 - INFO - Getting embeddings for dbmdz/bert-base-turkish-cased...
2024-10-31 20:35:35,533 - INFO - Embeddings for dbmdz/bert-base-turkish-cased obtained.
2024-10-31 20:35:35,541 - INFO - dbmdz/bert-base-turkish-cased - Epoch 3, Batch 6: Training Top 1 Accuracy: 42.00%
2024-10-31 20:35:35,541 - INFO - dbmdz/bert-base-turkish-cased - Epoch 3, Batch 6: Training Top 5 Accuracy: 58.00%
2024-10-31 20:35:36,977 - INFO - Getting embeddings for dbmdz/bert-base-turkish-cased...
2024-10-31 20:35:38,124 - INFO - Embeddings for dbmdz/bert-base-turkish-cased obtained.
2024-10-31 20:35:39,602 - INFO - Getting embeddings for dbmdz/bert-base-turkish-cased...
2024-10-31 20:35:40,715 - INFO - Embeddings for dbmdz/bert-base-turkish-cased obtained.
2024-10-31 20:35:40,731 - INFO - dbmdz/bert-base-turkish-cased - Epoch 3: Validation Top 1 Accuracy: 47.00%
2024-10-31 20:35:40,731 - INFO - dbmdz/bert-base-turkish-cased - Epoch 3: Validation Top 5 Accuracy: 58.00%
2024-10-31 20:35:40,731 - INFO - dbmdz/bert-base-turkish-cased - Early stopping after 3 epochs.
2024-10-31 20:35:40,731 - INFO - Evaluating model on test set: dbmdz/bert-base-turkish-cased
2024-10-31 20:35:42,681 - INFO - Getting embeddings for dbmdz/bert-base-turkish-cased...
2024-10-31 20:35:43,843 - INFO - Embeddings for dbmdz/bert-base-turkish-cased obtained.
2024-10-31 20:35:45,272 - INFO - Getting embeddings for dbmdz/bert-base-turkish-cased...
2024-10-31 20:35:46,496 - INFO - Embeddings for dbmdz/bert-base-turkish-cased obtained.
2024-10-31 20:35:46,510 - INFO - dbmdz/bert-base-turkish-cased - Test Top 1 Accuracy: 52.00%
2024-10-31 20:35:46,510 - INFO - dbmdz/bert-base-turkish-cased - Test Top 5 Accuracy: 65.00%
