2024-10-31 19:00:20,490 - INFO - Reading CSV file...
2024-10-31 19:00:20,502 - INFO - CSV file successfully read.
2024-10-31 19:00:20,573 - INFO - Using device: cuda
2024-10-31 19:00:20,576 - INFO - Processing model: dbmdz/bert-base-turkish-cased
2024-10-31 19:00:24,834 - INFO - Starting epoch 1/1 for dbmdz/bert-base-turkish-cased...
2024-10-31 19:00:26,653 - INFO - Getting embeddings for dbmdz/bert-base-turkish-cased...
2024-10-31 19:00:31,516 - INFO - Embeddings for dbmdz/bert-base-turkish-cased obtained.
2024-10-31 19:00:33,082 - INFO - Getting embeddings for dbmdz/bert-base-turkish-cased...
2024-10-31 19:00:38,459 - INFO - Embeddings for dbmdz/bert-base-turkish-cased obtained.
2024-10-31 19:00:38,487 - INFO - dbmdz/bert-base-turkish-cased - Epoch 1, Batch 1: Training Top 1 Accuracy: 32.40%
2024-10-31 19:00:38,487 - INFO - dbmdz/bert-base-turkish-cased - Epoch 1, Batch 1: Training Top 5 Accuracy: 50.20%
2024-10-31 19:00:40,036 - INFO - Getting embeddings for dbmdz/bert-base-turkish-cased...
2024-10-31 19:00:42,857 - INFO - Embeddings for dbmdz/bert-base-turkish-cased obtained.
2024-10-31 19:00:44,430 - INFO - Getting embeddings for dbmdz/bert-base-turkish-cased...
2024-10-31 19:00:47,826 - INFO - Embeddings for dbmdz/bert-base-turkish-cased obtained.
2024-10-31 19:00:47,866 - INFO - dbmdz/bert-base-turkish-cased - Epoch 1, Batch 2: Training Top 1 Accuracy: 38.67%
2024-10-31 19:00:47,867 - INFO - dbmdz/bert-base-turkish-cased - Epoch 1, Batch 2: Training Top 5 Accuracy: 55.67%
2024-10-31 19:00:49,418 - INFO - Getting embeddings for dbmdz/bert-base-turkish-cased...
2024-10-31 19:00:50,422 - INFO - Embeddings for dbmdz/bert-base-turkish-cased obtained.
2024-10-31 19:00:51,937 - INFO - Getting embeddings for dbmdz/bert-base-turkish-cased...
2024-10-31 19:00:53,124 - INFO - Embeddings for dbmdz/bert-base-turkish-cased obtained.
2024-10-31 19:00:53,146 - INFO - dbmdz/bert-base-turkish-cased - Epoch 1: Validation Top 1 Accuracy: 40.00%
2024-10-31 19:00:53,147 - INFO - dbmdz/bert-base-turkish-cased - Epoch 1: Validation Top 5 Accuracy: 54.00%
2024-10-31 19:00:53,148 - INFO - Starting testing phase...
2024-10-31 19:00:54,953 - INFO - Getting embeddings for dbmdz/bert-base-turkish-cased...
2024-10-31 19:00:56,064 - INFO - Embeddings for dbmdz/bert-base-turkish-cased obtained.
2024-10-31 19:00:57,526 - INFO - Getting embeddings for dbmdz/bert-base-turkish-cased...
2024-10-31 19:00:58,795 - INFO - Embeddings for dbmdz/bert-base-turkish-cased obtained.
2024-10-31 19:00:58,810 - INFO - dbmdz/bert-base-turkish-cased: Test Top 1 Accuracy: 52.00%
2024-10-31 19:00:58,810 - INFO - dbmdz/bert-base-turkish-cased: Test Top 5 Accuracy: 59.00%
