2024-10-31 20:31:28,740 - INFO - Reading CSV file...
2024-10-31 20:31:28,751 - INFO - CSV file successfully read.
2024-10-31 20:31:29,928 - INFO - Using device: cuda
2024-10-31 20:31:29,929 - INFO - Processing model: dbmdz/bert-base-turkish-cased
2024-10-31 20:31:34,065 - INFO - Starting epoch 1/1 for dbmdz/bert-base-turkish-cased...
2024-10-31 20:31:35,455 - INFO - Getting embeddings for dbmdz/bert-base-turkish-cased...
2024-10-31 20:31:36,683 - INFO - Embeddings for dbmdz/bert-base-turkish-cased obtained.
2024-10-31 20:31:38,032 - INFO - Getting embeddings for dbmdz/bert-base-turkish-cased...
2024-10-31 20:31:39,199 - INFO - Embeddings for dbmdz/bert-base-turkish-cased obtained.
2024-10-31 20:31:39,211 - INFO - dbmdz/bert-base-turkish-cased - Epoch 1, Batch 1: Training Top 1 Accuracy: 40.00%
2024-10-31 20:31:39,211 - INFO - dbmdz/bert-base-turkish-cased - Epoch 1, Batch 1: Training Top 5 Accuracy: 63.00%
2024-10-31 20:31:40,590 - INFO - Getting embeddings for dbmdz/bert-base-turkish-cased...
2024-10-31 20:31:41,899 - INFO - Embeddings for dbmdz/bert-base-turkish-cased obtained.
2024-10-31 20:31:43,379 - INFO - Getting embeddings for dbmdz/bert-base-turkish-cased...
2024-10-31 20:31:44,797 - INFO - Embeddings for dbmdz/bert-base-turkish-cased obtained.
2024-10-31 20:31:44,805 - INFO - dbmdz/bert-base-turkish-cased - Epoch 1, Batch 2: Training Top 1 Accuracy: 53.00%
2024-10-31 20:31:44,806 - INFO - dbmdz/bert-base-turkish-cased - Epoch 1, Batch 2: Training Top 5 Accuracy: 70.00%
2024-10-31 20:31:46,134 - INFO - Getting embeddings for dbmdz/bert-base-turkish-cased...
2024-10-31 20:31:47,154 - INFO - Embeddings for dbmdz/bert-base-turkish-cased obtained.
2024-10-31 20:31:48,547 - INFO - Getting embeddings for dbmdz/bert-base-turkish-cased...
2024-10-31 20:31:49,835 - INFO - Embeddings for dbmdz/bert-base-turkish-cased obtained.
2024-10-31 20:31:49,843 - INFO - dbmdz/bert-base-turkish-cased - Epoch 1, Batch 3: Training Top 1 Accuracy: 55.00%
2024-10-31 20:31:49,843 - INFO - dbmdz/bert-base-turkish-cased - Epoch 1, Batch 3: Training Top 5 Accuracy: 70.00%
2024-10-31 20:31:51,256 - INFO - Getting embeddings for dbmdz/bert-base-turkish-cased...
2024-10-31 20:31:52,450 - INFO - Embeddings for dbmdz/bert-base-turkish-cased obtained.
2024-10-31 20:31:53,799 - INFO - Getting embeddings for dbmdz/bert-base-turkish-cased...
2024-10-31 20:31:54,919 - INFO - Embeddings for dbmdz/bert-base-turkish-cased obtained.
2024-10-31 20:31:54,928 - INFO - dbmdz/bert-base-turkish-cased - Epoch 1, Batch 4: Training Top 1 Accuracy: 40.00%
2024-10-31 20:31:54,928 - INFO - dbmdz/bert-base-turkish-cased - Epoch 1, Batch 4: Training Top 5 Accuracy: 66.00%
2024-10-31 20:31:56,639 - INFO - Getting embeddings for dbmdz/bert-base-turkish-cased...
2024-10-31 20:31:57,585 - INFO - Embeddings for dbmdz/bert-base-turkish-cased obtained.
2024-10-31 20:31:58,869 - INFO - Getting embeddings for dbmdz/bert-base-turkish-cased...
2024-10-31 20:31:59,932 - INFO - Embeddings for dbmdz/bert-base-turkish-cased obtained.
2024-10-31 20:31:59,941 - INFO - dbmdz/bert-base-turkish-cased - Epoch 1, Batch 5: Training Top 1 Accuracy: 47.00%
2024-10-31 20:31:59,941 - INFO - dbmdz/bert-base-turkish-cased - Epoch 1, Batch 5: Training Top 5 Accuracy: 67.00%
2024-10-31 20:32:01,321 - INFO - Getting embeddings for dbmdz/bert-base-turkish-cased...
2024-10-31 20:32:02,432 - INFO - Embeddings for dbmdz/bert-base-turkish-cased obtained.
2024-10-31 20:32:03,822 - INFO - Getting embeddings for dbmdz/bert-base-turkish-cased...
2024-10-31 20:32:05,133 - INFO - Embeddings for dbmdz/bert-base-turkish-cased obtained.
2024-10-31 20:32:05,142 - INFO - dbmdz/bert-base-turkish-cased - Epoch 1, Batch 6: Training Top 1 Accuracy: 43.00%
2024-10-31 20:32:05,142 - INFO - dbmdz/bert-base-turkish-cased - Epoch 1, Batch 6: Training Top 5 Accuracy: 64.00%
2024-10-31 20:32:06,521 - INFO - Getting embeddings for dbmdz/bert-base-turkish-cased...
2024-10-31 20:32:07,509 - INFO - Embeddings for dbmdz/bert-base-turkish-cased obtained.
2024-10-31 20:32:08,886 - INFO - Getting embeddings for dbmdz/bert-base-turkish-cased...
2024-10-31 20:32:09,909 - INFO - Embeddings for dbmdz/bert-base-turkish-cased obtained.
2024-10-31 20:32:09,919 - INFO - dbmdz/bert-base-turkish-cased - Epoch 1, Batch 7: Training Top 1 Accuracy: 44.00%
2024-10-31 20:32:09,919 - INFO - dbmdz/bert-base-turkish-cased - Epoch 1, Batch 7: Training Top 5 Accuracy: 65.00%
2024-10-31 20:32:11,441 - INFO - Getting embeddings for dbmdz/bert-base-turkish-cased...
2024-10-31 20:32:12,429 - INFO - Embeddings for dbmdz/bert-base-turkish-cased obtained.
2024-10-31 20:32:14,087 - INFO - Getting embeddings for dbmdz/bert-base-turkish-cased...
2024-10-31 20:32:15,430 - INFO - Embeddings for dbmdz/bert-base-turkish-cased obtained.
2024-10-31 20:32:15,441 - INFO - dbmdz/bert-base-turkish-cased - Epoch 1, Batch 8: Training Top 1 Accuracy: 32.00%
2024-10-31 20:32:15,442 - INFO - dbmdz/bert-base-turkish-cased - Epoch 1, Batch 8: Training Top 5 Accuracy: 57.00%
2024-10-31 20:32:16,834 - INFO - Getting embeddings for dbmdz/bert-base-turkish-cased...
2024-10-31 20:32:17,750 - INFO - Embeddings for dbmdz/bert-base-turkish-cased obtained.
2024-10-31 20:32:19,047 - INFO - Getting embeddings for dbmdz/bert-base-turkish-cased...
2024-10-31 20:32:20,030 - INFO - Embeddings for dbmdz/bert-base-turkish-cased obtained.
2024-10-31 20:32:20,046 - INFO - dbmdz/bert-base-turkish-cased - Epoch 1: Validation Top 1 Accuracy: 47.00%
2024-10-31 20:32:20,047 - INFO - dbmdz/bert-base-turkish-cased - Epoch 1: Validation Top 5 Accuracy: 59.00%
2024-10-31 20:32:20,047 - ERROR - Error processing model dbmdz/bert-base-turkish-cased: only integer scalar arrays can be converted to a scalar index
