2024-10-31 15:37:55,594 - INFO - Reading CSV file...
2024-10-31 15:37:55,605 - INFO - CSV file successfully read.
2024-10-31 15:37:56,112 - INFO - Using device: cuda
2024-10-31 15:37:56,113 - INFO - Starting model processing...
2024-10-31 15:37:56,113 - INFO - Processing model: dbmdz/bert-base-turkish-cased
2024-10-31 15:38:00,200 - INFO - Getting embeddings for dbmdz/bert-base-turkish-cased...
2024-10-31 15:38:01,590 - INFO - Embeddings for dbmdz/bert-base-turkish-cased obtained.
2024-10-31 15:38:03,154 - INFO - Getting embeddings for dbmdz/bert-base-turkish-cased...
2024-10-31 15:38:07,597 - INFO - Embeddings for dbmdz/bert-base-turkish-cased obtained.
2024-10-31 15:38:09,103 - INFO - Getting embeddings for dbmdz/bert-base-turkish-cased...
2024-10-31 15:38:09,283 - INFO - Embeddings for dbmdz/bert-base-turkish-cased obtained.
2024-10-31 15:38:10,609 - INFO - Getting embeddings for dbmdz/bert-base-turkish-cased...
2024-10-31 15:38:11,400 - INFO - Embeddings for dbmdz/bert-base-turkish-cased obtained.
2024-10-31 15:38:12,876 - INFO - Getting embeddings for dbmdz/bert-base-turkish-cased...
2024-10-31 15:38:13,033 - INFO - Embeddings for dbmdz/bert-base-turkish-cased obtained.
2024-10-31 15:38:14,316 - INFO - Getting embeddings for dbmdz/bert-base-turkish-cased...
2024-10-31 15:38:14,828 - INFO - Embeddings for dbmdz/bert-base-turkish-cased obtained.
2024-10-31 15:38:15,543 - INFO - dbmdz/bert-base-turkish-cased - Training Top 1 Accuracy: 21.00%
2024-10-31 15:38:15,543 - INFO - dbmdz/bert-base-turkish-cased - Training Top 5 Accuracy: 34.75%
2024-10-31 15:38:15,552 - INFO - dbmdz/bert-base-turkish-cased - Validation Top 1 Accuracy: 39.00%
2024-10-31 15:38:15,552 - INFO - dbmdz/bert-base-turkish-cased - Validation Top 5 Accuracy: 58.00%
2024-10-31 15:38:15,561 - INFO - dbmdz/bert-base-turkish-cased - Test Top 1 Accuracy: 29.00%
2024-10-31 15:38:15,561 - INFO - dbmdz/bert-base-turkish-cased - Test Top 5 Accuracy: 47.00%
2024-10-31 15:38:15,562 - INFO - Applying TSNE for dbmdz/bert-base-turkish-cased...
2024-10-31 15:38:20,224 - INFO - TSNE visualization saved for dbmdz/bert-base-turkish-cased.
2024-10-31 15:38:20,224 - INFO - All models processed successfully.
