2024-11-01 21:13:44,387 - INFO - Reading CSV file...
2024-11-01 21:13:44,399 - INFO - CSV file successfully read.
2024-11-01 21:13:44,855 - INFO - Using device: cuda
2024-11-01 21:13:44,855 - INFO - Training model: dbmdz/bert-base-turkish-cased
2024-11-01 21:13:48,553 - INFO - Epoch 1/1
2024-11-01 21:13:49,613 - INFO - Getting embeddings for dbmdz/bert-base-turkish-cased...
2024-11-01 21:13:51,027 - INFO - Embeddings for dbmdz/bert-base-turkish-cased obtained.
2024-11-01 21:13:51,996 - INFO - Getting embeddings for dbmdz/bert-base-turkish-cased...
2024-11-01 21:13:53,472 - INFO - Embeddings for dbmdz/bert-base-turkish-cased obtained.
2024-11-01 21:13:53,530 - INFO - Training Batch 1: Top 1 Accuracy: 45.33%, Top 5 Accuracy: 77.33%
2024-11-01 21:13:54,512 - INFO - Getting embeddings for dbmdz/bert-base-turkish-cased...
2024-11-01 21:13:55,929 - INFO - Embeddings for dbmdz/bert-base-turkish-cased obtained.
2024-11-01 21:13:56,950 - INFO - Getting embeddings for dbmdz/bert-base-turkish-cased...
2024-11-01 21:13:58,536 - INFO - Embeddings for dbmdz/bert-base-turkish-cased obtained.
2024-11-01 21:13:58,573 - INFO - Training Batch 2: Top 1 Accuracy: 45.33%, Top 5 Accuracy: 80.67%
2024-11-01 21:13:59,595 - INFO - Getting embeddings for dbmdz/bert-base-turkish-cased...
2024-11-01 21:14:01,014 - INFO - Embeddings for dbmdz/bert-base-turkish-cased obtained.
2024-11-01 21:14:02,100 - INFO - Getting embeddings for dbmdz/bert-base-turkish-cased...
2024-11-01 21:14:03,738 - INFO - Embeddings for dbmdz/bert-base-turkish-cased obtained.
2024-11-01 21:14:03,796 - INFO - Training Batch 3: Top 1 Accuracy: 38.67%, Top 5 Accuracy: 74.67%
2024-11-01 21:14:04,776 - INFO - Getting embeddings for dbmdz/bert-base-turkish-cased...
2024-11-01 21:14:06,137 - INFO - Embeddings for dbmdz/bert-base-turkish-cased obtained.
2024-11-01 21:14:07,264 - INFO - Getting embeddings for dbmdz/bert-base-turkish-cased...
2024-11-01 21:14:08,824 - INFO - Embeddings for dbmdz/bert-base-turkish-cased obtained.
2024-11-01 21:14:08,859 - INFO - Training Batch 4: Top 1 Accuracy: 48.67%, Top 5 Accuracy: 76.67%
2024-11-01 21:14:09,876 - INFO - Getting embeddings for dbmdz/bert-base-turkish-cased...
2024-11-01 21:14:11,234 - INFO - Embeddings for dbmdz/bert-base-turkish-cased obtained.
2024-11-01 21:14:12,516 - INFO - Getting embeddings for dbmdz/bert-base-turkish-cased...
2024-11-01 21:14:14,096 - INFO - Embeddings for dbmdz/bert-base-turkish-cased obtained.
2024-11-01 21:14:14,127 - INFO - Training Batch 5: Top 1 Accuracy: 44.00%, Top 5 Accuracy: 77.33%
2024-11-01 21:14:15,137 - INFO - Getting embeddings for dbmdz/bert-base-turkish-cased...
2024-11-01 21:14:15,591 - INFO - Embeddings for dbmdz/bert-base-turkish-cased obtained.
2024-11-01 21:14:16,625 - INFO - Getting embeddings for dbmdz/bert-base-turkish-cased...
2024-11-01 21:14:17,254 - INFO - Embeddings for dbmdz/bert-base-turkish-cased obtained.
2024-11-01 21:14:17,266 - INFO - Training Batch 6: Top 1 Accuracy: 42.00%, Top 5 Accuracy: 84.00%
2024-11-01 21:14:17,268 - INFO - Validating model...
2024-11-01 21:14:18,324 - INFO - Getting embeddings for dbmdz/bert-base-turkish-cased...
2024-11-01 21:14:19,410 - INFO - Embeddings for dbmdz/bert-base-turkish-cased obtained.
2024-11-01 21:14:20,486 - INFO - Getting embeddings for dbmdz/bert-base-turkish-cased...
2024-11-01 21:14:21,416 - INFO - Embeddings for dbmdz/bert-base-turkish-cased obtained.
2024-11-01 21:14:21,430 - INFO - Validation: Top 1 Accuracy: 40.00%, Top 5 Accuracy: 71.00%
2024-11-01 21:14:21,437 - INFO - Testing model...
2024-11-01 21:14:22,491 - INFO - Getting embeddings for dbmdz/bert-base-turkish-cased...
2024-11-01 21:14:23,416 - INFO - Embeddings for dbmdz/bert-base-turkish-cased obtained.
2024-11-01 21:14:24,309 - INFO - Getting embeddings for dbmdz/bert-base-turkish-cased...
2024-11-01 21:14:25,275 - INFO - Embeddings for dbmdz/bert-base-turkish-cased obtained.
2024-11-01 21:14:25,288 - INFO - Test Results: Top 1 Accuracy: 49.00%, Top 5 Accuracy: 77.00%
