2024-11-01 20:08:29,119 - INFO - Reading CSV file...
2024-11-01 20:08:29,131 - INFO - CSV file successfully read.
2024-11-01 20:08:29,191 - INFO - Using device: cuda
2024-11-01 20:08:29,193 - INFO - Processing model: dbmdz/bert-base-turkish-cased
2024-11-01 20:08:33,399 - INFO - Starting epoch 1/1 for dbmdz/bert-base-turkish-cased...
2024-11-01 20:08:34,808 - INFO - Getting embeddings for dbmdz/bert-base-turkish-cased...
2024-11-01 20:08:42,642 - INFO - Embeddings for dbmdz/bert-base-turkish-cased obtained.
2024-11-01 20:08:44,116 - INFO - Getting embeddings for dbmdz/bert-base-turkish-cased...
2024-11-01 20:08:51,922 - INFO - Embeddings for dbmdz/bert-base-turkish-cased obtained.
2024-11-01 20:08:51,983 - INFO - dbmdz/bert-base-turkish-cased - Epoch 1, Batch 1: Training Top 1 Accuracy: 30.88%
2024-11-01 20:08:51,983 - INFO - dbmdz/bert-base-turkish-cased - Epoch 1, Batch 1: Training Top 5 Accuracy: 46.75%
2024-11-01 20:08:53,493 - INFO - Getting embeddings for dbmdz/bert-base-turkish-cased...
2024-11-01 20:08:54,580 - INFO - Embeddings for dbmdz/bert-base-turkish-cased obtained.
2024-11-01 20:08:55,978 - INFO - Getting embeddings for dbmdz/bert-base-turkish-cased...
2024-11-01 20:08:56,935 - INFO - Embeddings for dbmdz/bert-base-turkish-cased obtained.
2024-11-01 20:08:56,952 - INFO - dbmdz/bert-base-turkish-cased - Validation Top 1 Accuracy: 40.00%
2024-11-01 20:08:56,953 - INFO - dbmdz/bert-base-turkish-cased - Validation Top 5 Accuracy: 54.00%
2024-11-01 20:08:58,318 - INFO - Getting embeddings for dbmdz/bert-base-turkish-cased...
2024-11-01 20:08:59,274 - INFO - Embeddings for dbmdz/bert-base-turkish-cased obtained.
2024-11-01 20:09:00,678 - INFO - Getting embeddings for dbmdz/bert-base-turkish-cased...
2024-11-01 20:09:01,569 - INFO - Embeddings for dbmdz/bert-base-turkish-cased obtained.
2024-11-01 20:09:01,584 - INFO - dbmdz/bert-base-turkish-cased - Test Top 1 Accuracy: 52.00%
2024-11-01 20:09:01,585 - INFO - dbmdz/bert-base-turkish-cased - Test Top 5 Accuracy: 59.00%
