2024-10-31 19:04:00,957 - INFO - Reading CSV file...
2024-10-31 19:04:00,969 - INFO - CSV file successfully read.
2024-10-31 19:04:01,508 - INFO - Using device: cuda
2024-10-31 19:04:01,509 - INFO - Processing model: dbmdz/bert-base-turkish-cased
2024-10-31 19:04:06,562 - INFO - Getting embeddings for dbmdz/bert-base-turkish-cased...
2024-10-31 19:04:14,822 - INFO - Embeddings for dbmdz/bert-base-turkish-cased obtained.
2024-10-31 19:04:16,421 - INFO - Getting embeddings for dbmdz/bert-base-turkish-cased...
2024-10-31 19:04:24,717 - INFO - Embeddings for dbmdz/bert-base-turkish-cased obtained.
2024-10-31 19:04:26,217 - INFO - Getting embeddings for dbmdz/bert-base-turkish-cased...
2024-10-31 19:04:27,275 - INFO - Embeddings for dbmdz/bert-base-turkish-cased obtained.
2024-10-31 19:04:28,638 - INFO - Getting embeddings for dbmdz/bert-base-turkish-cased...
2024-10-31 19:04:29,770 - INFO - Embeddings for dbmdz/bert-base-turkish-cased obtained.
2024-10-31 19:04:31,148 - INFO - Getting embeddings for dbmdz/bert-base-turkish-cased...
2024-10-31 19:04:32,239 - INFO - Embeddings for dbmdz/bert-base-turkish-cased obtained.
2024-10-31 19:04:33,604 - INFO - Getting embeddings for dbmdz/bert-base-turkish-cased...
2024-10-31 19:04:34,689 - INFO - Embeddings for dbmdz/bert-base-turkish-cased obtained.
2024-10-31 19:04:35,432 - INFO - dbmdz/bert-base-turkish-cased - Training Top 1 Accuracy: 29.88%
2024-10-31 19:04:35,432 - INFO - dbmdz/bert-base-turkish-cased - Training Top 5 Accuracy: 45.62%
2024-10-31 19:04:35,449 - INFO - dbmdz/bert-base-turkish-cased - Validation Top 1 Accuracy: 40.00%
2024-10-31 19:04:35,450 - INFO - dbmdz/bert-base-turkish-cased - Validation Top 5 Accuracy: 54.00%
2024-10-31 19:04:35,464 - INFO - dbmdz/bert-base-turkish-cased - Test Top 1 Accuracy: 49.00%
2024-10-31 19:04:35,464 - INFO - dbmdz/bert-base-turkish-cased - Test Top 5 Accuracy: 62.00%
2024-10-31 19:04:35,465 - INFO - Applying TSNE for dbmdz/bert-base-turkish-cased...
2024-10-31 19:04:39,654 - INFO - TSNE visualization completed for dbmdz/bert-base-turkish-cased.
