2024-10-31 20:16:05,854 - INFO - Reading CSV file...
2024-10-31 20:16:05,867 - INFO - CSV file successfully read.
2024-10-31 20:16:07,090 - INFO - Using device: cuda
2024-10-31 20:16:07,091 - INFO - Processing model: dbmdz/bert-base-turkish-cased
2024-10-31 20:16:11,243 - INFO - Starting epoch 1/1 for dbmdz/bert-base-turkish-cased...
2024-10-31 20:16:12,738 - INFO - Getting embeddings for dbmdz/bert-base-turkish-cased...
2024-10-31 20:16:13,930 - INFO - Embeddings for dbmdz/bert-base-turkish-cased obtained.
2024-10-31 20:16:15,339 - INFO - Getting embeddings for dbmdz/bert-base-turkish-cased...
2024-10-31 20:16:16,408 - INFO - Embeddings for dbmdz/bert-base-turkish-cased obtained.
2024-10-31 20:16:16,419 - INFO - dbmdz/bert-base-turkish-cased - Epoch 1, Batch 1: Training Top 1 Accuracy: 47.00%
2024-10-31 20:16:16,420 - INFO - dbmdz/bert-base-turkish-cased - Epoch 1, Batch 1: Training Top 5 Accuracy: 66.00%
2024-10-31 20:16:17,737 - INFO - Getting embeddings for dbmdz/bert-base-turkish-cased...
2024-10-31 20:16:18,716 - INFO - Embeddings for dbmdz/bert-base-turkish-cased obtained.
2024-10-31 20:16:20,135 - INFO - Getting embeddings for dbmdz/bert-base-turkish-cased...
2024-10-31 20:16:21,108 - INFO - Embeddings for dbmdz/bert-base-turkish-cased obtained.
2024-10-31 20:16:21,117 - INFO - dbmdz/bert-base-turkish-cased - Epoch 1, Batch 2: Training Top 1 Accuracy: 42.00%
2024-10-31 20:16:21,117 - INFO - dbmdz/bert-base-turkish-cased - Epoch 1, Batch 2: Training Top 5 Accuracy: 62.00%
2024-10-31 20:16:22,565 - INFO - Getting embeddings for dbmdz/bert-base-turkish-cased...
2024-10-31 20:16:23,811 - INFO - Embeddings for dbmdz/bert-base-turkish-cased obtained.
2024-10-31 20:16:25,291 - INFO - Getting embeddings for dbmdz/bert-base-turkish-cased...
2024-10-31 20:16:26,805 - INFO - Embeddings for dbmdz/bert-base-turkish-cased obtained.
2024-10-31 20:16:26,820 - INFO - dbmdz/bert-base-turkish-cased - Epoch 1, Batch 3: Training Top 1 Accuracy: 45.00%
2024-10-31 20:16:26,820 - INFO - dbmdz/bert-base-turkish-cased - Epoch 1, Batch 3: Training Top 5 Accuracy: 66.00%
2024-10-31 20:16:28,268 - INFO - Getting embeddings for dbmdz/bert-base-turkish-cased...
2024-10-31 20:16:29,346 - INFO - Embeddings for dbmdz/bert-base-turkish-cased obtained.
2024-10-31 20:16:30,853 - INFO - Getting embeddings for dbmdz/bert-base-turkish-cased...
2024-10-31 20:16:32,114 - INFO - Embeddings for dbmdz/bert-base-turkish-cased obtained.
2024-10-31 20:16:32,123 - INFO - dbmdz/bert-base-turkish-cased - Epoch 1, Batch 4: Training Top 1 Accuracy: 42.00%
2024-10-31 20:16:32,123 - INFO - dbmdz/bert-base-turkish-cased - Epoch 1, Batch 4: Training Top 5 Accuracy: 65.00%
2024-10-31 20:16:33,505 - INFO - Getting embeddings for dbmdz/bert-base-turkish-cased...
2024-10-31 20:16:34,696 - INFO - Embeddings for dbmdz/bert-base-turkish-cased obtained.
2024-10-31 20:16:36,187 - INFO - Getting embeddings for dbmdz/bert-base-turkish-cased...
2024-10-31 20:16:37,410 - INFO - Embeddings for dbmdz/bert-base-turkish-cased obtained.
2024-10-31 20:16:37,421 - INFO - dbmdz/bert-base-turkish-cased - Epoch 1, Batch 5: Training Top 1 Accuracy: 50.00%
2024-10-31 20:16:37,421 - INFO - dbmdz/bert-base-turkish-cased - Epoch 1, Batch 5: Training Top 5 Accuracy: 68.00%
2024-10-31 20:16:39,029 - INFO - Getting embeddings for dbmdz/bert-base-turkish-cased...
2024-10-31 20:16:40,188 - INFO - Embeddings for dbmdz/bert-base-turkish-cased obtained.
2024-10-31 20:16:41,683 - INFO - Getting embeddings for dbmdz/bert-base-turkish-cased...
2024-10-31 20:16:43,065 - INFO - Embeddings for dbmdz/bert-base-turkish-cased obtained.
2024-10-31 20:16:43,076 - INFO - dbmdz/bert-base-turkish-cased - Epoch 1, Batch 6: Training Top 1 Accuracy: 56.00%
2024-10-31 20:16:43,076 - INFO - dbmdz/bert-base-turkish-cased - Epoch 1, Batch 6: Training Top 5 Accuracy: 72.00%
2024-10-31 20:16:44,612 - INFO - Getting embeddings for dbmdz/bert-base-turkish-cased...
2024-10-31 20:16:45,798 - INFO - Embeddings for dbmdz/bert-base-turkish-cased obtained.
2024-10-31 20:16:47,274 - INFO - Getting embeddings for dbmdz/bert-base-turkish-cased...
2024-10-31 20:16:48,673 - INFO - Embeddings for dbmdz/bert-base-turkish-cased obtained.
2024-10-31 20:16:48,682 - INFO - dbmdz/bert-base-turkish-cased - Epoch 1, Batch 7: Training Top 1 Accuracy: 43.00%
2024-10-31 20:16:48,682 - INFO - dbmdz/bert-base-turkish-cased - Epoch 1, Batch 7: Training Top 5 Accuracy: 68.00%
2024-10-31 20:16:50,093 - INFO - Getting embeddings for dbmdz/bert-base-turkish-cased...
2024-10-31 20:16:51,216 - INFO - Embeddings for dbmdz/bert-base-turkish-cased obtained.
2024-10-31 20:16:52,603 - INFO - Getting embeddings for dbmdz/bert-base-turkish-cased...
2024-10-31 20:16:53,781 - INFO - Embeddings for dbmdz/bert-base-turkish-cased obtained.
2024-10-31 20:16:53,792 - INFO - dbmdz/bert-base-turkish-cased - Epoch 1, Batch 8: Training Top 1 Accuracy: 38.00%
2024-10-31 20:16:53,793 - INFO - dbmdz/bert-base-turkish-cased - Epoch 1, Batch 8: Training Top 5 Accuracy: 57.00%
2024-10-31 20:16:55,175 - INFO - Getting embeddings for dbmdz/bert-base-turkish-cased...
2024-10-31 20:16:56,170 - INFO - Embeddings for dbmdz/bert-base-turkish-cased obtained.
2024-10-31 20:16:57,535 - INFO - Getting embeddings for dbmdz/bert-base-turkish-cased...
2024-10-31 20:16:58,828 - INFO - Embeddings for dbmdz/bert-base-turkish-cased obtained.
2024-10-31 20:16:58,844 - INFO - dbmdz/bert-base-turkish-cased - Epoch 1: Validation Top 1 Accuracy: 47.00%
2024-10-31 20:16:58,844 - INFO - dbmdz/bert-base-turkish-cased - Epoch 1: Validation Top 5 Accuracy: 58.00%
2024-10-31 20:16:58,845 - INFO - dbmdz/bert-base-turkish-cased - Epoch 1: Model improved, saving model...
2024-10-31 20:16:58,845 - INFO - Evaluating model on test set: dbmdz/bert-base-turkish-cased
2024-10-31 20:17:00,337 - INFO - Getting embeddings for dbmdz/bert-base-turkish-cased...
2024-10-31 20:17:01,509 - INFO - Embeddings for dbmdz/bert-base-turkish-cased obtained.
2024-10-31 20:17:02,956 - INFO - Getting embeddings for dbmdz/bert-base-turkish-cased...
2024-10-31 20:17:03,989 - INFO - Embeddings for dbmdz/bert-base-turkish-cased obtained.
2024-10-31 20:17:04,003 - INFO - dbmdz/bert-base-turkish-cased - Test Top 1 Accuracy: 52.00%
2024-10-31 20:17:04,004 - INFO - dbmdz/bert-base-turkish-cased - Test Top 5 Accuracy: 65.00%
2024-10-31 20:17:04,004 - INFO - dbmdz/bert-base-turkish-cased - Wrong Answer Analysis:
2024-10-31 20:17:04,004 - ERROR - Error processing model dbmdz/bert-base-turkish-cased: unsupported format string passed to numpy.ndarray.__format__
