2024-11-01 19:34:17,894 - INFO - Reading CSV file...
2024-11-01 19:34:17,908 - INFO - CSV file successfully read.
2024-11-01 19:34:18,672 - INFO - Using device: cuda
2024-11-01 19:34:18,677 - INFO - Processing model: dbmdz/bert-base-turkish-cased
2024-11-01 19:34:23,086 - INFO - Starting epoch 1/5 for dbmdz/bert-base-turkish-cased...
2024-11-01 19:34:24,542 - INFO - Getting embeddings for dbmdz/bert-base-turkish-cased...
2024-11-01 19:34:32,282 - INFO - Embeddings for dbmdz/bert-base-turkish-cased obtained.
2024-11-01 19:34:33,860 - INFO - Getting embeddings for dbmdz/bert-base-turkish-cased...
2024-11-01 19:34:42,092 - INFO - Embeddings for dbmdz/bert-base-turkish-cased obtained.
2024-11-01 19:34:42,171 - INFO - dbmdz/bert-base-turkish-cased - Epoch 1, Batch 1: Training Top 1 Accuracy: 29.12%
2024-11-01 19:34:42,171 - INFO - dbmdz/bert-base-turkish-cased - Epoch 1, Batch 1: Training Top 5 Accuracy: 43.50%
2024-11-01 19:34:43,699 - INFO - Getting embeddings for dbmdz/bert-base-turkish-cased...
2024-11-01 19:34:44,910 - INFO - Embeddings for dbmdz/bert-base-turkish-cased obtained.
2024-11-01 19:34:46,409 - INFO - Getting embeddings for dbmdz/bert-base-turkish-cased...
2024-11-01 19:34:47,507 - INFO - Embeddings for dbmdz/bert-base-turkish-cased obtained.
2024-11-01 19:34:47,546 - INFO - dbmdz/bert-base-turkish-cased - Validation Top 1 Accuracy: 47.00%
2024-11-01 19:34:47,547 - INFO - dbmdz/bert-base-turkish-cased - Validation Top 5 Accuracy: 59.00%
2024-11-01 19:34:47,548 - INFO - Starting epoch 2/5 for dbmdz/bert-base-turkish-cased...
2024-11-01 19:34:49,229 - INFO - Getting embeddings for dbmdz/bert-base-turkish-cased...
2024-11-01 19:34:58,205 - INFO - Embeddings for dbmdz/bert-base-turkish-cased obtained.
2024-11-01 19:34:59,734 - INFO - Getting embeddings for dbmdz/bert-base-turkish-cased...
2024-11-01 19:35:07,124 - INFO - Embeddings for dbmdz/bert-base-turkish-cased obtained.
2024-11-01 19:35:07,159 - INFO - dbmdz/bert-base-turkish-cased - Epoch 2, Batch 1: Training Top 1 Accuracy: 29.12%
2024-11-01 19:35:07,159 - INFO - dbmdz/bert-base-turkish-cased - Epoch 2, Batch 1: Training Top 5 Accuracy: 43.50%
2024-11-01 19:35:08,744 - INFO - Getting embeddings for dbmdz/bert-base-turkish-cased...
2024-11-01 19:35:09,710 - INFO - Embeddings for dbmdz/bert-base-turkish-cased obtained.
2024-11-01 19:35:11,136 - INFO - Getting embeddings for dbmdz/bert-base-turkish-cased...
2024-11-01 19:35:12,267 - INFO - Embeddings for dbmdz/bert-base-turkish-cased obtained.
2024-11-01 19:35:12,295 - INFO - dbmdz/bert-base-turkish-cased - Validation Top 1 Accuracy: 47.00%
2024-11-01 19:35:12,296 - INFO - dbmdz/bert-base-turkish-cased - Validation Top 5 Accuracy: 59.00%
2024-11-01 19:35:12,297 - INFO - Starting epoch 3/5 for dbmdz/bert-base-turkish-cased...
2024-11-01 19:35:13,632 - INFO - Getting embeddings for dbmdz/bert-base-turkish-cased...
2024-11-01 19:35:20,887 - INFO - Embeddings for dbmdz/bert-base-turkish-cased obtained.
2024-11-01 19:35:22,165 - INFO - Getting embeddings for dbmdz/bert-base-turkish-cased...
2024-11-01 19:35:30,471 - INFO - Embeddings for dbmdz/bert-base-turkish-cased obtained.
2024-11-01 19:35:30,535 - INFO - dbmdz/bert-base-turkish-cased - Epoch 3, Batch 1: Training Top 1 Accuracy: 29.12%
2024-11-01 19:35:30,535 - INFO - dbmdz/bert-base-turkish-cased - Epoch 3, Batch 1: Training Top 5 Accuracy: 43.50%
2024-11-01 19:35:31,889 - INFO - Getting embeddings for dbmdz/bert-base-turkish-cased...
2024-11-01 19:35:32,829 - INFO - Embeddings for dbmdz/bert-base-turkish-cased obtained.
2024-11-01 19:35:34,121 - INFO - Getting embeddings for dbmdz/bert-base-turkish-cased...
2024-11-01 19:35:35,142 - INFO - Embeddings for dbmdz/bert-base-turkish-cased obtained.
2024-11-01 19:35:35,158 - INFO - dbmdz/bert-base-turkish-cased - Validation Top 1 Accuracy: 47.00%
2024-11-01 19:35:35,158 - INFO - dbmdz/bert-base-turkish-cased - Validation Top 5 Accuracy: 59.00%
2024-11-01 19:35:35,159 - INFO - Starting epoch 4/5 for dbmdz/bert-base-turkish-cased...
2024-11-01 19:35:36,462 - INFO - Getting embeddings for dbmdz/bert-base-turkish-cased...
2024-11-01 19:35:43,998 - INFO - Embeddings for dbmdz/bert-base-turkish-cased obtained.
2024-11-01 19:35:45,328 - INFO - Getting embeddings for dbmdz/bert-base-turkish-cased...
2024-11-01 19:35:52,513 - INFO - Embeddings for dbmdz/bert-base-turkish-cased obtained.
2024-11-01 19:35:52,579 - INFO - dbmdz/bert-base-turkish-cased - Epoch 4, Batch 1: Training Top 1 Accuracy: 29.12%
2024-11-01 19:35:52,580 - INFO - dbmdz/bert-base-turkish-cased - Epoch 4, Batch 1: Training Top 5 Accuracy: 43.50%
2024-11-01 19:35:53,970 - INFO - Getting embeddings for dbmdz/bert-base-turkish-cased...
2024-11-01 19:35:54,989 - INFO - Embeddings for dbmdz/bert-base-turkish-cased obtained.
2024-11-01 19:35:57,074 - INFO - Getting embeddings for dbmdz/bert-base-turkish-cased...
2024-11-01 19:35:58,152 - INFO - Embeddings for dbmdz/bert-base-turkish-cased obtained.
2024-11-01 19:35:58,173 - INFO - dbmdz/bert-base-turkish-cased - Validation Top 1 Accuracy: 47.00%
2024-11-01 19:35:58,174 - INFO - dbmdz/bert-base-turkish-cased - Validation Top 5 Accuracy: 59.00%
2024-11-01 19:35:58,174 - INFO - Starting epoch 5/5 for dbmdz/bert-base-turkish-cased...
2024-11-01 19:35:59,586 - INFO - Getting embeddings for dbmdz/bert-base-turkish-cased...
2024-11-01 19:36:06,234 - INFO - Embeddings for dbmdz/bert-base-turkish-cased obtained.
2024-11-01 19:36:07,652 - INFO - Getting embeddings for dbmdz/bert-base-turkish-cased...
2024-11-01 19:36:14,836 - INFO - Embeddings for dbmdz/bert-base-turkish-cased obtained.
2024-11-01 19:36:14,889 - INFO - dbmdz/bert-base-turkish-cased - Epoch 5, Batch 1: Training Top 1 Accuracy: 29.12%
2024-11-01 19:36:14,890 - INFO - dbmdz/bert-base-turkish-cased - Epoch 5, Batch 1: Training Top 5 Accuracy: 43.50%
2024-11-01 19:36:16,237 - INFO - Getting embeddings for dbmdz/bert-base-turkish-cased...
2024-11-01 19:36:17,429 - INFO - Embeddings for dbmdz/bert-base-turkish-cased obtained.
2024-11-01 19:36:18,991 - INFO - Getting embeddings for dbmdz/bert-base-turkish-cased...
2024-11-01 19:36:20,356 - INFO - Embeddings for dbmdz/bert-base-turkish-cased obtained.
2024-11-01 19:36:20,372 - INFO - dbmdz/bert-base-turkish-cased - Validation Top 1 Accuracy: 47.00%
2024-11-01 19:36:20,372 - INFO - dbmdz/bert-base-turkish-cased - Validation Top 5 Accuracy: 59.00%
2024-11-01 19:36:21,714 - INFO - Getting embeddings for dbmdz/bert-base-turkish-cased...
2024-11-01 19:36:22,593 - INFO - Embeddings for dbmdz/bert-base-turkish-cased obtained.
2024-11-01 19:36:24,004 - INFO - Getting embeddings for dbmdz/bert-base-turkish-cased...
2024-11-01 19:36:24,937 - INFO - Embeddings for dbmdz/bert-base-turkish-cased obtained.
2024-11-01 19:36:24,956 - INFO - dbmdz/bert-base-turkish-cased - Test Top 1 Accuracy: 52.00%
2024-11-01 19:36:24,956 - INFO - dbmdz/bert-base-turkish-cased - Test Top 5 Accuracy: 65.00%
2024-11-01 19:36:24,957 - INFO - Applying TSNE for dbmdz/bert-base-turkish-cased...
2024-11-01 19:36:27,206 - INFO - TSNE visualization completed for dbmdz/bert-base-turkish-cased.
