2024-10-31 20:11:26,140 - INFO - Reading CSV file...
2024-10-31 20:11:26,151 - INFO - CSV file successfully read.
2024-10-31 20:11:27,315 - INFO - Using device: cuda
2024-10-31 20:11:27,315 - INFO - Processing model: dbmdz/bert-base-turkish-cased
2024-10-31 20:11:31,490 - INFO - Starting epoch 1/1 for dbmdz/bert-base-turkish-cased...
2024-10-31 20:11:32,984 - INFO - Getting embeddings for dbmdz/bert-base-turkish-cased...
2024-10-31 20:11:33,218 - INFO - Embeddings for dbmdz/bert-base-turkish-cased obtained.
2024-10-31 20:11:34,586 - INFO - Getting embeddings for dbmdz/bert-base-turkish-cased...
2024-10-31 20:11:34,711 - INFO - Embeddings for dbmdz/bert-base-turkish-cased obtained.
2024-10-31 20:11:34,718 - INFO - dbmdz/bert-base-turkish-cased - Epoch 1, Batch 1: Training Top 1 Accuracy: 80.00%
2024-10-31 20:11:34,719 - INFO - dbmdz/bert-base-turkish-cased - Epoch 1, Batch 1: Training Top 5 Accuracy: 100.00%
2024-10-31 20:11:36,147 - INFO - Getting embeddings for dbmdz/bert-base-turkish-cased...
2024-10-31 20:11:36,243 - INFO - Embeddings for dbmdz/bert-base-turkish-cased obtained.
2024-10-31 20:11:37,716 - INFO - Getting embeddings for dbmdz/bert-base-turkish-cased...
2024-10-31 20:11:37,892 - INFO - Embeddings for dbmdz/bert-base-turkish-cased obtained.
2024-10-31 20:11:37,898 - INFO - dbmdz/bert-base-turkish-cased - Epoch 1, Batch 2: Training Top 1 Accuracy: 40.00%
2024-10-31 20:11:37,899 - INFO - dbmdz/bert-base-turkish-cased - Epoch 1, Batch 2: Training Top 5 Accuracy: 80.00%
2024-10-31 20:11:39,364 - INFO - Getting embeddings for dbmdz/bert-base-turkish-cased...
2024-10-31 20:11:39,468 - INFO - Embeddings for dbmdz/bert-base-turkish-cased obtained.
2024-10-31 20:11:40,901 - INFO - Getting embeddings for dbmdz/bert-base-turkish-cased...
2024-10-31 20:11:41,100 - INFO - Embeddings for dbmdz/bert-base-turkish-cased obtained.
2024-10-31 20:11:41,106 - INFO - dbmdz/bert-base-turkish-cased - Epoch 1, Batch 3: Training Top 1 Accuracy: 50.00%
2024-10-31 20:11:41,106 - INFO - dbmdz/bert-base-turkish-cased - Epoch 1, Batch 3: Training Top 5 Accuracy: 70.00%
2024-10-31 20:11:42,548 - INFO - Getting embeddings for dbmdz/bert-base-turkish-cased...
2024-10-31 20:11:42,650 - INFO - Embeddings for dbmdz/bert-base-turkish-cased obtained.
2024-10-31 20:11:44,095 - INFO - Getting embeddings for dbmdz/bert-base-turkish-cased...
2024-10-31 20:11:44,276 - INFO - Embeddings for dbmdz/bert-base-turkish-cased obtained.
2024-10-31 20:11:44,282 - INFO - dbmdz/bert-base-turkish-cased - Epoch 1, Batch 4: Training Top 1 Accuracy: 80.00%
2024-10-31 20:11:44,283 - INFO - dbmdz/bert-base-turkish-cased - Epoch 1, Batch 4: Training Top 5 Accuracy: 90.00%
2024-10-31 20:11:45,723 - INFO - Getting embeddings for dbmdz/bert-base-turkish-cased...
2024-10-31 20:11:45,818 - INFO - Embeddings for dbmdz/bert-base-turkish-cased obtained.
2024-10-31 20:11:47,507 - INFO - Getting embeddings for dbmdz/bert-base-turkish-cased...
2024-10-31 20:11:47,710 - INFO - Embeddings for dbmdz/bert-base-turkish-cased obtained.
2024-10-31 20:11:47,717 - INFO - dbmdz/bert-base-turkish-cased - Epoch 1, Batch 5: Training Top 1 Accuracy: 70.00%
2024-10-31 20:11:47,717 - INFO - dbmdz/bert-base-turkish-cased - Epoch 1, Batch 5: Training Top 5 Accuracy: 70.00%
2024-10-31 20:11:49,192 - INFO - Getting embeddings for dbmdz/bert-base-turkish-cased...
2024-10-31 20:11:49,305 - INFO - Embeddings for dbmdz/bert-base-turkish-cased obtained.
2024-10-31 20:11:50,716 - INFO - Getting embeddings for dbmdz/bert-base-turkish-cased...
2024-10-31 20:11:50,955 - INFO - Embeddings for dbmdz/bert-base-turkish-cased obtained.
2024-10-31 20:11:50,963 - INFO - dbmdz/bert-base-turkish-cased - Epoch 1, Batch 6: Training Top 1 Accuracy: 70.00%
2024-10-31 20:11:50,963 - INFO - dbmdz/bert-base-turkish-cased - Epoch 1, Batch 6: Training Top 5 Accuracy: 80.00%
2024-10-31 20:11:52,347 - INFO - Getting embeddings for dbmdz/bert-base-turkish-cased...
2024-10-31 20:11:52,460 - INFO - Embeddings for dbmdz/bert-base-turkish-cased obtained.
2024-10-31 20:11:54,086 - INFO - Getting embeddings for dbmdz/bert-base-turkish-cased...
2024-10-31 20:11:54,328 - INFO - Embeddings for dbmdz/bert-base-turkish-cased obtained.
2024-10-31 20:11:54,335 - INFO - dbmdz/bert-base-turkish-cased - Epoch 1, Batch 7: Training Top 1 Accuracy: 50.00%
2024-10-31 20:11:54,335 - INFO - dbmdz/bert-base-turkish-cased - Epoch 1, Batch 7: Training Top 5 Accuracy: 80.00%
2024-10-31 20:11:55,727 - INFO - Getting embeddings for dbmdz/bert-base-turkish-cased...
2024-10-31 20:11:55,844 - INFO - Embeddings for dbmdz/bert-base-turkish-cased obtained.
2024-10-31 20:11:57,225 - INFO - Getting embeddings for dbmdz/bert-base-turkish-cased...
2024-10-31 20:11:57,422 - INFO - Embeddings for dbmdz/bert-base-turkish-cased obtained.
2024-10-31 20:11:57,429 - INFO - dbmdz/bert-base-turkish-cased - Epoch 1, Batch 8: Training Top 1 Accuracy: 70.00%
2024-10-31 20:11:57,429 - INFO - dbmdz/bert-base-turkish-cased - Epoch 1, Batch 8: Training Top 5 Accuracy: 80.00%
2024-10-31 20:11:58,810 - INFO - Getting embeddings for dbmdz/bert-base-turkish-cased...
2024-10-31 20:11:58,923 - INFO - Embeddings for dbmdz/bert-base-turkish-cased obtained.
2024-10-31 20:12:00,257 - INFO - Getting embeddings for dbmdz/bert-base-turkish-cased...
2024-10-31 20:12:00,461 - INFO - Embeddings for dbmdz/bert-base-turkish-cased obtained.
2024-10-31 20:12:00,467 - INFO - dbmdz/bert-base-turkish-cased - Epoch 1, Batch 9: Training Top 1 Accuracy: 90.00%
2024-10-31 20:12:00,468 - INFO - dbmdz/bert-base-turkish-cased - Epoch 1, Batch 9: Training Top 5 Accuracy: 90.00%
2024-10-31 20:12:01,775 - INFO - Getting embeddings for dbmdz/bert-base-turkish-cased...
2024-10-31 20:12:01,884 - INFO - Embeddings for dbmdz/bert-base-turkish-cased obtained.
2024-10-31 20:12:03,212 - INFO - Getting embeddings for dbmdz/bert-base-turkish-cased...
2024-10-31 20:12:03,411 - INFO - Embeddings for dbmdz/bert-base-turkish-cased obtained.
2024-10-31 20:12:03,418 - INFO - dbmdz/bert-base-turkish-cased - Epoch 1, Batch 10: Training Top 1 Accuracy: 50.00%
2024-10-31 20:12:03,418 - INFO - dbmdz/bert-base-turkish-cased - Epoch 1, Batch 10: Training Top 5 Accuracy: 90.00%
2024-10-31 20:12:04,678 - INFO - Getting embeddings for dbmdz/bert-base-turkish-cased...
2024-10-31 20:12:04,777 - INFO - Embeddings for dbmdz/bert-base-turkish-cased obtained.
2024-10-31 20:12:06,117 - INFO - Getting embeddings for dbmdz/bert-base-turkish-cased...
2024-10-31 20:12:06,334 - INFO - Embeddings for dbmdz/bert-base-turkish-cased obtained.
2024-10-31 20:12:06,341 - INFO - dbmdz/bert-base-turkish-cased - Epoch 1, Batch 11: Training Top 1 Accuracy: 80.00%
2024-10-31 20:12:06,341 - INFO - dbmdz/bert-base-turkish-cased - Epoch 1, Batch 11: Training Top 5 Accuracy: 80.00%
2024-10-31 20:12:07,685 - INFO - Getting embeddings for dbmdz/bert-base-turkish-cased...
2024-10-31 20:12:07,776 - INFO - Embeddings for dbmdz/bert-base-turkish-cased obtained.
2024-10-31 20:12:09,256 - INFO - Getting embeddings for dbmdz/bert-base-turkish-cased...
2024-10-31 20:12:09,484 - INFO - Embeddings for dbmdz/bert-base-turkish-cased obtained.
2024-10-31 20:12:09,491 - INFO - dbmdz/bert-base-turkish-cased - Epoch 1, Batch 12: Training Top 1 Accuracy: 50.00%
2024-10-31 20:12:09,491 - INFO - dbmdz/bert-base-turkish-cased - Epoch 1, Batch 12: Training Top 5 Accuracy: 90.00%
2024-10-31 20:12:10,789 - INFO - Getting embeddings for dbmdz/bert-base-turkish-cased...
2024-10-31 20:12:10,928 - INFO - Embeddings for dbmdz/bert-base-turkish-cased obtained.
2024-10-31 20:12:12,217 - INFO - Getting embeddings for dbmdz/bert-base-turkish-cased...
2024-10-31 20:12:12,437 - INFO - Embeddings for dbmdz/bert-base-turkish-cased obtained.
2024-10-31 20:12:12,444 - INFO - dbmdz/bert-base-turkish-cased - Epoch 1, Batch 13: Training Top 1 Accuracy: 70.00%
2024-10-31 20:12:12,444 - INFO - dbmdz/bert-base-turkish-cased - Epoch 1, Batch 13: Training Top 5 Accuracy: 90.00%
2024-10-31 20:12:13,745 - INFO - Getting embeddings for dbmdz/bert-base-turkish-cased...
2024-10-31 20:12:13,865 - INFO - Embeddings for dbmdz/bert-base-turkish-cased obtained.
2024-10-31 20:12:15,241 - INFO - Getting embeddings for dbmdz/bert-base-turkish-cased...
2024-10-31 20:12:15,372 - INFO - Embeddings for dbmdz/bert-base-turkish-cased obtained.
2024-10-31 20:12:15,379 - INFO - dbmdz/bert-base-turkish-cased - Epoch 1, Batch 14: Training Top 1 Accuracy: 90.00%
2024-10-31 20:12:15,380 - INFO - dbmdz/bert-base-turkish-cased - Epoch 1, Batch 14: Training Top 5 Accuracy: 100.00%
2024-10-31 20:12:16,735 - INFO - Getting embeddings for dbmdz/bert-base-turkish-cased...
2024-10-31 20:12:16,895 - INFO - Embeddings for dbmdz/bert-base-turkish-cased obtained.
2024-10-31 20:12:18,237 - INFO - Getting embeddings for dbmdz/bert-base-turkish-cased...
2024-10-31 20:12:18,346 - INFO - Embeddings for dbmdz/bert-base-turkish-cased obtained.
2024-10-31 20:12:18,353 - INFO - dbmdz/bert-base-turkish-cased - Epoch 1, Batch 15: Training Top 1 Accuracy: 70.00%
2024-10-31 20:12:18,353 - INFO - dbmdz/bert-base-turkish-cased - Epoch 1, Batch 15: Training Top 5 Accuracy: 90.00%
2024-10-31 20:12:19,758 - INFO - Getting embeddings for dbmdz/bert-base-turkish-cased...
2024-10-31 20:12:19,944 - INFO - Embeddings for dbmdz/bert-base-turkish-cased obtained.
2024-10-31 20:12:21,292 - INFO - Getting embeddings for dbmdz/bert-base-turkish-cased...
2024-10-31 20:12:21,424 - INFO - Embeddings for dbmdz/bert-base-turkish-cased obtained.
2024-10-31 20:12:21,435 - INFO - dbmdz/bert-base-turkish-cased - Epoch 1, Batch 16: Training Top 1 Accuracy: 90.00%
2024-10-31 20:12:21,435 - INFO - dbmdz/bert-base-turkish-cased - Epoch 1, Batch 16: Training Top 5 Accuracy: 90.00%
2024-10-31 20:12:22,834 - INFO - Getting embeddings for dbmdz/bert-base-turkish-cased...
2024-10-31 20:12:23,033 - INFO - Embeddings for dbmdz/bert-base-turkish-cased obtained.
2024-10-31 20:12:24,404 - INFO - Getting embeddings for dbmdz/bert-base-turkish-cased...
2024-10-31 20:12:24,583 - INFO - Embeddings for dbmdz/bert-base-turkish-cased obtained.
2024-10-31 20:12:24,591 - INFO - dbmdz/bert-base-turkish-cased - Epoch 1, Batch 17: Training Top 1 Accuracy: 80.00%
2024-10-31 20:12:24,591 - INFO - dbmdz/bert-base-turkish-cased - Epoch 1, Batch 17: Training Top 5 Accuracy: 80.00%
2024-10-31 20:12:25,986 - INFO - Getting embeddings for dbmdz/bert-base-turkish-cased...
2024-10-31 20:12:26,131 - INFO - Embeddings for dbmdz/bert-base-turkish-cased obtained.
2024-10-31 20:12:27,574 - INFO - Getting embeddings for dbmdz/bert-base-turkish-cased...
2024-10-31 20:12:27,797 - INFO - Embeddings for dbmdz/bert-base-turkish-cased obtained.
2024-10-31 20:12:27,804 - INFO - dbmdz/bert-base-turkish-cased - Epoch 1, Batch 18: Training Top 1 Accuracy: 90.00%
2024-10-31 20:12:27,804 - INFO - dbmdz/bert-base-turkish-cased - Epoch 1, Batch 18: Training Top 5 Accuracy: 90.00%
2024-10-31 20:12:29,195 - INFO - Getting embeddings for dbmdz/bert-base-turkish-cased...
2024-10-31 20:12:29,287 - INFO - Embeddings for dbmdz/bert-base-turkish-cased obtained.
2024-10-31 20:12:30,649 - INFO - Getting embeddings for dbmdz/bert-base-turkish-cased...
2024-10-31 20:12:30,851 - INFO - Embeddings for dbmdz/bert-base-turkish-cased obtained.
2024-10-31 20:12:30,858 - INFO - dbmdz/bert-base-turkish-cased - Epoch 1, Batch 19: Training Top 1 Accuracy: 80.00%
2024-10-31 20:12:30,858 - INFO - dbmdz/bert-base-turkish-cased - Epoch 1, Batch 19: Training Top 5 Accuracy: 90.00%
2024-10-31 20:12:32,315 - INFO - Getting embeddings for dbmdz/bert-base-turkish-cased...
2024-10-31 20:12:32,491 - INFO - Embeddings for dbmdz/bert-base-turkish-cased obtained.
2024-10-31 20:12:33,865 - INFO - Getting embeddings for dbmdz/bert-base-turkish-cased...
2024-10-31 20:12:34,036 - INFO - Embeddings for dbmdz/bert-base-turkish-cased obtained.
2024-10-31 20:12:34,042 - INFO - dbmdz/bert-base-turkish-cased - Epoch 1, Batch 20: Training Top 1 Accuracy: 80.00%
2024-10-31 20:12:34,043 - INFO - dbmdz/bert-base-turkish-cased - Epoch 1, Batch 20: Training Top 5 Accuracy: 90.00%
2024-10-31 20:12:35,388 - INFO - Getting embeddings for dbmdz/bert-base-turkish-cased...
2024-10-31 20:12:35,480 - INFO - Embeddings for dbmdz/bert-base-turkish-cased obtained.
2024-10-31 20:12:36,884 - INFO - Getting embeddings for dbmdz/bert-base-turkish-cased...
2024-10-31 20:12:37,122 - INFO - Embeddings for dbmdz/bert-base-turkish-cased obtained.
2024-10-31 20:12:37,130 - INFO - dbmdz/bert-base-turkish-cased - Epoch 1, Batch 21: Training Top 1 Accuracy: 60.00%
2024-10-31 20:12:37,130 - INFO - dbmdz/bert-base-turkish-cased - Epoch 1, Batch 21: Training Top 5 Accuracy: 80.00%
2024-10-31 20:12:38,469 - INFO - Getting embeddings for dbmdz/bert-base-turkish-cased...
2024-10-31 20:12:38,576 - INFO - Embeddings for dbmdz/bert-base-turkish-cased obtained.
2024-10-31 20:12:40,015 - INFO - Getting embeddings for dbmdz/bert-base-turkish-cased...
2024-10-31 20:12:40,190 - INFO - Embeddings for dbmdz/bert-base-turkish-cased obtained.
2024-10-31 20:12:40,196 - INFO - dbmdz/bert-base-turkish-cased - Epoch 1, Batch 22: Training Top 1 Accuracy: 40.00%
2024-10-31 20:12:40,197 - INFO - dbmdz/bert-base-turkish-cased - Epoch 1, Batch 22: Training Top 5 Accuracy: 80.00%
2024-10-31 20:12:41,481 - INFO - Getting embeddings for dbmdz/bert-base-turkish-cased...
2024-10-31 20:12:41,586 - INFO - Embeddings for dbmdz/bert-base-turkish-cased obtained.
2024-10-31 20:12:42,850 - INFO - Getting embeddings for dbmdz/bert-base-turkish-cased...
2024-10-31 20:12:42,945 - INFO - Embeddings for dbmdz/bert-base-turkish-cased obtained.
2024-10-31 20:12:42,951 - INFO - dbmdz/bert-base-turkish-cased - Epoch 1, Batch 23: Training Top 1 Accuracy: 70.00%
2024-10-31 20:12:42,952 - INFO - dbmdz/bert-base-turkish-cased - Epoch 1, Batch 23: Training Top 5 Accuracy: 80.00%
2024-10-31 20:12:44,228 - INFO - Getting embeddings for dbmdz/bert-base-turkish-cased...
2024-10-31 20:12:44,368 - INFO - Embeddings for dbmdz/bert-base-turkish-cased obtained.
2024-10-31 20:12:45,698 - INFO - Getting embeddings for dbmdz/bert-base-turkish-cased...
2024-10-31 20:12:45,816 - INFO - Embeddings for dbmdz/bert-base-turkish-cased obtained.
2024-10-31 20:12:45,823 - INFO - dbmdz/bert-base-turkish-cased - Epoch 1, Batch 24: Training Top 1 Accuracy: 60.00%
2024-10-31 20:12:45,823 - INFO - dbmdz/bert-base-turkish-cased - Epoch 1, Batch 24: Training Top 5 Accuracy: 70.00%
2024-10-31 20:12:47,147 - INFO - Getting embeddings for dbmdz/bert-base-turkish-cased...
2024-10-31 20:12:47,307 - INFO - Embeddings for dbmdz/bert-base-turkish-cased obtained.
2024-10-31 20:12:48,926 - INFO - Getting embeddings for dbmdz/bert-base-turkish-cased...
2024-10-31 20:12:49,079 - INFO - Embeddings for dbmdz/bert-base-turkish-cased obtained.
2024-10-31 20:12:49,086 - INFO - dbmdz/bert-base-turkish-cased - Epoch 1, Batch 25: Training Top 1 Accuracy: 20.00%
2024-10-31 20:12:49,087 - INFO - dbmdz/bert-base-turkish-cased - Epoch 1, Batch 25: Training Top 5 Accuracy: 80.00%
2024-10-31 20:12:50,425 - INFO - Getting embeddings for dbmdz/bert-base-turkish-cased...
2024-10-31 20:12:50,561 - INFO - Embeddings for dbmdz/bert-base-turkish-cased obtained.
2024-10-31 20:12:52,136 - INFO - Getting embeddings for dbmdz/bert-base-turkish-cased...
2024-10-31 20:12:52,338 - INFO - Embeddings for dbmdz/bert-base-turkish-cased obtained.
2024-10-31 20:12:52,345 - INFO - dbmdz/bert-base-turkish-cased - Epoch 1, Batch 26: Training Top 1 Accuracy: 60.00%
2024-10-31 20:12:52,345 - INFO - dbmdz/bert-base-turkish-cased - Epoch 1, Batch 26: Training Top 5 Accuracy: 80.00%
2024-10-31 20:12:53,666 - INFO - Getting embeddings for dbmdz/bert-base-turkish-cased...
2024-10-31 20:12:53,777 - INFO - Embeddings for dbmdz/bert-base-turkish-cased obtained.
2024-10-31 20:12:55,077 - INFO - Getting embeddings for dbmdz/bert-base-turkish-cased...
2024-10-31 20:12:55,190 - INFO - Embeddings for dbmdz/bert-base-turkish-cased obtained.
2024-10-31 20:12:55,198 - INFO - dbmdz/bert-base-turkish-cased - Epoch 1, Batch 27: Training Top 1 Accuracy: 50.00%
2024-10-31 20:12:55,198 - INFO - dbmdz/bert-base-turkish-cased - Epoch 1, Batch 27: Training Top 5 Accuracy: 80.00%
2024-10-31 20:12:56,565 - INFO - Getting embeddings for dbmdz/bert-base-turkish-cased...
2024-10-31 20:12:56,730 - INFO - Embeddings for dbmdz/bert-base-turkish-cased obtained.
2024-10-31 20:12:58,096 - INFO - Getting embeddings for dbmdz/bert-base-turkish-cased...
2024-10-31 20:12:58,229 - INFO - Embeddings for dbmdz/bert-base-turkish-cased obtained.
2024-10-31 20:12:58,236 - INFO - dbmdz/bert-base-turkish-cased - Epoch 1, Batch 28: Training Top 1 Accuracy: 100.00%
2024-10-31 20:12:58,236 - INFO - dbmdz/bert-base-turkish-cased - Epoch 1, Batch 28: Training Top 5 Accuracy: 100.00%
2024-10-31 20:12:59,582 - INFO - Getting embeddings for dbmdz/bert-base-turkish-cased...
2024-10-31 20:12:59,778 - INFO - Embeddings for dbmdz/bert-base-turkish-cased obtained.
2024-10-31 20:13:01,083 - INFO - Getting embeddings for dbmdz/bert-base-turkish-cased...
2024-10-31 20:13:01,194 - INFO - Embeddings for dbmdz/bert-base-turkish-cased obtained.
2024-10-31 20:13:01,201 - INFO - dbmdz/bert-base-turkish-cased - Epoch 1, Batch 29: Training Top 1 Accuracy: 90.00%
2024-10-31 20:13:01,201 - INFO - dbmdz/bert-base-turkish-cased - Epoch 1, Batch 29: Training Top 5 Accuracy: 100.00%
2024-10-31 20:13:02,596 - INFO - Getting embeddings for dbmdz/bert-base-turkish-cased...
2024-10-31 20:13:02,773 - INFO - Embeddings for dbmdz/bert-base-turkish-cased obtained.
2024-10-31 20:13:04,149 - INFO - Getting embeddings for dbmdz/bert-base-turkish-cased...
2024-10-31 20:13:04,247 - INFO - Embeddings for dbmdz/bert-base-turkish-cased obtained.
2024-10-31 20:13:04,253 - INFO - dbmdz/bert-base-turkish-cased - Epoch 1, Batch 30: Training Top 1 Accuracy: 80.00%
2024-10-31 20:13:04,254 - INFO - dbmdz/bert-base-turkish-cased - Epoch 1, Batch 30: Training Top 5 Accuracy: 90.00%
2024-10-31 20:13:05,663 - INFO - Getting embeddings for dbmdz/bert-base-turkish-cased...
2024-10-31 20:13:05,818 - INFO - Embeddings for dbmdz/bert-base-turkish-cased obtained.
2024-10-31 20:13:07,201 - INFO - Getting embeddings for dbmdz/bert-base-turkish-cased...
2024-10-31 20:13:07,401 - INFO - Embeddings for dbmdz/bert-base-turkish-cased obtained.
2024-10-31 20:13:07,407 - INFO - dbmdz/bert-base-turkish-cased - Epoch 1, Batch 31: Training Top 1 Accuracy: 80.00%
2024-10-31 20:13:07,407 - INFO - dbmdz/bert-base-turkish-cased - Epoch 1, Batch 31: Training Top 5 Accuracy: 80.00%
2024-10-31 20:13:08,723 - INFO - Getting embeddings for dbmdz/bert-base-turkish-cased...
2024-10-31 20:13:08,852 - INFO - Embeddings for dbmdz/bert-base-turkish-cased obtained.
2024-10-31 20:13:10,371 - INFO - Getting embeddings for dbmdz/bert-base-turkish-cased...
2024-10-31 20:13:10,576 - INFO - Embeddings for dbmdz/bert-base-turkish-cased obtained.
2024-10-31 20:13:10,583 - INFO - dbmdz/bert-base-turkish-cased - Epoch 1, Batch 32: Training Top 1 Accuracy: 50.00%
2024-10-31 20:13:10,584 - INFO - dbmdz/bert-base-turkish-cased - Epoch 1, Batch 32: Training Top 5 Accuracy: 80.00%
2024-10-31 20:13:11,949 - INFO - Getting embeddings for dbmdz/bert-base-turkish-cased...
2024-10-31 20:13:12,064 - INFO - Embeddings for dbmdz/bert-base-turkish-cased obtained.
2024-10-31 20:13:13,462 - INFO - Getting embeddings for dbmdz/bert-base-turkish-cased...
2024-10-31 20:13:13,703 - INFO - Embeddings for dbmdz/bert-base-turkish-cased obtained.
2024-10-31 20:13:13,710 - INFO - dbmdz/bert-base-turkish-cased - Epoch 1, Batch 33: Training Top 1 Accuracy: 90.00%
2024-10-31 20:13:13,710 - INFO - dbmdz/bert-base-turkish-cased - Epoch 1, Batch 33: Training Top 5 Accuracy: 90.00%
2024-10-31 20:13:15,048 - INFO - Getting embeddings for dbmdz/bert-base-turkish-cased...
2024-10-31 20:13:15,149 - INFO - Embeddings for dbmdz/bert-base-turkish-cased obtained.
2024-10-31 20:13:16,529 - INFO - Getting embeddings for dbmdz/bert-base-turkish-cased...
2024-10-31 20:13:16,688 - INFO - Embeddings for dbmdz/bert-base-turkish-cased obtained.
2024-10-31 20:13:16,695 - INFO - dbmdz/bert-base-turkish-cased - Epoch 1, Batch 34: Training Top 1 Accuracy: 50.00%
2024-10-31 20:13:16,695 - INFO - dbmdz/bert-base-turkish-cased - Epoch 1, Batch 34: Training Top 5 Accuracy: 90.00%
2024-10-31 20:13:18,035 - INFO - Getting embeddings for dbmdz/bert-base-turkish-cased...
2024-10-31 20:13:18,125 - INFO - Embeddings for dbmdz/bert-base-turkish-cased obtained.
2024-10-31 20:13:19,466 - INFO - Getting embeddings for dbmdz/bert-base-turkish-cased...
2024-10-31 20:13:19,556 - INFO - Embeddings for dbmdz/bert-base-turkish-cased obtained.
2024-10-31 20:13:19,563 - INFO - dbmdz/bert-base-turkish-cased - Epoch 1, Batch 35: Training Top 1 Accuracy: 50.00%
2024-10-31 20:13:19,563 - INFO - dbmdz/bert-base-turkish-cased - Epoch 1, Batch 35: Training Top 5 Accuracy: 60.00%
2024-10-31 20:13:20,870 - INFO - Getting embeddings for dbmdz/bert-base-turkish-cased...
2024-10-31 20:13:20,977 - INFO - Embeddings for dbmdz/bert-base-turkish-cased obtained.
2024-10-31 20:13:22,762 - INFO - Getting embeddings for dbmdz/bert-base-turkish-cased...
2024-10-31 20:13:22,993 - INFO - Embeddings for dbmdz/bert-base-turkish-cased obtained.
2024-10-31 20:13:23,000 - INFO - dbmdz/bert-base-turkish-cased - Epoch 1, Batch 36: Training Top 1 Accuracy: 90.00%
2024-10-31 20:13:23,000 - INFO - dbmdz/bert-base-turkish-cased - Epoch 1, Batch 36: Training Top 5 Accuracy: 100.00%
2024-10-31 20:13:24,486 - INFO - Getting embeddings for dbmdz/bert-base-turkish-cased...
2024-10-31 20:13:24,611 - INFO - Embeddings for dbmdz/bert-base-turkish-cased obtained.
2024-10-31 20:13:26,073 - INFO - Getting embeddings for dbmdz/bert-base-turkish-cased...
2024-10-31 20:13:26,297 - INFO - Embeddings for dbmdz/bert-base-turkish-cased obtained.
2024-10-31 20:13:26,305 - INFO - dbmdz/bert-base-turkish-cased - Epoch 1, Batch 37: Training Top 1 Accuracy: 60.00%
2024-10-31 20:13:26,305 - INFO - dbmdz/bert-base-turkish-cased - Epoch 1, Batch 37: Training Top 5 Accuracy: 90.00%
2024-10-31 20:13:27,717 - INFO - Getting embeddings for dbmdz/bert-base-turkish-cased...
2024-10-31 20:13:27,816 - INFO - Embeddings for dbmdz/bert-base-turkish-cased obtained.
2024-10-31 20:13:29,300 - INFO - Getting embeddings for dbmdz/bert-base-turkish-cased...
2024-10-31 20:13:29,401 - INFO - Embeddings for dbmdz/bert-base-turkish-cased obtained.
2024-10-31 20:13:29,408 - INFO - dbmdz/bert-base-turkish-cased - Epoch 1, Batch 38: Training Top 1 Accuracy: 70.00%
2024-10-31 20:13:29,408 - INFO - dbmdz/bert-base-turkish-cased - Epoch 1, Batch 38: Training Top 5 Accuracy: 80.00%
2024-10-31 20:13:30,782 - INFO - Getting embeddings for dbmdz/bert-base-turkish-cased...
2024-10-31 20:13:30,888 - INFO - Embeddings for dbmdz/bert-base-turkish-cased obtained.
2024-10-31 20:13:32,232 - INFO - Getting embeddings for dbmdz/bert-base-turkish-cased...
2024-10-31 20:13:32,351 - INFO - Embeddings for dbmdz/bert-base-turkish-cased obtained.
2024-10-31 20:13:32,358 - INFO - dbmdz/bert-base-turkish-cased - Epoch 1, Batch 39: Training Top 1 Accuracy: 60.00%
2024-10-31 20:13:32,358 - INFO - dbmdz/bert-base-turkish-cased - Epoch 1, Batch 39: Training Top 5 Accuracy: 80.00%
2024-10-31 20:13:33,807 - INFO - Getting embeddings for dbmdz/bert-base-turkish-cased...
2024-10-31 20:13:33,981 - INFO - Embeddings for dbmdz/bert-base-turkish-cased obtained.
2024-10-31 20:13:35,362 - INFO - Getting embeddings for dbmdz/bert-base-turkish-cased...
2024-10-31 20:13:35,458 - INFO - Embeddings for dbmdz/bert-base-turkish-cased obtained.
2024-10-31 20:13:35,466 - INFO - dbmdz/bert-base-turkish-cased - Epoch 1, Batch 40: Training Top 1 Accuracy: 30.00%
2024-10-31 20:13:35,466 - INFO - dbmdz/bert-base-turkish-cased - Epoch 1, Batch 40: Training Top 5 Accuracy: 90.00%
2024-10-31 20:13:36,821 - INFO - Getting embeddings for dbmdz/bert-base-turkish-cased...
2024-10-31 20:13:36,934 - INFO - Embeddings for dbmdz/bert-base-turkish-cased obtained.
2024-10-31 20:13:38,249 - INFO - Getting embeddings for dbmdz/bert-base-turkish-cased...
2024-10-31 20:13:38,341 - INFO - Embeddings for dbmdz/bert-base-turkish-cased obtained.
2024-10-31 20:13:38,348 - INFO - dbmdz/bert-base-turkish-cased - Epoch 1, Batch 41: Training Top 1 Accuracy: 80.00%
2024-10-31 20:13:38,349 - INFO - dbmdz/bert-base-turkish-cased - Epoch 1, Batch 41: Training Top 5 Accuracy: 80.00%
2024-10-31 20:13:40,046 - INFO - Getting embeddings for dbmdz/bert-base-turkish-cased...
2024-10-31 20:13:40,190 - INFO - Embeddings for dbmdz/bert-base-turkish-cased obtained.
2024-10-31 20:13:41,483 - INFO - Getting embeddings for dbmdz/bert-base-turkish-cased...
2024-10-31 20:13:41,599 - INFO - Embeddings for dbmdz/bert-base-turkish-cased obtained.
2024-10-31 20:13:41,605 - INFO - dbmdz/bert-base-turkish-cased - Epoch 1, Batch 42: Training Top 1 Accuracy: 50.00%
2024-10-31 20:13:41,605 - INFO - dbmdz/bert-base-turkish-cased - Epoch 1, Batch 42: Training Top 5 Accuracy: 50.00%
2024-10-31 20:13:43,002 - INFO - Getting embeddings for dbmdz/bert-base-turkish-cased...
2024-10-31 20:13:43,163 - INFO - Embeddings for dbmdz/bert-base-turkish-cased obtained.
2024-10-31 20:13:44,572 - INFO - Getting embeddings for dbmdz/bert-base-turkish-cased...
2024-10-31 20:13:44,716 - INFO - Embeddings for dbmdz/bert-base-turkish-cased obtained.
2024-10-31 20:13:44,723 - INFO - dbmdz/bert-base-turkish-cased - Epoch 1, Batch 43: Training Top 1 Accuracy: 100.00%
2024-10-31 20:13:44,723 - INFO - dbmdz/bert-base-turkish-cased - Epoch 1, Batch 43: Training Top 5 Accuracy: 100.00%
2024-10-31 20:13:46,083 - INFO - Getting embeddings for dbmdz/bert-base-turkish-cased...
2024-10-31 20:13:46,270 - INFO - Embeddings for dbmdz/bert-base-turkish-cased obtained.
2024-10-31 20:13:47,647 - INFO - Getting embeddings for dbmdz/bert-base-turkish-cased...
2024-10-31 20:13:47,774 - INFO - Embeddings for dbmdz/bert-base-turkish-cased obtained.
2024-10-31 20:13:47,781 - INFO - dbmdz/bert-base-turkish-cased - Epoch 1, Batch 44: Training Top 1 Accuracy: 80.00%
2024-10-31 20:13:47,781 - INFO - dbmdz/bert-base-turkish-cased - Epoch 1, Batch 44: Training Top 5 Accuracy: 100.00%
2024-10-31 20:13:49,098 - INFO - Getting embeddings for dbmdz/bert-base-turkish-cased...
2024-10-31 20:13:49,294 - INFO - Embeddings for dbmdz/bert-base-turkish-cased obtained.
2024-10-31 20:13:50,596 - INFO - Getting embeddings for dbmdz/bert-base-turkish-cased...
2024-10-31 20:13:50,712 - INFO - Embeddings for dbmdz/bert-base-turkish-cased obtained.
2024-10-31 20:13:50,719 - INFO - dbmdz/bert-base-turkish-cased - Epoch 1, Batch 45: Training Top 1 Accuracy: 50.00%
2024-10-31 20:13:50,719 - INFO - dbmdz/bert-base-turkish-cased - Epoch 1, Batch 45: Training Top 5 Accuracy: 90.00%
2024-10-31 20:13:52,251 - INFO - Getting embeddings for dbmdz/bert-base-turkish-cased...
2024-10-31 20:13:52,457 - INFO - Embeddings for dbmdz/bert-base-turkish-cased obtained.
2024-10-31 20:13:53,846 - INFO - Getting embeddings for dbmdz/bert-base-turkish-cased...
2024-10-31 20:13:54,013 - INFO - Embeddings for dbmdz/bert-base-turkish-cased obtained.
2024-10-31 20:13:54,020 - INFO - dbmdz/bert-base-turkish-cased - Epoch 1, Batch 46: Training Top 1 Accuracy: 50.00%
2024-10-31 20:13:54,020 - INFO - dbmdz/bert-base-turkish-cased - Epoch 1, Batch 46: Training Top 5 Accuracy: 90.00%
2024-10-31 20:13:55,321 - INFO - Getting embeddings for dbmdz/bert-base-turkish-cased...
2024-10-31 20:13:55,443 - INFO - Embeddings for dbmdz/bert-base-turkish-cased obtained.
2024-10-31 20:13:56,770 - INFO - Getting embeddings for dbmdz/bert-base-turkish-cased...
2024-10-31 20:13:56,904 - INFO - Embeddings for dbmdz/bert-base-turkish-cased obtained.
2024-10-31 20:13:56,916 - INFO - dbmdz/bert-base-turkish-cased - Epoch 1, Batch 47: Training Top 1 Accuracy: 70.00%
2024-10-31 20:13:56,917 - INFO - dbmdz/bert-base-turkish-cased - Epoch 1, Batch 47: Training Top 5 Accuracy: 80.00%
2024-10-31 20:13:58,302 - INFO - Getting embeddings for dbmdz/bert-base-turkish-cased...
2024-10-31 20:13:58,490 - INFO - Embeddings for dbmdz/bert-base-turkish-cased obtained.
2024-10-31 20:13:59,811 - INFO - Getting embeddings for dbmdz/bert-base-turkish-cased...
2024-10-31 20:13:59,931 - INFO - Embeddings for dbmdz/bert-base-turkish-cased obtained.
2024-10-31 20:13:59,941 - INFO - dbmdz/bert-base-turkish-cased - Epoch 1, Batch 48: Training Top 1 Accuracy: 50.00%
2024-10-31 20:13:59,941 - INFO - dbmdz/bert-base-turkish-cased - Epoch 1, Batch 48: Training Top 5 Accuracy: 60.00%
2024-10-31 20:14:01,268 - INFO - Getting embeddings for dbmdz/bert-base-turkish-cased...
2024-10-31 20:14:01,459 - INFO - Embeddings for dbmdz/bert-base-turkish-cased obtained.
2024-10-31 20:14:02,824 - INFO - Getting embeddings for dbmdz/bert-base-turkish-cased...
2024-10-31 20:14:02,986 - INFO - Embeddings for dbmdz/bert-base-turkish-cased obtained.
2024-10-31 20:14:02,993 - INFO - dbmdz/bert-base-turkish-cased - Epoch 1, Batch 49: Training Top 1 Accuracy: 60.00%
2024-10-31 20:14:02,993 - INFO - dbmdz/bert-base-turkish-cased - Epoch 1, Batch 49: Training Top 5 Accuracy: 80.00%
2024-10-31 20:14:04,317 - INFO - Getting embeddings for dbmdz/bert-base-turkish-cased...
2024-10-31 20:14:04,436 - INFO - Embeddings for dbmdz/bert-base-turkish-cased obtained.
2024-10-31 20:14:05,808 - INFO - Getting embeddings for dbmdz/bert-base-turkish-cased...
2024-10-31 20:14:05,991 - INFO - Embeddings for dbmdz/bert-base-turkish-cased obtained.
2024-10-31 20:14:06,002 - INFO - dbmdz/bert-base-turkish-cased - Epoch 1, Batch 50: Training Top 1 Accuracy: 50.00%
2024-10-31 20:14:06,002 - INFO - dbmdz/bert-base-turkish-cased - Epoch 1, Batch 50: Training Top 5 Accuracy: 70.00%
2024-10-31 20:14:07,305 - INFO - Getting embeddings for dbmdz/bert-base-turkish-cased...
2024-10-31 20:14:07,398 - INFO - Embeddings for dbmdz/bert-base-turkish-cased obtained.
2024-10-31 20:14:08,724 - INFO - Getting embeddings for dbmdz/bert-base-turkish-cased...
2024-10-31 20:14:08,941 - INFO - Embeddings for dbmdz/bert-base-turkish-cased obtained.
2024-10-31 20:14:08,948 - INFO - dbmdz/bert-base-turkish-cased - Epoch 1, Batch 51: Training Top 1 Accuracy: 60.00%
2024-10-31 20:14:08,948 - INFO - dbmdz/bert-base-turkish-cased - Epoch 1, Batch 51: Training Top 5 Accuracy: 80.00%
2024-10-31 20:14:10,235 - INFO - Getting embeddings for dbmdz/bert-base-turkish-cased...
2024-10-31 20:14:10,353 - INFO - Embeddings for dbmdz/bert-base-turkish-cased obtained.
2024-10-31 20:14:11,622 - INFO - Getting embeddings for dbmdz/bert-base-turkish-cased...
2024-10-31 20:14:11,842 - INFO - Embeddings for dbmdz/bert-base-turkish-cased obtained.
2024-10-31 20:14:11,849 - INFO - dbmdz/bert-base-turkish-cased - Epoch 1, Batch 52: Training Top 1 Accuracy: 50.00%
2024-10-31 20:14:11,849 - INFO - dbmdz/bert-base-turkish-cased - Epoch 1, Batch 52: Training Top 5 Accuracy: 80.00%
2024-10-31 20:14:13,204 - INFO - Getting embeddings for dbmdz/bert-base-turkish-cased...
2024-10-31 20:14:13,352 - INFO - Embeddings for dbmdz/bert-base-turkish-cased obtained.
2024-10-31 20:14:14,632 - INFO - Getting embeddings for dbmdz/bert-base-turkish-cased...
2024-10-31 20:14:14,753 - INFO - Embeddings for dbmdz/bert-base-turkish-cased obtained.
2024-10-31 20:14:14,762 - INFO - dbmdz/bert-base-turkish-cased - Epoch 1, Batch 53: Training Top 1 Accuracy: 90.00%
2024-10-31 20:14:14,762 - INFO - dbmdz/bert-base-turkish-cased - Epoch 1, Batch 53: Training Top 5 Accuracy: 100.00%
2024-10-31 20:14:16,067 - INFO - Getting embeddings for dbmdz/bert-base-turkish-cased...
2024-10-31 20:14:16,245 - INFO - Embeddings for dbmdz/bert-base-turkish-cased obtained.
2024-10-31 20:14:17,719 - INFO - Getting embeddings for dbmdz/bert-base-turkish-cased...
2024-10-31 20:14:17,816 - INFO - Embeddings for dbmdz/bert-base-turkish-cased obtained.
2024-10-31 20:14:17,822 - INFO - dbmdz/bert-base-turkish-cased - Epoch 1, Batch 54: Training Top 1 Accuracy: 60.00%
2024-10-31 20:14:17,823 - INFO - dbmdz/bert-base-turkish-cased - Epoch 1, Batch 54: Training Top 5 Accuracy: 80.00%
2024-10-31 20:14:19,167 - INFO - Getting embeddings for dbmdz/bert-base-turkish-cased...
2024-10-31 20:14:19,331 - INFO - Embeddings for dbmdz/bert-base-turkish-cased obtained.
2024-10-31 20:14:20,738 - INFO - Getting embeddings for dbmdz/bert-base-turkish-cased...
2024-10-31 20:14:20,902 - INFO - Embeddings for dbmdz/bert-base-turkish-cased obtained.
2024-10-31 20:14:20,908 - INFO - dbmdz/bert-base-turkish-cased - Epoch 1, Batch 55: Training Top 1 Accuracy: 60.00%
2024-10-31 20:14:20,909 - INFO - dbmdz/bert-base-turkish-cased - Epoch 1, Batch 55: Training Top 5 Accuracy: 100.00%
2024-10-31 20:14:22,339 - INFO - Getting embeddings for dbmdz/bert-base-turkish-cased...
2024-10-31 20:14:22,479 - INFO - Embeddings for dbmdz/bert-base-turkish-cased obtained.
2024-10-31 20:14:23,883 - INFO - Getting embeddings for dbmdz/bert-base-turkish-cased...
2024-10-31 20:14:23,971 - INFO - Embeddings for dbmdz/bert-base-turkish-cased obtained.
2024-10-31 20:14:23,979 - INFO - dbmdz/bert-base-turkish-cased - Epoch 1, Batch 56: Training Top 1 Accuracy: 80.00%
2024-10-31 20:14:23,979 - INFO - dbmdz/bert-base-turkish-cased - Epoch 1, Batch 56: Training Top 5 Accuracy: 100.00%
2024-10-31 20:14:25,284 - INFO - Getting embeddings for dbmdz/bert-base-turkish-cased...
2024-10-31 20:14:25,375 - INFO - Embeddings for dbmdz/bert-base-turkish-cased obtained.
2024-10-31 20:14:26,761 - INFO - Getting embeddings for dbmdz/bert-base-turkish-cased...
2024-10-31 20:14:26,944 - INFO - Embeddings for dbmdz/bert-base-turkish-cased obtained.
2024-10-31 20:14:26,951 - INFO - dbmdz/bert-base-turkish-cased - Epoch 1, Batch 57: Training Top 1 Accuracy: 70.00%
2024-10-31 20:14:26,951 - INFO - dbmdz/bert-base-turkish-cased - Epoch 1, Batch 57: Training Top 5 Accuracy: 90.00%
2024-10-31 20:14:28,323 - INFO - Getting embeddings for dbmdz/bert-base-turkish-cased...
2024-10-31 20:14:28,430 - INFO - Embeddings for dbmdz/bert-base-turkish-cased obtained.
2024-10-31 20:14:29,954 - INFO - Getting embeddings for dbmdz/bert-base-turkish-cased...
2024-10-31 20:14:30,144 - INFO - Embeddings for dbmdz/bert-base-turkish-cased obtained.
2024-10-31 20:14:30,151 - INFO - dbmdz/bert-base-turkish-cased - Epoch 1, Batch 58: Training Top 1 Accuracy: 60.00%
2024-10-31 20:14:30,152 - INFO - dbmdz/bert-base-turkish-cased - Epoch 1, Batch 58: Training Top 5 Accuracy: 90.00%
2024-10-31 20:14:31,583 - INFO - Getting embeddings for dbmdz/bert-base-turkish-cased...
2024-10-31 20:14:31,736 - INFO - Embeddings for dbmdz/bert-base-turkish-cased obtained.
2024-10-31 20:14:33,431 - INFO - Getting embeddings for dbmdz/bert-base-turkish-cased...
2024-10-31 20:14:33,520 - INFO - Embeddings for dbmdz/bert-base-turkish-cased obtained.
2024-10-31 20:14:33,527 - INFO - dbmdz/bert-base-turkish-cased - Epoch 1, Batch 59: Training Top 1 Accuracy: 60.00%
2024-10-31 20:14:33,527 - INFO - dbmdz/bert-base-turkish-cased - Epoch 1, Batch 59: Training Top 5 Accuracy: 100.00%
2024-10-31 20:14:34,992 - INFO - Getting embeddings for dbmdz/bert-base-turkish-cased...
2024-10-31 20:14:35,161 - INFO - Embeddings for dbmdz/bert-base-turkish-cased obtained.
2024-10-31 20:14:36,589 - INFO - Getting embeddings for dbmdz/bert-base-turkish-cased...
2024-10-31 20:14:36,701 - INFO - Embeddings for dbmdz/bert-base-turkish-cased obtained.
2024-10-31 20:14:36,708 - INFO - dbmdz/bert-base-turkish-cased - Epoch 1, Batch 60: Training Top 1 Accuracy: 90.00%
2024-10-31 20:14:36,708 - INFO - dbmdz/bert-base-turkish-cased - Epoch 1, Batch 60: Training Top 5 Accuracy: 100.00%
2024-10-31 20:14:38,196 - INFO - Getting embeddings for dbmdz/bert-base-turkish-cased...
2024-10-31 20:14:38,377 - INFO - Embeddings for dbmdz/bert-base-turkish-cased obtained.
2024-10-31 20:14:39,948 - INFO - Getting embeddings for dbmdz/bert-base-turkish-cased...
2024-10-31 20:14:40,124 - INFO - Embeddings for dbmdz/bert-base-turkish-cased obtained.
2024-10-31 20:14:40,132 - INFO - dbmdz/bert-base-turkish-cased - Epoch 1, Batch 61: Training Top 1 Accuracy: 80.00%
2024-10-31 20:14:40,132 - INFO - dbmdz/bert-base-turkish-cased - Epoch 1, Batch 61: Training Top 5 Accuracy: 90.00%
2024-10-31 20:14:41,555 - INFO - Getting embeddings for dbmdz/bert-base-turkish-cased...
2024-10-31 20:14:41,645 - INFO - Embeddings for dbmdz/bert-base-turkish-cased obtained.
2024-10-31 20:14:43,027 - INFO - Getting embeddings for dbmdz/bert-base-turkish-cased...
2024-10-31 20:14:43,233 - INFO - Embeddings for dbmdz/bert-base-turkish-cased obtained.
2024-10-31 20:14:43,239 - INFO - dbmdz/bert-base-turkish-cased - Epoch 1, Batch 62: Training Top 1 Accuracy: 90.00%
2024-10-31 20:14:43,239 - INFO - dbmdz/bert-base-turkish-cased - Epoch 1, Batch 62: Training Top 5 Accuracy: 100.00%
2024-10-31 20:14:44,615 - INFO - Getting embeddings for dbmdz/bert-base-turkish-cased...
2024-10-31 20:14:44,753 - INFO - Embeddings for dbmdz/bert-base-turkish-cased obtained.
2024-10-31 20:14:46,091 - INFO - Getting embeddings for dbmdz/bert-base-turkish-cased...
2024-10-31 20:14:46,206 - INFO - Embeddings for dbmdz/bert-base-turkish-cased obtained.
2024-10-31 20:14:46,212 - INFO - dbmdz/bert-base-turkish-cased - Epoch 1, Batch 63: Training Top 1 Accuracy: 60.00%
2024-10-31 20:14:46,213 - INFO - dbmdz/bert-base-turkish-cased - Epoch 1, Batch 63: Training Top 5 Accuracy: 80.00%
2024-10-31 20:14:47,517 - INFO - Getting embeddings for dbmdz/bert-base-turkish-cased...
2024-10-31 20:14:47,633 - INFO - Embeddings for dbmdz/bert-base-turkish-cased obtained.
2024-10-31 20:14:49,054 - INFO - Getting embeddings for dbmdz/bert-base-turkish-cased...
2024-10-31 20:14:49,253 - INFO - Embeddings for dbmdz/bert-base-turkish-cased obtained.
2024-10-31 20:14:49,259 - INFO - dbmdz/bert-base-turkish-cased - Epoch 1, Batch 64: Training Top 1 Accuracy: 80.00%
2024-10-31 20:14:49,259 - INFO - dbmdz/bert-base-turkish-cased - Epoch 1, Batch 64: Training Top 5 Accuracy: 90.00%
2024-10-31 20:14:50,613 - INFO - Getting embeddings for dbmdz/bert-base-turkish-cased...
2024-10-31 20:14:50,718 - INFO - Embeddings for dbmdz/bert-base-turkish-cased obtained.
2024-10-31 20:14:52,055 - INFO - Getting embeddings for dbmdz/bert-base-turkish-cased...
2024-10-31 20:14:52,257 - INFO - Embeddings for dbmdz/bert-base-turkish-cased obtained.
2024-10-31 20:14:52,270 - INFO - dbmdz/bert-base-turkish-cased - Epoch 1, Batch 65: Training Top 1 Accuracy: 80.00%
2024-10-31 20:14:52,270 - INFO - dbmdz/bert-base-turkish-cased - Epoch 1, Batch 65: Training Top 5 Accuracy: 100.00%
2024-10-31 20:14:53,627 - INFO - Getting embeddings for dbmdz/bert-base-turkish-cased...
2024-10-31 20:14:53,747 - INFO - Embeddings for dbmdz/bert-base-turkish-cased obtained.
2024-10-31 20:14:55,217 - INFO - Getting embeddings for dbmdz/bert-base-turkish-cased...
2024-10-31 20:14:55,358 - INFO - Embeddings for dbmdz/bert-base-turkish-cased obtained.
2024-10-31 20:14:55,368 - INFO - dbmdz/bert-base-turkish-cased - Epoch 1, Batch 66: Training Top 1 Accuracy: 60.00%
2024-10-31 20:14:55,368 - INFO - dbmdz/bert-base-turkish-cased - Epoch 1, Batch 66: Training Top 5 Accuracy: 80.00%
2024-10-31 20:14:56,887 - INFO - Getting embeddings for dbmdz/bert-base-turkish-cased...
2024-10-31 20:14:57,048 - INFO - Embeddings for dbmdz/bert-base-turkish-cased obtained.
2024-10-31 20:14:58,430 - INFO - Getting embeddings for dbmdz/bert-base-turkish-cased...
2024-10-31 20:14:58,592 - INFO - Embeddings for dbmdz/bert-base-turkish-cased obtained.
2024-10-31 20:14:58,599 - INFO - dbmdz/bert-base-turkish-cased - Epoch 1, Batch 67: Training Top 1 Accuracy: 50.00%
2024-10-31 20:14:58,599 - INFO - dbmdz/bert-base-turkish-cased - Epoch 1, Batch 67: Training Top 5 Accuracy: 80.00%
2024-10-31 20:15:00,111 - INFO - Getting embeddings for dbmdz/bert-base-turkish-cased...
2024-10-31 20:15:00,281 - INFO - Embeddings for dbmdz/bert-base-turkish-cased obtained.
2024-10-31 20:15:01,720 - INFO - Getting embeddings for dbmdz/bert-base-turkish-cased...
2024-10-31 20:15:01,913 - INFO - Embeddings for dbmdz/bert-base-turkish-cased obtained.
2024-10-31 20:15:01,927 - INFO - dbmdz/bert-base-turkish-cased - Epoch 1, Batch 68: Training Top 1 Accuracy: 80.00%
2024-10-31 20:15:01,927 - INFO - dbmdz/bert-base-turkish-cased - Epoch 1, Batch 68: Training Top 5 Accuracy: 90.00%
2024-10-31 20:15:03,341 - INFO - Getting embeddings for dbmdz/bert-base-turkish-cased...
2024-10-31 20:15:03,479 - INFO - Embeddings for dbmdz/bert-base-turkish-cased obtained.
2024-10-31 20:15:05,032 - INFO - Getting embeddings for dbmdz/bert-base-turkish-cased...
2024-10-31 20:15:05,241 - INFO - Embeddings for dbmdz/bert-base-turkish-cased obtained.
2024-10-31 20:15:05,251 - INFO - dbmdz/bert-base-turkish-cased - Epoch 1, Batch 69: Training Top 1 Accuracy: 60.00%
2024-10-31 20:15:05,251 - INFO - dbmdz/bert-base-turkish-cased - Epoch 1, Batch 69: Training Top 5 Accuracy: 80.00%
2024-10-31 20:15:06,657 - INFO - Getting embeddings for dbmdz/bert-base-turkish-cased...
2024-10-31 20:15:06,786 - INFO - Embeddings for dbmdz/bert-base-turkish-cased obtained.
2024-10-31 20:15:08,213 - INFO - Getting embeddings for dbmdz/bert-base-turkish-cased...
2024-10-31 20:15:08,323 - INFO - Embeddings for dbmdz/bert-base-turkish-cased obtained.
2024-10-31 20:15:08,329 - INFO - dbmdz/bert-base-turkish-cased - Epoch 1, Batch 70: Training Top 1 Accuracy: 60.00%
2024-10-31 20:15:08,330 - INFO - dbmdz/bert-base-turkish-cased - Epoch 1, Batch 70: Training Top 5 Accuracy: 100.00%
2024-10-31 20:15:09,772 - INFO - Getting embeddings for dbmdz/bert-base-turkish-cased...
2024-10-31 20:15:09,958 - INFO - Embeddings for dbmdz/bert-base-turkish-cased obtained.
2024-10-31 20:15:11,323 - INFO - Getting embeddings for dbmdz/bert-base-turkish-cased...
2024-10-31 20:15:11,438 - INFO - Embeddings for dbmdz/bert-base-turkish-cased obtained.
2024-10-31 20:15:11,445 - INFO - dbmdz/bert-base-turkish-cased - Epoch 1, Batch 71: Training Top 1 Accuracy: 80.00%
2024-10-31 20:15:11,446 - INFO - dbmdz/bert-base-turkish-cased - Epoch 1, Batch 71: Training Top 5 Accuracy: 100.00%
2024-10-31 20:15:12,870 - INFO - Getting embeddings for dbmdz/bert-base-turkish-cased...
2024-10-31 20:15:13,064 - INFO - Embeddings for dbmdz/bert-base-turkish-cased obtained.
2024-10-31 20:15:14,434 - INFO - Getting embeddings for dbmdz/bert-base-turkish-cased...
2024-10-31 20:15:14,589 - INFO - Embeddings for dbmdz/bert-base-turkish-cased obtained.
2024-10-31 20:15:14,596 - INFO - dbmdz/bert-base-turkish-cased - Epoch 1, Batch 72: Training Top 1 Accuracy: 50.00%
2024-10-31 20:15:14,596 - INFO - dbmdz/bert-base-turkish-cased - Epoch 1, Batch 72: Training Top 5 Accuracy: 80.00%
2024-10-31 20:15:15,982 - INFO - Getting embeddings for dbmdz/bert-base-turkish-cased...
2024-10-31 20:15:16,093 - INFO - Embeddings for dbmdz/bert-base-turkish-cased obtained.
2024-10-31 20:15:17,509 - INFO - Getting embeddings for dbmdz/bert-base-turkish-cased...
2024-10-31 20:15:17,692 - INFO - Embeddings for dbmdz/bert-base-turkish-cased obtained.
2024-10-31 20:15:17,699 - INFO - dbmdz/bert-base-turkish-cased - Epoch 1, Batch 73: Training Top 1 Accuracy: 50.00%
2024-10-31 20:15:17,699 - INFO - dbmdz/bert-base-turkish-cased - Epoch 1, Batch 73: Training Top 5 Accuracy: 90.00%
2024-10-31 20:15:19,084 - INFO - Getting embeddings for dbmdz/bert-base-turkish-cased...
2024-10-31 20:15:19,180 - INFO - Embeddings for dbmdz/bert-base-turkish-cased obtained.
2024-10-31 20:15:20,536 - INFO - Getting embeddings for dbmdz/bert-base-turkish-cased...
2024-10-31 20:15:20,752 - INFO - Embeddings for dbmdz/bert-base-turkish-cased obtained.
2024-10-31 20:15:20,759 - INFO - dbmdz/bert-base-turkish-cased - Epoch 1, Batch 74: Training Top 1 Accuracy: 50.00%
2024-10-31 20:15:20,759 - INFO - dbmdz/bert-base-turkish-cased - Epoch 1, Batch 74: Training Top 5 Accuracy: 80.00%
2024-10-31 20:15:22,104 - INFO - Getting embeddings for dbmdz/bert-base-turkish-cased...
2024-10-31 20:15:22,219 - INFO - Embeddings for dbmdz/bert-base-turkish-cased obtained.
2024-10-31 20:15:23,602 - INFO - Getting embeddings for dbmdz/bert-base-turkish-cased...
2024-10-31 20:15:23,797 - INFO - Embeddings for dbmdz/bert-base-turkish-cased obtained.
2024-10-31 20:15:23,809 - INFO - dbmdz/bert-base-turkish-cased - Epoch 1, Batch 75: Training Top 1 Accuracy: 80.00%
2024-10-31 20:15:23,809 - INFO - dbmdz/bert-base-turkish-cased - Epoch 1, Batch 75: Training Top 5 Accuracy: 90.00%
2024-10-31 20:15:25,123 - INFO - Getting embeddings for dbmdz/bert-base-turkish-cased...
2024-10-31 20:15:25,226 - INFO - Embeddings for dbmdz/bert-base-turkish-cased obtained.
2024-10-31 20:15:26,556 - INFO - Getting embeddings for dbmdz/bert-base-turkish-cased...
2024-10-31 20:15:26,784 - INFO - Embeddings for dbmdz/bert-base-turkish-cased obtained.
2024-10-31 20:15:26,791 - INFO - dbmdz/bert-base-turkish-cased - Epoch 1, Batch 76: Training Top 1 Accuracy: 80.00%
2024-10-31 20:15:26,791 - INFO - dbmdz/bert-base-turkish-cased - Epoch 1, Batch 76: Training Top 5 Accuracy: 90.00%
2024-10-31 20:15:28,183 - INFO - Getting embeddings for dbmdz/bert-base-turkish-cased...
2024-10-31 20:15:28,293 - INFO - Embeddings for dbmdz/bert-base-turkish-cased obtained.
2024-10-31 20:15:29,577 - INFO - Getting embeddings for dbmdz/bert-base-turkish-cased...
2024-10-31 20:15:29,822 - INFO - Embeddings for dbmdz/bert-base-turkish-cased obtained.
2024-10-31 20:15:29,832 - INFO - dbmdz/bert-base-turkish-cased - Epoch 1, Batch 77: Training Top 1 Accuracy: 80.00%
2024-10-31 20:15:29,832 - INFO - dbmdz/bert-base-turkish-cased - Epoch 1, Batch 77: Training Top 5 Accuracy: 80.00%
2024-10-31 20:15:31,145 - INFO - Getting embeddings for dbmdz/bert-base-turkish-cased...
2024-10-31 20:15:31,293 - INFO - Embeddings for dbmdz/bert-base-turkish-cased obtained.
2024-10-31 20:15:32,789 - INFO - Getting embeddings for dbmdz/bert-base-turkish-cased...
2024-10-31 20:15:33,019 - INFO - Embeddings for dbmdz/bert-base-turkish-cased obtained.
2024-10-31 20:15:33,027 - INFO - dbmdz/bert-base-turkish-cased - Epoch 1, Batch 78: Training Top 1 Accuracy: 50.00%
2024-10-31 20:15:33,027 - INFO - dbmdz/bert-base-turkish-cased - Epoch 1, Batch 78: Training Top 5 Accuracy: 60.00%
2024-10-31 20:15:34,330 - INFO - Getting embeddings for dbmdz/bert-base-turkish-cased...
2024-10-31 20:15:34,447 - INFO - Embeddings for dbmdz/bert-base-turkish-cased obtained.
2024-10-31 20:15:35,765 - INFO - Getting embeddings for dbmdz/bert-base-turkish-cased...
2024-10-31 20:15:35,897 - INFO - Embeddings for dbmdz/bert-base-turkish-cased obtained.
2024-10-31 20:15:35,904 - INFO - dbmdz/bert-base-turkish-cased - Epoch 1, Batch 79: Training Top 1 Accuracy: 60.00%
2024-10-31 20:15:35,904 - INFO - dbmdz/bert-base-turkish-cased - Epoch 1, Batch 79: Training Top 5 Accuracy: 60.00%
2024-10-31 20:15:37,272 - INFO - Getting embeddings for dbmdz/bert-base-turkish-cased...
2024-10-31 20:15:37,454 - INFO - Embeddings for dbmdz/bert-base-turkish-cased obtained.
2024-10-31 20:15:38,810 - INFO - Getting embeddings for dbmdz/bert-base-turkish-cased...
2024-10-31 20:15:38,958 - INFO - Embeddings for dbmdz/bert-base-turkish-cased obtained.
2024-10-31 20:15:38,972 - INFO - dbmdz/bert-base-turkish-cased - Epoch 1, Batch 80: Training Top 1 Accuracy: 80.00%
2024-10-31 20:15:38,972 - INFO - dbmdz/bert-base-turkish-cased - Epoch 1, Batch 80: Training Top 5 Accuracy: 90.00%
2024-10-31 20:15:40,345 - INFO - Getting embeddings for dbmdz/bert-base-turkish-cased...
2024-10-31 20:15:41,514 - INFO - Embeddings for dbmdz/bert-base-turkish-cased obtained.
2024-10-31 20:15:42,922 - INFO - Getting embeddings for dbmdz/bert-base-turkish-cased...
2024-10-31 20:15:44,012 - INFO - Embeddings for dbmdz/bert-base-turkish-cased obtained.
2024-10-31 20:15:44,035 - INFO - dbmdz/bert-base-turkish-cased - Epoch 1: Validation Top 1 Accuracy: 47.00%
2024-10-31 20:15:44,036 - INFO - dbmdz/bert-base-turkish-cased - Epoch 1: Validation Top 5 Accuracy: 59.00%
2024-10-31 20:15:44,036 - INFO - dbmdz/bert-base-turkish-cased - Epoch 1: Model improved, saving model...
2024-10-31 20:15:44,036 - INFO - Evaluating model on test set: dbmdz/bert-base-turkish-cased
2024-10-31 20:15:45,455 - INFO - Getting embeddings for dbmdz/bert-base-turkish-cased...
2024-10-31 20:15:46,658 - INFO - Embeddings for dbmdz/bert-base-turkish-cased obtained.
2024-10-31 20:15:48,010 - INFO - Getting embeddings for dbmdz/bert-base-turkish-cased...
2024-10-31 20:15:48,924 - INFO - Embeddings for dbmdz/bert-base-turkish-cased obtained.
2024-10-31 20:15:48,941 - INFO - dbmdz/bert-base-turkish-cased - Test Top 1 Accuracy: 52.00%
2024-10-31 20:15:48,950 - INFO - dbmdz/bert-base-turkish-cased - Test Top 5 Accuracy: 65.00%
2024-10-31 20:15:48,951 - INFO - dbmdz/bert-base-turkish-cased - Wrong Answer Analysis:
2024-10-31 20:15:48,951 - ERROR - Error processing model dbmdz/bert-base-turkish-cased: unsupported format string passed to numpy.ndarray.__format__
