2024-11-01 21:18:36,983 - INFO - Reading CSV file...
2024-11-01 21:18:36,994 - INFO - CSV file successfully read.
2024-11-01 21:18:37,443 - INFO - Using device: cuda
2024-11-01 21:18:37,443 - INFO - Training model: dbmdz/bert-base-turkish-cased
2024-11-01 21:18:41,191 - INFO - Epoch 1/1
2024-11-01 21:18:42,587 - INFO - Getting embeddings for dbmdz/bert-base-turkish-cased...
2024-11-01 21:18:50,143 - INFO - Embeddings for dbmdz/bert-base-turkish-cased obtained.
2024-11-01 21:18:52,085 - INFO - Getting embeddings for dbmdz/bert-base-turkish-cased...
2024-11-01 21:19:01,467 - INFO - Embeddings for dbmdz/bert-base-turkish-cased obtained.
2024-11-01 21:19:01,619 - INFO - Training Batch 1: Top 1 Accuracy: 29.88%, Top 5 Accuracy: 72.00%
2024-11-01 21:19:01,622 - INFO - Validating model...
2024-11-01 21:19:03,107 - INFO - Getting embeddings for dbmdz/bert-base-turkish-cased...
2024-11-01 21:19:04,141 - INFO - Embeddings for dbmdz/bert-base-turkish-cased obtained.
2024-11-01 21:19:05,571 - INFO - Getting embeddings for dbmdz/bert-base-turkish-cased...
2024-11-01 21:19:06,633 - INFO - Embeddings for dbmdz/bert-base-turkish-cased obtained.
2024-11-01 21:19:06,647 - INFO - Validation: Top 1 Accuracy: 40.00%, Top 5 Accuracy: 71.00%
2024-11-01 21:19:06,654 - INFO - Testing model...
2024-11-01 21:19:08,063 - INFO - Getting embeddings for dbmdz/bert-base-turkish-cased...
2024-11-01 21:19:09,181 - INFO - Embeddings for dbmdz/bert-base-turkish-cased obtained.
2024-11-01 21:19:10,610 - INFO - Getting embeddings for dbmdz/bert-base-turkish-cased...
2024-11-01 21:19:11,646 - INFO - Embeddings for dbmdz/bert-base-turkish-cased obtained.
2024-11-01 21:19:11,658 - INFO - Test Results: Top 1 Accuracy: 49.00%, Top 5 Accuracy: 77.00%
