2024-10-31 14:42:09,374 - INFO - Reading CSV file...
2024-10-31 14:42:09,386 - INFO - CSV file successfully read.
2024-10-31 14:42:09,905 - INFO - Using device: cuda
2024-10-31 14:42:09,906 - INFO - Processing model: dbmdz/bert-base-turkish-cased
2024-10-31 14:42:14,090 - INFO - Getting embeddings for dbmdz/bert-base-turkish-cased...
2024-10-31 14:42:21,919 - INFO - Embeddings for dbmdz/bert-base-turkish-cased obtained.
2024-10-31 14:42:23,489 - INFO - Getting embeddings for dbmdz/bert-base-turkish-cased...
2024-10-31 14:42:32,219 - INFO - Embeddings for dbmdz/bert-base-turkish-cased obtained.
2024-10-31 14:42:33,752 - INFO - Getting embeddings for dbmdz/bert-base-turkish-cased...
2024-10-31 14:42:34,812 - INFO - Embeddings for dbmdz/bert-base-turkish-cased obtained.
2024-10-31 14:42:36,273 - INFO - Getting embeddings for dbmdz/bert-base-turkish-cased...
2024-10-31 14:42:37,299 - INFO - Embeddings for dbmdz/bert-base-turkish-cased obtained.
2024-10-31 14:42:38,950 - INFO - Getting embeddings for dbmdz/bert-base-turkish-cased...
2024-10-31 14:42:39,849 - INFO - Embeddings for dbmdz/bert-base-turkish-cased obtained.
2024-10-31 14:42:41,329 - INFO - Getting embeddings for dbmdz/bert-base-turkish-cased...
2024-10-31 14:42:42,399 - INFO - Embeddings for dbmdz/bert-base-turkish-cased obtained.
2024-10-31 14:42:43,216 - INFO - dbmdz/bert-base-turkish-cased - Training Top 1 Accuracy: 29.88%
2024-10-31 14:42:43,217 - INFO - dbmdz/bert-base-turkish-cased - Training Top 5 Accuracy: 45.62%
2024-10-31 14:42:43,227 - INFO - dbmdz/bert-base-turkish-cased - Validation Top 1 Accuracy: 40.00%
2024-10-31 14:42:43,227 - INFO - dbmdz/bert-base-turkish-cased - Validation Top 5 Accuracy: 54.00%
2024-10-31 14:42:43,237 - INFO - dbmdz/bert-base-turkish-cased - Test Top 1 Accuracy: 49.00%
2024-10-31 14:42:43,237 - INFO - dbmdz/bert-base-turkish-cased - Test Top 5 Accuracy: 62.00%
2024-10-31 14:42:43,237 - INFO - Applying TSNE for dbmdz/bert-base-turkish-cased...
2024-10-31 14:42:50,728 - INFO - TSNE visualization completed for dbmdz/bert-base-turkish-cased.
