2024-10-31 19:28:16,889 - INFO - Reading CSV file...
2024-10-31 19:28:16,915 - INFO - CSV file successfully read.
2024-10-31 19:28:18,136 - INFO - Using device: cuda
2024-10-31 19:28:18,136 - INFO - Processing model: dbmdz/bert-base-turkish-cased
2024-10-31 19:28:22,150 - INFO - Starting epoch 1/3 for dbmdz/bert-base-turkish-cased...
2024-10-31 19:28:23,555 - INFO - Getting embeddings for dbmdz/bert-base-turkish-cased...
2024-10-31 19:28:24,246 - INFO - Embeddings for dbmdz/bert-base-turkish-cased obtained.
2024-10-31 19:28:25,593 - INFO - Getting embeddings for dbmdz/bert-base-turkish-cased...
2024-10-31 19:28:26,076 - INFO - Embeddings for dbmdz/bert-base-turkish-cased obtained.
2024-10-31 19:28:26,084 - INFO - dbmdz/bert-base-turkish-cased - Epoch 1, Batch 1: Training Top 1 Accuracy: 52.00%
2024-10-31 19:28:26,085 - INFO - dbmdz/bert-base-turkish-cased - Epoch 1, Batch 1: Training Top 5 Accuracy: 76.00%
2024-10-31 19:28:27,472 - INFO - Getting embeddings for dbmdz/bert-base-turkish-cased...
2024-10-31 19:28:27,959 - INFO - Embeddings for dbmdz/bert-base-turkish-cased obtained.
2024-10-31 19:28:29,371 - INFO - Getting embeddings for dbmdz/bert-base-turkish-cased...
2024-10-31 19:28:30,031 - INFO - Embeddings for dbmdz/bert-base-turkish-cased obtained.
2024-10-31 19:28:30,038 - INFO - dbmdz/bert-base-turkish-cased - Epoch 1, Batch 2: Training Top 1 Accuracy: 70.00%
2024-10-31 19:28:30,038 - INFO - dbmdz/bert-base-turkish-cased - Epoch 1, Batch 2: Training Top 5 Accuracy: 82.00%
2024-10-31 19:28:31,513 - INFO - Getting embeddings for dbmdz/bert-base-turkish-cased...
2024-10-31 19:28:32,173 - INFO - Embeddings for dbmdz/bert-base-turkish-cased obtained.
2024-10-31 19:28:33,562 - INFO - Getting embeddings for dbmdz/bert-base-turkish-cased...
2024-10-31 19:28:34,274 - INFO - Embeddings for dbmdz/bert-base-turkish-cased obtained.
2024-10-31 19:28:34,284 - INFO - dbmdz/bert-base-turkish-cased - Epoch 1, Batch 3: Training Top 1 Accuracy: 56.00%
2024-10-31 19:28:34,284 - INFO - dbmdz/bert-base-turkish-cased - Epoch 1, Batch 3: Training Top 5 Accuracy: 76.00%
2024-10-31 19:28:35,649 - INFO - Getting embeddings for dbmdz/bert-base-turkish-cased...
2024-10-31 19:28:36,150 - INFO - Embeddings for dbmdz/bert-base-turkish-cased obtained.
2024-10-31 19:28:37,564 - INFO - Getting embeddings for dbmdz/bert-base-turkish-cased...
2024-10-31 19:28:38,154 - INFO - Embeddings for dbmdz/bert-base-turkish-cased obtained.
2024-10-31 19:28:38,162 - INFO - dbmdz/bert-base-turkish-cased - Epoch 1, Batch 4: Training Top 1 Accuracy: 44.00%
2024-10-31 19:28:38,163 - INFO - dbmdz/bert-base-turkish-cased - Epoch 1, Batch 4: Training Top 5 Accuracy: 66.00%
2024-10-31 19:28:39,473 - INFO - Getting embeddings for dbmdz/bert-base-turkish-cased...
2024-10-31 19:28:40,088 - INFO - Embeddings for dbmdz/bert-base-turkish-cased obtained.
2024-10-31 19:28:41,426 - INFO - Getting embeddings for dbmdz/bert-base-turkish-cased...
2024-10-31 19:28:41,991 - INFO - Embeddings for dbmdz/bert-base-turkish-cased obtained.
2024-10-31 19:28:41,999 - INFO - dbmdz/bert-base-turkish-cased - Epoch 1, Batch 5: Training Top 1 Accuracy: 54.00%
2024-10-31 19:28:41,999 - INFO - dbmdz/bert-base-turkish-cased - Epoch 1, Batch 5: Training Top 5 Accuracy: 68.00%
2024-10-31 19:28:43,352 - INFO - Getting embeddings for dbmdz/bert-base-turkish-cased...
2024-10-31 19:28:43,969 - INFO - Embeddings for dbmdz/bert-base-turkish-cased obtained.
2024-10-31 19:28:45,382 - INFO - Getting embeddings for dbmdz/bert-base-turkish-cased...
2024-10-31 19:28:45,950 - INFO - Embeddings for dbmdz/bert-base-turkish-cased obtained.
2024-10-31 19:28:45,957 - INFO - dbmdz/bert-base-turkish-cased - Epoch 1, Batch 6: Training Top 1 Accuracy: 44.00%
2024-10-31 19:28:45,957 - INFO - dbmdz/bert-base-turkish-cased - Epoch 1, Batch 6: Training Top 5 Accuracy: 64.00%
2024-10-31 19:28:47,860 - INFO - Getting embeddings for dbmdz/bert-base-turkish-cased...
2024-10-31 19:28:48,473 - INFO - Embeddings for dbmdz/bert-base-turkish-cased obtained.
2024-10-31 19:28:49,853 - INFO - Getting embeddings for dbmdz/bert-base-turkish-cased...
2024-10-31 19:28:50,378 - INFO - Embeddings for dbmdz/bert-base-turkish-cased obtained.
2024-10-31 19:28:50,386 - INFO - dbmdz/bert-base-turkish-cased - Epoch 1, Batch 7: Training Top 1 Accuracy: 54.00%
2024-10-31 19:28:50,386 - INFO - dbmdz/bert-base-turkish-cased - Epoch 1, Batch 7: Training Top 5 Accuracy: 68.00%
2024-10-31 19:28:51,924 - INFO - Getting embeddings for dbmdz/bert-base-turkish-cased...
2024-10-31 19:28:52,423 - INFO - Embeddings for dbmdz/bert-base-turkish-cased obtained.
2024-10-31 19:28:53,778 - INFO - Getting embeddings for dbmdz/bert-base-turkish-cased...
2024-10-31 19:28:54,433 - INFO - Embeddings for dbmdz/bert-base-turkish-cased obtained.
2024-10-31 19:28:54,440 - INFO - dbmdz/bert-base-turkish-cased - Epoch 1, Batch 8: Training Top 1 Accuracy: 46.00%
2024-10-31 19:28:54,441 - INFO - dbmdz/bert-base-turkish-cased - Epoch 1, Batch 8: Training Top 5 Accuracy: 66.00%
2024-10-31 19:28:55,785 - INFO - Getting embeddings for dbmdz/bert-base-turkish-cased...
2024-10-31 19:28:56,411 - INFO - Embeddings for dbmdz/bert-base-turkish-cased obtained.
2024-10-31 19:28:57,750 - INFO - Getting embeddings for dbmdz/bert-base-turkish-cased...
2024-10-31 19:28:58,477 - INFO - Embeddings for dbmdz/bert-base-turkish-cased obtained.
2024-10-31 19:28:58,486 - INFO - dbmdz/bert-base-turkish-cased - Epoch 1, Batch 9: Training Top 1 Accuracy: 48.00%
2024-10-31 19:28:58,486 - INFO - dbmdz/bert-base-turkish-cased - Epoch 1, Batch 9: Training Top 5 Accuracy: 70.00%
2024-10-31 19:28:59,870 - INFO - Getting embeddings for dbmdz/bert-base-turkish-cased...
2024-10-31 19:29:00,462 - INFO - Embeddings for dbmdz/bert-base-turkish-cased obtained.
2024-10-31 19:29:01,880 - INFO - Getting embeddings for dbmdz/bert-base-turkish-cased...
2024-10-31 19:29:02,417 - INFO - Embeddings for dbmdz/bert-base-turkish-cased obtained.
2024-10-31 19:29:02,424 - INFO - dbmdz/bert-base-turkish-cased - Epoch 1, Batch 10: Training Top 1 Accuracy: 50.00%
2024-10-31 19:29:02,425 - INFO - dbmdz/bert-base-turkish-cased - Epoch 1, Batch 10: Training Top 5 Accuracy: 72.00%
2024-10-31 19:29:03,799 - INFO - Getting embeddings for dbmdz/bert-base-turkish-cased...
2024-10-31 19:29:04,424 - INFO - Embeddings for dbmdz/bert-base-turkish-cased obtained.
2024-10-31 19:29:05,977 - INFO - Getting embeddings for dbmdz/bert-base-turkish-cased...
2024-10-31 19:29:06,561 - INFO - Embeddings for dbmdz/bert-base-turkish-cased obtained.
2024-10-31 19:29:06,569 - INFO - dbmdz/bert-base-turkish-cased - Epoch 1, Batch 11: Training Top 1 Accuracy: 46.00%
2024-10-31 19:29:06,569 - INFO - dbmdz/bert-base-turkish-cased - Epoch 1, Batch 11: Training Top 5 Accuracy: 66.00%
2024-10-31 19:29:07,927 - INFO - Getting embeddings for dbmdz/bert-base-turkish-cased...
2024-10-31 19:29:08,422 - INFO - Embeddings for dbmdz/bert-base-turkish-cased obtained.
2024-10-31 19:29:09,762 - INFO - Getting embeddings for dbmdz/bert-base-turkish-cased...
2024-10-31 19:29:10,305 - INFO - Embeddings for dbmdz/bert-base-turkish-cased obtained.
2024-10-31 19:29:10,313 - INFO - dbmdz/bert-base-turkish-cased - Epoch 1, Batch 12: Training Top 1 Accuracy: 60.00%
2024-10-31 19:29:10,314 - INFO - dbmdz/bert-base-turkish-cased - Epoch 1, Batch 12: Training Top 5 Accuracy: 78.00%
2024-10-31 19:29:11,720 - INFO - Getting embeddings for dbmdz/bert-base-turkish-cased...
2024-10-31 19:29:12,263 - INFO - Embeddings for dbmdz/bert-base-turkish-cased obtained.
2024-10-31 19:29:13,653 - INFO - Getting embeddings for dbmdz/bert-base-turkish-cased...
2024-10-31 19:29:14,255 - INFO - Embeddings for dbmdz/bert-base-turkish-cased obtained.
2024-10-31 19:29:14,265 - INFO - dbmdz/bert-base-turkish-cased - Epoch 1, Batch 13: Training Top 1 Accuracy: 58.00%
2024-10-31 19:29:14,266 - INFO - dbmdz/bert-base-turkish-cased - Epoch 1, Batch 13: Training Top 5 Accuracy: 76.00%
2024-10-31 19:29:15,666 - INFO - Getting embeddings for dbmdz/bert-base-turkish-cased...
2024-10-31 19:29:16,194 - INFO - Embeddings for dbmdz/bert-base-turkish-cased obtained.
2024-10-31 19:29:17,629 - INFO - Getting embeddings for dbmdz/bert-base-turkish-cased...
2024-10-31 19:29:18,210 - INFO - Embeddings for dbmdz/bert-base-turkish-cased obtained.
2024-10-31 19:29:18,218 - INFO - dbmdz/bert-base-turkish-cased - Epoch 1, Batch 14: Training Top 1 Accuracy: 58.00%
2024-10-31 19:29:18,218 - INFO - dbmdz/bert-base-turkish-cased - Epoch 1, Batch 14: Training Top 5 Accuracy: 72.00%
2024-10-31 19:29:19,663 - INFO - Getting embeddings for dbmdz/bert-base-turkish-cased...
2024-10-31 19:29:20,809 - INFO - Embeddings for dbmdz/bert-base-turkish-cased obtained.
2024-10-31 19:29:22,209 - INFO - Getting embeddings for dbmdz/bert-base-turkish-cased...
2024-10-31 19:29:22,743 - INFO - Embeddings for dbmdz/bert-base-turkish-cased obtained.
2024-10-31 19:29:22,752 - INFO - dbmdz/bert-base-turkish-cased - Epoch 1, Batch 15: Training Top 1 Accuracy: 44.00%
2024-10-31 19:29:22,753 - INFO - dbmdz/bert-base-turkish-cased - Epoch 1, Batch 15: Training Top 5 Accuracy: 70.00%
2024-10-31 19:29:24,080 - INFO - Getting embeddings for dbmdz/bert-base-turkish-cased...
2024-10-31 19:29:24,573 - INFO - Embeddings for dbmdz/bert-base-turkish-cased obtained.
2024-10-31 19:29:25,964 - INFO - Getting embeddings for dbmdz/bert-base-turkish-cased...
2024-10-31 19:29:26,460 - INFO - Embeddings for dbmdz/bert-base-turkish-cased obtained.
2024-10-31 19:29:26,468 - INFO - dbmdz/bert-base-turkish-cased - Epoch 1, Batch 16: Training Top 1 Accuracy: 52.00%
2024-10-31 19:29:26,468 - INFO - dbmdz/bert-base-turkish-cased - Epoch 1, Batch 16: Training Top 5 Accuracy: 76.00%
2024-10-31 19:29:27,892 - INFO - Getting embeddings for dbmdz/bert-base-turkish-cased...
2024-10-31 19:29:29,000 - INFO - Embeddings for dbmdz/bert-base-turkish-cased obtained.
2024-10-31 19:29:30,531 - INFO - Getting embeddings for dbmdz/bert-base-turkish-cased...
2024-10-31 19:29:31,705 - INFO - Embeddings for dbmdz/bert-base-turkish-cased obtained.
2024-10-31 19:29:31,722 - INFO - dbmdz/bert-base-turkish-cased - Epoch 1: Validation Top 1 Accuracy: 47.00%
2024-10-31 19:29:31,722 - INFO - dbmdz/bert-base-turkish-cased - Epoch 1: Validation Top 5 Accuracy: 59.00%
2024-10-31 19:29:31,723 - INFO - dbmdz/bert-base-turkish-cased - Epoch 1: Model improved, saving model...
2024-10-31 19:29:31,723 - INFO - Starting epoch 2/3 for dbmdz/bert-base-turkish-cased...
2024-10-31 19:29:33,186 - INFO - Getting embeddings for dbmdz/bert-base-turkish-cased...
2024-10-31 19:29:33,686 - INFO - Embeddings for dbmdz/bert-base-turkish-cased obtained.
2024-10-31 19:29:35,130 - INFO - Getting embeddings for dbmdz/bert-base-turkish-cased...
2024-10-31 19:29:35,678 - INFO - Embeddings for dbmdz/bert-base-turkish-cased obtained.
2024-10-31 19:29:35,687 - INFO - dbmdz/bert-base-turkish-cased - Epoch 2, Batch 1: Training Top 1 Accuracy: 54.00%
2024-10-31 19:29:35,688 - INFO - dbmdz/bert-base-turkish-cased - Epoch 2, Batch 1: Training Top 5 Accuracy: 74.00%
2024-10-31 19:29:37,246 - INFO - Getting embeddings for dbmdz/bert-base-turkish-cased...
2024-10-31 19:29:37,761 - INFO - Embeddings for dbmdz/bert-base-turkish-cased obtained.
2024-10-31 19:29:39,178 - INFO - Getting embeddings for dbmdz/bert-base-turkish-cased...
2024-10-31 19:29:39,679 - INFO - Embeddings for dbmdz/bert-base-turkish-cased obtained.
2024-10-31 19:29:39,694 - INFO - dbmdz/bert-base-turkish-cased - Epoch 2, Batch 2: Training Top 1 Accuracy: 46.00%
2024-10-31 19:29:39,694 - INFO - dbmdz/bert-base-turkish-cased - Epoch 2, Batch 2: Training Top 5 Accuracy: 68.00%
2024-10-31 19:29:41,078 - INFO - Getting embeddings for dbmdz/bert-base-turkish-cased...
2024-10-31 19:29:41,579 - INFO - Embeddings for dbmdz/bert-base-turkish-cased obtained.
2024-10-31 19:29:42,931 - INFO - Getting embeddings for dbmdz/bert-base-turkish-cased...
2024-10-31 19:29:43,644 - INFO - Embeddings for dbmdz/bert-base-turkish-cased obtained.
2024-10-31 19:29:43,652 - INFO - dbmdz/bert-base-turkish-cased - Epoch 2, Batch 3: Training Top 1 Accuracy: 46.00%
2024-10-31 19:29:43,652 - INFO - dbmdz/bert-base-turkish-cased - Epoch 2, Batch 3: Training Top 5 Accuracy: 72.00%
2024-10-31 19:29:45,123 - INFO - Getting embeddings for dbmdz/bert-base-turkish-cased...
2024-10-31 19:29:45,709 - INFO - Embeddings for dbmdz/bert-base-turkish-cased obtained.
2024-10-31 19:29:47,046 - INFO - Getting embeddings for dbmdz/bert-base-turkish-cased...
2024-10-31 19:29:47,632 - INFO - Embeddings for dbmdz/bert-base-turkish-cased obtained.
2024-10-31 19:29:47,641 - INFO - dbmdz/bert-base-turkish-cased - Epoch 2, Batch 4: Training Top 1 Accuracy: 46.00%
2024-10-31 19:29:47,642 - INFO - dbmdz/bert-base-turkish-cased - Epoch 2, Batch 4: Training Top 5 Accuracy: 70.00%
2024-10-31 19:29:48,945 - INFO - Getting embeddings for dbmdz/bert-base-turkish-cased...
2024-10-31 19:29:49,454 - INFO - Embeddings for dbmdz/bert-base-turkish-cased obtained.
2024-10-31 19:29:50,844 - INFO - Getting embeddings for dbmdz/bert-base-turkish-cased...
2024-10-31 19:29:51,505 - INFO - Embeddings for dbmdz/bert-base-turkish-cased obtained.
2024-10-31 19:29:51,512 - INFO - dbmdz/bert-base-turkish-cased - Epoch 2, Batch 5: Training Top 1 Accuracy: 62.00%
2024-10-31 19:29:51,513 - INFO - dbmdz/bert-base-turkish-cased - Epoch 2, Batch 5: Training Top 5 Accuracy: 68.00%
2024-10-31 19:29:53,405 - INFO - Getting embeddings for dbmdz/bert-base-turkish-cased...
2024-10-31 19:29:54,108 - INFO - Embeddings for dbmdz/bert-base-turkish-cased obtained.
2024-10-31 19:29:55,546 - INFO - Getting embeddings for dbmdz/bert-base-turkish-cased...
2024-10-31 19:29:56,244 - INFO - Embeddings for dbmdz/bert-base-turkish-cased obtained.
2024-10-31 19:29:56,251 - INFO - dbmdz/bert-base-turkish-cased - Epoch 2, Batch 6: Training Top 1 Accuracy: 40.00%
2024-10-31 19:29:56,251 - INFO - dbmdz/bert-base-turkish-cased - Epoch 2, Batch 6: Training Top 5 Accuracy: 56.00%
2024-10-31 19:29:57,625 - INFO - Getting embeddings for dbmdz/bert-base-turkish-cased...
2024-10-31 19:29:58,149 - INFO - Embeddings for dbmdz/bert-base-turkish-cased obtained.
2024-10-31 19:29:59,513 - INFO - Getting embeddings for dbmdz/bert-base-turkish-cased...
2024-10-31 19:29:59,984 - INFO - Embeddings for dbmdz/bert-base-turkish-cased obtained.
2024-10-31 19:29:59,991 - INFO - dbmdz/bert-base-turkish-cased - Epoch 2, Batch 7: Training Top 1 Accuracy: 40.00%
2024-10-31 19:29:59,992 - INFO - dbmdz/bert-base-turkish-cased - Epoch 2, Batch 7: Training Top 5 Accuracy: 74.00%
2024-10-31 19:30:01,372 - INFO - Getting embeddings for dbmdz/bert-base-turkish-cased...
2024-10-31 19:30:01,967 - INFO - Embeddings for dbmdz/bert-base-turkish-cased obtained.
2024-10-31 19:30:03,311 - INFO - Getting embeddings for dbmdz/bert-base-turkish-cased...
2024-10-31 19:30:03,796 - INFO - Embeddings for dbmdz/bert-base-turkish-cased obtained.
2024-10-31 19:30:03,803 - INFO - dbmdz/bert-base-turkish-cased - Epoch 2, Batch 8: Training Top 1 Accuracy: 58.00%
2024-10-31 19:30:03,804 - INFO - dbmdz/bert-base-turkish-cased - Epoch 2, Batch 8: Training Top 5 Accuracy: 76.00%
2024-10-31 19:30:05,231 - INFO - Getting embeddings for dbmdz/bert-base-turkish-cased...
2024-10-31 19:30:05,682 - INFO - Embeddings for dbmdz/bert-base-turkish-cased obtained.
2024-10-31 19:30:07,140 - INFO - Getting embeddings for dbmdz/bert-base-turkish-cased...
2024-10-31 19:30:07,751 - INFO - Embeddings for dbmdz/bert-base-turkish-cased obtained.
2024-10-31 19:30:07,758 - INFO - dbmdz/bert-base-turkish-cased - Epoch 2, Batch 9: Training Top 1 Accuracy: 46.00%
2024-10-31 19:30:07,758 - INFO - dbmdz/bert-base-turkish-cased - Epoch 2, Batch 9: Training Top 5 Accuracy: 70.00%
2024-10-31 19:30:09,187 - INFO - Getting embeddings for dbmdz/bert-base-turkish-cased...
2024-10-31 19:30:09,649 - INFO - Embeddings for dbmdz/bert-base-turkish-cased obtained.
2024-10-31 19:30:11,147 - INFO - Getting embeddings for dbmdz/bert-base-turkish-cased...
2024-10-31 19:30:11,700 - INFO - Embeddings for dbmdz/bert-base-turkish-cased obtained.
2024-10-31 19:30:11,708 - INFO - dbmdz/bert-base-turkish-cased - Epoch 2, Batch 10: Training Top 1 Accuracy: 60.00%
2024-10-31 19:30:11,708 - INFO - dbmdz/bert-base-turkish-cased - Epoch 2, Batch 10: Training Top 5 Accuracy: 70.00%
2024-10-31 19:30:13,065 - INFO - Getting embeddings for dbmdz/bert-base-turkish-cased...
2024-10-31 19:30:13,647 - INFO - Embeddings for dbmdz/bert-base-turkish-cased obtained.
2024-10-31 19:30:15,459 - INFO - Getting embeddings for dbmdz/bert-base-turkish-cased...
2024-10-31 19:30:16,097 - INFO - Embeddings for dbmdz/bert-base-turkish-cased obtained.
2024-10-31 19:30:16,104 - INFO - dbmdz/bert-base-turkish-cased - Epoch 2, Batch 11: Training Top 1 Accuracy: 50.00%
2024-10-31 19:30:16,104 - INFO - dbmdz/bert-base-turkish-cased - Epoch 2, Batch 11: Training Top 5 Accuracy: 66.00%
2024-10-31 19:30:27,393 - INFO - Getting embeddings for dbmdz/bert-base-turkish-cased...
2024-10-31 19:30:28,087 - INFO - Embeddings for dbmdz/bert-base-turkish-cased obtained.
2024-10-31 19:30:49,472 - INFO - Getting embeddings for dbmdz/bert-base-turkish-cased...
2024-10-31 19:30:50,192 - INFO - Embeddings for dbmdz/bert-base-turkish-cased obtained.
2024-10-31 19:30:50,199 - INFO - dbmdz/bert-base-turkish-cased - Epoch 2, Batch 12: Training Top 1 Accuracy: 50.00%
2024-10-31 19:30:50,200 - INFO - dbmdz/bert-base-turkish-cased - Epoch 2, Batch 12: Training Top 5 Accuracy: 72.00%
2024-10-31 19:30:51,178 - INFO - Getting embeddings for dbmdz/bert-base-turkish-cased...
2024-10-31 19:30:51,743 - INFO - Embeddings for dbmdz/bert-base-turkish-cased obtained.
2024-10-31 19:30:52,788 - INFO - Getting embeddings for dbmdz/bert-base-turkish-cased...
2024-10-31 19:30:53,428 - INFO - Embeddings for dbmdz/bert-base-turkish-cased obtained.
2024-10-31 19:30:53,435 - INFO - dbmdz/bert-base-turkish-cased - Epoch 2, Batch 13: Training Top 1 Accuracy: 42.00%
2024-10-31 19:30:53,435 - INFO - dbmdz/bert-base-turkish-cased - Epoch 2, Batch 13: Training Top 5 Accuracy: 66.00%
2024-10-31 19:30:54,430 - INFO - Getting embeddings for dbmdz/bert-base-turkish-cased...
2024-10-31 19:30:54,872 - INFO - Embeddings for dbmdz/bert-base-turkish-cased obtained.
2024-10-31 19:30:55,877 - INFO - Getting embeddings for dbmdz/bert-base-turkish-cased...
2024-10-31 19:30:56,565 - INFO - Embeddings for dbmdz/bert-base-turkish-cased obtained.
2024-10-31 19:30:56,574 - INFO - dbmdz/bert-base-turkish-cased - Epoch 2, Batch 14: Training Top 1 Accuracy: 50.00%
2024-10-31 19:30:56,574 - INFO - dbmdz/bert-base-turkish-cased - Epoch 2, Batch 14: Training Top 5 Accuracy: 78.00%
2024-10-31 19:30:57,564 - INFO - Getting embeddings for dbmdz/bert-base-turkish-cased...
2024-10-31 19:30:58,080 - INFO - Embeddings for dbmdz/bert-base-turkish-cased obtained.
2024-10-31 19:30:59,364 - INFO - Getting embeddings for dbmdz/bert-base-turkish-cased...
2024-10-31 19:30:59,955 - INFO - Embeddings for dbmdz/bert-base-turkish-cased obtained.
2024-10-31 19:30:59,962 - INFO - dbmdz/bert-base-turkish-cased - Epoch 2, Batch 15: Training Top 1 Accuracy: 60.00%
2024-10-31 19:30:59,962 - INFO - dbmdz/bert-base-turkish-cased - Epoch 2, Batch 15: Training Top 5 Accuracy: 78.00%
2024-10-31 19:31:01,013 - INFO - Getting embeddings for dbmdz/bert-base-turkish-cased...
2024-10-31 19:31:01,491 - INFO - Embeddings for dbmdz/bert-base-turkish-cased obtained.
2024-10-31 19:31:02,503 - INFO - Getting embeddings for dbmdz/bert-base-turkish-cased...
2024-10-31 19:31:03,202 - INFO - Embeddings for dbmdz/bert-base-turkish-cased obtained.
2024-10-31 19:31:03,211 - INFO - dbmdz/bert-base-turkish-cased - Epoch 2, Batch 16: Training Top 1 Accuracy: 50.00%
2024-10-31 19:31:03,212 - INFO - dbmdz/bert-base-turkish-cased - Epoch 2, Batch 16: Training Top 5 Accuracy: 74.00%
2024-10-31 19:31:04,244 - INFO - Getting embeddings for dbmdz/bert-base-turkish-cased...
2024-10-31 19:31:05,225 - INFO - Embeddings for dbmdz/bert-base-turkish-cased obtained.
2024-10-31 19:31:06,298 - INFO - Getting embeddings for dbmdz/bert-base-turkish-cased...
2024-10-31 19:31:07,337 - INFO - Embeddings for dbmdz/bert-base-turkish-cased obtained.
2024-10-31 19:31:07,352 - INFO - dbmdz/bert-base-turkish-cased - Epoch 2: Validation Top 1 Accuracy: 47.00%
2024-10-31 19:31:07,353 - INFO - dbmdz/bert-base-turkish-cased - Epoch 2: Validation Top 5 Accuracy: 59.00%
2024-10-31 19:31:07,353 - INFO - Starting epoch 3/3 for dbmdz/bert-base-turkish-cased...
2024-10-31 19:31:08,344 - INFO - Getting embeddings for dbmdz/bert-base-turkish-cased...
2024-10-31 19:31:08,833 - INFO - Embeddings for dbmdz/bert-base-turkish-cased obtained.
2024-10-31 19:31:09,923 - INFO - Getting embeddings for dbmdz/bert-base-turkish-cased...
2024-10-31 19:31:10,446 - INFO - Embeddings for dbmdz/bert-base-turkish-cased obtained.
2024-10-31 19:31:10,453 - INFO - dbmdz/bert-base-turkish-cased - Epoch 3, Batch 1: Training Top 1 Accuracy: 52.00%
2024-10-31 19:31:10,454 - INFO - dbmdz/bert-base-turkish-cased - Epoch 3, Batch 1: Training Top 5 Accuracy: 64.00%
2024-10-31 19:31:11,623 - INFO - Getting embeddings for dbmdz/bert-base-turkish-cased...
2024-10-31 19:31:12,241 - INFO - Embeddings for dbmdz/bert-base-turkish-cased obtained.
2024-10-31 19:31:13,282 - INFO - Getting embeddings for dbmdz/bert-base-turkish-cased...
2024-10-31 19:31:13,780 - INFO - Embeddings for dbmdz/bert-base-turkish-cased obtained.
2024-10-31 19:31:13,788 - INFO - dbmdz/bert-base-turkish-cased - Epoch 3, Batch 2: Training Top 1 Accuracy: 72.00%
2024-10-31 19:31:13,788 - INFO - dbmdz/bert-base-turkish-cased - Epoch 3, Batch 2: Training Top 5 Accuracy: 76.00%
2024-10-31 19:31:15,096 - INFO - Getting embeddings for dbmdz/bert-base-turkish-cased...
2024-10-31 19:31:15,635 - INFO - Embeddings for dbmdz/bert-base-turkish-cased obtained.
2024-10-31 19:31:16,650 - INFO - Getting embeddings for dbmdz/bert-base-turkish-cased...
2024-10-31 19:31:17,198 - INFO - Embeddings for dbmdz/bert-base-turkish-cased obtained.
2024-10-31 19:31:17,205 - INFO - dbmdz/bert-base-turkish-cased - Epoch 3, Batch 3: Training Top 1 Accuracy: 36.00%
2024-10-31 19:31:17,205 - INFO - dbmdz/bert-base-turkish-cased - Epoch 3, Batch 3: Training Top 5 Accuracy: 70.00%
2024-10-31 19:31:18,252 - INFO - Getting embeddings for dbmdz/bert-base-turkish-cased...
2024-10-31 19:31:18,847 - INFO - Embeddings for dbmdz/bert-base-turkish-cased obtained.
2024-10-31 19:31:19,880 - INFO - Getting embeddings for dbmdz/bert-base-turkish-cased...
2024-10-31 19:31:20,347 - INFO - Embeddings for dbmdz/bert-base-turkish-cased obtained.
2024-10-31 19:31:20,355 - INFO - dbmdz/bert-base-turkish-cased - Epoch 3, Batch 4: Training Top 1 Accuracy: 52.00%
2024-10-31 19:31:20,355 - INFO - dbmdz/bert-base-turkish-cased - Epoch 3, Batch 4: Training Top 5 Accuracy: 60.00%
2024-10-31 19:31:21,361 - INFO - Getting embeddings for dbmdz/bert-base-turkish-cased...
2024-10-31 19:31:21,844 - INFO - Embeddings for dbmdz/bert-base-turkish-cased obtained.
2024-10-31 19:31:22,866 - INFO - Getting embeddings for dbmdz/bert-base-turkish-cased...
2024-10-31 19:31:23,519 - INFO - Embeddings for dbmdz/bert-base-turkish-cased obtained.
2024-10-31 19:31:23,527 - INFO - dbmdz/bert-base-turkish-cased - Epoch 3, Batch 5: Training Top 1 Accuracy: 46.00%
2024-10-31 19:31:23,527 - INFO - dbmdz/bert-base-turkish-cased - Epoch 3, Batch 5: Training Top 5 Accuracy: 62.00%
2024-10-31 19:31:24,524 - INFO - Getting embeddings for dbmdz/bert-base-turkish-cased...
2024-10-31 19:31:25,055 - INFO - Embeddings for dbmdz/bert-base-turkish-cased obtained.
2024-10-31 19:31:26,033 - INFO - Getting embeddings for dbmdz/bert-base-turkish-cased...
2024-10-31 19:31:26,540 - INFO - Embeddings for dbmdz/bert-base-turkish-cased obtained.
2024-10-31 19:31:26,547 - INFO - dbmdz/bert-base-turkish-cased - Epoch 3, Batch 6: Training Top 1 Accuracy: 60.00%
2024-10-31 19:31:26,547 - INFO - dbmdz/bert-base-turkish-cased - Epoch 3, Batch 6: Training Top 5 Accuracy: 72.00%
2024-10-31 19:31:27,593 - INFO - Getting embeddings for dbmdz/bert-base-turkish-cased...
2024-10-31 19:31:28,089 - INFO - Embeddings for dbmdz/bert-base-turkish-cased obtained.
2024-10-31 19:31:29,138 - INFO - Getting embeddings for dbmdz/bert-base-turkish-cased...
2024-10-31 19:31:29,684 - INFO - Embeddings for dbmdz/bert-base-turkish-cased obtained.
2024-10-31 19:31:29,691 - INFO - dbmdz/bert-base-turkish-cased - Epoch 3, Batch 7: Training Top 1 Accuracy: 54.00%
2024-10-31 19:31:29,691 - INFO - dbmdz/bert-base-turkish-cased - Epoch 3, Batch 7: Training Top 5 Accuracy: 68.00%
2024-10-31 19:31:30,759 - INFO - Getting embeddings for dbmdz/bert-base-turkish-cased...
2024-10-31 19:31:31,384 - INFO - Embeddings for dbmdz/bert-base-turkish-cased obtained.
2024-10-31 19:31:32,458 - INFO - Getting embeddings for dbmdz/bert-base-turkish-cased...
2024-10-31 19:31:33,112 - INFO - Embeddings for dbmdz/bert-base-turkish-cased obtained.
2024-10-31 19:31:33,120 - INFO - dbmdz/bert-base-turkish-cased - Epoch 3, Batch 8: Training Top 1 Accuracy: 48.00%
2024-10-31 19:31:33,120 - INFO - dbmdz/bert-base-turkish-cased - Epoch 3, Batch 8: Training Top 5 Accuracy: 68.00%
2024-10-31 19:31:34,141 - INFO - Getting embeddings for dbmdz/bert-base-turkish-cased...
2024-10-31 19:31:34,796 - INFO - Embeddings for dbmdz/bert-base-turkish-cased obtained.
2024-10-31 19:31:35,814 - INFO - Getting embeddings for dbmdz/bert-base-turkish-cased...
2024-10-31 19:31:36,415 - INFO - Embeddings for dbmdz/bert-base-turkish-cased obtained.
2024-10-31 19:31:36,423 - INFO - dbmdz/bert-base-turkish-cased - Epoch 3, Batch 9: Training Top 1 Accuracy: 54.00%
2024-10-31 19:31:36,424 - INFO - dbmdz/bert-base-turkish-cased - Epoch 3, Batch 9: Training Top 5 Accuracy: 76.00%
2024-10-31 19:31:37,444 - INFO - Getting embeddings for dbmdz/bert-base-turkish-cased...
2024-10-31 19:31:37,996 - INFO - Embeddings for dbmdz/bert-base-turkish-cased obtained.
2024-10-31 19:31:39,070 - INFO - Getting embeddings for dbmdz/bert-base-turkish-cased...
2024-10-31 19:31:39,765 - INFO - Embeddings for dbmdz/bert-base-turkish-cased obtained.
2024-10-31 19:31:39,773 - INFO - dbmdz/bert-base-turkish-cased - Epoch 3, Batch 10: Training Top 1 Accuracy: 62.00%
2024-10-31 19:31:39,773 - INFO - dbmdz/bert-base-turkish-cased - Epoch 3, Batch 10: Training Top 5 Accuracy: 76.00%
2024-10-31 19:31:40,796 - INFO - Getting embeddings for dbmdz/bert-base-turkish-cased...
2024-10-31 19:31:41,262 - INFO - Embeddings for dbmdz/bert-base-turkish-cased obtained.
2024-10-31 19:31:42,347 - INFO - Getting embeddings for dbmdz/bert-base-turkish-cased...
2024-10-31 19:31:43,023 - INFO - Embeddings for dbmdz/bert-base-turkish-cased obtained.
2024-10-31 19:31:43,030 - INFO - dbmdz/bert-base-turkish-cased - Epoch 3, Batch 11: Training Top 1 Accuracy: 42.00%
2024-10-31 19:31:43,030 - INFO - dbmdz/bert-base-turkish-cased - Epoch 3, Batch 11: Training Top 5 Accuracy: 58.00%
2024-10-31 19:31:44,108 - INFO - Getting embeddings for dbmdz/bert-base-turkish-cased...
2024-10-31 19:31:44,787 - INFO - Embeddings for dbmdz/bert-base-turkish-cased obtained.
2024-10-31 19:31:45,845 - INFO - Getting embeddings for dbmdz/bert-base-turkish-cased...
2024-10-31 19:31:46,481 - INFO - Embeddings for dbmdz/bert-base-turkish-cased obtained.
2024-10-31 19:31:46,488 - INFO - dbmdz/bert-base-turkish-cased - Epoch 3, Batch 12: Training Top 1 Accuracy: 54.00%
2024-10-31 19:31:46,488 - INFO - dbmdz/bert-base-turkish-cased - Epoch 3, Batch 12: Training Top 5 Accuracy: 76.00%
2024-10-31 19:31:47,507 - INFO - Getting embeddings for dbmdz/bert-base-turkish-cased...
2024-10-31 19:31:48,081 - INFO - Embeddings for dbmdz/bert-base-turkish-cased obtained.
2024-10-31 19:31:49,137 - INFO - Getting embeddings for dbmdz/bert-base-turkish-cased...
2024-10-31 19:31:49,673 - INFO - Embeddings for dbmdz/bert-base-turkish-cased obtained.
2024-10-31 19:31:49,680 - INFO - dbmdz/bert-base-turkish-cased - Epoch 3, Batch 13: Training Top 1 Accuracy: 56.00%
2024-10-31 19:31:49,680 - INFO - dbmdz/bert-base-turkish-cased - Epoch 3, Batch 13: Training Top 5 Accuracy: 68.00%
2024-10-31 19:31:50,708 - INFO - Getting embeddings for dbmdz/bert-base-turkish-cased...
2024-10-31 19:31:51,258 - INFO - Embeddings for dbmdz/bert-base-turkish-cased obtained.
2024-10-31 19:31:52,501 - INFO - Getting embeddings for dbmdz/bert-base-turkish-cased...
2024-10-31 19:31:53,173 - INFO - Embeddings for dbmdz/bert-base-turkish-cased obtained.
2024-10-31 19:31:53,180 - INFO - dbmdz/bert-base-turkish-cased - Epoch 3, Batch 14: Training Top 1 Accuracy: 66.00%
2024-10-31 19:31:53,180 - INFO - dbmdz/bert-base-turkish-cased - Epoch 3, Batch 14: Training Top 5 Accuracy: 84.00%
2024-10-31 19:31:54,259 - INFO - Getting embeddings for dbmdz/bert-base-turkish-cased...
2024-10-31 19:31:54,750 - INFO - Embeddings for dbmdz/bert-base-turkish-cased obtained.
2024-10-31 19:31:55,874 - INFO - Getting embeddings for dbmdz/bert-base-turkish-cased...
2024-10-31 19:31:56,553 - INFO - Embeddings for dbmdz/bert-base-turkish-cased obtained.
2024-10-31 19:31:56,561 - INFO - dbmdz/bert-base-turkish-cased - Epoch 3, Batch 15: Training Top 1 Accuracy: 54.00%
2024-10-31 19:31:56,561 - INFO - dbmdz/bert-base-turkish-cased - Epoch 3, Batch 15: Training Top 5 Accuracy: 78.00%
2024-10-31 19:31:57,579 - INFO - Getting embeddings for dbmdz/bert-base-turkish-cased...
2024-10-31 19:31:58,024 - INFO - Embeddings for dbmdz/bert-base-turkish-cased obtained.
2024-10-31 19:31:59,111 - INFO - Getting embeddings for dbmdz/bert-base-turkish-cased...
2024-10-31 19:31:59,653 - INFO - Embeddings for dbmdz/bert-base-turkish-cased obtained.
2024-10-31 19:31:59,660 - INFO - dbmdz/bert-base-turkish-cased - Epoch 3, Batch 16: Training Top 1 Accuracy: 44.00%
2024-10-31 19:31:59,660 - INFO - dbmdz/bert-base-turkish-cased - Epoch 3, Batch 16: Training Top 5 Accuracy: 66.00%
2024-10-31 19:32:00,672 - INFO - Getting embeddings for dbmdz/bert-base-turkish-cased...
2024-10-31 19:32:01,584 - INFO - Embeddings for dbmdz/bert-base-turkish-cased obtained.
2024-10-31 19:32:02,626 - INFO - Getting embeddings for dbmdz/bert-base-turkish-cased...
2024-10-31 19:32:03,639 - INFO - Embeddings for dbmdz/bert-base-turkish-cased obtained.
2024-10-31 19:32:03,654 - INFO - dbmdz/bert-base-turkish-cased - Epoch 3: Validation Top 1 Accuracy: 47.00%
2024-10-31 19:32:03,655 - INFO - dbmdz/bert-base-turkish-cased - Epoch 3: Validation Top 5 Accuracy: 59.00%
2024-10-31 19:32:03,655 - INFO - dbmdz/bert-base-turkish-cased - Early stopping at epoch 3...
2024-10-31 19:32:03,661 - INFO - Processing complete.
