2024-10-31 15:07:06,754 - INFO - Reading CSV file...
2024-10-31 15:07:06,766 - INFO - CSV file successfully read.
2024-10-31 15:07:07,016 - INFO - Using device: cuda
2024-10-31 15:07:07,017 - INFO - Processing model: dbmdz/bert-base-turkish-cased
2024-10-31 15:07:11,211 - INFO - Getting embeddings for dbmdz/bert-base-turkish-cased...
2024-10-31 15:07:12,582 - INFO - Embeddings for dbmdz/bert-base-turkish-cased obtained.
2024-10-31 15:07:14,016 - INFO - Getting embeddings for dbmdz/bert-base-turkish-cased...
2024-10-31 15:07:17,813 - INFO - Embeddings for dbmdz/bert-base-turkish-cased obtained.
2024-10-31 15:07:19,258 - INFO - Getting embeddings for dbmdz/bert-base-turkish-cased...
2024-10-31 15:07:19,434 - INFO - Embeddings for dbmdz/bert-base-turkish-cased obtained.
2024-10-31 15:07:20,905 - INFO - Getting embeddings for dbmdz/bert-base-turkish-cased...
2024-10-31 15:07:21,497 - INFO - Embeddings for dbmdz/bert-base-turkish-cased obtained.
2024-10-31 15:07:21,502 - INFO - Epoch 1/3
2024-10-31 15:07:21,502 - INFO - Epoch 2/3
2024-10-31 15:07:21,502 - INFO - Epoch 3/3
2024-10-31 15:07:22,272 - INFO - dbmdz/bert-base-turkish-cased - Training Top 1 Accuracy: 19.62%
2024-10-31 15:07:22,272 - INFO - dbmdz/bert-base-turkish-cased - Training Top 5 Accuracy: 32.00%
2024-10-31 15:07:22,298 - INFO - dbmdz/bert-base-turkish-cased - Validation Top 1 Accuracy: 33.00%
2024-10-31 15:07:22,299 - INFO - dbmdz/bert-base-turkish-cased - Validation Top 5 Accuracy: 53.00%
2024-10-31 15:07:22,299 - INFO - Applying TSNE for dbmdz/bert-base-turkish-cased...
