2024-10-31 18:50:44,074 - INFO - Reading CSV file...
2024-10-31 18:50:44,087 - INFO - CSV file successfully read.
2024-10-31 18:50:44,170 - INFO - Using device: cuda
2024-10-31 18:50:44,172 - INFO - Processing model: dbmdz/bert-base-turkish-cased
2024-10-31 18:50:49,457 - INFO - Starting epoch 1/10 for dbmdz/bert-base-turkish-cased...
2024-10-31 18:50:50,879 - INFO - Getting embeddings for dbmdz/bert-base-turkish-cased...
2024-10-31 18:50:51,383 - INFO - Embeddings for dbmdz/bert-base-turkish-cased obtained.
2024-10-31 18:50:52,804 - INFO - Getting embeddings for dbmdz/bert-base-turkish-cased...
2024-10-31 18:50:53,157 - INFO - Embeddings for dbmdz/bert-base-turkish-cased obtained.
2024-10-31 18:50:53,170 - INFO - dbmdz/bert-base-turkish-cased - Epoch 1, Batch 1: Training Top 1 Accuracy: 59.38%
2024-10-31 18:50:53,171 - INFO - dbmdz/bert-base-turkish-cased - Epoch 1, Batch 1: Training Top 5 Accuracy: 65.62%
2024-10-31 18:50:54,656 - INFO - Getting embeddings for dbmdz/bert-base-turkish-cased...
2024-10-31 18:50:54,993 - INFO - Embeddings for dbmdz/bert-base-turkish-cased obtained.
2024-10-31 18:50:56,525 - INFO - Getting embeddings for dbmdz/bert-base-turkish-cased...
2024-10-31 18:50:56,981 - INFO - Embeddings for dbmdz/bert-base-turkish-cased obtained.
2024-10-31 18:50:56,989 - INFO - dbmdz/bert-base-turkish-cased - Epoch 1, Batch 2: Training Top 1 Accuracy: 62.50%
2024-10-31 18:50:56,990 - INFO - dbmdz/bert-base-turkish-cased - Epoch 1, Batch 2: Training Top 5 Accuracy: 81.25%
2024-10-31 18:50:58,554 - INFO - Getting embeddings for dbmdz/bert-base-turkish-cased...
2024-10-31 18:50:58,971 - INFO - Embeddings for dbmdz/bert-base-turkish-cased obtained.
2024-10-31 18:51:00,307 - INFO - Getting embeddings for dbmdz/bert-base-turkish-cased...
2024-10-31 18:51:00,673 - INFO - Embeddings for dbmdz/bert-base-turkish-cased obtained.
2024-10-31 18:51:00,681 - INFO - dbmdz/bert-base-turkish-cased - Epoch 1, Batch 3: Training Top 1 Accuracy: 53.12%
2024-10-31 18:51:00,681 - INFO - dbmdz/bert-base-turkish-cased - Epoch 1, Batch 3: Training Top 5 Accuracy: 71.88%
2024-10-31 18:51:02,184 - INFO - Getting embeddings for dbmdz/bert-base-turkish-cased...
2024-10-31 18:51:02,582 - INFO - Embeddings for dbmdz/bert-base-turkish-cased obtained.
2024-10-31 18:51:04,037 - INFO - Getting embeddings for dbmdz/bert-base-turkish-cased...
2024-10-31 18:51:04,426 - INFO - Embeddings for dbmdz/bert-base-turkish-cased obtained.
2024-10-31 18:51:04,433 - INFO - dbmdz/bert-base-turkish-cased - Epoch 1, Batch 4: Training Top 1 Accuracy: 78.12%
2024-10-31 18:51:04,434 - INFO - dbmdz/bert-base-turkish-cased - Epoch 1, Batch 4: Training Top 5 Accuracy: 96.88%
2024-10-31 18:51:05,952 - INFO - Getting embeddings for dbmdz/bert-base-turkish-cased...
2024-10-31 18:51:06,389 - INFO - Embeddings for dbmdz/bert-base-turkish-cased obtained.
2024-10-31 18:51:07,878 - INFO - Getting embeddings for dbmdz/bert-base-turkish-cased...
2024-10-31 18:51:08,316 - INFO - Embeddings for dbmdz/bert-base-turkish-cased obtained.
2024-10-31 18:51:08,325 - INFO - dbmdz/bert-base-turkish-cased - Epoch 1, Batch 5: Training Top 1 Accuracy: 56.25%
2024-10-31 18:51:08,325 - INFO - dbmdz/bert-base-turkish-cased - Epoch 1, Batch 5: Training Top 5 Accuracy: 78.12%
2024-10-31 18:51:09,980 - INFO - Getting embeddings for dbmdz/bert-base-turkish-cased...
2024-10-31 18:51:10,417 - INFO - Embeddings for dbmdz/bert-base-turkish-cased obtained.
2024-10-31 18:51:11,887 - INFO - Getting embeddings for dbmdz/bert-base-turkish-cased...
2024-10-31 18:51:12,220 - INFO - Embeddings for dbmdz/bert-base-turkish-cased obtained.
2024-10-31 18:51:12,227 - INFO - dbmdz/bert-base-turkish-cased - Epoch 1, Batch 6: Training Top 1 Accuracy: 50.00%
2024-10-31 18:51:12,227 - INFO - dbmdz/bert-base-turkish-cased - Epoch 1, Batch 6: Training Top 5 Accuracy: 71.88%
2024-10-31 18:51:13,787 - INFO - Getting embeddings for dbmdz/bert-base-turkish-cased...
2024-10-31 18:51:14,271 - INFO - Embeddings for dbmdz/bert-base-turkish-cased obtained.
2024-10-31 18:51:15,739 - INFO - Getting embeddings for dbmdz/bert-base-turkish-cased...
2024-10-31 18:51:16,200 - INFO - Embeddings for dbmdz/bert-base-turkish-cased obtained.
2024-10-31 18:51:16,210 - INFO - dbmdz/bert-base-turkish-cased - Epoch 1, Batch 7: Training Top 1 Accuracy: 50.00%
2024-10-31 18:51:16,210 - INFO - dbmdz/bert-base-turkish-cased - Epoch 1, Batch 7: Training Top 5 Accuracy: 71.88%
2024-10-31 18:51:17,683 - INFO - Getting embeddings for dbmdz/bert-base-turkish-cased...
2024-10-31 18:51:18,135 - INFO - Embeddings for dbmdz/bert-base-turkish-cased obtained.
2024-10-31 18:51:19,758 - INFO - Getting embeddings for dbmdz/bert-base-turkish-cased...
2024-10-31 18:51:20,176 - INFO - Embeddings for dbmdz/bert-base-turkish-cased obtained.
2024-10-31 18:51:20,184 - INFO - dbmdz/bert-base-turkish-cased - Epoch 1, Batch 8: Training Top 1 Accuracy: 65.62%
2024-10-31 18:51:20,184 - INFO - dbmdz/bert-base-turkish-cased - Epoch 1, Batch 8: Training Top 5 Accuracy: 75.00%
2024-10-31 18:51:21,672 - INFO - Getting embeddings for dbmdz/bert-base-turkish-cased...
2024-10-31 18:51:22,133 - INFO - Embeddings for dbmdz/bert-base-turkish-cased obtained.
2024-10-31 18:51:23,447 - INFO - Getting embeddings for dbmdz/bert-base-turkish-cased...
2024-10-31 18:51:23,823 - INFO - Embeddings for dbmdz/bert-base-turkish-cased obtained.
2024-10-31 18:51:23,831 - INFO - dbmdz/bert-base-turkish-cased - Epoch 1, Batch 9: Training Top 1 Accuracy: 46.88%
2024-10-31 18:51:23,831 - INFO - dbmdz/bert-base-turkish-cased - Epoch 1, Batch 9: Training Top 5 Accuracy: 75.00%
2024-10-31 18:51:25,199 - INFO - Getting embeddings for dbmdz/bert-base-turkish-cased...
2024-10-31 18:51:25,578 - INFO - Embeddings for dbmdz/bert-base-turkish-cased obtained.
2024-10-31 18:51:27,268 - INFO - Getting embeddings for dbmdz/bert-base-turkish-cased...
2024-10-31 18:51:27,724 - INFO - Embeddings for dbmdz/bert-base-turkish-cased obtained.
2024-10-31 18:51:27,732 - INFO - dbmdz/bert-base-turkish-cased - Epoch 1, Batch 10: Training Top 1 Accuracy: 65.62%
2024-10-31 18:51:27,733 - INFO - dbmdz/bert-base-turkish-cased - Epoch 1, Batch 10: Training Top 5 Accuracy: 81.25%
2024-10-31 18:51:29,152 - INFO - Getting embeddings for dbmdz/bert-base-turkish-cased...
2024-10-31 18:51:29,499 - INFO - Embeddings for dbmdz/bert-base-turkish-cased obtained.
2024-10-31 18:51:31,256 - INFO - Getting embeddings for dbmdz/bert-base-turkish-cased...
2024-10-31 18:51:31,628 - INFO - Embeddings for dbmdz/bert-base-turkish-cased obtained.
2024-10-31 18:51:31,636 - INFO - dbmdz/bert-base-turkish-cased - Epoch 1, Batch 11: Training Top 1 Accuracy: 50.00%
2024-10-31 18:51:31,636 - INFO - dbmdz/bert-base-turkish-cased - Epoch 1, Batch 11: Training Top 5 Accuracy: 62.50%
2024-10-31 18:51:33,079 - INFO - Getting embeddings for dbmdz/bert-base-turkish-cased...
2024-10-31 18:51:33,530 - INFO - Embeddings for dbmdz/bert-base-turkish-cased obtained.
2024-10-31 18:51:34,957 - INFO - Getting embeddings for dbmdz/bert-base-turkish-cased...
2024-10-31 18:51:35,358 - INFO - Embeddings for dbmdz/bert-base-turkish-cased obtained.
2024-10-31 18:51:35,366 - INFO - dbmdz/bert-base-turkish-cased - Epoch 1, Batch 12: Training Top 1 Accuracy: 59.38%
2024-10-31 18:51:35,367 - INFO - dbmdz/bert-base-turkish-cased - Epoch 1, Batch 12: Training Top 5 Accuracy: 68.75%
2024-10-31 18:51:36,775 - INFO - Getting embeddings for dbmdz/bert-base-turkish-cased...
2024-10-31 18:51:37,144 - INFO - Embeddings for dbmdz/bert-base-turkish-cased obtained.
2024-10-31 18:51:38,617 - INFO - Getting embeddings for dbmdz/bert-base-turkish-cased...
2024-10-31 18:51:38,989 - INFO - Embeddings for dbmdz/bert-base-turkish-cased obtained.
2024-10-31 18:51:38,997 - INFO - dbmdz/bert-base-turkish-cased - Epoch 1, Batch 13: Training Top 1 Accuracy: 56.25%
2024-10-31 18:51:38,997 - INFO - dbmdz/bert-base-turkish-cased - Epoch 1, Batch 13: Training Top 5 Accuracy: 65.62%
2024-10-31 18:51:40,708 - INFO - Getting embeddings for dbmdz/bert-base-turkish-cased...
2024-10-31 18:51:41,141 - INFO - Embeddings for dbmdz/bert-base-turkish-cased obtained.
2024-10-31 18:51:42,701 - INFO - Getting embeddings for dbmdz/bert-base-turkish-cased...
2024-10-31 18:51:43,133 - INFO - Embeddings for dbmdz/bert-base-turkish-cased obtained.
2024-10-31 18:51:43,149 - INFO - dbmdz/bert-base-turkish-cased - Epoch 1, Batch 14: Training Top 1 Accuracy: 53.12%
2024-10-31 18:51:43,149 - INFO - dbmdz/bert-base-turkish-cased - Epoch 1, Batch 14: Training Top 5 Accuracy: 68.75%
2024-10-31 18:51:44,619 - INFO - Getting embeddings for dbmdz/bert-base-turkish-cased...
2024-10-31 18:51:44,974 - INFO - Embeddings for dbmdz/bert-base-turkish-cased obtained.
2024-10-31 18:51:46,376 - INFO - Getting embeddings for dbmdz/bert-base-turkish-cased...
2024-10-31 18:51:46,834 - INFO - Embeddings for dbmdz/bert-base-turkish-cased obtained.
2024-10-31 18:51:46,842 - INFO - dbmdz/bert-base-turkish-cased - Epoch 1, Batch 15: Training Top 1 Accuracy: 40.62%
2024-10-31 18:51:46,842 - INFO - dbmdz/bert-base-turkish-cased - Epoch 1, Batch 15: Training Top 5 Accuracy: 56.25%
2024-10-31 18:51:48,270 - INFO - Getting embeddings for dbmdz/bert-base-turkish-cased...
2024-10-31 18:51:48,657 - INFO - Embeddings for dbmdz/bert-base-turkish-cased obtained.
2024-10-31 18:51:50,011 - INFO - Getting embeddings for dbmdz/bert-base-turkish-cased...
2024-10-31 18:51:50,306 - INFO - Embeddings for dbmdz/bert-base-turkish-cased obtained.
2024-10-31 18:51:50,313 - INFO - dbmdz/bert-base-turkish-cased - Epoch 1, Batch 16: Training Top 1 Accuracy: 68.75%
2024-10-31 18:51:50,314 - INFO - dbmdz/bert-base-turkish-cased - Epoch 1, Batch 16: Training Top 5 Accuracy: 78.12%
2024-10-31 18:51:51,775 - INFO - Getting embeddings for dbmdz/bert-base-turkish-cased...
2024-10-31 18:51:52,097 - INFO - Embeddings for dbmdz/bert-base-turkish-cased obtained.
2024-10-31 18:51:53,520 - INFO - Getting embeddings for dbmdz/bert-base-turkish-cased...
2024-10-31 18:51:54,001 - INFO - Embeddings for dbmdz/bert-base-turkish-cased obtained.
2024-10-31 18:51:54,015 - INFO - dbmdz/bert-base-turkish-cased - Epoch 1, Batch 17: Training Top 1 Accuracy: 53.12%
2024-10-31 18:51:54,015 - INFO - dbmdz/bert-base-turkish-cased - Epoch 1, Batch 17: Training Top 5 Accuracy: 68.75%
2024-10-31 18:51:55,482 - INFO - Getting embeddings for dbmdz/bert-base-turkish-cased...
2024-10-31 18:51:55,808 - INFO - Embeddings for dbmdz/bert-base-turkish-cased obtained.
2024-10-31 18:51:57,257 - INFO - Getting embeddings for dbmdz/bert-base-turkish-cased...
2024-10-31 18:51:57,717 - INFO - Embeddings for dbmdz/bert-base-turkish-cased obtained.
2024-10-31 18:51:57,725 - INFO - dbmdz/bert-base-turkish-cased - Epoch 1, Batch 18: Training Top 1 Accuracy: 53.12%
2024-10-31 18:51:57,726 - INFO - dbmdz/bert-base-turkish-cased - Epoch 1, Batch 18: Training Top 5 Accuracy: 68.75%
2024-10-31 18:51:59,128 - INFO - Getting embeddings for dbmdz/bert-base-turkish-cased...
2024-10-31 18:51:59,432 - INFO - Embeddings for dbmdz/bert-base-turkish-cased obtained.
2024-10-31 18:52:00,960 - INFO - Getting embeddings for dbmdz/bert-base-turkish-cased...
2024-10-31 18:52:01,370 - INFO - Embeddings for dbmdz/bert-base-turkish-cased obtained.
2024-10-31 18:52:01,378 - INFO - dbmdz/bert-base-turkish-cased - Epoch 1, Batch 19: Training Top 1 Accuracy: 50.00%
2024-10-31 18:52:01,378 - INFO - dbmdz/bert-base-turkish-cased - Epoch 1, Batch 19: Training Top 5 Accuracy: 62.50%
2024-10-31 18:52:02,744 - INFO - Getting embeddings for dbmdz/bert-base-turkish-cased...
2024-10-31 18:52:03,093 - INFO - Embeddings for dbmdz/bert-base-turkish-cased obtained.
2024-10-31 18:52:04,635 - INFO - Getting embeddings for dbmdz/bert-base-turkish-cased...
2024-10-31 18:52:05,112 - INFO - Embeddings for dbmdz/bert-base-turkish-cased obtained.
2024-10-31 18:52:05,120 - INFO - dbmdz/bert-base-turkish-cased - Epoch 1, Batch 20: Training Top 1 Accuracy: 50.00%
2024-10-31 18:52:05,120 - INFO - dbmdz/bert-base-turkish-cased - Epoch 1, Batch 20: Training Top 5 Accuracy: 75.00%
2024-10-31 18:52:06,715 - INFO - Getting embeddings for dbmdz/bert-base-turkish-cased...
2024-10-31 18:52:07,149 - INFO - Embeddings for dbmdz/bert-base-turkish-cased obtained.
2024-10-31 18:52:08,521 - INFO - Getting embeddings for dbmdz/bert-base-turkish-cased...
2024-10-31 18:52:08,844 - INFO - Embeddings for dbmdz/bert-base-turkish-cased obtained.
2024-10-31 18:52:08,853 - INFO - dbmdz/bert-base-turkish-cased - Epoch 1, Batch 21: Training Top 1 Accuracy: 68.75%
2024-10-31 18:52:08,853 - INFO - dbmdz/bert-base-turkish-cased - Epoch 1, Batch 21: Training Top 5 Accuracy: 84.38%
2024-10-31 18:52:10,247 - INFO - Getting embeddings for dbmdz/bert-base-turkish-cased...
2024-10-31 18:52:10,615 - INFO - Embeddings for dbmdz/bert-base-turkish-cased obtained.
2024-10-31 18:52:12,096 - INFO - Getting embeddings for dbmdz/bert-base-turkish-cased...
2024-10-31 18:52:12,539 - INFO - Embeddings for dbmdz/bert-base-turkish-cased obtained.
2024-10-31 18:52:12,551 - INFO - dbmdz/bert-base-turkish-cased - Epoch 1, Batch 22: Training Top 1 Accuracy: 56.25%
2024-10-31 18:52:12,552 - INFO - dbmdz/bert-base-turkish-cased - Epoch 1, Batch 22: Training Top 5 Accuracy: 71.88%
2024-10-31 18:52:14,057 - INFO - Getting embeddings for dbmdz/bert-base-turkish-cased...
2024-10-31 18:52:14,445 - INFO - Embeddings for dbmdz/bert-base-turkish-cased obtained.
2024-10-31 18:52:15,887 - INFO - Getting embeddings for dbmdz/bert-base-turkish-cased...
2024-10-31 18:52:16,189 - INFO - Embeddings for dbmdz/bert-base-turkish-cased obtained.
2024-10-31 18:52:16,196 - INFO - dbmdz/bert-base-turkish-cased - Epoch 1, Batch 23: Training Top 1 Accuracy: 46.88%
2024-10-31 18:52:16,197 - INFO - dbmdz/bert-base-turkish-cased - Epoch 1, Batch 23: Training Top 5 Accuracy: 68.75%
2024-10-31 18:52:17,575 - INFO - Getting embeddings for dbmdz/bert-base-turkish-cased...
2024-10-31 18:52:17,938 - INFO - Embeddings for dbmdz/bert-base-turkish-cased obtained.
2024-10-31 18:52:19,454 - INFO - Getting embeddings for dbmdz/bert-base-turkish-cased...
2024-10-31 18:52:19,882 - INFO - Embeddings for dbmdz/bert-base-turkish-cased obtained.
2024-10-31 18:52:19,890 - INFO - dbmdz/bert-base-turkish-cased - Epoch 1, Batch 24: Training Top 1 Accuracy: 68.75%
2024-10-31 18:52:19,890 - INFO - dbmdz/bert-base-turkish-cased - Epoch 1, Batch 24: Training Top 5 Accuracy: 81.25%
2024-10-31 18:52:21,240 - INFO - Getting embeddings for dbmdz/bert-base-turkish-cased...
2024-10-31 18:52:21,559 - INFO - Embeddings for dbmdz/bert-base-turkish-cased obtained.
2024-10-31 18:52:22,983 - INFO - Getting embeddings for dbmdz/bert-base-turkish-cased...
2024-10-31 18:52:23,438 - INFO - Embeddings for dbmdz/bert-base-turkish-cased obtained.
2024-10-31 18:52:23,445 - INFO - dbmdz/bert-base-turkish-cased - Epoch 1, Batch 25: Training Top 1 Accuracy: 56.25%
2024-10-31 18:52:23,446 - INFO - dbmdz/bert-base-turkish-cased - Epoch 1, Batch 25: Training Top 5 Accuracy: 75.00%
2024-10-31 18:52:24,909 - INFO - Getting embeddings for dbmdz/bert-base-turkish-cased...
2024-10-31 18:52:26,077 - INFO - Embeddings for dbmdz/bert-base-turkish-cased obtained.
2024-10-31 18:52:27,509 - INFO - Getting embeddings for dbmdz/bert-base-turkish-cased...
2024-10-31 18:52:28,620 - INFO - Embeddings for dbmdz/bert-base-turkish-cased obtained.
2024-10-31 18:52:28,639 - INFO - dbmdz/bert-base-turkish-cased - Epoch 1: Validation Top 1 Accuracy: 40.00%
2024-10-31 18:52:28,639 - INFO - dbmdz/bert-base-turkish-cased - Epoch 1: Validation Top 5 Accuracy: 54.00%
2024-10-31 18:52:28,640 - INFO - Starting epoch 2/10 for dbmdz/bert-base-turkish-cased...
2024-10-31 18:52:30,127 - INFO - Getting embeddings for dbmdz/bert-base-turkish-cased...
2024-10-31 18:52:30,436 - INFO - Embeddings for dbmdz/bert-base-turkish-cased obtained.
2024-10-31 18:52:31,955 - INFO - Getting embeddings for dbmdz/bert-base-turkish-cased...
2024-10-31 18:52:32,471 - INFO - Embeddings for dbmdz/bert-base-turkish-cased obtained.
2024-10-31 18:52:32,479 - INFO - dbmdz/bert-base-turkish-cased - Epoch 2, Batch 1: Training Top 1 Accuracy: 62.50%
2024-10-31 18:52:32,480 - INFO - dbmdz/bert-base-turkish-cased - Epoch 2, Batch 1: Training Top 5 Accuracy: 71.88%
2024-10-31 18:52:33,959 - INFO - Getting embeddings for dbmdz/bert-base-turkish-cased...
2024-10-31 18:52:34,385 - INFO - Embeddings for dbmdz/bert-base-turkish-cased obtained.
2024-10-31 18:52:35,933 - INFO - Getting embeddings for dbmdz/bert-base-turkish-cased...
2024-10-31 18:52:36,377 - INFO - Embeddings for dbmdz/bert-base-turkish-cased obtained.
2024-10-31 18:52:36,388 - INFO - dbmdz/bert-base-turkish-cased - Epoch 2, Batch 2: Training Top 1 Accuracy: 56.25%
2024-10-31 18:52:36,389 - INFO - dbmdz/bert-base-turkish-cased - Epoch 2, Batch 2: Training Top 5 Accuracy: 75.00%
2024-10-31 18:52:37,855 - INFO - Getting embeddings for dbmdz/bert-base-turkish-cased...
2024-10-31 18:52:38,354 - INFO - Embeddings for dbmdz/bert-base-turkish-cased obtained.
2024-10-31 18:52:39,754 - INFO - Getting embeddings for dbmdz/bert-base-turkish-cased...
2024-10-31 18:52:40,242 - INFO - Embeddings for dbmdz/bert-base-turkish-cased obtained.
2024-10-31 18:52:40,251 - INFO - dbmdz/bert-base-turkish-cased - Epoch 2, Batch 3: Training Top 1 Accuracy: 56.25%
2024-10-31 18:52:40,251 - INFO - dbmdz/bert-base-turkish-cased - Epoch 2, Batch 3: Training Top 5 Accuracy: 65.62%
2024-10-31 18:52:41,653 - INFO - Getting embeddings for dbmdz/bert-base-turkish-cased...
2024-10-31 18:52:42,050 - INFO - Embeddings for dbmdz/bert-base-turkish-cased obtained.
2024-10-31 18:52:43,555 - INFO - Getting embeddings for dbmdz/bert-base-turkish-cased...
2024-10-31 18:52:44,056 - INFO - Embeddings for dbmdz/bert-base-turkish-cased obtained.
2024-10-31 18:52:44,065 - INFO - dbmdz/bert-base-turkish-cased - Epoch 2, Batch 4: Training Top 1 Accuracy: 43.75%
2024-10-31 18:52:44,065 - INFO - dbmdz/bert-base-turkish-cased - Epoch 2, Batch 4: Training Top 5 Accuracy: 65.62%
2024-10-31 18:52:45,580 - INFO - Getting embeddings for dbmdz/bert-base-turkish-cased...
2024-10-31 18:52:46,005 - INFO - Embeddings for dbmdz/bert-base-turkish-cased obtained.
2024-10-31 18:52:47,511 - INFO - Getting embeddings for dbmdz/bert-base-turkish-cased...
2024-10-31 18:52:47,923 - INFO - Embeddings for dbmdz/bert-base-turkish-cased obtained.
2024-10-31 18:52:47,932 - INFO - dbmdz/bert-base-turkish-cased - Epoch 2, Batch 5: Training Top 1 Accuracy: 53.12%
2024-10-31 18:52:47,932 - INFO - dbmdz/bert-base-turkish-cased - Epoch 2, Batch 5: Training Top 5 Accuracy: 62.50%
2024-10-31 18:52:49,422 - INFO - Getting embeddings for dbmdz/bert-base-turkish-cased...
2024-10-31 18:52:49,786 - INFO - Embeddings for dbmdz/bert-base-turkish-cased obtained.
2024-10-31 18:52:51,180 - INFO - Getting embeddings for dbmdz/bert-base-turkish-cased...
2024-10-31 18:52:51,543 - INFO - Embeddings for dbmdz/bert-base-turkish-cased obtained.
2024-10-31 18:52:51,552 - INFO - dbmdz/bert-base-turkish-cased - Epoch 2, Batch 6: Training Top 1 Accuracy: 53.12%
2024-10-31 18:52:51,552 - INFO - dbmdz/bert-base-turkish-cased - Epoch 2, Batch 6: Training Top 5 Accuracy: 75.00%
2024-10-31 18:52:52,972 - INFO - Getting embeddings for dbmdz/bert-base-turkish-cased...
2024-10-31 18:52:53,285 - INFO - Embeddings for dbmdz/bert-base-turkish-cased obtained.
2024-10-31 18:52:54,679 - INFO - Getting embeddings for dbmdz/bert-base-turkish-cased...
2024-10-31 18:52:55,093 - INFO - Embeddings for dbmdz/bert-base-turkish-cased obtained.
2024-10-31 18:52:55,104 - INFO - dbmdz/bert-base-turkish-cased - Epoch 2, Batch 7: Training Top 1 Accuracy: 59.38%
2024-10-31 18:52:55,104 - INFO - dbmdz/bert-base-turkish-cased - Epoch 2, Batch 7: Training Top 5 Accuracy: 81.25%
2024-10-31 18:52:56,601 - INFO - Getting embeddings for dbmdz/bert-base-turkish-cased...
2024-10-31 18:52:57,082 - INFO - Embeddings for dbmdz/bert-base-turkish-cased obtained.
2024-10-31 18:52:58,508 - INFO - Getting embeddings for dbmdz/bert-base-turkish-cased...
2024-10-31 18:52:58,915 - INFO - Embeddings for dbmdz/bert-base-turkish-cased obtained.
2024-10-31 18:52:58,923 - INFO - dbmdz/bert-base-turkish-cased - Epoch 2, Batch 8: Training Top 1 Accuracy: 62.50%
2024-10-31 18:52:58,923 - INFO - dbmdz/bert-base-turkish-cased - Epoch 2, Batch 8: Training Top 5 Accuracy: 68.75%
2024-10-31 18:53:00,455 - INFO - Getting embeddings for dbmdz/bert-base-turkish-cased...
2024-10-31 18:53:00,827 - INFO - Embeddings for dbmdz/bert-base-turkish-cased obtained.
2024-10-31 18:53:02,266 - INFO - Getting embeddings for dbmdz/bert-base-turkish-cased...
2024-10-31 18:53:02,604 - INFO - Embeddings for dbmdz/bert-base-turkish-cased obtained.
2024-10-31 18:53:02,622 - INFO - dbmdz/bert-base-turkish-cased - Epoch 2, Batch 9: Training Top 1 Accuracy: 56.25%
2024-10-31 18:53:02,623 - INFO - dbmdz/bert-base-turkish-cased - Epoch 2, Batch 9: Training Top 5 Accuracy: 71.88%
2024-10-31 18:53:04,141 - INFO - Getting embeddings for dbmdz/bert-base-turkish-cased...
2024-10-31 18:53:04,569 - INFO - Embeddings for dbmdz/bert-base-turkish-cased obtained.
2024-10-31 18:53:06,149 - INFO - Getting embeddings for dbmdz/bert-base-turkish-cased...
2024-10-31 18:53:06,600 - INFO - Embeddings for dbmdz/bert-base-turkish-cased obtained.
2024-10-31 18:53:06,609 - INFO - dbmdz/bert-base-turkish-cased - Epoch 2, Batch 10: Training Top 1 Accuracy: 68.75%
2024-10-31 18:53:06,609 - INFO - dbmdz/bert-base-turkish-cased - Epoch 2, Batch 10: Training Top 5 Accuracy: 78.12%
2024-10-31 18:53:08,071 - INFO - Getting embeddings for dbmdz/bert-base-turkish-cased...
2024-10-31 18:53:08,543 - INFO - Embeddings for dbmdz/bert-base-turkish-cased obtained.
2024-10-31 18:53:10,008 - INFO - Getting embeddings for dbmdz/bert-base-turkish-cased...
2024-10-31 18:53:10,371 - INFO - Embeddings for dbmdz/bert-base-turkish-cased obtained.
2024-10-31 18:53:10,378 - INFO - dbmdz/bert-base-turkish-cased - Epoch 2, Batch 11: Training Top 1 Accuracy: 65.62%
2024-10-31 18:53:10,379 - INFO - dbmdz/bert-base-turkish-cased - Epoch 2, Batch 11: Training Top 5 Accuracy: 71.88%
2024-10-31 18:53:11,856 - INFO - Getting embeddings for dbmdz/bert-base-turkish-cased...
2024-10-31 18:53:12,220 - INFO - Embeddings for dbmdz/bert-base-turkish-cased obtained.
2024-10-31 18:53:13,694 - INFO - Getting embeddings for dbmdz/bert-base-turkish-cased...
2024-10-31 18:53:14,031 - INFO - Embeddings for dbmdz/bert-base-turkish-cased obtained.
2024-10-31 18:53:14,041 - INFO - dbmdz/bert-base-turkish-cased - Epoch 2, Batch 12: Training Top 1 Accuracy: 53.12%
2024-10-31 18:53:14,041 - INFO - dbmdz/bert-base-turkish-cased - Epoch 2, Batch 12: Training Top 5 Accuracy: 78.12%
2024-10-31 18:53:15,538 - INFO - Getting embeddings for dbmdz/bert-base-turkish-cased...
2024-10-31 18:53:15,932 - INFO - Embeddings for dbmdz/bert-base-turkish-cased obtained.
2024-10-31 18:53:17,399 - INFO - Getting embeddings for dbmdz/bert-base-turkish-cased...
2024-10-31 18:53:17,831 - INFO - Embeddings for dbmdz/bert-base-turkish-cased obtained.
2024-10-31 18:53:17,838 - INFO - dbmdz/bert-base-turkish-cased - Epoch 2, Batch 13: Training Top 1 Accuracy: 53.12%
2024-10-31 18:53:17,839 - INFO - dbmdz/bert-base-turkish-cased - Epoch 2, Batch 13: Training Top 5 Accuracy: 84.38%
2024-10-31 18:53:19,352 - INFO - Getting embeddings for dbmdz/bert-base-turkish-cased...
2024-10-31 18:53:19,692 - INFO - Embeddings for dbmdz/bert-base-turkish-cased obtained.
2024-10-31 18:53:21,176 - INFO - Getting embeddings for dbmdz/bert-base-turkish-cased...
2024-10-31 18:53:21,536 - INFO - Embeddings for dbmdz/bert-base-turkish-cased obtained.
2024-10-31 18:53:21,546 - INFO - dbmdz/bert-base-turkish-cased - Epoch 2, Batch 14: Training Top 1 Accuracy: 56.25%
2024-10-31 18:53:21,547 - INFO - dbmdz/bert-base-turkish-cased - Epoch 2, Batch 14: Training Top 5 Accuracy: 71.88%
2024-10-31 18:53:22,945 - INFO - Getting embeddings for dbmdz/bert-base-turkish-cased...
2024-10-31 18:53:23,247 - INFO - Embeddings for dbmdz/bert-base-turkish-cased obtained.
2024-10-31 18:53:24,643 - INFO - Getting embeddings for dbmdz/bert-base-turkish-cased...
2024-10-31 18:53:24,967 - INFO - Embeddings for dbmdz/bert-base-turkish-cased obtained.
2024-10-31 18:53:24,974 - INFO - dbmdz/bert-base-turkish-cased - Epoch 2, Batch 15: Training Top 1 Accuracy: 46.88%
2024-10-31 18:53:24,974 - INFO - dbmdz/bert-base-turkish-cased - Epoch 2, Batch 15: Training Top 5 Accuracy: 62.50%
2024-10-31 18:53:26,513 - INFO - Getting embeddings for dbmdz/bert-base-turkish-cased...
2024-10-31 18:53:26,901 - INFO - Embeddings for dbmdz/bert-base-turkish-cased obtained.
2024-10-31 18:53:28,379 - INFO - Getting embeddings for dbmdz/bert-base-turkish-cased...
2024-10-31 18:53:28,766 - INFO - Embeddings for dbmdz/bert-base-turkish-cased obtained.
2024-10-31 18:53:28,780 - INFO - dbmdz/bert-base-turkish-cased - Epoch 2, Batch 16: Training Top 1 Accuracy: 46.88%
2024-10-31 18:53:28,781 - INFO - dbmdz/bert-base-turkish-cased - Epoch 2, Batch 16: Training Top 5 Accuracy: 62.50%
2024-10-31 18:53:30,179 - INFO - Getting embeddings for dbmdz/bert-base-turkish-cased...
2024-10-31 18:53:30,576 - INFO - Embeddings for dbmdz/bert-base-turkish-cased obtained.
2024-10-31 18:53:32,043 - INFO - Getting embeddings for dbmdz/bert-base-turkish-cased...
2024-10-31 18:53:32,418 - INFO - Embeddings for dbmdz/bert-base-turkish-cased obtained.
2024-10-31 18:53:32,427 - INFO - dbmdz/bert-base-turkish-cased - Epoch 2, Batch 17: Training Top 1 Accuracy: 62.50%
2024-10-31 18:53:32,427 - INFO - dbmdz/bert-base-turkish-cased - Epoch 2, Batch 17: Training Top 5 Accuracy: 78.12%
2024-10-31 18:53:34,009 - INFO - Getting embeddings for dbmdz/bert-base-turkish-cased...
2024-10-31 18:53:34,369 - INFO - Embeddings for dbmdz/bert-base-turkish-cased obtained.
2024-10-31 18:53:35,923 - INFO - Getting embeddings for dbmdz/bert-base-turkish-cased...
2024-10-31 18:53:36,238 - INFO - Embeddings for dbmdz/bert-base-turkish-cased obtained.
2024-10-31 18:53:36,245 - INFO - dbmdz/bert-base-turkish-cased - Epoch 2, Batch 18: Training Top 1 Accuracy: 53.12%
2024-10-31 18:53:36,245 - INFO - dbmdz/bert-base-turkish-cased - Epoch 2, Batch 18: Training Top 5 Accuracy: 71.88%
2024-10-31 18:53:37,644 - INFO - Getting embeddings for dbmdz/bert-base-turkish-cased...
2024-10-31 18:53:38,025 - INFO - Embeddings for dbmdz/bert-base-turkish-cased obtained.
2024-10-31 18:53:39,571 - INFO - Getting embeddings for dbmdz/bert-base-turkish-cased...
2024-10-31 18:53:40,028 - INFO - Embeddings for dbmdz/bert-base-turkish-cased obtained.
2024-10-31 18:53:40,036 - INFO - dbmdz/bert-base-turkish-cased - Epoch 2, Batch 19: Training Top 1 Accuracy: 46.88%
2024-10-31 18:53:40,036 - INFO - dbmdz/bert-base-turkish-cased - Epoch 2, Batch 19: Training Top 5 Accuracy: 78.12%
2024-10-31 18:53:41,550 - INFO - Getting embeddings for dbmdz/bert-base-turkish-cased...
2024-10-31 18:53:41,910 - INFO - Embeddings for dbmdz/bert-base-turkish-cased obtained.
2024-10-31 18:53:43,527 - INFO - Getting embeddings for dbmdz/bert-base-turkish-cased...
2024-10-31 18:53:43,912 - INFO - Embeddings for dbmdz/bert-base-turkish-cased obtained.
2024-10-31 18:53:43,919 - INFO - dbmdz/bert-base-turkish-cased - Epoch 2, Batch 20: Training Top 1 Accuracy: 68.75%
2024-10-31 18:53:43,920 - INFO - dbmdz/bert-base-turkish-cased - Epoch 2, Batch 20: Training Top 5 Accuracy: 87.50%
2024-10-31 18:53:45,479 - INFO - Getting embeddings for dbmdz/bert-base-turkish-cased...
2024-10-31 18:53:45,801 - INFO - Embeddings for dbmdz/bert-base-turkish-cased obtained.
2024-10-31 18:53:47,588 - INFO - Getting embeddings for dbmdz/bert-base-turkish-cased...
2024-10-31 18:53:48,106 - INFO - Embeddings for dbmdz/bert-base-turkish-cased obtained.
2024-10-31 18:53:48,114 - INFO - dbmdz/bert-base-turkish-cased - Epoch 2, Batch 21: Training Top 1 Accuracy: 59.38%
2024-10-31 18:53:48,114 - INFO - dbmdz/bert-base-turkish-cased - Epoch 2, Batch 21: Training Top 5 Accuracy: 84.38%
2024-10-31 18:53:49,793 - INFO - Getting embeddings for dbmdz/bert-base-turkish-cased...
2024-10-31 18:53:50,169 - INFO - Embeddings for dbmdz/bert-base-turkish-cased obtained.
2024-10-31 18:53:51,693 - INFO - Getting embeddings for dbmdz/bert-base-turkish-cased...
2024-10-31 18:53:52,079 - INFO - Embeddings for dbmdz/bert-base-turkish-cased obtained.
2024-10-31 18:53:52,087 - INFO - dbmdz/bert-base-turkish-cased - Epoch 2, Batch 22: Training Top 1 Accuracy: 37.50%
2024-10-31 18:53:52,087 - INFO - dbmdz/bert-base-turkish-cased - Epoch 2, Batch 22: Training Top 5 Accuracy: 56.25%
2024-10-31 18:53:53,810 - INFO - Getting embeddings for dbmdz/bert-base-turkish-cased...
2024-10-31 18:53:54,213 - INFO - Embeddings for dbmdz/bert-base-turkish-cased obtained.
2024-10-31 18:53:55,611 - INFO - Getting embeddings for dbmdz/bert-base-turkish-cased...
2024-10-31 18:53:56,012 - INFO - Embeddings for dbmdz/bert-base-turkish-cased obtained.
2024-10-31 18:53:56,024 - INFO - dbmdz/bert-base-turkish-cased - Epoch 2, Batch 23: Training Top 1 Accuracy: 65.62%
2024-10-31 18:53:56,024 - INFO - dbmdz/bert-base-turkish-cased - Epoch 2, Batch 23: Training Top 5 Accuracy: 75.00%
2024-10-31 18:53:57,408 - INFO - Getting embeddings for dbmdz/bert-base-turkish-cased...
2024-10-31 18:53:57,738 - INFO - Embeddings for dbmdz/bert-base-turkish-cased obtained.
2024-10-31 18:53:59,147 - INFO - Getting embeddings for dbmdz/bert-base-turkish-cased...
2024-10-31 18:53:59,537 - INFO - Embeddings for dbmdz/bert-base-turkish-cased obtained.
2024-10-31 18:53:59,544 - INFO - dbmdz/bert-base-turkish-cased - Epoch 2, Batch 24: Training Top 1 Accuracy: 56.25%
2024-10-31 18:53:59,545 - INFO - dbmdz/bert-base-turkish-cased - Epoch 2, Batch 24: Training Top 5 Accuracy: 84.38%
2024-10-31 18:54:00,964 - INFO - Getting embeddings for dbmdz/bert-base-turkish-cased...
2024-10-31 18:54:01,297 - INFO - Embeddings for dbmdz/bert-base-turkish-cased obtained.
2024-10-31 18:54:02,782 - INFO - Getting embeddings for dbmdz/bert-base-turkish-cased...
2024-10-31 18:54:03,208 - INFO - Embeddings for dbmdz/bert-base-turkish-cased obtained.
2024-10-31 18:54:03,226 - INFO - dbmdz/bert-base-turkish-cased - Epoch 2, Batch 25: Training Top 1 Accuracy: 59.38%
2024-10-31 18:54:03,226 - INFO - dbmdz/bert-base-turkish-cased - Epoch 2, Batch 25: Training Top 5 Accuracy: 84.38%
2024-10-31 18:54:04,615 - INFO - Getting embeddings for dbmdz/bert-base-turkish-cased...
2024-10-31 18:54:05,818 - INFO - Embeddings for dbmdz/bert-base-turkish-cased obtained.
2024-10-31 18:54:07,291 - INFO - Getting embeddings for dbmdz/bert-base-turkish-cased...
2024-10-31 18:54:08,679 - INFO - Embeddings for dbmdz/bert-base-turkish-cased obtained.
2024-10-31 18:54:08,701 - INFO - dbmdz/bert-base-turkish-cased - Epoch 2: Validation Top 1 Accuracy: 40.00%
2024-10-31 18:54:08,701 - INFO - dbmdz/bert-base-turkish-cased - Epoch 2: Validation Top 5 Accuracy: 54.00%
2024-10-31 18:54:08,702 - INFO - Starting epoch 3/10 for dbmdz/bert-base-turkish-cased...
2024-10-31 18:54:10,183 - INFO - Getting embeddings for dbmdz/bert-base-turkish-cased...
2024-10-31 18:54:10,529 - INFO - Embeddings for dbmdz/bert-base-turkish-cased obtained.
2024-10-31 18:54:11,944 - INFO - Getting embeddings for dbmdz/bert-base-turkish-cased...
2024-10-31 18:54:12,398 - INFO - Embeddings for dbmdz/bert-base-turkish-cased obtained.
2024-10-31 18:54:12,407 - INFO - dbmdz/bert-base-turkish-cased - Epoch 3, Batch 1: Training Top 1 Accuracy: 75.00%
2024-10-31 18:54:12,408 - INFO - dbmdz/bert-base-turkish-cased - Epoch 3, Batch 1: Training Top 5 Accuracy: 90.62%
2024-10-31 18:54:13,935 - INFO - Getting embeddings for dbmdz/bert-base-turkish-cased...
2024-10-31 18:54:14,332 - INFO - Embeddings for dbmdz/bert-base-turkish-cased obtained.
2024-10-31 18:54:15,698 - INFO - Getting embeddings for dbmdz/bert-base-turkish-cased...
2024-10-31 18:54:16,226 - INFO - Embeddings for dbmdz/bert-base-turkish-cased obtained.
2024-10-31 18:54:16,242 - INFO - dbmdz/bert-base-turkish-cased - Epoch 3, Batch 2: Training Top 1 Accuracy: 50.00%
2024-10-31 18:54:16,242 - INFO - dbmdz/bert-base-turkish-cased - Epoch 3, Batch 2: Training Top 5 Accuracy: 78.12%
2024-10-31 18:54:17,683 - INFO - Getting embeddings for dbmdz/bert-base-turkish-cased...
2024-10-31 18:54:18,023 - INFO - Embeddings for dbmdz/bert-base-turkish-cased obtained.
2024-10-31 18:54:19,468 - INFO - Getting embeddings for dbmdz/bert-base-turkish-cased...
2024-10-31 18:54:19,852 - INFO - Embeddings for dbmdz/bert-base-turkish-cased obtained.
2024-10-31 18:54:19,862 - INFO - dbmdz/bert-base-turkish-cased - Epoch 3, Batch 3: Training Top 1 Accuracy: 50.00%
2024-10-31 18:54:19,863 - INFO - dbmdz/bert-base-turkish-cased - Epoch 3, Batch 3: Training Top 5 Accuracy: 71.88%
2024-10-31 18:54:21,326 - INFO - Getting embeddings for dbmdz/bert-base-turkish-cased...
2024-10-31 18:54:21,816 - INFO - Embeddings for dbmdz/bert-base-turkish-cased obtained.
2024-10-31 18:54:23,317 - INFO - Getting embeddings for dbmdz/bert-base-turkish-cased...
2024-10-31 18:54:23,758 - INFO - Embeddings for dbmdz/bert-base-turkish-cased obtained.
2024-10-31 18:54:23,766 - INFO - dbmdz/bert-base-turkish-cased - Epoch 3, Batch 4: Training Top 1 Accuracy: 46.88%
2024-10-31 18:54:23,766 - INFO - dbmdz/bert-base-turkish-cased - Epoch 3, Batch 4: Training Top 5 Accuracy: 65.62%
2024-10-31 18:54:25,359 - INFO - Getting embeddings for dbmdz/bert-base-turkish-cased...
2024-10-31 18:54:25,849 - INFO - Embeddings for dbmdz/bert-base-turkish-cased obtained.
2024-10-31 18:54:27,191 - INFO - Getting embeddings for dbmdz/bert-base-turkish-cased...
2024-10-31 18:54:27,584 - INFO - Embeddings for dbmdz/bert-base-turkish-cased obtained.
2024-10-31 18:54:27,593 - INFO - dbmdz/bert-base-turkish-cased - Epoch 3, Batch 5: Training Top 1 Accuracy: 59.38%
2024-10-31 18:54:27,593 - INFO - dbmdz/bert-base-turkish-cased - Epoch 3, Batch 5: Training Top 5 Accuracy: 68.75%
2024-10-31 18:54:29,005 - INFO - Getting embeddings for dbmdz/bert-base-turkish-cased...
2024-10-31 18:54:29,412 - INFO - Embeddings for dbmdz/bert-base-turkish-cased obtained.
2024-10-31 18:54:30,820 - INFO - Getting embeddings for dbmdz/bert-base-turkish-cased...
2024-10-31 18:54:31,288 - INFO - Embeddings for dbmdz/bert-base-turkish-cased obtained.
2024-10-31 18:54:31,298 - INFO - dbmdz/bert-base-turkish-cased - Epoch 3, Batch 6: Training Top 1 Accuracy: 50.00%
2024-10-31 18:54:31,299 - INFO - dbmdz/bert-base-turkish-cased - Epoch 3, Batch 6: Training Top 5 Accuracy: 75.00%
2024-10-31 18:54:32,694 - INFO - Getting embeddings for dbmdz/bert-base-turkish-cased...
2024-10-31 18:54:33,219 - INFO - Embeddings for dbmdz/bert-base-turkish-cased obtained.
2024-10-31 18:54:34,648 - INFO - Getting embeddings for dbmdz/bert-base-turkish-cased...
2024-10-31 18:54:35,078 - INFO - Embeddings for dbmdz/bert-base-turkish-cased obtained.
2024-10-31 18:54:35,086 - INFO - dbmdz/bert-base-turkish-cased - Epoch 3, Batch 7: Training Top 1 Accuracy: 53.12%
2024-10-31 18:54:35,086 - INFO - dbmdz/bert-base-turkish-cased - Epoch 3, Batch 7: Training Top 5 Accuracy: 65.62%
2024-10-31 18:54:36,683 - INFO - Getting embeddings for dbmdz/bert-base-turkish-cased...
2024-10-31 18:54:37,171 - INFO - Embeddings for dbmdz/bert-base-turkish-cased obtained.
2024-10-31 18:54:38,592 - INFO - Getting embeddings for dbmdz/bert-base-turkish-cased...
2024-10-31 18:54:39,190 - INFO - Embeddings for dbmdz/bert-base-turkish-cased obtained.
2024-10-31 18:54:39,208 - INFO - dbmdz/bert-base-turkish-cased - Epoch 3, Batch 8: Training Top 1 Accuracy: 43.75%
2024-10-31 18:54:39,209 - INFO - dbmdz/bert-base-turkish-cased - Epoch 3, Batch 8: Training Top 5 Accuracy: 78.12%
2024-10-31 18:54:40,591 - INFO - Getting embeddings for dbmdz/bert-base-turkish-cased...
2024-10-31 18:54:41,002 - INFO - Embeddings for dbmdz/bert-base-turkish-cased obtained.
2024-10-31 18:54:42,618 - INFO - Getting embeddings for dbmdz/bert-base-turkish-cased...
2024-10-31 18:54:43,182 - INFO - Embeddings for dbmdz/bert-base-turkish-cased obtained.
2024-10-31 18:54:43,192 - INFO - dbmdz/bert-base-turkish-cased - Epoch 3, Batch 9: Training Top 1 Accuracy: 62.50%
2024-10-31 18:54:43,192 - INFO - dbmdz/bert-base-turkish-cased - Epoch 3, Batch 9: Training Top 5 Accuracy: 78.12%
2024-10-31 18:54:44,612 - INFO - Getting embeddings for dbmdz/bert-base-turkish-cased...
2024-10-31 18:54:45,054 - INFO - Embeddings for dbmdz/bert-base-turkish-cased obtained.
2024-10-31 18:54:46,569 - INFO - Getting embeddings for dbmdz/bert-base-turkish-cased...
2024-10-31 18:54:47,075 - INFO - Embeddings for dbmdz/bert-base-turkish-cased obtained.
2024-10-31 18:54:47,084 - INFO - dbmdz/bert-base-turkish-cased - Epoch 3, Batch 10: Training Top 1 Accuracy: 62.50%
2024-10-31 18:54:47,084 - INFO - dbmdz/bert-base-turkish-cased - Epoch 3, Batch 10: Training Top 5 Accuracy: 84.38%
2024-10-31 18:54:48,590 - INFO - Getting embeddings for dbmdz/bert-base-turkish-cased...
2024-10-31 18:54:49,037 - INFO - Embeddings for dbmdz/bert-base-turkish-cased obtained.
2024-10-31 18:54:50,730 - INFO - Getting embeddings for dbmdz/bert-base-turkish-cased...
2024-10-31 18:54:51,224 - INFO - Embeddings for dbmdz/bert-base-turkish-cased obtained.
2024-10-31 18:54:51,233 - INFO - dbmdz/bert-base-turkish-cased - Epoch 3, Batch 11: Training Top 1 Accuracy: 53.12%
2024-10-31 18:54:51,234 - INFO - dbmdz/bert-base-turkish-cased - Epoch 3, Batch 11: Training Top 5 Accuracy: 78.12%
2024-10-31 18:54:52,633 - INFO - Getting embeddings for dbmdz/bert-base-turkish-cased...
2024-10-31 18:54:53,046 - INFO - Embeddings for dbmdz/bert-base-turkish-cased obtained.
2024-10-31 18:54:54,555 - INFO - Getting embeddings for dbmdz/bert-base-turkish-cased...
2024-10-31 18:54:55,009 - INFO - Embeddings for dbmdz/bert-base-turkish-cased obtained.
2024-10-31 18:54:55,017 - INFO - dbmdz/bert-base-turkish-cased - Epoch 3, Batch 12: Training Top 1 Accuracy: 68.75%
2024-10-31 18:54:55,017 - INFO - dbmdz/bert-base-turkish-cased - Epoch 3, Batch 12: Training Top 5 Accuracy: 68.75%
2024-10-31 18:54:56,428 - INFO - Getting embeddings for dbmdz/bert-base-turkish-cased...
2024-10-31 18:54:56,845 - INFO - Embeddings for dbmdz/bert-base-turkish-cased obtained.
2024-10-31 18:54:58,259 - INFO - Getting embeddings for dbmdz/bert-base-turkish-cased...
2024-10-31 18:54:58,708 - INFO - Embeddings for dbmdz/bert-base-turkish-cased obtained.
2024-10-31 18:54:58,716 - INFO - dbmdz/bert-base-turkish-cased - Epoch 3, Batch 13: Training Top 1 Accuracy: 62.50%
2024-10-31 18:54:58,717 - INFO - dbmdz/bert-base-turkish-cased - Epoch 3, Batch 13: Training Top 5 Accuracy: 68.75%
2024-10-31 18:55:00,131 - INFO - Getting embeddings for dbmdz/bert-base-turkish-cased...
2024-10-31 18:55:00,544 - INFO - Embeddings for dbmdz/bert-base-turkish-cased obtained.
2024-10-31 18:55:02,173 - INFO - Getting embeddings for dbmdz/bert-base-turkish-cased...
2024-10-31 18:55:02,534 - INFO - Embeddings for dbmdz/bert-base-turkish-cased obtained.
2024-10-31 18:55:02,552 - INFO - dbmdz/bert-base-turkish-cased - Epoch 3, Batch 14: Training Top 1 Accuracy: 53.12%
2024-10-31 18:55:02,553 - INFO - dbmdz/bert-base-turkish-cased - Epoch 3, Batch 14: Training Top 5 Accuracy: 78.12%
2024-10-31 18:55:04,250 - INFO - Getting embeddings for dbmdz/bert-base-turkish-cased...
2024-10-31 18:55:04,696 - INFO - Embeddings for dbmdz/bert-base-turkish-cased obtained.
2024-10-31 18:55:06,181 - INFO - Getting embeddings for dbmdz/bert-base-turkish-cased...
2024-10-31 18:55:06,670 - INFO - Embeddings for dbmdz/bert-base-turkish-cased obtained.
2024-10-31 18:55:06,679 - INFO - dbmdz/bert-base-turkish-cased - Epoch 3, Batch 15: Training Top 1 Accuracy: 43.75%
2024-10-31 18:55:06,679 - INFO - dbmdz/bert-base-turkish-cased - Epoch 3, Batch 15: Training Top 5 Accuracy: 50.00%
2024-10-31 18:55:08,079 - INFO - Getting embeddings for dbmdz/bert-base-turkish-cased...
2024-10-31 18:55:08,510 - INFO - Embeddings for dbmdz/bert-base-turkish-cased obtained.
2024-10-31 18:55:09,925 - INFO - Getting embeddings for dbmdz/bert-base-turkish-cased...
2024-10-31 18:55:10,452 - INFO - Embeddings for dbmdz/bert-base-turkish-cased obtained.
2024-10-31 18:55:10,461 - INFO - dbmdz/bert-base-turkish-cased - Epoch 3, Batch 16: Training Top 1 Accuracy: 59.38%
2024-10-31 18:55:10,461 - INFO - dbmdz/bert-base-turkish-cased - Epoch 3, Batch 16: Training Top 5 Accuracy: 71.88%
2024-10-31 18:55:12,031 - INFO - Getting embeddings for dbmdz/bert-base-turkish-cased...
2024-10-31 18:55:12,364 - INFO - Embeddings for dbmdz/bert-base-turkish-cased obtained.
2024-10-31 18:55:13,929 - INFO - Getting embeddings for dbmdz/bert-base-turkish-cased...
2024-10-31 18:55:14,303 - INFO - Embeddings for dbmdz/bert-base-turkish-cased obtained.
2024-10-31 18:55:14,310 - INFO - dbmdz/bert-base-turkish-cased - Epoch 3, Batch 17: Training Top 1 Accuracy: 50.00%
2024-10-31 18:55:14,311 - INFO - dbmdz/bert-base-turkish-cased - Epoch 3, Batch 17: Training Top 5 Accuracy: 65.62%
2024-10-31 18:55:15,902 - INFO - Getting embeddings for dbmdz/bert-base-turkish-cased...
2024-10-31 18:55:16,320 - INFO - Embeddings for dbmdz/bert-base-turkish-cased obtained.
2024-10-31 18:55:17,803 - INFO - Getting embeddings for dbmdz/bert-base-turkish-cased...
2024-10-31 18:55:18,172 - INFO - Embeddings for dbmdz/bert-base-turkish-cased obtained.
2024-10-31 18:55:18,183 - INFO - dbmdz/bert-base-turkish-cased - Epoch 3, Batch 18: Training Top 1 Accuracy: 68.75%
2024-10-31 18:55:18,183 - INFO - dbmdz/bert-base-turkish-cased - Epoch 3, Batch 18: Training Top 5 Accuracy: 78.12%
2024-10-31 18:55:19,751 - INFO - Getting embeddings for dbmdz/bert-base-turkish-cased...
2024-10-31 18:55:20,179 - INFO - Embeddings for dbmdz/bert-base-turkish-cased obtained.
2024-10-31 18:55:21,598 - INFO - Getting embeddings for dbmdz/bert-base-turkish-cased...
2024-10-31 18:55:21,939 - INFO - Embeddings for dbmdz/bert-base-turkish-cased obtained.
2024-10-31 18:55:21,952 - INFO - dbmdz/bert-base-turkish-cased - Epoch 3, Batch 19: Training Top 1 Accuracy: 43.75%
2024-10-31 18:55:21,953 - INFO - dbmdz/bert-base-turkish-cased - Epoch 3, Batch 19: Training Top 5 Accuracy: 56.25%
2024-10-31 18:55:23,489 - INFO - Getting embeddings for dbmdz/bert-base-turkish-cased...
2024-10-31 18:55:23,873 - INFO - Embeddings for dbmdz/bert-base-turkish-cased obtained.
2024-10-31 18:55:25,303 - INFO - Getting embeddings for dbmdz/bert-base-turkish-cased...
2024-10-31 18:55:25,663 - INFO - Embeddings for dbmdz/bert-base-turkish-cased obtained.
2024-10-31 18:55:25,671 - INFO - dbmdz/bert-base-turkish-cased - Epoch 3, Batch 20: Training Top 1 Accuracy: 53.12%
2024-10-31 18:55:25,672 - INFO - dbmdz/bert-base-turkish-cased - Epoch 3, Batch 20: Training Top 5 Accuracy: 71.88%
2024-10-31 18:55:27,147 - INFO - Getting embeddings for dbmdz/bert-base-turkish-cased...
2024-10-31 18:55:27,544 - INFO - Embeddings for dbmdz/bert-base-turkish-cased obtained.
2024-10-31 18:55:28,951 - INFO - Getting embeddings for dbmdz/bert-base-turkish-cased...
2024-10-31 18:55:29,296 - INFO - Embeddings for dbmdz/bert-base-turkish-cased obtained.
2024-10-31 18:55:29,303 - INFO - dbmdz/bert-base-turkish-cased - Epoch 3, Batch 21: Training Top 1 Accuracy: 62.50%
2024-10-31 18:55:29,304 - INFO - dbmdz/bert-base-turkish-cased - Epoch 3, Batch 21: Training Top 5 Accuracy: 75.00%
2024-10-31 18:55:30,653 - INFO - Getting embeddings for dbmdz/bert-base-turkish-cased...
2024-10-31 18:55:30,997 - INFO - Embeddings for dbmdz/bert-base-turkish-cased obtained.
2024-10-31 18:55:32,419 - INFO - Getting embeddings for dbmdz/bert-base-turkish-cased...
2024-10-31 18:55:32,868 - INFO - Embeddings for dbmdz/bert-base-turkish-cased obtained.
2024-10-31 18:55:32,877 - INFO - dbmdz/bert-base-turkish-cased - Epoch 3, Batch 22: Training Top 1 Accuracy: 68.75%
2024-10-31 18:55:32,878 - INFO - dbmdz/bert-base-turkish-cased - Epoch 3, Batch 22: Training Top 5 Accuracy: 84.38%
2024-10-31 18:55:34,209 - INFO - Getting embeddings for dbmdz/bert-base-turkish-cased...
2024-10-31 18:55:34,563 - INFO - Embeddings for dbmdz/bert-base-turkish-cased obtained.
2024-10-31 18:55:35,924 - INFO - Getting embeddings for dbmdz/bert-base-turkish-cased...
2024-10-31 18:55:36,458 - INFO - Embeddings for dbmdz/bert-base-turkish-cased obtained.
2024-10-31 18:55:36,467 - INFO - dbmdz/bert-base-turkish-cased - Epoch 3, Batch 23: Training Top 1 Accuracy: 71.88%
2024-10-31 18:55:36,468 - INFO - dbmdz/bert-base-turkish-cased - Epoch 3, Batch 23: Training Top 5 Accuracy: 90.62%
2024-10-31 18:55:37,776 - INFO - Getting embeddings for dbmdz/bert-base-turkish-cased...
2024-10-31 18:55:38,188 - INFO - Embeddings for dbmdz/bert-base-turkish-cased obtained.
2024-10-31 18:55:39,560 - INFO - Getting embeddings for dbmdz/bert-base-turkish-cased...
2024-10-31 18:55:39,914 - INFO - Embeddings for dbmdz/bert-base-turkish-cased obtained.
2024-10-31 18:55:39,922 - INFO - dbmdz/bert-base-turkish-cased - Epoch 3, Batch 24: Training Top 1 Accuracy: 59.38%
2024-10-31 18:55:39,923 - INFO - dbmdz/bert-base-turkish-cased - Epoch 3, Batch 24: Training Top 5 Accuracy: 68.75%
2024-10-31 18:55:41,366 - INFO - Getting embeddings for dbmdz/bert-base-turkish-cased...
2024-10-31 18:55:41,769 - INFO - Embeddings for dbmdz/bert-base-turkish-cased obtained.
2024-10-31 18:55:43,165 - INFO - Getting embeddings for dbmdz/bert-base-turkish-cased...
2024-10-31 18:55:43,472 - INFO - Embeddings for dbmdz/bert-base-turkish-cased obtained.
2024-10-31 18:55:43,481 - INFO - dbmdz/bert-base-turkish-cased - Epoch 3, Batch 25: Training Top 1 Accuracy: 50.00%
2024-10-31 18:55:43,481 - INFO - dbmdz/bert-base-turkish-cased - Epoch 3, Batch 25: Training Top 5 Accuracy: 59.38%
2024-10-31 18:55:44,795 - INFO - Getting embeddings for dbmdz/bert-base-turkish-cased...
2024-10-31 18:55:45,943 - INFO - Embeddings for dbmdz/bert-base-turkish-cased obtained.
2024-10-31 18:55:47,390 - INFO - Getting embeddings for dbmdz/bert-base-turkish-cased...
2024-10-31 18:55:48,471 - INFO - Embeddings for dbmdz/bert-base-turkish-cased obtained.
2024-10-31 18:55:48,505 - INFO - dbmdz/bert-base-turkish-cased - Epoch 3: Validation Top 1 Accuracy: 40.00%
2024-10-31 18:55:48,505 - INFO - dbmdz/bert-base-turkish-cased - Epoch 3: Validation Top 5 Accuracy: 54.00%
2024-10-31 18:55:48,506 - INFO - Starting epoch 4/10 for dbmdz/bert-base-turkish-cased...
2024-10-31 18:55:49,916 - INFO - Getting embeddings for dbmdz/bert-base-turkish-cased...
2024-10-31 18:55:50,305 - INFO - Embeddings for dbmdz/bert-base-turkish-cased obtained.
2024-10-31 18:55:51,693 - INFO - Getting embeddings for dbmdz/bert-base-turkish-cased...
2024-10-31 18:55:52,219 - INFO - Embeddings for dbmdz/bert-base-turkish-cased obtained.
2024-10-31 18:55:52,227 - INFO - dbmdz/bert-base-turkish-cased - Epoch 4, Batch 1: Training Top 1 Accuracy: 37.50%
2024-10-31 18:55:52,227 - INFO - dbmdz/bert-base-turkish-cased - Epoch 4, Batch 1: Training Top 5 Accuracy: 71.88%
2024-10-31 18:55:53,659 - INFO - Getting embeddings for dbmdz/bert-base-turkish-cased...
2024-10-31 18:55:54,092 - INFO - Embeddings for dbmdz/bert-base-turkish-cased obtained.
2024-10-31 18:55:55,490 - INFO - Getting embeddings for dbmdz/bert-base-turkish-cased...
2024-10-31 18:55:56,032 - INFO - Embeddings for dbmdz/bert-base-turkish-cased obtained.
2024-10-31 18:55:56,040 - INFO - dbmdz/bert-base-turkish-cased - Epoch 4, Batch 2: Training Top 1 Accuracy: 53.12%
2024-10-31 18:55:56,040 - INFO - dbmdz/bert-base-turkish-cased - Epoch 4, Batch 2: Training Top 5 Accuracy: 81.25%
2024-10-31 18:55:57,408 - INFO - Getting embeddings for dbmdz/bert-base-turkish-cased...
2024-10-31 18:55:57,755 - INFO - Embeddings for dbmdz/bert-base-turkish-cased obtained.
2024-10-31 18:55:59,146 - INFO - Getting embeddings for dbmdz/bert-base-turkish-cased...
2024-10-31 18:55:59,546 - INFO - Embeddings for dbmdz/bert-base-turkish-cased obtained.
2024-10-31 18:55:59,558 - INFO - dbmdz/bert-base-turkish-cased - Epoch 4, Batch 3: Training Top 1 Accuracy: 56.25%
2024-10-31 18:55:59,558 - INFO - dbmdz/bert-base-turkish-cased - Epoch 4, Batch 3: Training Top 5 Accuracy: 78.12%
2024-10-31 18:56:00,976 - INFO - Getting embeddings for dbmdz/bert-base-turkish-cased...
2024-10-31 18:56:01,393 - INFO - Embeddings for dbmdz/bert-base-turkish-cased obtained.
2024-10-31 18:56:02,748 - INFO - Getting embeddings for dbmdz/bert-base-turkish-cased...
2024-10-31 18:56:03,109 - INFO - Embeddings for dbmdz/bert-base-turkish-cased obtained.
2024-10-31 18:56:03,118 - INFO - dbmdz/bert-base-turkish-cased - Epoch 4, Batch 4: Training Top 1 Accuracy: 56.25%
2024-10-31 18:56:03,118 - INFO - dbmdz/bert-base-turkish-cased - Epoch 4, Batch 4: Training Top 5 Accuracy: 78.12%
2024-10-31 18:56:04,449 - INFO - Getting embeddings for dbmdz/bert-base-turkish-cased...
2024-10-31 18:56:04,864 - INFO - Embeddings for dbmdz/bert-base-turkish-cased obtained.
2024-10-31 18:56:06,392 - INFO - Getting embeddings for dbmdz/bert-base-turkish-cased...
2024-10-31 18:56:06,757 - INFO - Embeddings for dbmdz/bert-base-turkish-cased obtained.
2024-10-31 18:56:06,765 - INFO - dbmdz/bert-base-turkish-cased - Epoch 4, Batch 5: Training Top 1 Accuracy: 59.38%
2024-10-31 18:56:06,765 - INFO - dbmdz/bert-base-turkish-cased - Epoch 4, Batch 5: Training Top 5 Accuracy: 68.75%
2024-10-31 18:56:08,161 - INFO - Getting embeddings for dbmdz/bert-base-turkish-cased...
2024-10-31 18:56:08,651 - INFO - Embeddings for dbmdz/bert-base-turkish-cased obtained.
2024-10-31 18:56:10,007 - INFO - Getting embeddings for dbmdz/bert-base-turkish-cased...
2024-10-31 18:56:10,420 - INFO - Embeddings for dbmdz/bert-base-turkish-cased obtained.
2024-10-31 18:56:10,428 - INFO - dbmdz/bert-base-turkish-cased - Epoch 4, Batch 6: Training Top 1 Accuracy: 68.75%
2024-10-31 18:56:10,428 - INFO - dbmdz/bert-base-turkish-cased - Epoch 4, Batch 6: Training Top 5 Accuracy: 78.12%
2024-10-31 18:56:11,875 - INFO - Getting embeddings for dbmdz/bert-base-turkish-cased...
2024-10-31 18:56:12,312 - INFO - Embeddings for dbmdz/bert-base-turkish-cased obtained.
2024-10-31 18:56:13,681 - INFO - Getting embeddings for dbmdz/bert-base-turkish-cased...
2024-10-31 18:56:14,100 - INFO - Embeddings for dbmdz/bert-base-turkish-cased obtained.
2024-10-31 18:56:14,114 - INFO - dbmdz/bert-base-turkish-cased - Epoch 4, Batch 7: Training Top 1 Accuracy: 43.75%
2024-10-31 18:56:14,114 - INFO - dbmdz/bert-base-turkish-cased - Epoch 4, Batch 7: Training Top 5 Accuracy: 56.25%
2024-10-31 18:56:15,649 - INFO - Getting embeddings for dbmdz/bert-base-turkish-cased...
2024-10-31 18:56:16,087 - INFO - Embeddings for dbmdz/bert-base-turkish-cased obtained.
2024-10-31 18:56:17,462 - INFO - Getting embeddings for dbmdz/bert-base-turkish-cased...
2024-10-31 18:56:17,839 - INFO - Embeddings for dbmdz/bert-base-turkish-cased obtained.
2024-10-31 18:56:17,847 - INFO - dbmdz/bert-base-turkish-cased - Epoch 4, Batch 8: Training Top 1 Accuracy: 46.88%
2024-10-31 18:56:17,847 - INFO - dbmdz/bert-base-turkish-cased - Epoch 4, Batch 8: Training Top 5 Accuracy: 75.00%
2024-10-31 18:56:19,445 - INFO - Getting embeddings for dbmdz/bert-base-turkish-cased...
2024-10-31 18:56:19,885 - INFO - Embeddings for dbmdz/bert-base-turkish-cased obtained.
2024-10-31 18:56:21,382 - INFO - Getting embeddings for dbmdz/bert-base-turkish-cased...
2024-10-31 18:56:21,783 - INFO - Embeddings for dbmdz/bert-base-turkish-cased obtained.
2024-10-31 18:56:21,791 - INFO - dbmdz/bert-base-turkish-cased - Epoch 4, Batch 9: Training Top 1 Accuracy: 56.25%
2024-10-31 18:56:21,791 - INFO - dbmdz/bert-base-turkish-cased - Epoch 4, Batch 9: Training Top 5 Accuracy: 71.88%
2024-10-31 18:56:23,278 - INFO - Getting embeddings for dbmdz/bert-base-turkish-cased...
2024-10-31 18:56:23,751 - INFO - Embeddings for dbmdz/bert-base-turkish-cased obtained.
2024-10-31 18:56:25,300 - INFO - Getting embeddings for dbmdz/bert-base-turkish-cased...
2024-10-31 18:56:25,689 - INFO - Embeddings for dbmdz/bert-base-turkish-cased obtained.
2024-10-31 18:56:25,697 - INFO - dbmdz/bert-base-turkish-cased - Epoch 4, Batch 10: Training Top 1 Accuracy: 59.38%
2024-10-31 18:56:25,698 - INFO - dbmdz/bert-base-turkish-cased - Epoch 4, Batch 10: Training Top 5 Accuracy: 71.88%
2024-10-31 18:56:27,097 - INFO - Getting embeddings for dbmdz/bert-base-turkish-cased...
2024-10-31 18:56:27,502 - INFO - Embeddings for dbmdz/bert-base-turkish-cased obtained.
2024-10-31 18:56:28,987 - INFO - Getting embeddings for dbmdz/bert-base-turkish-cased...
2024-10-31 18:56:29,464 - INFO - Embeddings for dbmdz/bert-base-turkish-cased obtained.
2024-10-31 18:56:29,481 - INFO - dbmdz/bert-base-turkish-cased - Epoch 4, Batch 11: Training Top 1 Accuracy: 53.12%
2024-10-31 18:56:29,482 - INFO - dbmdz/bert-base-turkish-cased - Epoch 4, Batch 11: Training Top 5 Accuracy: 68.75%
2024-10-31 18:56:30,942 - INFO - Getting embeddings for dbmdz/bert-base-turkish-cased...
2024-10-31 18:56:31,275 - INFO - Embeddings for dbmdz/bert-base-turkish-cased obtained.
2024-10-31 18:56:33,029 - INFO - Getting embeddings for dbmdz/bert-base-turkish-cased...
2024-10-31 18:56:33,461 - INFO - Embeddings for dbmdz/bert-base-turkish-cased obtained.
2024-10-31 18:56:33,469 - INFO - dbmdz/bert-base-turkish-cased - Epoch 4, Batch 12: Training Top 1 Accuracy: 53.12%
2024-10-31 18:56:33,470 - INFO - dbmdz/bert-base-turkish-cased - Epoch 4, Batch 12: Training Top 5 Accuracy: 71.88%
2024-10-31 18:56:34,853 - INFO - Getting embeddings for dbmdz/bert-base-turkish-cased...
2024-10-31 18:56:35,214 - INFO - Embeddings for dbmdz/bert-base-turkish-cased obtained.
2024-10-31 18:56:36,602 - INFO - Getting embeddings for dbmdz/bert-base-turkish-cased...
2024-10-31 18:56:37,010 - INFO - Embeddings for dbmdz/bert-base-turkish-cased obtained.
2024-10-31 18:56:37,025 - INFO - dbmdz/bert-base-turkish-cased - Epoch 4, Batch 13: Training Top 1 Accuracy: 56.25%
2024-10-31 18:56:37,025 - INFO - dbmdz/bert-base-turkish-cased - Epoch 4, Batch 13: Training Top 5 Accuracy: 81.25%
2024-10-31 18:56:38,537 - INFO - Getting embeddings for dbmdz/bert-base-turkish-cased...
2024-10-31 18:56:38,940 - INFO - Embeddings for dbmdz/bert-base-turkish-cased obtained.
2024-10-31 18:56:40,381 - INFO - Getting embeddings for dbmdz/bert-base-turkish-cased...
2024-10-31 18:56:40,854 - INFO - Embeddings for dbmdz/bert-base-turkish-cased obtained.
2024-10-31 18:56:40,863 - INFO - dbmdz/bert-base-turkish-cased - Epoch 4, Batch 14: Training Top 1 Accuracy: 62.50%
2024-10-31 18:56:40,863 - INFO - dbmdz/bert-base-turkish-cased - Epoch 4, Batch 14: Training Top 5 Accuracy: 71.88%
2024-10-31 18:56:42,196 - INFO - Getting embeddings for dbmdz/bert-base-turkish-cased...
2024-10-31 18:56:42,632 - INFO - Embeddings for dbmdz/bert-base-turkish-cased obtained.
2024-10-31 18:56:44,021 - INFO - Getting embeddings for dbmdz/bert-base-turkish-cased...
2024-10-31 18:56:44,601 - INFO - Embeddings for dbmdz/bert-base-turkish-cased obtained.
2024-10-31 18:56:44,610 - INFO - dbmdz/bert-base-turkish-cased - Epoch 4, Batch 15: Training Top 1 Accuracy: 56.25%
2024-10-31 18:56:44,610 - INFO - dbmdz/bert-base-turkish-cased - Epoch 4, Batch 15: Training Top 5 Accuracy: 81.25%
2024-10-31 18:56:45,884 - INFO - Getting embeddings for dbmdz/bert-base-turkish-cased...
2024-10-31 18:56:46,229 - INFO - Embeddings for dbmdz/bert-base-turkish-cased obtained.
2024-10-31 18:56:47,631 - INFO - Getting embeddings for dbmdz/bert-base-turkish-cased...
2024-10-31 18:56:48,124 - INFO - Embeddings for dbmdz/bert-base-turkish-cased obtained.
2024-10-31 18:56:48,131 - INFO - dbmdz/bert-base-turkish-cased - Epoch 4, Batch 16: Training Top 1 Accuracy: 53.12%
2024-10-31 18:56:48,132 - INFO - dbmdz/bert-base-turkish-cased - Epoch 4, Batch 16: Training Top 5 Accuracy: 68.75%
2024-10-31 18:56:49,612 - INFO - Getting embeddings for dbmdz/bert-base-turkish-cased...
2024-10-31 18:56:49,938 - INFO - Embeddings for dbmdz/bert-base-turkish-cased obtained.
2024-10-31 18:56:51,433 - INFO - Getting embeddings for dbmdz/bert-base-turkish-cased...
2024-10-31 18:56:51,828 - INFO - Embeddings for dbmdz/bert-base-turkish-cased obtained.
2024-10-31 18:56:51,836 - INFO - dbmdz/bert-base-turkish-cased - Epoch 4, Batch 17: Training Top 1 Accuracy: 40.62%
2024-10-31 18:56:51,836 - INFO - dbmdz/bert-base-turkish-cased - Epoch 4, Batch 17: Training Top 5 Accuracy: 65.62%
2024-10-31 18:56:53,314 - INFO - Getting embeddings for dbmdz/bert-base-turkish-cased...
2024-10-31 18:56:53,701 - INFO - Embeddings for dbmdz/bert-base-turkish-cased obtained.
2024-10-31 18:56:55,201 - INFO - Getting embeddings for dbmdz/bert-base-turkish-cased...
2024-10-31 18:56:55,676 - INFO - Embeddings for dbmdz/bert-base-turkish-cased obtained.
2024-10-31 18:56:55,688 - INFO - dbmdz/bert-base-turkish-cased - Epoch 4, Batch 18: Training Top 1 Accuracy: 53.12%
2024-10-31 18:56:55,688 - INFO - dbmdz/bert-base-turkish-cased - Epoch 4, Batch 18: Training Top 5 Accuracy: 84.38%
2024-10-31 18:56:57,102 - INFO - Getting embeddings for dbmdz/bert-base-turkish-cased...
2024-10-31 18:56:57,445 - INFO - Embeddings for dbmdz/bert-base-turkish-cased obtained.
2024-10-31 18:56:58,854 - INFO - Getting embeddings for dbmdz/bert-base-turkish-cased...
2024-10-31 18:56:59,240 - INFO - Embeddings for dbmdz/bert-base-turkish-cased obtained.
2024-10-31 18:56:59,249 - INFO - dbmdz/bert-base-turkish-cased - Epoch 4, Batch 19: Training Top 1 Accuracy: 68.75%
2024-10-31 18:56:59,249 - INFO - dbmdz/bert-base-turkish-cased - Epoch 4, Batch 19: Training Top 5 Accuracy: 81.25%
2024-10-31 18:57:00,600 - INFO - Getting embeddings for dbmdz/bert-base-turkish-cased...
2024-10-31 18:57:00,997 - INFO - Embeddings for dbmdz/bert-base-turkish-cased obtained.
2024-10-31 18:57:02,454 - INFO - Getting embeddings for dbmdz/bert-base-turkish-cased...
2024-10-31 18:57:02,896 - INFO - Embeddings for dbmdz/bert-base-turkish-cased obtained.
2024-10-31 18:57:02,903 - INFO - dbmdz/bert-base-turkish-cased - Epoch 4, Batch 20: Training Top 1 Accuracy: 68.75%
2024-10-31 18:57:02,904 - INFO - dbmdz/bert-base-turkish-cased - Epoch 4, Batch 20: Training Top 5 Accuracy: 75.00%
2024-10-31 18:57:04,345 - INFO - Getting embeddings for dbmdz/bert-base-turkish-cased...
2024-10-31 18:57:04,757 - INFO - Embeddings for dbmdz/bert-base-turkish-cased obtained.
2024-10-31 18:57:06,152 - INFO - Getting embeddings for dbmdz/bert-base-turkish-cased...
2024-10-31 18:57:06,696 - INFO - Embeddings for dbmdz/bert-base-turkish-cased obtained.
2024-10-31 18:57:06,708 - INFO - dbmdz/bert-base-turkish-cased - Epoch 4, Batch 21: Training Top 1 Accuracy: 53.12%
2024-10-31 18:57:06,708 - INFO - dbmdz/bert-base-turkish-cased - Epoch 4, Batch 21: Training Top 5 Accuracy: 71.88%
2024-10-31 18:57:08,157 - INFO - Getting embeddings for dbmdz/bert-base-turkish-cased...
2024-10-31 18:57:08,443 - INFO - Embeddings for dbmdz/bert-base-turkish-cased obtained.
2024-10-31 18:57:09,938 - INFO - Getting embeddings for dbmdz/bert-base-turkish-cased...
2024-10-31 18:57:10,382 - INFO - Embeddings for dbmdz/bert-base-turkish-cased obtained.
2024-10-31 18:57:10,391 - INFO - dbmdz/bert-base-turkish-cased - Epoch 4, Batch 22: Training Top 1 Accuracy: 62.50%
2024-10-31 18:57:10,391 - INFO - dbmdz/bert-base-turkish-cased - Epoch 4, Batch 22: Training Top 5 Accuracy: 84.38%
2024-10-31 18:57:11,769 - INFO - Getting embeddings for dbmdz/bert-base-turkish-cased...
2024-10-31 18:57:12,176 - INFO - Embeddings for dbmdz/bert-base-turkish-cased obtained.
2024-10-31 18:57:13,578 - INFO - Getting embeddings for dbmdz/bert-base-turkish-cased...
2024-10-31 18:57:13,964 - INFO - Embeddings for dbmdz/bert-base-turkish-cased obtained.
2024-10-31 18:57:13,973 - INFO - dbmdz/bert-base-turkish-cased - Epoch 4, Batch 23: Training Top 1 Accuracy: 46.88%
2024-10-31 18:57:13,974 - INFO - dbmdz/bert-base-turkish-cased - Epoch 4, Batch 23: Training Top 5 Accuracy: 68.75%
2024-10-31 18:57:15,430 - INFO - Getting embeddings for dbmdz/bert-base-turkish-cased...
2024-10-31 18:57:15,886 - INFO - Embeddings for dbmdz/bert-base-turkish-cased obtained.
2024-10-31 18:57:17,209 - INFO - Getting embeddings for dbmdz/bert-base-turkish-cased...
2024-10-31 18:57:17,523 - INFO - Embeddings for dbmdz/bert-base-turkish-cased obtained.
2024-10-31 18:57:17,531 - INFO - dbmdz/bert-base-turkish-cased - Epoch 4, Batch 24: Training Top 1 Accuracy: 50.00%
2024-10-31 18:57:17,532 - INFO - dbmdz/bert-base-turkish-cased - Epoch 4, Batch 24: Training Top 5 Accuracy: 62.50%
2024-10-31 18:57:18,940 - INFO - Getting embeddings for dbmdz/bert-base-turkish-cased...
2024-10-31 18:57:19,405 - INFO - Embeddings for dbmdz/bert-base-turkish-cased obtained.
2024-10-31 18:57:20,873 - INFO - Getting embeddings for dbmdz/bert-base-turkish-cased...
2024-10-31 18:57:21,297 - INFO - Embeddings for dbmdz/bert-base-turkish-cased obtained.
2024-10-31 18:57:21,305 - INFO - dbmdz/bert-base-turkish-cased - Epoch 4, Batch 25: Training Top 1 Accuracy: 50.00%
2024-10-31 18:57:21,305 - INFO - dbmdz/bert-base-turkish-cased - Epoch 4, Batch 25: Training Top 5 Accuracy: 75.00%
2024-10-31 18:57:22,709 - INFO - Getting embeddings for dbmdz/bert-base-turkish-cased...
2024-10-31 18:57:24,125 - INFO - Embeddings for dbmdz/bert-base-turkish-cased obtained.
2024-10-31 18:57:25,496 - INFO - Getting embeddings for dbmdz/bert-base-turkish-cased...
2024-10-31 18:57:26,741 - INFO - Embeddings for dbmdz/bert-base-turkish-cased obtained.
2024-10-31 18:57:26,758 - INFO - dbmdz/bert-base-turkish-cased - Epoch 4: Validation Top 1 Accuracy: 40.00%
2024-10-31 18:57:26,759 - INFO - dbmdz/bert-base-turkish-cased - Epoch 4: Validation Top 5 Accuracy: 54.00%
2024-10-31 18:57:26,760 - INFO - Starting epoch 5/10 for dbmdz/bert-base-turkish-cased...
2024-10-31 18:57:28,148 - INFO - Getting embeddings for dbmdz/bert-base-turkish-cased...
2024-10-31 18:57:28,482 - INFO - Embeddings for dbmdz/bert-base-turkish-cased obtained.
2024-10-31 18:57:29,821 - INFO - Getting embeddings for dbmdz/bert-base-turkish-cased...
2024-10-31 18:57:30,160 - INFO - Embeddings for dbmdz/bert-base-turkish-cased obtained.
2024-10-31 18:57:30,168 - INFO - dbmdz/bert-base-turkish-cased - Epoch 5, Batch 1: Training Top 1 Accuracy: 50.00%
2024-10-31 18:57:30,168 - INFO - dbmdz/bert-base-turkish-cased - Epoch 5, Batch 1: Training Top 5 Accuracy: 62.50%
2024-10-31 18:57:31,505 - INFO - Getting embeddings for dbmdz/bert-base-turkish-cased...
2024-10-31 18:57:31,786 - INFO - Embeddings for dbmdz/bert-base-turkish-cased obtained.
2024-10-31 18:57:33,602 - INFO - Getting embeddings for dbmdz/bert-base-turkish-cased...
2024-10-31 18:57:34,055 - INFO - Embeddings for dbmdz/bert-base-turkish-cased obtained.
2024-10-31 18:57:34,071 - INFO - dbmdz/bert-base-turkish-cased - Epoch 5, Batch 2: Training Top 1 Accuracy: 34.38%
2024-10-31 18:57:34,072 - INFO - dbmdz/bert-base-turkish-cased - Epoch 5, Batch 2: Training Top 5 Accuracy: 50.00%
2024-10-31 18:57:35,450 - INFO - Getting embeddings for dbmdz/bert-base-turkish-cased...
2024-10-31 18:57:35,744 - INFO - Embeddings for dbmdz/bert-base-turkish-cased obtained.
2024-10-31 18:57:37,111 - INFO - Getting embeddings for dbmdz/bert-base-turkish-cased...
2024-10-31 18:57:37,588 - INFO - Embeddings for dbmdz/bert-base-turkish-cased obtained.
2024-10-31 18:57:37,598 - INFO - dbmdz/bert-base-turkish-cased - Epoch 5, Batch 3: Training Top 1 Accuracy: 37.50%
2024-10-31 18:57:37,601 - INFO - dbmdz/bert-base-turkish-cased - Epoch 5, Batch 3: Training Top 5 Accuracy: 62.50%
2024-10-31 18:57:39,017 - INFO - Getting embeddings for dbmdz/bert-base-turkish-cased...
2024-10-31 18:57:39,309 - INFO - Embeddings for dbmdz/bert-base-turkish-cased obtained.
2024-10-31 18:57:40,771 - INFO - Getting embeddings for dbmdz/bert-base-turkish-cased...
2024-10-31 18:57:41,309 - INFO - Embeddings for dbmdz/bert-base-turkish-cased obtained.
2024-10-31 18:57:41,316 - INFO - dbmdz/bert-base-turkish-cased - Epoch 5, Batch 4: Training Top 1 Accuracy: 59.38%
2024-10-31 18:57:41,316 - INFO - dbmdz/bert-base-turkish-cased - Epoch 5, Batch 4: Training Top 5 Accuracy: 87.50%
2024-10-31 18:57:42,764 - INFO - Getting embeddings for dbmdz/bert-base-turkish-cased...
2024-10-31 18:57:43,233 - INFO - Embeddings for dbmdz/bert-base-turkish-cased obtained.
2024-10-31 18:57:45,003 - INFO - Getting embeddings for dbmdz/bert-base-turkish-cased...
2024-10-31 18:57:45,435 - INFO - Embeddings for dbmdz/bert-base-turkish-cased obtained.
2024-10-31 18:57:45,444 - INFO - dbmdz/bert-base-turkish-cased - Epoch 5, Batch 5: Training Top 1 Accuracy: 68.75%
2024-10-31 18:57:45,445 - INFO - dbmdz/bert-base-turkish-cased - Epoch 5, Batch 5: Training Top 5 Accuracy: 84.38%
2024-10-31 18:57:46,972 - INFO - Getting embeddings for dbmdz/bert-base-turkish-cased...
2024-10-31 18:57:47,375 - INFO - Embeddings for dbmdz/bert-base-turkish-cased obtained.
2024-10-31 18:57:48,786 - INFO - Getting embeddings for dbmdz/bert-base-turkish-cased...
2024-10-31 18:57:49,148 - INFO - Embeddings for dbmdz/bert-base-turkish-cased obtained.
2024-10-31 18:57:49,157 - INFO - dbmdz/bert-base-turkish-cased - Epoch 5, Batch 6: Training Top 1 Accuracy: 43.75%
2024-10-31 18:57:49,157 - INFO - dbmdz/bert-base-turkish-cased - Epoch 5, Batch 6: Training Top 5 Accuracy: 65.62%
2024-10-31 18:57:50,469 - INFO - Getting embeddings for dbmdz/bert-base-turkish-cased...
2024-10-31 18:57:50,803 - INFO - Embeddings for dbmdz/bert-base-turkish-cased obtained.
2024-10-31 18:57:52,150 - INFO - Getting embeddings for dbmdz/bert-base-turkish-cased...
2024-10-31 18:57:52,556 - INFO - Embeddings for dbmdz/bert-base-turkish-cased obtained.
2024-10-31 18:57:52,563 - INFO - dbmdz/bert-base-turkish-cased - Epoch 5, Batch 7: Training Top 1 Accuracy: 53.12%
2024-10-31 18:57:52,564 - INFO - dbmdz/bert-base-turkish-cased - Epoch 5, Batch 7: Training Top 5 Accuracy: 78.12%
2024-10-31 18:57:53,940 - INFO - Getting embeddings for dbmdz/bert-base-turkish-cased...
2024-10-31 18:57:54,268 - INFO - Embeddings for dbmdz/bert-base-turkish-cased obtained.
2024-10-31 18:57:55,801 - INFO - Getting embeddings for dbmdz/bert-base-turkish-cased...
2024-10-31 18:57:56,273 - INFO - Embeddings for dbmdz/bert-base-turkish-cased obtained.
2024-10-31 18:57:56,281 - INFO - dbmdz/bert-base-turkish-cased - Epoch 5, Batch 8: Training Top 1 Accuracy: 65.62%
2024-10-31 18:57:56,281 - INFO - dbmdz/bert-base-turkish-cased - Epoch 5, Batch 8: Training Top 5 Accuracy: 81.25%
2024-10-31 18:57:57,853 - INFO - Getting embeddings for dbmdz/bert-base-turkish-cased...
2024-10-31 18:57:58,317 - INFO - Embeddings for dbmdz/bert-base-turkish-cased obtained.
2024-10-31 18:57:59,658 - INFO - Getting embeddings for dbmdz/bert-base-turkish-cased...
2024-10-31 18:58:00,008 - INFO - Embeddings for dbmdz/bert-base-turkish-cased obtained.
2024-10-31 18:58:00,017 - INFO - dbmdz/bert-base-turkish-cased - Epoch 5, Batch 9: Training Top 1 Accuracy: 59.38%
2024-10-31 18:58:00,018 - INFO - dbmdz/bert-base-turkish-cased - Epoch 5, Batch 9: Training Top 5 Accuracy: 78.12%
2024-10-31 18:58:01,334 - INFO - Getting embeddings for dbmdz/bert-base-turkish-cased...
2024-10-31 18:58:01,681 - INFO - Embeddings for dbmdz/bert-base-turkish-cased obtained.
2024-10-31 18:58:03,098 - INFO - Getting embeddings for dbmdz/bert-base-turkish-cased...
2024-10-31 18:58:03,605 - INFO - Embeddings for dbmdz/bert-base-turkish-cased obtained.
2024-10-31 18:58:03,613 - INFO - dbmdz/bert-base-turkish-cased - Epoch 5, Batch 10: Training Top 1 Accuracy: 40.62%
2024-10-31 18:58:03,614 - INFO - dbmdz/bert-base-turkish-cased - Epoch 5, Batch 10: Training Top 5 Accuracy: 71.88%
2024-10-31 18:58:04,942 - INFO - Getting embeddings for dbmdz/bert-base-turkish-cased...
2024-10-31 18:58:05,377 - INFO - Embeddings for dbmdz/bert-base-turkish-cased obtained.
2024-10-31 18:58:06,868 - INFO - Getting embeddings for dbmdz/bert-base-turkish-cased...
2024-10-31 18:58:07,322 - INFO - Embeddings for dbmdz/bert-base-turkish-cased obtained.
2024-10-31 18:58:07,330 - INFO - dbmdz/bert-base-turkish-cased - Epoch 5, Batch 11: Training Top 1 Accuracy: 56.25%
2024-10-31 18:58:07,331 - INFO - dbmdz/bert-base-turkish-cased - Epoch 5, Batch 11: Training Top 5 Accuracy: 68.75%
2024-10-31 18:58:08,704 - INFO - Getting embeddings for dbmdz/bert-base-turkish-cased...
2024-10-31 18:58:09,085 - INFO - Embeddings for dbmdz/bert-base-turkish-cased obtained.
2024-10-31 18:58:10,431 - INFO - Getting embeddings for dbmdz/bert-base-turkish-cased...
2024-10-31 18:58:10,843 - INFO - Embeddings for dbmdz/bert-base-turkish-cased obtained.
2024-10-31 18:58:10,850 - INFO - dbmdz/bert-base-turkish-cased - Epoch 5, Batch 12: Training Top 1 Accuracy: 65.62%
2024-10-31 18:58:10,850 - INFO - dbmdz/bert-base-turkish-cased - Epoch 5, Batch 12: Training Top 5 Accuracy: 87.50%
2024-10-31 18:58:12,337 - INFO - Getting embeddings for dbmdz/bert-base-turkish-cased...
2024-10-31 18:58:12,688 - INFO - Embeddings for dbmdz/bert-base-turkish-cased obtained.
2024-10-31 18:58:14,057 - INFO - Getting embeddings for dbmdz/bert-base-turkish-cased...
2024-10-31 18:58:14,467 - INFO - Embeddings for dbmdz/bert-base-turkish-cased obtained.
2024-10-31 18:58:14,476 - INFO - dbmdz/bert-base-turkish-cased - Epoch 5, Batch 13: Training Top 1 Accuracy: 59.38%
2024-10-31 18:58:14,476 - INFO - dbmdz/bert-base-turkish-cased - Epoch 5, Batch 13: Training Top 5 Accuracy: 71.88%
2024-10-31 18:58:16,145 - INFO - Getting embeddings for dbmdz/bert-base-turkish-cased...
2024-10-31 18:58:16,466 - INFO - Embeddings for dbmdz/bert-base-turkish-cased obtained.
2024-10-31 18:58:17,848 - INFO - Getting embeddings for dbmdz/bert-base-turkish-cased...
2024-10-31 18:58:18,213 - INFO - Embeddings for dbmdz/bert-base-turkish-cased obtained.
2024-10-31 18:58:18,221 - INFO - dbmdz/bert-base-turkish-cased - Epoch 5, Batch 14: Training Top 1 Accuracy: 59.38%
2024-10-31 18:58:18,222 - INFO - dbmdz/bert-base-turkish-cased - Epoch 5, Batch 14: Training Top 5 Accuracy: 75.00%
2024-10-31 18:58:19,628 - INFO - Getting embeddings for dbmdz/bert-base-turkish-cased...
2024-10-31 18:58:20,022 - INFO - Embeddings for dbmdz/bert-base-turkish-cased obtained.
2024-10-31 18:58:21,465 - INFO - Getting embeddings for dbmdz/bert-base-turkish-cased...
2024-10-31 18:58:21,982 - INFO - Embeddings for dbmdz/bert-base-turkish-cased obtained.
2024-10-31 18:58:21,990 - INFO - dbmdz/bert-base-turkish-cased - Epoch 5, Batch 15: Training Top 1 Accuracy: 56.25%
2024-10-31 18:58:21,991 - INFO - dbmdz/bert-base-turkish-cased - Epoch 5, Batch 15: Training Top 5 Accuracy: 71.88%
2024-10-31 18:58:23,300 - INFO - Getting embeddings for dbmdz/bert-base-turkish-cased...
2024-10-31 18:58:23,614 - INFO - Embeddings for dbmdz/bert-base-turkish-cased obtained.
2024-10-31 18:58:24,954 - INFO - Getting embeddings for dbmdz/bert-base-turkish-cased...
2024-10-31 18:58:25,396 - INFO - Embeddings for dbmdz/bert-base-turkish-cased obtained.
2024-10-31 18:58:25,403 - INFO - dbmdz/bert-base-turkish-cased - Epoch 5, Batch 16: Training Top 1 Accuracy: 62.50%
2024-10-31 18:58:25,404 - INFO - dbmdz/bert-base-turkish-cased - Epoch 5, Batch 16: Training Top 5 Accuracy: 78.12%
2024-10-31 18:58:26,645 - INFO - Getting embeddings for dbmdz/bert-base-turkish-cased...
2024-10-31 18:58:27,075 - INFO - Embeddings for dbmdz/bert-base-turkish-cased obtained.
2024-10-31 18:58:28,569 - INFO - Getting embeddings for dbmdz/bert-base-turkish-cased...
2024-10-31 18:58:29,005 - INFO - Embeddings for dbmdz/bert-base-turkish-cased obtained.
2024-10-31 18:58:29,014 - INFO - dbmdz/bert-base-turkish-cased - Epoch 5, Batch 17: Training Top 1 Accuracy: 81.25%
2024-10-31 18:58:29,014 - INFO - dbmdz/bert-base-turkish-cased - Epoch 5, Batch 17: Training Top 5 Accuracy: 84.38%
2024-10-31 18:58:30,376 - INFO - Getting embeddings for dbmdz/bert-base-turkish-cased...
2024-10-31 18:58:30,694 - INFO - Embeddings for dbmdz/bert-base-turkish-cased obtained.
2024-10-31 18:58:32,049 - INFO - Getting embeddings for dbmdz/bert-base-turkish-cased...
2024-10-31 18:58:32,419 - INFO - Embeddings for dbmdz/bert-base-turkish-cased obtained.
2024-10-31 18:58:32,428 - INFO - dbmdz/bert-base-turkish-cased - Epoch 5, Batch 18: Training Top 1 Accuracy: 53.12%
2024-10-31 18:58:32,428 - INFO - dbmdz/bert-base-turkish-cased - Epoch 5, Batch 18: Training Top 5 Accuracy: 59.38%
2024-10-31 18:58:33,817 - INFO - Getting embeddings for dbmdz/bert-base-turkish-cased...
2024-10-31 18:58:34,136 - INFO - Embeddings for dbmdz/bert-base-turkish-cased obtained.
2024-10-31 18:58:35,511 - INFO - Getting embeddings for dbmdz/bert-base-turkish-cased...
2024-10-31 18:58:35,855 - INFO - Embeddings for dbmdz/bert-base-turkish-cased obtained.
2024-10-31 18:58:35,863 - INFO - dbmdz/bert-base-turkish-cased - Epoch 5, Batch 19: Training Top 1 Accuracy: 65.62%
2024-10-31 18:58:35,863 - INFO - dbmdz/bert-base-turkish-cased - Epoch 5, Batch 19: Training Top 5 Accuracy: 84.38%
2024-10-31 18:58:37,244 - INFO - Getting embeddings for dbmdz/bert-base-turkish-cased...
2024-10-31 18:58:37,621 - INFO - Embeddings for dbmdz/bert-base-turkish-cased obtained.
2024-10-31 18:58:39,219 - INFO - Getting embeddings for dbmdz/bert-base-turkish-cased...
2024-10-31 18:58:39,598 - INFO - Embeddings for dbmdz/bert-base-turkish-cased obtained.
2024-10-31 18:58:39,607 - INFO - dbmdz/bert-base-turkish-cased - Epoch 5, Batch 20: Training Top 1 Accuracy: 43.75%
2024-10-31 18:58:39,607 - INFO - dbmdz/bert-base-turkish-cased - Epoch 5, Batch 20: Training Top 5 Accuracy: 65.62%
2024-10-31 18:58:41,092 - INFO - Getting embeddings for dbmdz/bert-base-turkish-cased...
2024-10-31 18:58:41,498 - INFO - Embeddings for dbmdz/bert-base-turkish-cased obtained.
2024-10-31 18:58:42,860 - INFO - Getting embeddings for dbmdz/bert-base-turkish-cased...
2024-10-31 18:58:43,328 - INFO - Embeddings for dbmdz/bert-base-turkish-cased obtained.
2024-10-31 18:58:43,336 - INFO - dbmdz/bert-base-turkish-cased - Epoch 5, Batch 21: Training Top 1 Accuracy: 62.50%
2024-10-31 18:58:43,337 - INFO - dbmdz/bert-base-turkish-cased - Epoch 5, Batch 21: Training Top 5 Accuracy: 71.88%
2024-10-31 18:58:44,763 - INFO - Getting embeddings for dbmdz/bert-base-turkish-cased...
2024-10-31 18:58:45,166 - INFO - Embeddings for dbmdz/bert-base-turkish-cased obtained.
2024-10-31 18:58:46,595 - INFO - Getting embeddings for dbmdz/bert-base-turkish-cased...
2024-10-31 18:58:47,068 - INFO - Embeddings for dbmdz/bert-base-turkish-cased obtained.
2024-10-31 18:58:47,076 - INFO - dbmdz/bert-base-turkish-cased - Epoch 5, Batch 22: Training Top 1 Accuracy: 46.88%
2024-10-31 18:58:47,076 - INFO - dbmdz/bert-base-turkish-cased - Epoch 5, Batch 22: Training Top 5 Accuracy: 65.62%
2024-10-31 18:58:48,446 - INFO - Getting embeddings for dbmdz/bert-base-turkish-cased...
2024-10-31 18:58:48,755 - INFO - Embeddings for dbmdz/bert-base-turkish-cased obtained.
2024-10-31 18:58:50,116 - INFO - Getting embeddings for dbmdz/bert-base-turkish-cased...
2024-10-31 18:58:50,585 - INFO - Embeddings for dbmdz/bert-base-turkish-cased obtained.
2024-10-31 18:58:50,595 - INFO - dbmdz/bert-base-turkish-cased - Epoch 5, Batch 23: Training Top 1 Accuracy: 65.62%
2024-10-31 18:58:50,596 - INFO - dbmdz/bert-base-turkish-cased - Epoch 5, Batch 23: Training Top 5 Accuracy: 78.12%
2024-10-31 18:58:51,942 - INFO - Getting embeddings for dbmdz/bert-base-turkish-cased...
2024-10-31 18:58:52,262 - INFO - Embeddings for dbmdz/bert-base-turkish-cased obtained.
2024-10-31 18:58:53,842 - INFO - Getting embeddings for dbmdz/bert-base-turkish-cased...
2024-10-31 18:58:54,353 - INFO - Embeddings for dbmdz/bert-base-turkish-cased obtained.
2024-10-31 18:58:54,362 - INFO - dbmdz/bert-base-turkish-cased - Epoch 5, Batch 24: Training Top 1 Accuracy: 65.62%
2024-10-31 18:58:54,363 - INFO - dbmdz/bert-base-turkish-cased - Epoch 5, Batch 24: Training Top 5 Accuracy: 75.00%
2024-10-31 18:58:55,782 - INFO - Getting embeddings for dbmdz/bert-base-turkish-cased...
2024-10-31 18:58:56,231 - INFO - Embeddings for dbmdz/bert-base-turkish-cased obtained.
2024-10-31 18:58:57,591 - INFO - Getting embeddings for dbmdz/bert-base-turkish-cased...
2024-10-31 18:58:58,024 - INFO - Embeddings for dbmdz/bert-base-turkish-cased obtained.
2024-10-31 18:58:58,031 - INFO - dbmdz/bert-base-turkish-cased - Epoch 5, Batch 25: Training Top 1 Accuracy: 50.00%
2024-10-31 18:58:58,032 - INFO - dbmdz/bert-base-turkish-cased - Epoch 5, Batch 25: Training Top 5 Accuracy: 62.50%
2024-10-31 18:58:59,403 - INFO - Getting embeddings for dbmdz/bert-base-turkish-cased...
2024-10-31 18:59:00,536 - INFO - Embeddings for dbmdz/bert-base-turkish-cased obtained.
2024-10-31 18:59:01,901 - INFO - Getting embeddings for dbmdz/bert-base-turkish-cased...
2024-10-31 18:59:03,195 - INFO - Embeddings for dbmdz/bert-base-turkish-cased obtained.
2024-10-31 18:59:03,214 - INFO - dbmdz/bert-base-turkish-cased - Epoch 5: Validation Top 1 Accuracy: 40.00%
2024-10-31 18:59:03,215 - INFO - dbmdz/bert-base-turkish-cased - Epoch 5: Validation Top 5 Accuracy: 54.00%
2024-10-31 18:59:03,215 - INFO - Starting epoch 6/10 for dbmdz/bert-base-turkish-cased...
2024-10-31 18:59:04,663 - INFO - Getting embeddings for dbmdz/bert-base-turkish-cased...
2024-10-31 18:59:05,091 - INFO - Embeddings for dbmdz/bert-base-turkish-cased obtained.
2024-10-31 18:59:06,500 - INFO - Getting embeddings for dbmdz/bert-base-turkish-cased...
2024-10-31 18:59:06,860 - INFO - Embeddings for dbmdz/bert-base-turkish-cased obtained.
2024-10-31 18:59:06,867 - INFO - dbmdz/bert-base-turkish-cased - Epoch 6, Batch 1: Training Top 1 Accuracy: 46.88%
2024-10-31 18:59:06,868 - INFO - dbmdz/bert-base-turkish-cased - Epoch 6, Batch 1: Training Top 5 Accuracy: 75.00%
2024-10-31 18:59:08,260 - INFO - Getting embeddings for dbmdz/bert-base-turkish-cased...
2024-10-31 18:59:08,684 - INFO - Embeddings for dbmdz/bert-base-turkish-cased obtained.
2024-10-31 18:59:10,088 - INFO - Getting embeddings for dbmdz/bert-base-turkish-cased...
2024-10-31 18:59:10,599 - INFO - Embeddings for dbmdz/bert-base-turkish-cased obtained.
2024-10-31 18:59:10,612 - INFO - dbmdz/bert-base-turkish-cased - Epoch 6, Batch 2: Training Top 1 Accuracy: 68.75%
2024-10-31 18:59:10,613 - INFO - dbmdz/bert-base-turkish-cased - Epoch 6, Batch 2: Training Top 5 Accuracy: 81.25%
2024-10-31 18:59:12,043 - INFO - Getting embeddings for dbmdz/bert-base-turkish-cased...
2024-10-31 18:59:12,455 - INFO - Embeddings for dbmdz/bert-base-turkish-cased obtained.
2024-10-31 18:59:13,890 - INFO - Getting embeddings for dbmdz/bert-base-turkish-cased...
2024-10-31 18:59:14,294 - INFO - Embeddings for dbmdz/bert-base-turkish-cased obtained.
2024-10-31 18:59:14,315 - INFO - dbmdz/bert-base-turkish-cased - Epoch 6, Batch 3: Training Top 1 Accuracy: 46.88%
2024-10-31 18:59:14,316 - INFO - dbmdz/bert-base-turkish-cased - Epoch 6, Batch 3: Training Top 5 Accuracy: 62.50%
2024-10-31 18:59:15,657 - INFO - Getting embeddings for dbmdz/bert-base-turkish-cased...
2024-10-31 18:59:15,981 - INFO - Embeddings for dbmdz/bert-base-turkish-cased obtained.
2024-10-31 18:59:17,356 - INFO - Getting embeddings for dbmdz/bert-base-turkish-cased...
2024-10-31 18:59:17,656 - INFO - Embeddings for dbmdz/bert-base-turkish-cased obtained.
2024-10-31 18:59:17,664 - INFO - dbmdz/bert-base-turkish-cased - Epoch 6, Batch 4: Training Top 1 Accuracy: 28.12%
2024-10-31 18:59:17,664 - INFO - dbmdz/bert-base-turkish-cased - Epoch 6, Batch 4: Training Top 5 Accuracy: 53.12%
2024-10-31 18:59:19,054 - INFO - Getting embeddings for dbmdz/bert-base-turkish-cased...
2024-10-31 18:59:19,406 - INFO - Embeddings for dbmdz/bert-base-turkish-cased obtained.
2024-10-31 18:59:20,758 - INFO - Getting embeddings for dbmdz/bert-base-turkish-cased...
2024-10-31 18:59:21,086 - INFO - Embeddings for dbmdz/bert-base-turkish-cased obtained.
2024-10-31 18:59:21,095 - INFO - dbmdz/bert-base-turkish-cased - Epoch 6, Batch 5: Training Top 1 Accuracy: 50.00%
2024-10-31 18:59:21,095 - INFO - dbmdz/bert-base-turkish-cased - Epoch 6, Batch 5: Training Top 5 Accuracy: 71.88%
2024-10-31 18:59:22,528 - INFO - Getting embeddings for dbmdz/bert-base-turkish-cased...
2024-10-31 18:59:22,918 - INFO - Embeddings for dbmdz/bert-base-turkish-cased obtained.
2024-10-31 18:59:24,328 - INFO - Getting embeddings for dbmdz/bert-base-turkish-cased...
2024-10-31 18:59:24,673 - INFO - Embeddings for dbmdz/bert-base-turkish-cased obtained.
2024-10-31 18:59:24,682 - INFO - dbmdz/bert-base-turkish-cased - Epoch 6, Batch 6: Training Top 1 Accuracy: 75.00%
2024-10-31 18:59:24,682 - INFO - dbmdz/bert-base-turkish-cased - Epoch 6, Batch 6: Training Top 5 Accuracy: 81.25%
2024-10-31 18:59:26,042 - INFO - Getting embeddings for dbmdz/bert-base-turkish-cased...
2024-10-31 18:59:26,452 - INFO - Embeddings for dbmdz/bert-base-turkish-cased obtained.
2024-10-31 18:59:27,859 - INFO - Getting embeddings for dbmdz/bert-base-turkish-cased...
2024-10-31 18:59:28,295 - INFO - Embeddings for dbmdz/bert-base-turkish-cased obtained.
2024-10-31 18:59:28,307 - INFO - dbmdz/bert-base-turkish-cased - Epoch 6, Batch 7: Training Top 1 Accuracy: 68.75%
2024-10-31 18:59:28,307 - INFO - dbmdz/bert-base-turkish-cased - Epoch 6, Batch 7: Training Top 5 Accuracy: 87.50%
2024-10-31 18:59:29,700 - INFO - Getting embeddings for dbmdz/bert-base-turkish-cased...
2024-10-31 18:59:29,995 - INFO - Embeddings for dbmdz/bert-base-turkish-cased obtained.
2024-10-31 18:59:31,419 - INFO - Getting embeddings for dbmdz/bert-base-turkish-cased...
2024-10-31 18:59:31,863 - INFO - Embeddings for dbmdz/bert-base-turkish-cased obtained.
2024-10-31 18:59:31,873 - INFO - dbmdz/bert-base-turkish-cased - Epoch 6, Batch 8: Training Top 1 Accuracy: 40.62%
2024-10-31 18:59:31,874 - INFO - dbmdz/bert-base-turkish-cased - Epoch 6, Batch 8: Training Top 5 Accuracy: 65.62%
2024-10-31 18:59:33,527 - INFO - Getting embeddings for dbmdz/bert-base-turkish-cased...
2024-10-31 18:59:33,940 - INFO - Embeddings for dbmdz/bert-base-turkish-cased obtained.
2024-10-31 18:59:35,355 - INFO - Getting embeddings for dbmdz/bert-base-turkish-cased...
2024-10-31 18:59:35,957 - INFO - Embeddings for dbmdz/bert-base-turkish-cased obtained.
2024-10-31 18:59:35,965 - INFO - dbmdz/bert-base-turkish-cased - Epoch 6, Batch 9: Training Top 1 Accuracy: 56.25%
2024-10-31 18:59:35,965 - INFO - dbmdz/bert-base-turkish-cased - Epoch 6, Batch 9: Training Top 5 Accuracy: 78.12%
2024-10-31 18:59:37,288 - INFO - Getting embeddings for dbmdz/bert-base-turkish-cased...
2024-10-31 18:59:37,685 - INFO - Embeddings for dbmdz/bert-base-turkish-cased obtained.
2024-10-31 18:59:39,107 - INFO - Getting embeddings for dbmdz/bert-base-turkish-cased...
2024-10-31 18:59:39,530 - INFO - Embeddings for dbmdz/bert-base-turkish-cased obtained.
2024-10-31 18:59:39,538 - INFO - dbmdz/bert-base-turkish-cased - Epoch 6, Batch 10: Training Top 1 Accuracy: 53.12%
2024-10-31 18:59:39,538 - INFO - dbmdz/bert-base-turkish-cased - Epoch 6, Batch 10: Training Top 5 Accuracy: 62.50%
2024-10-31 18:59:41,098 - INFO - Getting embeddings for dbmdz/bert-base-turkish-cased...
2024-10-31 18:59:41,553 - INFO - Embeddings for dbmdz/bert-base-turkish-cased obtained.
2024-10-31 18:59:42,951 - INFO - Getting embeddings for dbmdz/bert-base-turkish-cased...
2024-10-31 18:59:43,281 - INFO - Embeddings for dbmdz/bert-base-turkish-cased obtained.
2024-10-31 18:59:43,289 - INFO - dbmdz/bert-base-turkish-cased - Epoch 6, Batch 11: Training Top 1 Accuracy: 56.25%
2024-10-31 18:59:43,289 - INFO - dbmdz/bert-base-turkish-cased - Epoch 6, Batch 11: Training Top 5 Accuracy: 87.50%
2024-10-31 18:59:44,581 - INFO - Getting embeddings for dbmdz/bert-base-turkish-cased...
2024-10-31 18:59:44,876 - INFO - Embeddings for dbmdz/bert-base-turkish-cased obtained.
2024-10-31 18:59:46,477 - INFO - Getting embeddings for dbmdz/bert-base-turkish-cased...
2024-10-31 18:59:46,780 - INFO - Embeddings for dbmdz/bert-base-turkish-cased obtained.
2024-10-31 18:59:46,790 - INFO - dbmdz/bert-base-turkish-cased - Epoch 6, Batch 12: Training Top 1 Accuracy: 62.50%
2024-10-31 18:59:46,790 - INFO - dbmdz/bert-base-turkish-cased - Epoch 6, Batch 12: Training Top 5 Accuracy: 84.38%
2024-10-31 18:59:48,107 - INFO - Getting embeddings for dbmdz/bert-base-turkish-cased...
2024-10-31 18:59:48,494 - INFO - Embeddings for dbmdz/bert-base-turkish-cased obtained.
2024-10-31 18:59:49,951 - INFO - Getting embeddings for dbmdz/bert-base-turkish-cased...
2024-10-31 18:59:50,383 - INFO - Embeddings for dbmdz/bert-base-turkish-cased obtained.
2024-10-31 18:59:50,408 - INFO - dbmdz/bert-base-turkish-cased - Epoch 6, Batch 13: Training Top 1 Accuracy: 56.25%
2024-10-31 18:59:50,408 - INFO - dbmdz/bert-base-turkish-cased - Epoch 6, Batch 13: Training Top 5 Accuracy: 71.88%
2024-10-31 18:59:51,840 - INFO - Getting embeddings for dbmdz/bert-base-turkish-cased...
2024-10-31 18:59:52,178 - INFO - Embeddings for dbmdz/bert-base-turkish-cased obtained.
2024-10-31 18:59:53,517 - INFO - Getting embeddings for dbmdz/bert-base-turkish-cased...
2024-10-31 18:59:53,997 - INFO - Embeddings for dbmdz/bert-base-turkish-cased obtained.
2024-10-31 18:59:54,006 - INFO - dbmdz/bert-base-turkish-cased - Epoch 6, Batch 14: Training Top 1 Accuracy: 37.50%
2024-10-31 18:59:54,006 - INFO - dbmdz/bert-base-turkish-cased - Epoch 6, Batch 14: Training Top 5 Accuracy: 56.25%
2024-10-31 18:59:55,466 - INFO - Getting embeddings for dbmdz/bert-base-turkish-cased...
2024-10-31 18:59:55,849 - INFO - Embeddings for dbmdz/bert-base-turkish-cased obtained.
