2024-10-30 16:56:05,905 - INFO - CSV dosyası okunuyor...
2024-10-30 16:56:05,936 - INFO - CSV dosyası başarıyla okundu.
2024-10-30 16:56:05,937 - INFO - sentence-transformers/all-MiniLM-L12-v2 yükleniyor...
2024-10-30 16:56:07,980 - INFO - sentence-transformers/all-MiniLM-L12-v2 yüklendi.
2024-10-30 16:56:07,981 - INFO - jinaai/jina-embeddings-v3 yükleniyor...
2024-10-30 16:56:11,134 - WARNING - flash_attn is not installed. Using PyTorch native attention implementation.
2024-10-30 16:56:11,134 - WARNING - flash_attn is not installed. Using PyTorch native attention implementation.
2024-10-30 16:56:11,138 - WARNING - flash_attn is not installed. Using PyTorch native attention implementation.
2024-10-30 16:56:11,141 - WARNING - flash_attn is not installed. Using PyTorch native attention implementation.
2024-10-30 16:56:11,145 - WARNING - flash_attn is not installed. Using PyTorch native attention implementation.
2024-10-30 16:56:11,149 - WARNING - flash_attn is not installed. Using PyTorch native attention implementation.
2024-10-30 16:56:11,152 - WARNING - flash_attn is not installed. Using PyTorch native attention implementation.
2024-10-30 16:56:11,156 - WARNING - flash_attn is not installed. Using PyTorch native attention implementation.
2024-10-30 16:56:11,159 - WARNING - flash_attn is not installed. Using PyTorch native attention implementation.
2024-10-30 16:56:11,163 - WARNING - flash_attn is not installed. Using PyTorch native attention implementation.
2024-10-30 16:56:11,168 - WARNING - flash_attn is not installed. Using PyTorch native attention implementation.
2024-10-30 16:56:11,172 - WARNING - flash_attn is not installed. Using PyTorch native attention implementation.
2024-10-30 16:56:11,176 - WARNING - flash_attn is not installed. Using PyTorch native attention implementation.
2024-10-30 16:56:11,179 - WARNING - flash_attn is not installed. Using PyTorch native attention implementation.
2024-10-30 16:56:11,183 - WARNING - flash_attn is not installed. Using PyTorch native attention implementation.
2024-10-30 16:56:11,187 - WARNING - flash_attn is not installed. Using PyTorch native attention implementation.
2024-10-30 16:56:11,191 - WARNING - flash_attn is not installed. Using PyTorch native attention implementation.
2024-10-30 16:56:11,195 - WARNING - flash_attn is not installed. Using PyTorch native attention implementation.
2024-10-30 16:56:11,199 - WARNING - flash_attn is not installed. Using PyTorch native attention implementation.
2024-10-30 16:56:11,204 - WARNING - flash_attn is not installed. Using PyTorch native attention implementation.
2024-10-30 16:56:11,208 - WARNING - flash_attn is not installed. Using PyTorch native attention implementation.
2024-10-30 16:56:11,212 - WARNING - flash_attn is not installed. Using PyTorch native attention implementation.
2024-10-30 16:56:11,225 - WARNING - flash_attn is not installed. Using PyTorch native attention implementation.
2024-10-30 16:56:11,228 - WARNING - flash_attn is not installed. Using PyTorch native attention implementation.
2024-10-30 16:56:11,232 - WARNING - flash_attn is not installed. Using PyTorch native attention implementation.
2024-10-30 16:56:12,820 - INFO - jinaai/jina-embeddings-v3 yüklendi.
2024-10-30 16:56:12,821 - INFO - intfloat/multilingual-e5-large-instruct yükleniyor...
2024-10-30 16:56:14,842 - INFO - intfloat/multilingual-e5-large-instruct yüklendi.
2024-10-30 16:56:14,842 - INFO - BAAI/bge-m3 yükleniyor...
2024-10-30 16:56:17,391 - INFO - BAAI/bge-m3 yüklendi.
2024-10-30 16:56:17,391 - INFO - thenlper/gte-large yükleniyor...
2024-10-30 16:56:18,745 - INFO - thenlper/gte-large yüklendi.
2024-10-30 16:56:18,745 - INFO - nomic-ai/nomic-embed-text-v1 yükleniyor...
2024-10-30 16:56:22,284 - WARNING - <All keys matched successfully>
2024-10-30 16:56:22,288 - INFO - nomic-ai/nomic-embed-text-v1 yüklendi.
2024-10-30 16:56:22,288 - INFO - dbmdz/bert-base-turkish-cased yükleniyor...
2024-10-30 16:56:23,625 - INFO - dbmdz/bert-base-turkish-cased yüklendi.
2024-10-30 16:56:23,625 - INFO - sentence-transformers/all-MiniLM-L12-v2 için temsiller önbellekten yükleniyor...
2024-10-30 16:56:24,095 - INFO - jinaai/jina-embeddings-v3 için temsiller önbellekten yükleniyor...
2024-10-30 16:56:24,101 - INFO - intfloat/multilingual-e5-large-instruct için temsiller önbellekten yükleniyor...
2024-10-30 16:56:24,108 - INFO - BAAI/bge-m3 için temsiller önbellekten yükleniyor...
2024-10-30 16:56:24,112 - INFO - thenlper/gte-large için temsiller önbellekten yükleniyor...
2024-10-30 16:56:24,117 - INFO - nomic-ai/nomic-embed-text-v1 için temsiller önbellekten yükleniyor...
2024-10-30 16:56:24,121 - INFO - dbmdz/bert-base-turkish-cased için temsiller önbellekten yükleniyor...
2024-10-30 16:56:24,126 - INFO - sentence-transformers/all-MiniLM-L12-v2 için temsiller önbellekten yükleniyor...
2024-10-30 16:56:24,128 - INFO - jinaai/jina-embeddings-v3 için temsiller önbellekten yükleniyor...
2024-10-30 16:56:24,131 - INFO - intfloat/multilingual-e5-large-instruct için temsiller önbellekten yükleniyor...
2024-10-30 16:56:24,134 - INFO - BAAI/bge-m3 için temsiller önbellekten yükleniyor...
2024-10-30 16:56:24,137 - INFO - thenlper/gte-large için temsiller önbellekten yükleniyor...
2024-10-30 16:56:24,140 - INFO - nomic-ai/nomic-embed-text-v1 için temsiller önbellekten yükleniyor...
2024-10-30 16:56:24,142 - INFO - dbmdz/bert-base-turkish-cased için temsiller önbellekten yükleniyor...
