2024-10-31 14:40:34,038 - INFO - Reading CSV file...
2024-10-31 14:40:34,049 - INFO - CSV file successfully read.
2024-10-31 14:40:34,542 - INFO - Using device: cuda
2024-10-31 14:40:34,543 - INFO - Processing model: dbmdz/bert-base-turkish-cased
2024-10-31 14:40:38,813 - INFO - Getting embeddings for dbmdz/bert-base-turkish-cased...
2024-10-31 14:40:46,675 - INFO - Embeddings for dbmdz/bert-base-turkish-cased obtained.
2024-10-31 14:40:48,603 - INFO - Getting embeddings for dbmdz/bert-base-turkish-cased...
2024-10-31 14:40:57,261 - INFO - Embeddings for dbmdz/bert-base-turkish-cased obtained.
2024-10-31 14:40:58,763 - INFO - Getting embeddings for dbmdz/bert-base-turkish-cased...
2024-10-31 14:40:59,762 - INFO - Embeddings for dbmdz/bert-base-turkish-cased obtained.
2024-10-31 14:41:01,100 - INFO - Getting embeddings for dbmdz/bert-base-turkish-cased...
2024-10-31 14:41:02,011 - INFO - Embeddings for dbmdz/bert-base-turkish-cased obtained.
2024-10-31 14:41:03,422 - INFO - Getting embeddings for dbmdz/bert-base-turkish-cased...
2024-10-31 14:41:04,622 - INFO - Embeddings for dbmdz/bert-base-turkish-cased obtained.
2024-10-31 14:41:06,177 - INFO - Getting embeddings for dbmdz/bert-base-turkish-cased...
2024-10-31 14:41:07,289 - INFO - Embeddings for dbmdz/bert-base-turkish-cased obtained.
2024-10-31 14:41:08,028 - INFO - dbmdz/bert-base-turkish-cased - Training Top 1 Accuracy: 29.88%
2024-10-31 14:41:08,029 - INFO - dbmdz/bert-base-turkish-cased - Training Top 5 Accuracy: 45.62%
2024-10-31 14:41:08,039 - INFO - dbmdz/bert-base-turkish-cased - Validation Top 1 Accuracy: 40.00%
2024-10-31 14:41:08,040 - INFO - dbmdz/bert-base-turkish-cased - Validation Top 5 Accuracy: 54.00%
2024-10-31 14:41:08,063 - INFO - dbmdz/bert-base-turkish-cased - Test Top 1 Accuracy: 49.00%
2024-10-31 14:41:08,064 - INFO - dbmdz/bert-base-turkish-cased - Test Top 5 Accuracy: 62.00%
2024-10-31 14:41:08,064 - INFO - Applying TSNE for dbmdz/bert-base-turkish-cased...
2024-10-31 14:41:12,475 - ERROR - Error processing model dbmdz/bert-base-turkish-cased: [Errno 2] No such file or directory: '/home/simdev/workspace/YildizNLP/results/visualization/tsne_plot_dbmdz/bert-base-turkish-cased.png'
