2024-10-31 20:01:37,211 - INFO - Reading CSV file...
2024-10-31 20:01:37,224 - INFO - CSV file successfully read.
2024-10-31 20:01:38,583 - INFO - Using device: cuda
2024-10-31 20:01:38,584 - INFO - Processing model: dbmdz/bert-base-turkish-cased
2024-10-31 20:01:42,869 - INFO - Starting epoch 1/1 for dbmdz/bert-base-turkish-cased...
2024-10-31 20:01:44,286 - INFO - Getting embeddings for dbmdz/bert-base-turkish-cased...
2024-10-31 20:01:45,004 - INFO - Embeddings for dbmdz/bert-base-turkish-cased obtained.
2024-10-31 20:01:46,428 - INFO - Getting embeddings for dbmdz/bert-base-turkish-cased...
2024-10-31 20:01:47,077 - INFO - Embeddings for dbmdz/bert-base-turkish-cased obtained.
2024-10-31 20:01:47,086 - INFO - dbmdz/bert-base-turkish-cased - Epoch 1, Batch 1: Training Top 1 Accuracy: 56.00%
2024-10-31 20:01:47,086 - INFO - dbmdz/bert-base-turkish-cased - Epoch 1, Batch 1: Training Top 5 Accuracy: 72.00%
2024-10-31 20:01:48,476 - INFO - Getting embeddings for dbmdz/bert-base-turkish-cased...
2024-10-31 20:01:48,927 - INFO - Embeddings for dbmdz/bert-base-turkish-cased obtained.
2024-10-31 20:01:50,380 - INFO - Getting embeddings for dbmdz/bert-base-turkish-cased...
2024-10-31 20:01:51,101 - INFO - Embeddings for dbmdz/bert-base-turkish-cased obtained.
2024-10-31 20:01:51,110 - INFO - dbmdz/bert-base-turkish-cased - Epoch 1, Batch 2: Training Top 1 Accuracy: 46.00%
2024-10-31 20:01:51,111 - INFO - dbmdz/bert-base-turkish-cased - Epoch 1, Batch 2: Training Top 5 Accuracy: 72.00%
2024-10-31 20:01:52,453 - INFO - Getting embeddings for dbmdz/bert-base-turkish-cased...
2024-10-31 20:01:53,021 - INFO - Embeddings for dbmdz/bert-base-turkish-cased obtained.
2024-10-31 20:01:54,351 - INFO - Getting embeddings for dbmdz/bert-base-turkish-cased...
2024-10-31 20:01:54,908 - INFO - Embeddings for dbmdz/bert-base-turkish-cased obtained.
2024-10-31 20:01:54,915 - INFO - dbmdz/bert-base-turkish-cased - Epoch 1, Batch 3: Training Top 1 Accuracy: 54.00%
2024-10-31 20:01:54,915 - INFO - dbmdz/bert-base-turkish-cased - Epoch 1, Batch 3: Training Top 5 Accuracy: 74.00%
2024-10-31 20:01:56,313 - INFO - Getting embeddings for dbmdz/bert-base-turkish-cased...
2024-10-31 20:01:56,959 - INFO - Embeddings for dbmdz/bert-base-turkish-cased obtained.
2024-10-31 20:01:58,323 - INFO - Getting embeddings for dbmdz/bert-base-turkish-cased...
2024-10-31 20:01:58,916 - INFO - Embeddings for dbmdz/bert-base-turkish-cased obtained.
2024-10-31 20:01:58,923 - INFO - dbmdz/bert-base-turkish-cased - Epoch 1, Batch 4: Training Top 1 Accuracy: 52.00%
2024-10-31 20:01:58,924 - INFO - dbmdz/bert-base-turkish-cased - Epoch 1, Batch 4: Training Top 5 Accuracy: 74.00%
2024-10-31 20:02:00,305 - INFO - Getting embeddings for dbmdz/bert-base-turkish-cased...
2024-10-31 20:02:00,765 - INFO - Embeddings for dbmdz/bert-base-turkish-cased obtained.
2024-10-31 20:02:02,127 - INFO - Getting embeddings for dbmdz/bert-base-turkish-cased...
2024-10-31 20:02:02,702 - INFO - Embeddings for dbmdz/bert-base-turkish-cased obtained.
2024-10-31 20:02:02,709 - INFO - dbmdz/bert-base-turkish-cased - Epoch 1, Batch 5: Training Top 1 Accuracy: 52.00%
2024-10-31 20:02:02,709 - INFO - dbmdz/bert-base-turkish-cased - Epoch 1, Batch 5: Training Top 5 Accuracy: 68.00%
2024-10-31 20:02:04,133 - INFO - Getting embeddings for dbmdz/bert-base-turkish-cased...
2024-10-31 20:02:04,865 - INFO - Embeddings for dbmdz/bert-base-turkish-cased obtained.
2024-10-31 20:02:06,415 - INFO - Getting embeddings for dbmdz/bert-base-turkish-cased...
2024-10-31 20:02:06,961 - INFO - Embeddings for dbmdz/bert-base-turkish-cased obtained.
2024-10-31 20:02:06,969 - INFO - dbmdz/bert-base-turkish-cased - Epoch 1, Batch 6: Training Top 1 Accuracy: 54.00%
2024-10-31 20:02:06,969 - INFO - dbmdz/bert-base-turkish-cased - Epoch 1, Batch 6: Training Top 5 Accuracy: 72.00%
2024-10-31 20:02:08,343 - INFO - Getting embeddings for dbmdz/bert-base-turkish-cased...
2024-10-31 20:02:08,902 - INFO - Embeddings for dbmdz/bert-base-turkish-cased obtained.
2024-10-31 20:02:10,374 - INFO - Getting embeddings for dbmdz/bert-base-turkish-cased...
2024-10-31 20:02:11,126 - INFO - Embeddings for dbmdz/bert-base-turkish-cased obtained.
2024-10-31 20:02:11,134 - INFO - dbmdz/bert-base-turkish-cased - Epoch 1, Batch 7: Training Top 1 Accuracy: 48.00%
2024-10-31 20:02:11,134 - INFO - dbmdz/bert-base-turkish-cased - Epoch 1, Batch 7: Training Top 5 Accuracy: 60.00%
2024-10-31 20:02:12,610 - INFO - Getting embeddings for dbmdz/bert-base-turkish-cased...
2024-10-31 20:02:13,207 - INFO - Embeddings for dbmdz/bert-base-turkish-cased obtained.
2024-10-31 20:02:14,596 - INFO - Getting embeddings for dbmdz/bert-base-turkish-cased...
2024-10-31 20:02:15,163 - INFO - Embeddings for dbmdz/bert-base-turkish-cased obtained.
2024-10-31 20:02:15,170 - INFO - dbmdz/bert-base-turkish-cased - Epoch 1, Batch 8: Training Top 1 Accuracy: 42.00%
2024-10-31 20:02:15,170 - INFO - dbmdz/bert-base-turkish-cased - Epoch 1, Batch 8: Training Top 5 Accuracy: 58.00%
2024-10-31 20:02:16,610 - INFO - Getting embeddings for dbmdz/bert-base-turkish-cased...
2024-10-31 20:02:17,158 - INFO - Embeddings for dbmdz/bert-base-turkish-cased obtained.
2024-10-31 20:02:18,570 - INFO - Getting embeddings for dbmdz/bert-base-turkish-cased...
2024-10-31 20:02:19,154 - INFO - Embeddings for dbmdz/bert-base-turkish-cased obtained.
2024-10-31 20:02:19,163 - INFO - dbmdz/bert-base-turkish-cased - Epoch 1, Batch 9: Training Top 1 Accuracy: 56.00%
2024-10-31 20:02:19,163 - INFO - dbmdz/bert-base-turkish-cased - Epoch 1, Batch 9: Training Top 5 Accuracy: 72.00%
2024-10-31 20:02:20,557 - INFO - Getting embeddings for dbmdz/bert-base-turkish-cased...
2024-10-31 20:02:21,214 - INFO - Embeddings for dbmdz/bert-base-turkish-cased obtained.
2024-10-31 20:02:22,537 - INFO - Getting embeddings for dbmdz/bert-base-turkish-cased...
2024-10-31 20:02:23,097 - INFO - Embeddings for dbmdz/bert-base-turkish-cased obtained.
2024-10-31 20:02:23,106 - INFO - dbmdz/bert-base-turkish-cased - Epoch 1, Batch 10: Training Top 1 Accuracy: 62.00%
2024-10-31 20:02:23,106 - INFO - dbmdz/bert-base-turkish-cased - Epoch 1, Batch 10: Training Top 5 Accuracy: 80.00%
2024-10-31 20:02:24,509 - INFO - Getting embeddings for dbmdz/bert-base-turkish-cased...
2024-10-31 20:02:25,002 - INFO - Embeddings for dbmdz/bert-base-turkish-cased obtained.
2024-10-31 20:02:26,412 - INFO - Getting embeddings for dbmdz/bert-base-turkish-cased...
2024-10-31 20:02:27,061 - INFO - Embeddings for dbmdz/bert-base-turkish-cased obtained.
2024-10-31 20:02:27,068 - INFO - dbmdz/bert-base-turkish-cased - Epoch 1, Batch 11: Training Top 1 Accuracy: 54.00%
2024-10-31 20:02:27,068 - INFO - dbmdz/bert-base-turkish-cased - Epoch 1, Batch 11: Training Top 5 Accuracy: 76.00%
2024-10-31 20:02:28,404 - INFO - Getting embeddings for dbmdz/bert-base-turkish-cased...
2024-10-31 20:02:28,945 - INFO - Embeddings for dbmdz/bert-base-turkish-cased obtained.
2024-10-31 20:02:30,333 - INFO - Getting embeddings for dbmdz/bert-base-turkish-cased...
2024-10-31 20:02:30,924 - INFO - Embeddings for dbmdz/bert-base-turkish-cased obtained.
2024-10-31 20:02:30,932 - INFO - dbmdz/bert-base-turkish-cased - Epoch 1, Batch 12: Training Top 1 Accuracy: 66.00%
2024-10-31 20:02:30,932 - INFO - dbmdz/bert-base-turkish-cased - Epoch 1, Batch 12: Training Top 5 Accuracy: 76.00%
2024-10-31 20:02:32,334 - INFO - Getting embeddings for dbmdz/bert-base-turkish-cased...
2024-10-31 20:02:32,946 - INFO - Embeddings for dbmdz/bert-base-turkish-cased obtained.
2024-10-31 20:02:34,260 - INFO - Getting embeddings for dbmdz/bert-base-turkish-cased...
2024-10-31 20:02:34,770 - INFO - Embeddings for dbmdz/bert-base-turkish-cased obtained.
2024-10-31 20:02:34,778 - INFO - dbmdz/bert-base-turkish-cased - Epoch 1, Batch 13: Training Top 1 Accuracy: 38.00%
2024-10-31 20:02:34,778 - INFO - dbmdz/bert-base-turkish-cased - Epoch 1, Batch 13: Training Top 5 Accuracy: 58.00%
2024-10-31 20:02:36,219 - INFO - Getting embeddings for dbmdz/bert-base-turkish-cased...
2024-10-31 20:02:36,729 - INFO - Embeddings for dbmdz/bert-base-turkish-cased obtained.
2024-10-31 20:02:38,207 - INFO - Getting embeddings for dbmdz/bert-base-turkish-cased...
2024-10-31 20:02:38,996 - INFO - Embeddings for dbmdz/bert-base-turkish-cased obtained.
2024-10-31 20:02:39,004 - INFO - dbmdz/bert-base-turkish-cased - Epoch 1, Batch 14: Training Top 1 Accuracy: 58.00%
2024-10-31 20:02:39,005 - INFO - dbmdz/bert-base-turkish-cased - Epoch 1, Batch 14: Training Top 5 Accuracy: 84.00%
2024-10-31 20:02:40,374 - INFO - Getting embeddings for dbmdz/bert-base-turkish-cased...
2024-10-31 20:02:40,893 - INFO - Embeddings for dbmdz/bert-base-turkish-cased obtained.
2024-10-31 20:02:42,320 - INFO - Getting embeddings for dbmdz/bert-base-turkish-cased...
2024-10-31 20:02:42,874 - INFO - Embeddings for dbmdz/bert-base-turkish-cased obtained.
2024-10-31 20:02:42,883 - INFO - dbmdz/bert-base-turkish-cased - Epoch 1, Batch 15: Training Top 1 Accuracy: 52.00%
2024-10-31 20:02:42,883 - INFO - dbmdz/bert-base-turkish-cased - Epoch 1, Batch 15: Training Top 5 Accuracy: 68.00%
2024-10-31 20:02:44,310 - INFO - Getting embeddings for dbmdz/bert-base-turkish-cased...
2024-10-31 20:02:44,893 - INFO - Embeddings for dbmdz/bert-base-turkish-cased obtained.
2024-10-31 20:02:46,290 - INFO - Getting embeddings for dbmdz/bert-base-turkish-cased...
2024-10-31 20:02:46,901 - INFO - Embeddings for dbmdz/bert-base-turkish-cased obtained.
2024-10-31 20:02:46,909 - INFO - dbmdz/bert-base-turkish-cased - Epoch 1, Batch 16: Training Top 1 Accuracy: 58.00%
2024-10-31 20:02:46,909 - INFO - dbmdz/bert-base-turkish-cased - Epoch 1, Batch 16: Training Top 5 Accuracy: 74.00%
2024-10-31 20:02:48,212 - INFO - Getting embeddings for dbmdz/bert-base-turkish-cased...
2024-10-31 20:02:49,306 - INFO - Embeddings for dbmdz/bert-base-turkish-cased obtained.
2024-10-31 20:02:50,707 - INFO - Getting embeddings for dbmdz/bert-base-turkish-cased...
2024-10-31 20:02:51,716 - INFO - Embeddings for dbmdz/bert-base-turkish-cased obtained.
2024-10-31 20:02:51,733 - INFO - dbmdz/bert-base-turkish-cased - Epoch 1: Validation Top 1 Accuracy: 47.00%
2024-10-31 20:02:51,733 - INFO - dbmdz/bert-base-turkish-cased - Epoch 1: Validation Top 5 Accuracy: 58.00%
2024-10-31 20:02:51,734 - INFO - dbmdz/bert-base-turkish-cased - Epoch 1: Model improved, saving model...
2024-10-31 20:02:51,734 - INFO - Evaluating model on test set: dbmdz/bert-base-turkish-cased
2024-10-31 20:02:53,025 - INFO - Getting embeddings for dbmdz/bert-base-turkish-cased...
2024-10-31 20:02:54,260 - INFO - Embeddings for dbmdz/bert-base-turkish-cased obtained.
2024-10-31 20:02:55,609 - INFO - Getting embeddings for dbmdz/bert-base-turkish-cased...
2024-10-31 20:02:56,743 - INFO - Embeddings for dbmdz/bert-base-turkish-cased obtained.
2024-10-31 20:02:56,758 - INFO - dbmdz/bert-base-turkish-cased - Test Top 1 Accuracy: 52.00%
2024-10-31 20:02:56,758 - INFO - dbmdz/bert-base-turkish-cased - Test Top 5 Accuracy: 65.00%
