2024-11-01 21:38:43,563 - INFO - Reading CSV file...
2024-11-01 21:38:43,575 - INFO - CSV file successfully read.
2024-11-01 21:38:43,972 - INFO - Using device: cuda
2024-11-01 21:38:43,973 - INFO - Training model: dbmdz/bert-base-turkish-cased
2024-11-01 21:38:48,253 - INFO - Epoch 1/1
2024-11-01 21:38:49,706 - INFO - Getting embeddings for dbmdz/bert-base-turkish-cased...
2024-11-01 21:38:57,900 - INFO - Embeddings for dbmdz/bert-base-turkish-cased obtained.
2024-11-01 21:38:59,981 - INFO - Getting embeddings for dbmdz/bert-base-turkish-cased...
2024-11-01 21:39:08,107 - INFO - Embeddings for dbmdz/bert-base-turkish-cased obtained.
2024-11-01 21:39:08,232 - INFO - Training Batch 1: Top 1 Accuracy: 29.75%, Top 5 Accuracy: 69.50%
2024-11-01 21:39:08,234 - INFO - Validating model...
2024-11-01 21:39:09,660 - INFO - Getting embeddings for dbmdz/bert-base-turkish-cased...
2024-11-01 21:39:10,610 - INFO - Embeddings for dbmdz/bert-base-turkish-cased obtained.
2024-11-01 21:39:12,078 - INFO - Getting embeddings for dbmdz/bert-base-turkish-cased...
2024-11-01 21:39:13,047 - INFO - Embeddings for dbmdz/bert-base-turkish-cased obtained.
2024-11-01 21:39:13,058 - INFO - Validation: Top 1 Accuracy: 42.00%, Top 5 Accuracy: 73.00%
2024-11-01 21:39:13,065 - INFO - Testing model...
2024-11-01 21:39:14,458 - INFO - Getting embeddings for dbmdz/bert-base-turkish-cased...
2024-11-01 21:39:15,590 - INFO - Embeddings for dbmdz/bert-base-turkish-cased obtained.
2024-11-01 21:39:16,917 - INFO - Getting embeddings for dbmdz/bert-base-turkish-cased...
2024-11-01 21:39:17,864 - INFO - Embeddings for dbmdz/bert-base-turkish-cased obtained.
2024-11-01 21:39:17,878 - INFO - Test Results: Top 1 Accuracy: 47.00%, Top 5 Accuracy: 81.00%
