2024-11-01 21:20:37,240 - INFO - Reading CSV file...
2024-11-01 21:20:37,252 - INFO - CSV file successfully read.
2024-11-01 21:20:37,719 - INFO - Using device: cuda
2024-11-01 21:20:37,720 - INFO - Training model: dbmdz/bert-base-turkish-cased
2024-11-01 21:20:41,806 - INFO - Epoch 1/2
2024-11-01 21:20:43,249 - INFO - Getting embeddings for dbmdz/bert-base-turkish-cased...
2024-11-01 21:20:43,713 - INFO - Embeddings for dbmdz/bert-base-turkish-cased obtained.
2024-11-01 21:20:45,170 - INFO - Getting embeddings for dbmdz/bert-base-turkish-cased...
2024-11-01 21:20:45,579 - INFO - Embeddings for dbmdz/bert-base-turkish-cased obtained.
2024-11-01 21:20:46,991 - INFO - Getting embeddings for dbmdz/bert-base-turkish-cased...
2024-11-01 21:20:47,387 - INFO - Embeddings for dbmdz/bert-base-turkish-cased obtained.
2024-11-01 21:20:48,826 - INFO - Getting embeddings for dbmdz/bert-base-turkish-cased...
2024-11-01 21:20:49,393 - INFO - Embeddings for dbmdz/bert-base-turkish-cased obtained.
2024-11-01 21:20:50,787 - INFO - Getting embeddings for dbmdz/bert-base-turkish-cased...
2024-11-01 21:20:51,259 - INFO - Embeddings for dbmdz/bert-base-turkish-cased obtained.
2024-11-01 21:20:52,674 - INFO - Getting embeddings for dbmdz/bert-base-turkish-cased...
2024-11-01 21:20:53,176 - INFO - Embeddings for dbmdz/bert-base-turkish-cased obtained.
2024-11-01 21:20:54,622 - INFO - Getting embeddings for dbmdz/bert-base-turkish-cased...
2024-11-01 21:20:54,974 - INFO - Embeddings for dbmdz/bert-base-turkish-cased obtained.
2024-11-01 21:20:56,328 - INFO - Getting embeddings for dbmdz/bert-base-turkish-cased...
2024-11-01 21:20:56,715 - INFO - Embeddings for dbmdz/bert-base-turkish-cased obtained.
2024-11-01 21:20:58,559 - INFO - Getting embeddings for dbmdz/bert-base-turkish-cased...
2024-11-01 21:20:58,908 - INFO - Embeddings for dbmdz/bert-base-turkish-cased obtained.
2024-11-01 21:21:00,222 - INFO - Getting embeddings for dbmdz/bert-base-turkish-cased...
2024-11-01 21:21:00,559 - INFO - Embeddings for dbmdz/bert-base-turkish-cased obtained.
2024-11-01 21:21:02,053 - INFO - Getting embeddings for dbmdz/bert-base-turkish-cased...
2024-11-01 21:21:02,382 - INFO - Embeddings for dbmdz/bert-base-turkish-cased obtained.
2024-11-01 21:21:03,741 - INFO - Getting embeddings for dbmdz/bert-base-turkish-cased...
2024-11-01 21:21:04,025 - INFO - Embeddings for dbmdz/bert-base-turkish-cased obtained.
2024-11-01 21:21:05,399 - INFO - Getting embeddings for dbmdz/bert-base-turkish-cased...
2024-11-01 21:21:05,840 - INFO - Embeddings for dbmdz/bert-base-turkish-cased obtained.
2024-11-01 21:21:07,236 - INFO - Getting embeddings for dbmdz/bert-base-turkish-cased...
2024-11-01 21:21:07,757 - INFO - Embeddings for dbmdz/bert-base-turkish-cased obtained.
2024-11-01 21:21:09,080 - INFO - Getting embeddings for dbmdz/bert-base-turkish-cased...
2024-11-01 21:21:09,365 - INFO - Embeddings for dbmdz/bert-base-turkish-cased obtained.
2024-11-01 21:21:10,729 - INFO - Getting embeddings for dbmdz/bert-base-turkish-cased...
2024-11-01 21:21:11,122 - INFO - Embeddings for dbmdz/bert-base-turkish-cased obtained.
2024-11-01 21:21:12,456 - INFO - Getting embeddings for dbmdz/bert-base-turkish-cased...
2024-11-01 21:21:12,914 - INFO - Embeddings for dbmdz/bert-base-turkish-cased obtained.
2024-11-01 21:21:14,317 - INFO - Getting embeddings for dbmdz/bert-base-turkish-cased...
2024-11-01 21:21:14,680 - INFO - Embeddings for dbmdz/bert-base-turkish-cased obtained.
2024-11-01 21:21:15,971 - INFO - Getting embeddings for dbmdz/bert-base-turkish-cased...
2024-11-01 21:21:16,395 - INFO - Embeddings for dbmdz/bert-base-turkish-cased obtained.
2024-11-01 21:21:17,735 - INFO - Getting embeddings for dbmdz/bert-base-turkish-cased...
2024-11-01 21:21:18,174 - INFO - Embeddings for dbmdz/bert-base-turkish-cased obtained.
2024-11-01 21:21:19,502 - INFO - Getting embeddings for dbmdz/bert-base-turkish-cased...
2024-11-01 21:21:19,853 - INFO - Embeddings for dbmdz/bert-base-turkish-cased obtained.
2024-11-01 21:21:21,230 - INFO - Getting embeddings for dbmdz/bert-base-turkish-cased...
2024-11-01 21:21:21,710 - INFO - Embeddings for dbmdz/bert-base-turkish-cased obtained.
2024-11-01 21:21:23,099 - INFO - Getting embeddings for dbmdz/bert-base-turkish-cased...
2024-11-01 21:21:23,410 - INFO - Embeddings for dbmdz/bert-base-turkish-cased obtained.
2024-11-01 21:21:24,729 - INFO - Getting embeddings for dbmdz/bert-base-turkish-cased...
2024-11-01 21:21:25,174 - INFO - Embeddings for dbmdz/bert-base-turkish-cased obtained.
2024-11-01 21:21:26,397 - INFO - Getting embeddings for dbmdz/bert-base-turkish-cased...
2024-11-01 21:21:26,707 - INFO - Embeddings for dbmdz/bert-base-turkish-cased obtained.
2024-11-01 21:21:28,043 - INFO - Getting embeddings for dbmdz/bert-base-turkish-cased...
2024-11-01 21:21:28,439 - INFO - Embeddings for dbmdz/bert-base-turkish-cased obtained.
2024-11-01 21:21:29,860 - INFO - Getting embeddings for dbmdz/bert-base-turkish-cased...
2024-11-01 21:21:30,193 - INFO - Embeddings for dbmdz/bert-base-turkish-cased obtained.
2024-11-01 21:21:31,571 - INFO - Getting embeddings for dbmdz/bert-base-turkish-cased...
2024-11-01 21:21:31,866 - INFO - Embeddings for dbmdz/bert-base-turkish-cased obtained.
2024-11-01 21:21:33,304 - INFO - Getting embeddings for dbmdz/bert-base-turkish-cased...
2024-11-01 21:21:33,641 - INFO - Embeddings for dbmdz/bert-base-turkish-cased obtained.
2024-11-01 21:21:35,188 - INFO - Getting embeddings for dbmdz/bert-base-turkish-cased...
2024-11-01 21:21:35,559 - INFO - Embeddings for dbmdz/bert-base-turkish-cased obtained.
2024-11-01 21:21:36,850 - INFO - Getting embeddings for dbmdz/bert-base-turkish-cased...
2024-11-01 21:21:37,114 - INFO - Embeddings for dbmdz/bert-base-turkish-cased obtained.
2024-11-01 21:21:38,483 - INFO - Getting embeddings for dbmdz/bert-base-turkish-cased...
2024-11-01 21:21:38,903 - INFO - Embeddings for dbmdz/bert-base-turkish-cased obtained.
2024-11-01 21:21:40,289 - INFO - Getting embeddings for dbmdz/bert-base-turkish-cased...
2024-11-01 21:21:40,625 - INFO - Embeddings for dbmdz/bert-base-turkish-cased obtained.
2024-11-01 21:21:42,099 - INFO - Getting embeddings for dbmdz/bert-base-turkish-cased...
2024-11-01 21:21:42,474 - INFO - Embeddings for dbmdz/bert-base-turkish-cased obtained.
2024-11-01 21:21:43,871 - INFO - Getting embeddings for dbmdz/bert-base-turkish-cased...
2024-11-01 21:21:44,239 - INFO - Embeddings for dbmdz/bert-base-turkish-cased obtained.
2024-11-01 21:21:45,653 - INFO - Getting embeddings for dbmdz/bert-base-turkish-cased...
2024-11-01 21:21:46,270 - INFO - Embeddings for dbmdz/bert-base-turkish-cased obtained.
2024-11-01 21:21:47,602 - INFO - Getting embeddings for dbmdz/bert-base-turkish-cased...
2024-11-01 21:21:47,871 - INFO - Embeddings for dbmdz/bert-base-turkish-cased obtained.
2024-11-01 21:21:49,232 - INFO - Getting embeddings for dbmdz/bert-base-turkish-cased...
2024-11-01 21:21:49,729 - INFO - Embeddings for dbmdz/bert-base-turkish-cased obtained.
2024-11-01 21:21:51,323 - INFO - Getting embeddings for dbmdz/bert-base-turkish-cased...
2024-11-01 21:21:51,717 - INFO - Embeddings for dbmdz/bert-base-turkish-cased obtained.
2024-11-01 21:21:53,241 - INFO - Getting embeddings for dbmdz/bert-base-turkish-cased...
2024-11-01 21:21:53,847 - INFO - Embeddings for dbmdz/bert-base-turkish-cased obtained.
2024-11-01 21:21:55,253 - INFO - Getting embeddings for dbmdz/bert-base-turkish-cased...
2024-11-01 21:21:55,671 - INFO - Embeddings for dbmdz/bert-base-turkish-cased obtained.
2024-11-01 21:21:57,100 - INFO - Getting embeddings for dbmdz/bert-base-turkish-cased...
2024-11-01 21:21:57,569 - INFO - Embeddings for dbmdz/bert-base-turkish-cased obtained.
2024-11-01 21:21:58,873 - INFO - Getting embeddings for dbmdz/bert-base-turkish-cased...
2024-11-01 21:21:59,184 - INFO - Embeddings for dbmdz/bert-base-turkish-cased obtained.
2024-11-01 21:22:00,639 - INFO - Getting embeddings for dbmdz/bert-base-turkish-cased...
2024-11-01 21:22:01,065 - INFO - Embeddings for dbmdz/bert-base-turkish-cased obtained.
2024-11-01 21:22:02,413 - INFO - Getting embeddings for dbmdz/bert-base-turkish-cased...
2024-11-01 21:22:02,735 - INFO - Embeddings for dbmdz/bert-base-turkish-cased obtained.
2024-11-01 21:22:04,671 - INFO - Getting embeddings for dbmdz/bert-base-turkish-cased...
2024-11-01 21:22:05,096 - INFO - Embeddings for dbmdz/bert-base-turkish-cased obtained.
2024-11-01 21:22:06,515 - INFO - Getting embeddings for dbmdz/bert-base-turkish-cased...
2024-11-01 21:22:06,882 - INFO - Embeddings for dbmdz/bert-base-turkish-cased obtained.
2024-11-01 21:22:08,233 - INFO - Getting embeddings for dbmdz/bert-base-turkish-cased...
2024-11-01 21:22:08,588 - INFO - Embeddings for dbmdz/bert-base-turkish-cased obtained.
2024-11-01 21:22:09,991 - INFO - Getting embeddings for dbmdz/bert-base-turkish-cased...
2024-11-01 21:22:10,369 - INFO - Embeddings for dbmdz/bert-base-turkish-cased obtained.
2024-11-01 21:22:11,865 - INFO - Getting embeddings for dbmdz/bert-base-turkish-cased...
2024-11-01 21:22:12,260 - INFO - Embeddings for dbmdz/bert-base-turkish-cased obtained.
2024-11-01 21:22:12,268 - INFO - Epoch 1: Loss = 0.9589256882667542
2024-11-01 21:22:12,270 - INFO - Validating model...
2024-11-01 21:22:13,632 - INFO - Getting embeddings for dbmdz/bert-base-turkish-cased...
2024-11-01 21:22:14,569 - INFO - Embeddings for dbmdz/bert-base-turkish-cased obtained.
2024-11-01 21:22:15,915 - INFO - Getting embeddings for dbmdz/bert-base-turkish-cased...
2024-11-01 21:22:17,073 - INFO - Embeddings for dbmdz/bert-base-turkish-cased obtained.
2024-11-01 21:22:17,087 - INFO - Validation: Top 1 Accuracy: 40.00%, Top 5 Accuracy: 71.00%
2024-11-01 21:22:17,087 - INFO - Epoch 2/2
2024-11-01 21:22:18,466 - INFO - Getting embeddings for dbmdz/bert-base-turkish-cased...
2024-11-01 21:22:18,740 - INFO - Embeddings for dbmdz/bert-base-turkish-cased obtained.
2024-11-01 21:22:20,148 - INFO - Getting embeddings for dbmdz/bert-base-turkish-cased...
2024-11-01 21:22:20,594 - INFO - Embeddings for dbmdz/bert-base-turkish-cased obtained.
2024-11-01 21:22:22,029 - INFO - Getting embeddings for dbmdz/bert-base-turkish-cased...
2024-11-01 21:22:22,465 - INFO - Embeddings for dbmdz/bert-base-turkish-cased obtained.
2024-11-01 21:22:23,935 - INFO - Getting embeddings for dbmdz/bert-base-turkish-cased...
2024-11-01 21:22:24,419 - INFO - Embeddings for dbmdz/bert-base-turkish-cased obtained.
2024-11-01 21:22:25,752 - INFO - Getting embeddings for dbmdz/bert-base-turkish-cased...
2024-11-01 21:22:26,092 - INFO - Embeddings for dbmdz/bert-base-turkish-cased obtained.
2024-11-01 21:22:27,610 - INFO - Getting embeddings for dbmdz/bert-base-turkish-cased...
2024-11-01 21:22:28,097 - INFO - Embeddings for dbmdz/bert-base-turkish-cased obtained.
2024-11-01 21:22:29,688 - INFO - Getting embeddings for dbmdz/bert-base-turkish-cased...
2024-11-01 21:22:30,021 - INFO - Embeddings for dbmdz/bert-base-turkish-cased obtained.
2024-11-01 21:22:31,449 - INFO - Getting embeddings for dbmdz/bert-base-turkish-cased...
2024-11-01 21:22:31,940 - INFO - Embeddings for dbmdz/bert-base-turkish-cased obtained.
2024-11-01 21:22:33,435 - INFO - Getting embeddings for dbmdz/bert-base-turkish-cased...
2024-11-01 21:22:33,890 - INFO - Embeddings for dbmdz/bert-base-turkish-cased obtained.
2024-11-01 21:22:35,356 - INFO - Getting embeddings for dbmdz/bert-base-turkish-cased...
2024-11-01 21:22:36,234 - INFO - Embeddings for dbmdz/bert-base-turkish-cased obtained.
2024-11-01 21:22:37,698 - INFO - Getting embeddings for dbmdz/bert-base-turkish-cased...
2024-11-01 21:22:38,083 - INFO - Embeddings for dbmdz/bert-base-turkish-cased obtained.
2024-11-01 21:22:39,525 - INFO - Getting embeddings for dbmdz/bert-base-turkish-cased...
2024-11-01 21:22:39,879 - INFO - Embeddings for dbmdz/bert-base-turkish-cased obtained.
2024-11-01 21:22:41,331 - INFO - Getting embeddings for dbmdz/bert-base-turkish-cased...
2024-11-01 21:22:41,734 - INFO - Embeddings for dbmdz/bert-base-turkish-cased obtained.
2024-11-01 21:22:43,169 - INFO - Getting embeddings for dbmdz/bert-base-turkish-cased...
2024-11-01 21:22:43,554 - INFO - Embeddings for dbmdz/bert-base-turkish-cased obtained.
2024-11-01 21:22:45,289 - INFO - Getting embeddings for dbmdz/bert-base-turkish-cased...
2024-11-01 21:22:45,661 - INFO - Embeddings for dbmdz/bert-base-turkish-cased obtained.
2024-11-01 21:22:47,089 - INFO - Getting embeddings for dbmdz/bert-base-turkish-cased...
2024-11-01 21:22:47,456 - INFO - Embeddings for dbmdz/bert-base-turkish-cased obtained.
2024-11-01 21:22:48,783 - INFO - Getting embeddings for dbmdz/bert-base-turkish-cased...
2024-11-01 21:22:49,150 - INFO - Embeddings for dbmdz/bert-base-turkish-cased obtained.
2024-11-01 21:22:50,549 - INFO - Getting embeddings for dbmdz/bert-base-turkish-cased...
2024-11-01 21:22:51,050 - INFO - Embeddings for dbmdz/bert-base-turkish-cased obtained.
2024-11-01 21:22:52,432 - INFO - Getting embeddings for dbmdz/bert-base-turkish-cased...
2024-11-01 21:22:52,769 - INFO - Embeddings for dbmdz/bert-base-turkish-cased obtained.
2024-11-01 21:22:54,324 - INFO - Getting embeddings for dbmdz/bert-base-turkish-cased...
2024-11-01 21:22:54,768 - INFO - Embeddings for dbmdz/bert-base-turkish-cased obtained.
2024-11-01 21:22:56,150 - INFO - Getting embeddings for dbmdz/bert-base-turkish-cased...
2024-11-01 21:22:56,461 - INFO - Embeddings for dbmdz/bert-base-turkish-cased obtained.
2024-11-01 21:22:57,972 - INFO - Getting embeddings for dbmdz/bert-base-turkish-cased...
2024-11-01 21:22:58,454 - INFO - Embeddings for dbmdz/bert-base-turkish-cased obtained.
2024-11-01 21:23:00,113 - INFO - Getting embeddings for dbmdz/bert-base-turkish-cased...
2024-11-01 21:23:00,426 - INFO - Embeddings for dbmdz/bert-base-turkish-cased obtained.
2024-11-01 21:23:01,792 - INFO - Getting embeddings for dbmdz/bert-base-turkish-cased...
2024-11-01 21:23:02,259 - INFO - Embeddings for dbmdz/bert-base-turkish-cased obtained.
2024-11-01 21:23:03,695 - INFO - Getting embeddings for dbmdz/bert-base-turkish-cased...
2024-11-01 21:23:04,043 - INFO - Embeddings for dbmdz/bert-base-turkish-cased obtained.
2024-11-01 21:23:05,544 - INFO - Getting embeddings for dbmdz/bert-base-turkish-cased...
2024-11-01 21:23:06,014 - INFO - Embeddings for dbmdz/bert-base-turkish-cased obtained.
2024-11-01 21:23:07,407 - INFO - Getting embeddings for dbmdz/bert-base-turkish-cased...
2024-11-01 21:23:07,831 - INFO - Embeddings for dbmdz/bert-base-turkish-cased obtained.
2024-11-01 21:23:09,719 - INFO - Getting embeddings for dbmdz/bert-base-turkish-cased...
2024-11-01 21:23:10,057 - INFO - Embeddings for dbmdz/bert-base-turkish-cased obtained.
2024-11-01 21:23:11,427 - INFO - Getting embeddings for dbmdz/bert-base-turkish-cased...
2024-11-01 21:23:11,724 - INFO - Embeddings for dbmdz/bert-base-turkish-cased obtained.
2024-11-01 21:23:13,166 - INFO - Getting embeddings for dbmdz/bert-base-turkish-cased...
2024-11-01 21:23:13,673 - INFO - Embeddings for dbmdz/bert-base-turkish-cased obtained.
2024-11-01 21:23:15,057 - INFO - Getting embeddings for dbmdz/bert-base-turkish-cased...
2024-11-01 21:23:15,334 - INFO - Embeddings for dbmdz/bert-base-turkish-cased obtained.
2024-11-01 21:23:16,812 - INFO - Getting embeddings for dbmdz/bert-base-turkish-cased...
2024-11-01 21:23:17,136 - INFO - Embeddings for dbmdz/bert-base-turkish-cased obtained.
2024-11-01 21:23:18,474 - INFO - Getting embeddings for dbmdz/bert-base-turkish-cased...
2024-11-01 21:23:18,942 - INFO - Embeddings for dbmdz/bert-base-turkish-cased obtained.
2024-11-01 21:23:20,392 - INFO - Getting embeddings for dbmdz/bert-base-turkish-cased...
2024-11-01 21:23:20,713 - INFO - Embeddings for dbmdz/bert-base-turkish-cased obtained.
2024-11-01 21:23:22,122 - INFO - Getting embeddings for dbmdz/bert-base-turkish-cased...
2024-11-01 21:23:22,524 - INFO - Embeddings for dbmdz/bert-base-turkish-cased obtained.
2024-11-01 21:23:23,936 - INFO - Getting embeddings for dbmdz/bert-base-turkish-cased...
2024-11-01 21:23:24,410 - INFO - Embeddings for dbmdz/bert-base-turkish-cased obtained.
2024-11-01 21:23:26,269 - INFO - Getting embeddings for dbmdz/bert-base-turkish-cased...
2024-11-01 21:23:26,669 - INFO - Embeddings for dbmdz/bert-base-turkish-cased obtained.
2024-11-01 21:23:28,143 - INFO - Getting embeddings for dbmdz/bert-base-turkish-cased...
2024-11-01 21:23:28,514 - INFO - Embeddings for dbmdz/bert-base-turkish-cased obtained.
2024-11-01 21:23:30,053 - INFO - Getting embeddings for dbmdz/bert-base-turkish-cased...
2024-11-01 21:23:30,326 - INFO - Embeddings for dbmdz/bert-base-turkish-cased obtained.
2024-11-01 21:23:31,789 - INFO - Getting embeddings for dbmdz/bert-base-turkish-cased...
2024-11-01 21:23:32,204 - INFO - Embeddings for dbmdz/bert-base-turkish-cased obtained.
2024-11-01 21:23:33,614 - INFO - Getting embeddings for dbmdz/bert-base-turkish-cased...
2024-11-01 21:23:33,958 - INFO - Embeddings for dbmdz/bert-base-turkish-cased obtained.
2024-11-01 21:23:35,326 - INFO - Getting embeddings for dbmdz/bert-base-turkish-cased...
2024-11-01 21:23:35,694 - INFO - Embeddings for dbmdz/bert-base-turkish-cased obtained.
2024-11-01 21:23:37,132 - INFO - Getting embeddings for dbmdz/bert-base-turkish-cased...
2024-11-01 21:23:37,436 - INFO - Embeddings for dbmdz/bert-base-turkish-cased obtained.
2024-11-01 21:23:38,791 - INFO - Getting embeddings for dbmdz/bert-base-turkish-cased...
2024-11-01 21:23:39,194 - INFO - Embeddings for dbmdz/bert-base-turkish-cased obtained.
2024-11-01 21:23:40,631 - INFO - Getting embeddings for dbmdz/bert-base-turkish-cased...
2024-11-01 21:23:41,354 - INFO - Embeddings for dbmdz/bert-base-turkish-cased obtained.
2024-11-01 21:23:42,735 - INFO - Getting embeddings for dbmdz/bert-base-turkish-cased...
2024-11-01 21:23:43,039 - INFO - Embeddings for dbmdz/bert-base-turkish-cased obtained.
2024-11-01 21:23:44,426 - INFO - Getting embeddings for dbmdz/bert-base-turkish-cased...
2024-11-01 21:23:44,772 - INFO - Embeddings for dbmdz/bert-base-turkish-cased obtained.
2024-11-01 21:23:46,119 - INFO - Getting embeddings for dbmdz/bert-base-turkish-cased...
2024-11-01 21:23:46,489 - INFO - Embeddings for dbmdz/bert-base-turkish-cased obtained.
2024-11-01 21:23:47,809 - INFO - Getting embeddings for dbmdz/bert-base-turkish-cased...
2024-11-01 21:23:48,132 - INFO - Embeddings for dbmdz/bert-base-turkish-cased obtained.
2024-11-01 21:23:49,454 - INFO - Getting embeddings for dbmdz/bert-base-turkish-cased...
2024-11-01 21:23:49,985 - INFO - Embeddings for dbmdz/bert-base-turkish-cased obtained.
2024-11-01 21:23:49,994 - INFO - Epoch 2: Loss = 0.9589256882667542
2024-11-01 21:23:49,996 - INFO - Validating model...
2024-11-01 21:23:51,478 - INFO - Getting embeddings for dbmdz/bert-base-turkish-cased...
2024-11-01 21:23:52,458 - INFO - Embeddings for dbmdz/bert-base-turkish-cased obtained.
2024-11-01 21:23:53,843 - INFO - Getting embeddings for dbmdz/bert-base-turkish-cased...
2024-11-01 21:23:54,932 - INFO - Embeddings for dbmdz/bert-base-turkish-cased obtained.
2024-11-01 21:23:54,945 - INFO - Validation: Top 1 Accuracy: 40.00%, Top 5 Accuracy: 71.00%
2024-11-01 21:23:54,952 - INFO - Testing model...
2024-11-01 21:23:56,344 - INFO - Getting embeddings for dbmdz/bert-base-turkish-cased...
2024-11-01 21:23:57,344 - INFO - Embeddings for dbmdz/bert-base-turkish-cased obtained.
2024-11-01 21:23:58,741 - INFO - Getting embeddings for dbmdz/bert-base-turkish-cased...
2024-11-01 21:23:59,679 - INFO - Embeddings for dbmdz/bert-base-turkish-cased obtained.
2024-11-01 21:23:59,692 - INFO - Test Results: Top 1 Accuracy: 49.00%, Top 5 Accuracy: 77.00%
