2024-11-01 20:38:04,905 - INFO - Reading CSV file...
2024-11-01 20:38:04,917 - INFO - CSV file successfully read.
2024-11-01 20:38:04,997 - INFO - Using device: cuda
2024-11-01 20:38:05,003 - INFO - Processing model: dbmdz/bert-base-turkish-cased
2024-11-01 20:38:05,004 - INFO - Training model: dbmdz/bert-base-turkish-cased
2024-11-01 20:38:05,005 - INFO - Epoch 1/5
2024-11-01 20:38:09,144 - INFO - Getting embeddings for dbmdz/bert-base-turkish-cased...
2024-11-01 20:38:15,800 - INFO - Embeddings for dbmdz/bert-base-turkish-cased obtained.
2024-11-01 20:38:17,221 - INFO - Getting embeddings for dbmdz/bert-base-turkish-cased...
2024-11-01 20:38:23,907 - INFO - Embeddings for dbmdz/bert-base-turkish-cased obtained.
2024-11-01 20:38:24,477 - INFO - Epoch 1: Training Top 1 Accuracy: 31.57%, Top 5 Accuracy: 46.43%
2024-11-01 20:38:24,478 - INFO - Validating model...
2024-11-01 20:38:26,024 - INFO - Getting embeddings for dbmdz/bert-base-turkish-cased...
2024-11-01 20:38:27,339 - INFO - Embeddings for dbmdz/bert-base-turkish-cased obtained.
2024-11-01 20:38:28,716 - INFO - Getting embeddings for dbmdz/bert-base-turkish-cased...
2024-11-01 20:38:30,991 - INFO - Embeddings for dbmdz/bert-base-turkish-cased obtained.
2024-11-01 20:38:31,042 - INFO - Epoch 1: Validation Top 1 Accuracy: 40.67%, Top 5 Accuracy: 52.00%
2024-11-01 20:38:31,042 - INFO - Epoch 2/5
2024-11-01 20:38:32,425 - INFO - Getting embeddings for dbmdz/bert-base-turkish-cased...
2024-11-01 20:38:39,895 - INFO - Embeddings for dbmdz/bert-base-turkish-cased obtained.
2024-11-01 20:38:41,244 - INFO - Getting embeddings for dbmdz/bert-base-turkish-cased...
2024-11-01 20:38:48,554 - INFO - Embeddings for dbmdz/bert-base-turkish-cased obtained.
2024-11-01 20:38:49,126 - INFO - Epoch 2: Training Top 1 Accuracy: 31.57%, Top 5 Accuracy: 46.43%
2024-11-01 20:38:49,126 - INFO - Validating model...
2024-11-01 20:38:50,527 - INFO - Getting embeddings for dbmdz/bert-base-turkish-cased...
2024-11-01 20:38:51,975 - INFO - Embeddings for dbmdz/bert-base-turkish-cased obtained.
2024-11-01 20:38:53,323 - INFO - Getting embeddings for dbmdz/bert-base-turkish-cased...
2024-11-01 20:38:54,946 - INFO - Embeddings for dbmdz/bert-base-turkish-cased obtained.
2024-11-01 20:38:55,003 - INFO - Epoch 2: Validation Top 1 Accuracy: 40.67%, Top 5 Accuracy: 52.00%
2024-11-01 20:38:55,004 - INFO - Epoch 3/5
2024-11-01 20:38:56,351 - INFO - Getting embeddings for dbmdz/bert-base-turkish-cased...
2024-11-01 20:39:04,693 - INFO - Embeddings for dbmdz/bert-base-turkish-cased obtained.
2024-11-01 20:39:06,093 - INFO - Getting embeddings for dbmdz/bert-base-turkish-cased...
2024-11-01 20:39:12,966 - INFO - Embeddings for dbmdz/bert-base-turkish-cased obtained.
2024-11-01 20:39:13,531 - INFO - Epoch 3: Training Top 1 Accuracy: 31.57%, Top 5 Accuracy: 46.43%
2024-11-01 20:39:13,531 - INFO - Validating model...
2024-11-01 20:39:14,873 - INFO - Getting embeddings for dbmdz/bert-base-turkish-cased...
2024-11-01 20:39:16,458 - INFO - Embeddings for dbmdz/bert-base-turkish-cased obtained.
2024-11-01 20:39:17,738 - INFO - Getting embeddings for dbmdz/bert-base-turkish-cased...
2024-11-01 20:39:19,344 - INFO - Embeddings for dbmdz/bert-base-turkish-cased obtained.
2024-11-01 20:39:19,398 - INFO - Epoch 3: Validation Top 1 Accuracy: 40.67%, Top 5 Accuracy: 52.00%
2024-11-01 20:39:19,399 - INFO - Epoch 4/5
2024-11-01 20:39:20,703 - INFO - Getting embeddings for dbmdz/bert-base-turkish-cased...
2024-11-01 20:39:27,906 - INFO - Embeddings for dbmdz/bert-base-turkish-cased obtained.
2024-11-01 20:39:29,318 - INFO - Getting embeddings for dbmdz/bert-base-turkish-cased...
2024-11-01 20:39:37,174 - INFO - Embeddings for dbmdz/bert-base-turkish-cased obtained.
2024-11-01 20:39:37,739 - INFO - Epoch 4: Training Top 1 Accuracy: 31.57%, Top 5 Accuracy: 46.43%
2024-11-01 20:39:37,740 - INFO - Validating model...
2024-11-01 20:39:39,260 - INFO - Getting embeddings for dbmdz/bert-base-turkish-cased...
2024-11-01 20:39:40,786 - INFO - Embeddings for dbmdz/bert-base-turkish-cased obtained.
2024-11-01 20:39:42,149 - INFO - Getting embeddings for dbmdz/bert-base-turkish-cased...
2024-11-01 20:39:43,709 - INFO - Embeddings for dbmdz/bert-base-turkish-cased obtained.
2024-11-01 20:39:43,759 - INFO - Epoch 4: Validation Top 1 Accuracy: 40.67%, Top 5 Accuracy: 52.00%
2024-11-01 20:39:43,760 - INFO - Epoch 5/5
2024-11-01 20:39:45,048 - INFO - Getting embeddings for dbmdz/bert-base-turkish-cased...
2024-11-01 20:39:51,764 - INFO - Embeddings for dbmdz/bert-base-turkish-cased obtained.
2024-11-01 20:39:53,137 - INFO - Getting embeddings for dbmdz/bert-base-turkish-cased...
2024-11-01 20:40:00,702 - INFO - Embeddings for dbmdz/bert-base-turkish-cased obtained.
2024-11-01 20:40:01,289 - INFO - Epoch 5: Training Top 1 Accuracy: 31.57%, Top 5 Accuracy: 46.43%
2024-11-01 20:40:01,289 - INFO - Validating model...
2024-11-01 20:40:02,706 - INFO - Getting embeddings for dbmdz/bert-base-turkish-cased...
2024-11-01 20:40:04,494 - INFO - Embeddings for dbmdz/bert-base-turkish-cased obtained.
2024-11-01 20:40:05,835 - INFO - Getting embeddings for dbmdz/bert-base-turkish-cased...
2024-11-01 20:40:07,753 - INFO - Embeddings for dbmdz/bert-base-turkish-cased obtained.
2024-11-01 20:40:07,833 - INFO - Epoch 5: Validation Top 1 Accuracy: 40.67%, Top 5 Accuracy: 52.00%
2024-11-01 20:40:07,834 - INFO - Testing model...
2024-11-01 20:40:09,702 - INFO - Getting embeddings for dbmdz/bert-base-turkish-cased...
2024-11-01 20:40:11,166 - INFO - Embeddings for dbmdz/bert-base-turkish-cased obtained.
2024-11-01 20:40:12,437 - INFO - Getting embeddings for dbmdz/bert-base-turkish-cased...
2024-11-01 20:40:14,141 - INFO - Embeddings for dbmdz/bert-base-turkish-cased obtained.
2024-11-01 20:40:14,197 - INFO - Test Top 1 Accuracy: 44.67%, Test Top 5 Accuracy: 59.33%
