2024-11-01 21:14:38,912 - INFO - Reading CSV file...
2024-11-01 21:14:38,924 - INFO - CSV file successfully read.
2024-11-01 21:14:39,434 - INFO - Using device: cuda
2024-11-01 21:14:39,435 - INFO - Training model: dbmdz/bert-base-turkish-cased
2024-11-01 21:14:43,134 - INFO - Epoch 1/1
2024-11-01 21:14:44,162 - INFO - Getting embeddings for dbmdz/bert-base-turkish-cased...
2024-11-01 21:14:48,219 - INFO - Embeddings for dbmdz/bert-base-turkish-cased obtained.
2024-11-01 21:14:49,271 - INFO - Getting embeddings for dbmdz/bert-base-turkish-cased...
2024-11-01 21:14:53,048 - INFO - Embeddings for dbmdz/bert-base-turkish-cased obtained.
2024-11-01 21:14:53,148 - INFO - Training Batch 1: Top 1 Accuracy: 34.00%, Top 5 Accuracy: 73.50%
2024-11-01 21:14:54,178 - INFO - Getting embeddings for dbmdz/bert-base-turkish-cased...
2024-11-01 21:14:58,316 - INFO - Embeddings for dbmdz/bert-base-turkish-cased obtained.
2024-11-01 21:14:59,360 - INFO - Getting embeddings for dbmdz/bert-base-turkish-cased...
2024-11-01 21:15:03,235 - INFO - Embeddings for dbmdz/bert-base-turkish-cased obtained.
2024-11-01 21:15:03,321 - INFO - Training Batch 2: Top 1 Accuracy: 37.00%, Top 5 Accuracy: 72.25%
2024-11-01 21:15:03,323 - INFO - Validating model...
2024-11-01 21:15:04,392 - INFO - Getting embeddings for dbmdz/bert-base-turkish-cased...
2024-11-01 21:15:05,406 - INFO - Embeddings for dbmdz/bert-base-turkish-cased obtained.
2024-11-01 21:15:06,407 - INFO - Getting embeddings for dbmdz/bert-base-turkish-cased...
2024-11-01 21:15:07,683 - INFO - Embeddings for dbmdz/bert-base-turkish-cased obtained.
2024-11-01 21:15:07,696 - INFO - Validation: Top 1 Accuracy: 40.00%, Top 5 Accuracy: 71.00%
2024-11-01 21:15:07,703 - INFO - Testing model...
2024-11-01 21:15:08,865 - INFO - Getting embeddings for dbmdz/bert-base-turkish-cased...
2024-11-01 21:15:09,869 - INFO - Embeddings for dbmdz/bert-base-turkish-cased obtained.
2024-11-01 21:15:10,876 - INFO - Getting embeddings for dbmdz/bert-base-turkish-cased...
2024-11-01 21:15:12,181 - INFO - Embeddings for dbmdz/bert-base-turkish-cased obtained.
2024-11-01 21:15:12,193 - INFO - Test Results: Top 1 Accuracy: 49.00%, Top 5 Accuracy: 77.00%
