2024-10-31 19:46:07,692 - INFO - Reading CSV file...
2024-10-31 19:46:07,704 - INFO - CSV file successfully read.
2024-10-31 19:46:08,816 - INFO - Using device: cuda
2024-10-31 19:46:08,817 - INFO - Processing model: dbmdz/bert-base-turkish-cased
2024-10-31 19:46:12,949 - INFO - Starting epoch 1/5 for dbmdz/bert-base-turkish-cased...
2024-10-31 19:46:14,386 - INFO - Getting embeddings for dbmdz/bert-base-turkish-cased...
2024-10-31 19:46:14,881 - INFO - Embeddings for dbmdz/bert-base-turkish-cased obtained.
2024-10-31 19:46:16,327 - INFO - Getting embeddings for dbmdz/bert-base-turkish-cased...
2024-10-31 19:46:16,776 - INFO - Embeddings for dbmdz/bert-base-turkish-cased obtained.
2024-10-31 19:46:16,783 - INFO - dbmdz/bert-base-turkish-cased - Epoch 1, Batch 1: Training Top 1 Accuracy: 53.12%
2024-10-31 19:46:16,784 - INFO - dbmdz/bert-base-turkish-cased - Epoch 1, Batch 1: Training Top 5 Accuracy: 84.38%
2024-10-31 19:46:18,146 - INFO - Getting embeddings for dbmdz/bert-base-turkish-cased...
2024-10-31 19:46:18,448 - INFO - Embeddings for dbmdz/bert-base-turkish-cased obtained.
2024-10-31 19:46:19,817 - INFO - Getting embeddings for dbmdz/bert-base-turkish-cased...
2024-10-31 19:46:20,226 - INFO - Embeddings for dbmdz/bert-base-turkish-cased obtained.
2024-10-31 19:46:20,233 - INFO - dbmdz/bert-base-turkish-cased - Epoch 1, Batch 2: Training Top 1 Accuracy: 56.25%
2024-10-31 19:46:20,233 - INFO - dbmdz/bert-base-turkish-cased - Epoch 1, Batch 2: Training Top 5 Accuracy: 68.75%
2024-10-31 19:46:21,643 - INFO - Getting embeddings for dbmdz/bert-base-turkish-cased...
2024-10-31 19:46:22,045 - INFO - Embeddings for dbmdz/bert-base-turkish-cased obtained.
2024-10-31 19:46:24,032 - INFO - Getting embeddings for dbmdz/bert-base-turkish-cased...
2024-10-31 19:46:24,628 - INFO - Embeddings for dbmdz/bert-base-turkish-cased obtained.
2024-10-31 19:46:24,635 - INFO - dbmdz/bert-base-turkish-cased - Epoch 1, Batch 3: Training Top 1 Accuracy: 46.88%
2024-10-31 19:46:24,636 - INFO - dbmdz/bert-base-turkish-cased - Epoch 1, Batch 3: Training Top 5 Accuracy: 75.00%
2024-10-31 19:46:26,110 - INFO - Getting embeddings for dbmdz/bert-base-turkish-cased...
2024-10-31 19:46:26,536 - INFO - Embeddings for dbmdz/bert-base-turkish-cased obtained.
2024-10-31 19:46:27,889 - INFO - Getting embeddings for dbmdz/bert-base-turkish-cased...
2024-10-31 19:46:28,277 - INFO - Embeddings for dbmdz/bert-base-turkish-cased obtained.
2024-10-31 19:46:28,284 - INFO - dbmdz/bert-base-turkish-cased - Epoch 1, Batch 4: Training Top 1 Accuracy: 53.12%
2024-10-31 19:46:28,284 - INFO - dbmdz/bert-base-turkish-cased - Epoch 1, Batch 4: Training Top 5 Accuracy: 68.75%
2024-10-31 19:46:29,794 - INFO - Getting embeddings for dbmdz/bert-base-turkish-cased...
2024-10-31 19:46:30,255 - INFO - Embeddings for dbmdz/bert-base-turkish-cased obtained.
2024-10-31 19:46:31,969 - INFO - Getting embeddings for dbmdz/bert-base-turkish-cased...
2024-10-31 19:46:32,407 - INFO - Embeddings for dbmdz/bert-base-turkish-cased obtained.
2024-10-31 19:46:32,419 - INFO - dbmdz/bert-base-turkish-cased - Epoch 1, Batch 5: Training Top 1 Accuracy: 62.50%
2024-10-31 19:46:32,419 - INFO - dbmdz/bert-base-turkish-cased - Epoch 1, Batch 5: Training Top 5 Accuracy: 68.75%
2024-10-31 19:46:33,961 - INFO - Getting embeddings for dbmdz/bert-base-turkish-cased...
2024-10-31 19:46:34,394 - INFO - Embeddings for dbmdz/bert-base-turkish-cased obtained.
2024-10-31 19:46:36,097 - INFO - Getting embeddings for dbmdz/bert-base-turkish-cased...
2024-10-31 19:46:36,465 - INFO - Embeddings for dbmdz/bert-base-turkish-cased obtained.
2024-10-31 19:46:36,474 - INFO - dbmdz/bert-base-turkish-cased - Epoch 1, Batch 6: Training Top 1 Accuracy: 43.75%
2024-10-31 19:46:36,474 - INFO - dbmdz/bert-base-turkish-cased - Epoch 1, Batch 6: Training Top 5 Accuracy: 84.38%
2024-10-31 19:46:38,035 - INFO - Getting embeddings for dbmdz/bert-base-turkish-cased...
2024-10-31 19:46:38,439 - INFO - Embeddings for dbmdz/bert-base-turkish-cased obtained.
2024-10-31 19:46:40,229 - INFO - Getting embeddings for dbmdz/bert-base-turkish-cased...
2024-10-31 19:46:40,764 - INFO - Embeddings for dbmdz/bert-base-turkish-cased obtained.
2024-10-31 19:46:40,771 - INFO - dbmdz/bert-base-turkish-cased - Epoch 1, Batch 7: Training Top 1 Accuracy: 56.25%
2024-10-31 19:46:40,771 - INFO - dbmdz/bert-base-turkish-cased - Epoch 1, Batch 7: Training Top 5 Accuracy: 68.75%
2024-10-31 19:46:42,155 - INFO - Getting embeddings for dbmdz/bert-base-turkish-cased...
2024-10-31 19:46:42,565 - INFO - Embeddings for dbmdz/bert-base-turkish-cased obtained.
2024-10-31 19:46:43,993 - INFO - Getting embeddings for dbmdz/bert-base-turkish-cased...
2024-10-31 19:46:44,534 - INFO - Embeddings for dbmdz/bert-base-turkish-cased obtained.
2024-10-31 19:46:44,541 - INFO - dbmdz/bert-base-turkish-cased - Epoch 1, Batch 8: Training Top 1 Accuracy: 43.75%
2024-10-31 19:46:44,541 - INFO - dbmdz/bert-base-turkish-cased - Epoch 1, Batch 8: Training Top 5 Accuracy: 75.00%
2024-10-31 19:46:46,004 - INFO - Getting embeddings for dbmdz/bert-base-turkish-cased...
2024-10-31 19:46:46,293 - INFO - Embeddings for dbmdz/bert-base-turkish-cased obtained.
2024-10-31 19:46:47,641 - INFO - Getting embeddings for dbmdz/bert-base-turkish-cased...
2024-10-31 19:46:48,003 - INFO - Embeddings for dbmdz/bert-base-turkish-cased obtained.
2024-10-31 19:46:48,010 - INFO - dbmdz/bert-base-turkish-cased - Epoch 1, Batch 9: Training Top 1 Accuracy: 46.88%
2024-10-31 19:46:48,010 - INFO - dbmdz/bert-base-turkish-cased - Epoch 1, Batch 9: Training Top 5 Accuracy: 65.62%
2024-10-31 19:46:49,456 - INFO - Getting embeddings for dbmdz/bert-base-turkish-cased...
2024-10-31 19:46:49,857 - INFO - Embeddings for dbmdz/bert-base-turkish-cased obtained.
2024-10-31 19:46:51,243 - INFO - Getting embeddings for dbmdz/bert-base-turkish-cased...
2024-10-31 19:46:51,570 - INFO - Embeddings for dbmdz/bert-base-turkish-cased obtained.
2024-10-31 19:46:51,577 - INFO - dbmdz/bert-base-turkish-cased - Epoch 1, Batch 10: Training Top 1 Accuracy: 43.75%
2024-10-31 19:46:51,577 - INFO - dbmdz/bert-base-turkish-cased - Epoch 1, Batch 10: Training Top 5 Accuracy: 68.75%
2024-10-31 19:46:53,031 - INFO - Getting embeddings for dbmdz/bert-base-turkish-cased...
2024-10-31 19:46:53,425 - INFO - Embeddings for dbmdz/bert-base-turkish-cased obtained.
2024-10-31 19:46:54,939 - INFO - Getting embeddings for dbmdz/bert-base-turkish-cased...
2024-10-31 19:46:55,451 - INFO - Embeddings for dbmdz/bert-base-turkish-cased obtained.
2024-10-31 19:46:55,458 - INFO - dbmdz/bert-base-turkish-cased - Epoch 1, Batch 11: Training Top 1 Accuracy: 59.38%
2024-10-31 19:46:55,458 - INFO - dbmdz/bert-base-turkish-cased - Epoch 1, Batch 11: Training Top 5 Accuracy: 75.00%
2024-10-31 19:46:56,876 - INFO - Getting embeddings for dbmdz/bert-base-turkish-cased...
2024-10-31 19:46:57,255 - INFO - Embeddings for dbmdz/bert-base-turkish-cased obtained.
2024-10-31 19:46:58,661 - INFO - Getting embeddings for dbmdz/bert-base-turkish-cased...
2024-10-31 19:46:59,134 - INFO - Embeddings for dbmdz/bert-base-turkish-cased obtained.
2024-10-31 19:46:59,141 - INFO - dbmdz/bert-base-turkish-cased - Epoch 1, Batch 12: Training Top 1 Accuracy: 56.25%
2024-10-31 19:46:59,141 - INFO - dbmdz/bert-base-turkish-cased - Epoch 1, Batch 12: Training Top 5 Accuracy: 75.00%
2024-10-31 19:47:00,582 - INFO - Getting embeddings for dbmdz/bert-base-turkish-cased...
2024-10-31 19:47:00,865 - INFO - Embeddings for dbmdz/bert-base-turkish-cased obtained.
2024-10-31 19:47:02,254 - INFO - Getting embeddings for dbmdz/bert-base-turkish-cased...
2024-10-31 19:47:02,637 - INFO - Embeddings for dbmdz/bert-base-turkish-cased obtained.
2024-10-31 19:47:02,645 - INFO - dbmdz/bert-base-turkish-cased - Epoch 1, Batch 13: Training Top 1 Accuracy: 68.75%
2024-10-31 19:47:02,645 - INFO - dbmdz/bert-base-turkish-cased - Epoch 1, Batch 13: Training Top 5 Accuracy: 81.25%
2024-10-31 19:47:04,139 - INFO - Getting embeddings for dbmdz/bert-base-turkish-cased...
2024-10-31 19:47:04,432 - INFO - Embeddings for dbmdz/bert-base-turkish-cased obtained.
2024-10-31 19:47:05,933 - INFO - Getting embeddings for dbmdz/bert-base-turkish-cased...
2024-10-31 19:47:06,308 - INFO - Embeddings for dbmdz/bert-base-turkish-cased obtained.
2024-10-31 19:47:06,315 - INFO - dbmdz/bert-base-turkish-cased - Epoch 1, Batch 14: Training Top 1 Accuracy: 71.88%
2024-10-31 19:47:06,315 - INFO - dbmdz/bert-base-turkish-cased - Epoch 1, Batch 14: Training Top 5 Accuracy: 90.62%
2024-10-31 19:47:07,750 - INFO - Getting embeddings for dbmdz/bert-base-turkish-cased...
2024-10-31 19:47:08,197 - INFO - Embeddings for dbmdz/bert-base-turkish-cased obtained.
2024-10-31 19:47:09,682 - INFO - Getting embeddings for dbmdz/bert-base-turkish-cased...
2024-10-31 19:47:10,203 - INFO - Embeddings for dbmdz/bert-base-turkish-cased obtained.
2024-10-31 19:47:10,210 - INFO - dbmdz/bert-base-turkish-cased - Epoch 1, Batch 15: Training Top 1 Accuracy: 68.75%
2024-10-31 19:47:10,210 - INFO - dbmdz/bert-base-turkish-cased - Epoch 1, Batch 15: Training Top 5 Accuracy: 84.38%
2024-10-31 19:47:11,557 - INFO - Getting embeddings for dbmdz/bert-base-turkish-cased...
2024-10-31 19:47:11,850 - INFO - Embeddings for dbmdz/bert-base-turkish-cased obtained.
2024-10-31 19:47:13,254 - INFO - Getting embeddings for dbmdz/bert-base-turkish-cased...
2024-10-31 19:47:13,702 - INFO - Embeddings for dbmdz/bert-base-turkish-cased obtained.
2024-10-31 19:47:13,713 - INFO - dbmdz/bert-base-turkish-cased - Epoch 1, Batch 16: Training Top 1 Accuracy: 68.75%
2024-10-31 19:47:13,713 - INFO - dbmdz/bert-base-turkish-cased - Epoch 1, Batch 16: Training Top 5 Accuracy: 78.12%
2024-10-31 19:47:15,156 - INFO - Getting embeddings for dbmdz/bert-base-turkish-cased...
2024-10-31 19:47:15,449 - INFO - Embeddings for dbmdz/bert-base-turkish-cased obtained.
2024-10-31 19:47:16,903 - INFO - Getting embeddings for dbmdz/bert-base-turkish-cased...
2024-10-31 19:47:17,287 - INFO - Embeddings for dbmdz/bert-base-turkish-cased obtained.
2024-10-31 19:47:17,294 - INFO - dbmdz/bert-base-turkish-cased - Epoch 1, Batch 17: Training Top 1 Accuracy: 56.25%
2024-10-31 19:47:17,295 - INFO - dbmdz/bert-base-turkish-cased - Epoch 1, Batch 17: Training Top 5 Accuracy: 75.00%
2024-10-31 19:47:18,843 - INFO - Getting embeddings for dbmdz/bert-base-turkish-cased...
2024-10-31 19:47:19,241 - INFO - Embeddings for dbmdz/bert-base-turkish-cased obtained.
2024-10-31 19:47:20,720 - INFO - Getting embeddings for dbmdz/bert-base-turkish-cased...
2024-10-31 19:47:21,082 - INFO - Embeddings for dbmdz/bert-base-turkish-cased obtained.
2024-10-31 19:47:21,090 - INFO - dbmdz/bert-base-turkish-cased - Epoch 1, Batch 18: Training Top 1 Accuracy: 46.88%
2024-10-31 19:47:21,090 - INFO - dbmdz/bert-base-turkish-cased - Epoch 1, Batch 18: Training Top 5 Accuracy: 75.00%
2024-10-31 19:47:22,571 - INFO - Getting embeddings for dbmdz/bert-base-turkish-cased...
2024-10-31 19:47:22,946 - INFO - Embeddings for dbmdz/bert-base-turkish-cased obtained.
2024-10-31 19:47:24,499 - INFO - Getting embeddings for dbmdz/bert-base-turkish-cased...
2024-10-31 19:47:24,990 - INFO - Embeddings for dbmdz/bert-base-turkish-cased obtained.
2024-10-31 19:47:25,001 - INFO - dbmdz/bert-base-turkish-cased - Epoch 1, Batch 19: Training Top 1 Accuracy: 62.50%
2024-10-31 19:47:25,001 - INFO - dbmdz/bert-base-turkish-cased - Epoch 1, Batch 19: Training Top 5 Accuracy: 75.00%
2024-10-31 19:47:26,477 - INFO - Getting embeddings for dbmdz/bert-base-turkish-cased...
2024-10-31 19:47:26,802 - INFO - Embeddings for dbmdz/bert-base-turkish-cased obtained.
2024-10-31 19:47:28,607 - INFO - Getting embeddings for dbmdz/bert-base-turkish-cased...
2024-10-31 19:47:29,077 - INFO - Embeddings for dbmdz/bert-base-turkish-cased obtained.
2024-10-31 19:47:29,083 - INFO - dbmdz/bert-base-turkish-cased - Epoch 1, Batch 20: Training Top 1 Accuracy: 62.50%
2024-10-31 19:47:29,084 - INFO - dbmdz/bert-base-turkish-cased - Epoch 1, Batch 20: Training Top 5 Accuracy: 78.12%
2024-10-31 19:47:30,501 - INFO - Getting embeddings for dbmdz/bert-base-turkish-cased...
2024-10-31 19:47:30,835 - INFO - Embeddings for dbmdz/bert-base-turkish-cased obtained.
2024-10-31 19:47:32,286 - INFO - Getting embeddings for dbmdz/bert-base-turkish-cased...
2024-10-31 19:47:32,815 - INFO - Embeddings for dbmdz/bert-base-turkish-cased obtained.
2024-10-31 19:47:32,823 - INFO - dbmdz/bert-base-turkish-cased - Epoch 1, Batch 21: Training Top 1 Accuracy: 62.50%
2024-10-31 19:47:32,823 - INFO - dbmdz/bert-base-turkish-cased - Epoch 1, Batch 21: Training Top 5 Accuracy: 65.62%
2024-10-31 19:47:34,180 - INFO - Getting embeddings for dbmdz/bert-base-turkish-cased...
2024-10-31 19:47:34,552 - INFO - Embeddings for dbmdz/bert-base-turkish-cased obtained.
2024-10-31 19:47:36,023 - INFO - Getting embeddings for dbmdz/bert-base-turkish-cased...
2024-10-31 19:47:36,423 - INFO - Embeddings for dbmdz/bert-base-turkish-cased obtained.
2024-10-31 19:47:36,430 - INFO - dbmdz/bert-base-turkish-cased - Epoch 1, Batch 22: Training Top 1 Accuracy: 53.12%
2024-10-31 19:47:36,430 - INFO - dbmdz/bert-base-turkish-cased - Epoch 1, Batch 22: Training Top 5 Accuracy: 71.88%
2024-10-31 19:47:37,911 - INFO - Getting embeddings for dbmdz/bert-base-turkish-cased...
2024-10-31 19:47:38,225 - INFO - Embeddings for dbmdz/bert-base-turkish-cased obtained.
2024-10-31 19:47:39,667 - INFO - Getting embeddings for dbmdz/bert-base-turkish-cased...
2024-10-31 19:47:40,098 - INFO - Embeddings for dbmdz/bert-base-turkish-cased obtained.
2024-10-31 19:47:40,105 - INFO - dbmdz/bert-base-turkish-cased - Epoch 1, Batch 23: Training Top 1 Accuracy: 43.75%
2024-10-31 19:47:40,105 - INFO - dbmdz/bert-base-turkish-cased - Epoch 1, Batch 23: Training Top 5 Accuracy: 75.00%
2024-10-31 19:47:41,562 - INFO - Getting embeddings for dbmdz/bert-base-turkish-cased...
2024-10-31 19:47:41,870 - INFO - Embeddings for dbmdz/bert-base-turkish-cased obtained.
2024-10-31 19:47:43,293 - INFO - Getting embeddings for dbmdz/bert-base-turkish-cased...
2024-10-31 19:47:43,746 - INFO - Embeddings for dbmdz/bert-base-turkish-cased obtained.
2024-10-31 19:47:43,753 - INFO - dbmdz/bert-base-turkish-cased - Epoch 1, Batch 24: Training Top 1 Accuracy: 37.50%
2024-10-31 19:47:43,754 - INFO - dbmdz/bert-base-turkish-cased - Epoch 1, Batch 24: Training Top 5 Accuracy: 56.25%
2024-10-31 19:47:45,191 - INFO - Getting embeddings for dbmdz/bert-base-turkish-cased...
2024-10-31 19:47:45,560 - INFO - Embeddings for dbmdz/bert-base-turkish-cased obtained.
2024-10-31 19:47:46,996 - INFO - Getting embeddings for dbmdz/bert-base-turkish-cased...
2024-10-31 19:47:47,520 - INFO - Embeddings for dbmdz/bert-base-turkish-cased obtained.
2024-10-31 19:47:47,526 - INFO - dbmdz/bert-base-turkish-cased - Epoch 1, Batch 25: Training Top 1 Accuracy: 56.25%
2024-10-31 19:47:47,527 - INFO - dbmdz/bert-base-turkish-cased - Epoch 1, Batch 25: Training Top 5 Accuracy: 71.88%
2024-10-31 19:47:48,997 - INFO - Getting embeddings for dbmdz/bert-base-turkish-cased...
2024-10-31 19:47:50,023 - INFO - Embeddings for dbmdz/bert-base-turkish-cased obtained.
2024-10-31 19:47:51,501 - INFO - Getting embeddings for dbmdz/bert-base-turkish-cased...
2024-10-31 19:47:52,518 - INFO - Embeddings for dbmdz/bert-base-turkish-cased obtained.
2024-10-31 19:47:52,539 - INFO - dbmdz/bert-base-turkish-cased - Epoch 1: Validation Top 1 Accuracy: 47.00%
2024-10-31 19:47:52,540 - INFO - dbmdz/bert-base-turkish-cased - Epoch 1: Validation Top 5 Accuracy: 59.00%
2024-10-31 19:47:52,541 - INFO - dbmdz/bert-base-turkish-cased - Epoch 1: Model improved, saving model...
2024-10-31 19:47:52,541 - INFO - Starting epoch 2/5 for dbmdz/bert-base-turkish-cased...
2024-10-31 19:47:53,924 - INFO - Getting embeddings for dbmdz/bert-base-turkish-cased...
2024-10-31 19:47:54,309 - INFO - Embeddings for dbmdz/bert-base-turkish-cased obtained.
2024-10-31 19:47:55,587 - INFO - Getting embeddings for dbmdz/bert-base-turkish-cased...
2024-10-31 19:47:56,093 - INFO - Embeddings for dbmdz/bert-base-turkish-cased obtained.
2024-10-31 19:47:56,100 - INFO - dbmdz/bert-base-turkish-cased - Epoch 2, Batch 1: Training Top 1 Accuracy: 59.38%
2024-10-31 19:47:56,101 - INFO - dbmdz/bert-base-turkish-cased - Epoch 2, Batch 1: Training Top 5 Accuracy: 78.12%
2024-10-31 19:47:57,580 - INFO - Getting embeddings for dbmdz/bert-base-turkish-cased...
2024-10-31 19:47:57,892 - INFO - Embeddings for dbmdz/bert-base-turkish-cased obtained.
2024-10-31 19:47:59,417 - INFO - Getting embeddings for dbmdz/bert-base-turkish-cased...
2024-10-31 19:47:59,784 - INFO - Embeddings for dbmdz/bert-base-turkish-cased obtained.
2024-10-31 19:47:59,791 - INFO - dbmdz/bert-base-turkish-cased - Epoch 2, Batch 2: Training Top 1 Accuracy: 46.88%
2024-10-31 19:47:59,792 - INFO - dbmdz/bert-base-turkish-cased - Epoch 2, Batch 2: Training Top 5 Accuracy: 75.00%
2024-10-31 19:48:01,145 - INFO - Getting embeddings for dbmdz/bert-base-turkish-cased...
2024-10-31 19:48:01,468 - INFO - Embeddings for dbmdz/bert-base-turkish-cased obtained.
2024-10-31 19:48:02,840 - INFO - Getting embeddings for dbmdz/bert-base-turkish-cased...
2024-10-31 19:48:03,263 - INFO - Embeddings for dbmdz/bert-base-turkish-cased obtained.
2024-10-31 19:48:03,273 - INFO - dbmdz/bert-base-turkish-cased - Epoch 2, Batch 3: Training Top 1 Accuracy: 68.75%
2024-10-31 19:48:03,273 - INFO - dbmdz/bert-base-turkish-cased - Epoch 2, Batch 3: Training Top 5 Accuracy: 78.12%
2024-10-31 19:48:04,654 - INFO - Getting embeddings for dbmdz/bert-base-turkish-cased...
2024-10-31 19:48:05,016 - INFO - Embeddings for dbmdz/bert-base-turkish-cased obtained.
2024-10-31 19:48:06,500 - INFO - Getting embeddings for dbmdz/bert-base-turkish-cased...
2024-10-31 19:48:07,051 - INFO - Embeddings for dbmdz/bert-base-turkish-cased obtained.
2024-10-31 19:48:07,058 - INFO - dbmdz/bert-base-turkish-cased - Epoch 2, Batch 4: Training Top 1 Accuracy: 50.00%
2024-10-31 19:48:07,059 - INFO - dbmdz/bert-base-turkish-cased - Epoch 2, Batch 4: Training Top 5 Accuracy: 78.12%
2024-10-31 19:48:08,432 - INFO - Getting embeddings for dbmdz/bert-base-turkish-cased...
2024-10-31 19:48:08,903 - INFO - Embeddings for dbmdz/bert-base-turkish-cased obtained.
2024-10-31 19:48:10,408 - INFO - Getting embeddings for dbmdz/bert-base-turkish-cased...
2024-10-31 19:48:10,936 - INFO - Embeddings for dbmdz/bert-base-turkish-cased obtained.
2024-10-31 19:48:10,944 - INFO - dbmdz/bert-base-turkish-cased - Epoch 2, Batch 5: Training Top 1 Accuracy: 84.38%
2024-10-31 19:48:10,944 - INFO - dbmdz/bert-base-turkish-cased - Epoch 2, Batch 5: Training Top 5 Accuracy: 87.50%
2024-10-31 19:48:12,528 - INFO - Getting embeddings for dbmdz/bert-base-turkish-cased...
2024-10-31 19:48:12,871 - INFO - Embeddings for dbmdz/bert-base-turkish-cased obtained.
2024-10-31 19:48:14,408 - INFO - Getting embeddings for dbmdz/bert-base-turkish-cased...
2024-10-31 19:48:14,814 - INFO - Embeddings for dbmdz/bert-base-turkish-cased obtained.
2024-10-31 19:48:14,821 - INFO - dbmdz/bert-base-turkish-cased - Epoch 2, Batch 6: Training Top 1 Accuracy: 50.00%
2024-10-31 19:48:14,821 - INFO - dbmdz/bert-base-turkish-cased - Epoch 2, Batch 6: Training Top 5 Accuracy: 78.12%
2024-10-31 19:48:16,221 - INFO - Getting embeddings for dbmdz/bert-base-turkish-cased...
2024-10-31 19:48:16,567 - INFO - Embeddings for dbmdz/bert-base-turkish-cased obtained.
2024-10-31 19:48:17,931 - INFO - Getting embeddings for dbmdz/bert-base-turkish-cased...
2024-10-31 19:48:18,406 - INFO - Embeddings for dbmdz/bert-base-turkish-cased obtained.
2024-10-31 19:48:18,414 - INFO - dbmdz/bert-base-turkish-cased - Epoch 2, Batch 7: Training Top 1 Accuracy: 56.25%
2024-10-31 19:48:18,414 - INFO - dbmdz/bert-base-turkish-cased - Epoch 2, Batch 7: Training Top 5 Accuracy: 71.88%
2024-10-31 19:48:19,725 - INFO - Getting embeddings for dbmdz/bert-base-turkish-cased...
2024-10-31 19:48:20,088 - INFO - Embeddings for dbmdz/bert-base-turkish-cased obtained.
2024-10-31 19:48:21,990 - INFO - Getting embeddings for dbmdz/bert-base-turkish-cased...
2024-10-31 19:48:22,500 - INFO - Embeddings for dbmdz/bert-base-turkish-cased obtained.
2024-10-31 19:48:22,507 - INFO - dbmdz/bert-base-turkish-cased - Epoch 2, Batch 8: Training Top 1 Accuracy: 53.12%
2024-10-31 19:48:22,508 - INFO - dbmdz/bert-base-turkish-cased - Epoch 2, Batch 8: Training Top 5 Accuracy: 71.88%
2024-10-31 19:48:23,841 - INFO - Getting embeddings for dbmdz/bert-base-turkish-cased...
2024-10-31 19:48:24,170 - INFO - Embeddings for dbmdz/bert-base-turkish-cased obtained.
2024-10-31 19:48:25,556 - INFO - Getting embeddings for dbmdz/bert-base-turkish-cased...
2024-10-31 19:48:25,879 - INFO - Embeddings for dbmdz/bert-base-turkish-cased obtained.
2024-10-31 19:48:25,886 - INFO - dbmdz/bert-base-turkish-cased - Epoch 2, Batch 9: Training Top 1 Accuracy: 50.00%
2024-10-31 19:48:25,886 - INFO - dbmdz/bert-base-turkish-cased - Epoch 2, Batch 9: Training Top 5 Accuracy: 71.88%
2024-10-31 19:48:27,295 - INFO - Getting embeddings for dbmdz/bert-base-turkish-cased...
2024-10-31 19:48:27,705 - INFO - Embeddings for dbmdz/bert-base-turkish-cased obtained.
2024-10-31 19:48:28,994 - INFO - Getting embeddings for dbmdz/bert-base-turkish-cased...
2024-10-31 19:48:29,303 - INFO - Embeddings for dbmdz/bert-base-turkish-cased obtained.
2024-10-31 19:48:29,310 - INFO - dbmdz/bert-base-turkish-cased - Epoch 2, Batch 10: Training Top 1 Accuracy: 50.00%
2024-10-31 19:48:29,310 - INFO - dbmdz/bert-base-turkish-cased - Epoch 2, Batch 10: Training Top 5 Accuracy: 71.88%
2024-10-31 19:48:30,721 - INFO - Getting embeddings for dbmdz/bert-base-turkish-cased...
2024-10-31 19:48:31,078 - INFO - Embeddings for dbmdz/bert-base-turkish-cased obtained.
2024-10-31 19:48:32,441 - INFO - Getting embeddings for dbmdz/bert-base-turkish-cased...
2024-10-31 19:48:32,848 - INFO - Embeddings for dbmdz/bert-base-turkish-cased obtained.
2024-10-31 19:48:32,855 - INFO - dbmdz/bert-base-turkish-cased - Epoch 2, Batch 11: Training Top 1 Accuracy: 59.38%
2024-10-31 19:48:32,855 - INFO - dbmdz/bert-base-turkish-cased - Epoch 2, Batch 11: Training Top 5 Accuracy: 71.88%
2024-10-31 19:48:34,260 - INFO - Getting embeddings for dbmdz/bert-base-turkish-cased...
2024-10-31 19:48:34,735 - INFO - Embeddings for dbmdz/bert-base-turkish-cased obtained.
2024-10-31 19:48:36,054 - INFO - Getting embeddings for dbmdz/bert-base-turkish-cased...
2024-10-31 19:48:36,367 - INFO - Embeddings for dbmdz/bert-base-turkish-cased obtained.
2024-10-31 19:48:36,374 - INFO - dbmdz/bert-base-turkish-cased - Epoch 2, Batch 12: Training Top 1 Accuracy: 62.50%
2024-10-31 19:48:36,374 - INFO - dbmdz/bert-base-turkish-cased - Epoch 2, Batch 12: Training Top 5 Accuracy: 81.25%
2024-10-31 19:48:37,812 - INFO - Getting embeddings for dbmdz/bert-base-turkish-cased...
2024-10-31 19:48:38,181 - INFO - Embeddings for dbmdz/bert-base-turkish-cased obtained.
2024-10-31 19:48:39,719 - INFO - Getting embeddings for dbmdz/bert-base-turkish-cased...
2024-10-31 19:48:40,142 - INFO - Embeddings for dbmdz/bert-base-turkish-cased obtained.
2024-10-31 19:48:40,149 - INFO - dbmdz/bert-base-turkish-cased - Epoch 2, Batch 13: Training Top 1 Accuracy: 53.12%
2024-10-31 19:48:40,149 - INFO - dbmdz/bert-base-turkish-cased - Epoch 2, Batch 13: Training Top 5 Accuracy: 65.62%
2024-10-31 19:48:41,987 - INFO - Getting embeddings for dbmdz/bert-base-turkish-cased...
2024-10-31 19:48:42,490 - INFO - Embeddings for dbmdz/bert-base-turkish-cased obtained.
2024-10-31 19:48:44,155 - INFO - Getting embeddings for dbmdz/bert-base-turkish-cased...
2024-10-31 19:48:44,619 - INFO - Embeddings for dbmdz/bert-base-turkish-cased obtained.
2024-10-31 19:48:44,627 - INFO - dbmdz/bert-base-turkish-cased - Epoch 2, Batch 14: Training Top 1 Accuracy: 46.88%
2024-10-31 19:48:44,627 - INFO - dbmdz/bert-base-turkish-cased - Epoch 2, Batch 14: Training Top 5 Accuracy: 65.62%
2024-10-31 19:48:46,131 - INFO - Getting embeddings for dbmdz/bert-base-turkish-cased...
2024-10-31 19:48:46,464 - INFO - Embeddings for dbmdz/bert-base-turkish-cased obtained.
2024-10-31 19:48:48,160 - INFO - Getting embeddings for dbmdz/bert-base-turkish-cased...
2024-10-31 19:48:48,520 - INFO - Embeddings for dbmdz/bert-base-turkish-cased obtained.
2024-10-31 19:48:48,527 - INFO - dbmdz/bert-base-turkish-cased - Epoch 2, Batch 15: Training Top 1 Accuracy: 59.38%
2024-10-31 19:48:48,528 - INFO - dbmdz/bert-base-turkish-cased - Epoch 2, Batch 15: Training Top 5 Accuracy: 81.25%
2024-10-31 19:48:50,112 - INFO - Getting embeddings for dbmdz/bert-base-turkish-cased...
2024-10-31 19:48:50,487 - INFO - Embeddings for dbmdz/bert-base-turkish-cased obtained.
2024-10-31 19:48:51,861 - INFO - Getting embeddings for dbmdz/bert-base-turkish-cased...
2024-10-31 19:48:52,240 - INFO - Embeddings for dbmdz/bert-base-turkish-cased obtained.
2024-10-31 19:48:52,247 - INFO - dbmdz/bert-base-turkish-cased - Epoch 2, Batch 16: Training Top 1 Accuracy: 59.38%
2024-10-31 19:48:52,248 - INFO - dbmdz/bert-base-turkish-cased - Epoch 2, Batch 16: Training Top 5 Accuracy: 81.25%
2024-10-31 19:48:53,605 - INFO - Getting embeddings for dbmdz/bert-base-turkish-cased...
2024-10-31 19:48:53,962 - INFO - Embeddings for dbmdz/bert-base-turkish-cased obtained.
2024-10-31 19:48:55,357 - INFO - Getting embeddings for dbmdz/bert-base-turkish-cased...
2024-10-31 19:48:55,906 - INFO - Embeddings for dbmdz/bert-base-turkish-cased obtained.
2024-10-31 19:48:55,913 - INFO - dbmdz/bert-base-turkish-cased - Epoch 2, Batch 17: Training Top 1 Accuracy: 43.75%
2024-10-31 19:48:55,913 - INFO - dbmdz/bert-base-turkish-cased - Epoch 2, Batch 17: Training Top 5 Accuracy: 84.38%
2024-10-31 19:48:57,306 - INFO - Getting embeddings for dbmdz/bert-base-turkish-cased...
2024-10-31 19:48:57,743 - INFO - Embeddings for dbmdz/bert-base-turkish-cased obtained.
2024-10-31 19:48:59,106 - INFO - Getting embeddings for dbmdz/bert-base-turkish-cased...
2024-10-31 19:48:59,487 - INFO - Embeddings for dbmdz/bert-base-turkish-cased obtained.
2024-10-31 19:48:59,494 - INFO - dbmdz/bert-base-turkish-cased - Epoch 2, Batch 18: Training Top 1 Accuracy: 68.75%
2024-10-31 19:48:59,494 - INFO - dbmdz/bert-base-turkish-cased - Epoch 2, Batch 18: Training Top 5 Accuracy: 81.25%
2024-10-31 19:49:00,938 - INFO - Getting embeddings for dbmdz/bert-base-turkish-cased...
2024-10-31 19:49:01,348 - INFO - Embeddings for dbmdz/bert-base-turkish-cased obtained.
2024-10-31 19:49:02,665 - INFO - Getting embeddings for dbmdz/bert-base-turkish-cased...
2024-10-31 19:49:03,117 - INFO - Embeddings for dbmdz/bert-base-turkish-cased obtained.
2024-10-31 19:49:03,127 - INFO - dbmdz/bert-base-turkish-cased - Epoch 2, Batch 19: Training Top 1 Accuracy: 59.38%
2024-10-31 19:49:03,128 - INFO - dbmdz/bert-base-turkish-cased - Epoch 2, Batch 19: Training Top 5 Accuracy: 75.00%
2024-10-31 19:49:04,498 - INFO - Getting embeddings for dbmdz/bert-base-turkish-cased...
2024-10-31 19:49:04,879 - INFO - Embeddings for dbmdz/bert-base-turkish-cased obtained.
2024-10-31 19:49:06,173 - INFO - Getting embeddings for dbmdz/bert-base-turkish-cased...
2024-10-31 19:49:06,571 - INFO - Embeddings for dbmdz/bert-base-turkish-cased obtained.
2024-10-31 19:49:06,579 - INFO - dbmdz/bert-base-turkish-cased - Epoch 2, Batch 20: Training Top 1 Accuracy: 46.88%
2024-10-31 19:49:06,579 - INFO - dbmdz/bert-base-turkish-cased - Epoch 2, Batch 20: Training Top 5 Accuracy: 71.88%
2024-10-31 19:49:07,882 - INFO - Getting embeddings for dbmdz/bert-base-turkish-cased...
2024-10-31 19:49:08,224 - INFO - Embeddings for dbmdz/bert-base-turkish-cased obtained.
2024-10-31 19:49:09,578 - INFO - Getting embeddings for dbmdz/bert-base-turkish-cased...
2024-10-31 19:49:09,993 - INFO - Embeddings for dbmdz/bert-base-turkish-cased obtained.
2024-10-31 19:49:10,003 - INFO - dbmdz/bert-base-turkish-cased - Epoch 2, Batch 21: Training Top 1 Accuracy: 53.12%
2024-10-31 19:49:10,003 - INFO - dbmdz/bert-base-turkish-cased - Epoch 2, Batch 21: Training Top 5 Accuracy: 75.00%
2024-10-31 19:49:11,522 - INFO - Getting embeddings for dbmdz/bert-base-turkish-cased...
2024-10-31 19:49:12,065 - INFO - Embeddings for dbmdz/bert-base-turkish-cased obtained.
2024-10-31 19:49:13,426 - INFO - Getting embeddings for dbmdz/bert-base-turkish-cased...
2024-10-31 19:49:13,905 - INFO - Embeddings for dbmdz/bert-base-turkish-cased obtained.
2024-10-31 19:49:13,914 - INFO - dbmdz/bert-base-turkish-cased - Epoch 2, Batch 22: Training Top 1 Accuracy: 50.00%
2024-10-31 19:49:13,914 - INFO - dbmdz/bert-base-turkish-cased - Epoch 2, Batch 22: Training Top 5 Accuracy: 62.50%
2024-10-31 19:49:15,303 - INFO - Getting embeddings for dbmdz/bert-base-turkish-cased...
2024-10-31 19:49:15,759 - INFO - Embeddings for dbmdz/bert-base-turkish-cased obtained.
2024-10-31 19:49:17,153 - INFO - Getting embeddings for dbmdz/bert-base-turkish-cased...
2024-10-31 19:49:17,606 - INFO - Embeddings for dbmdz/bert-base-turkish-cased obtained.
2024-10-31 19:49:17,613 - INFO - dbmdz/bert-base-turkish-cased - Epoch 2, Batch 23: Training Top 1 Accuracy: 68.75%
2024-10-31 19:49:17,614 - INFO - dbmdz/bert-base-turkish-cased - Epoch 2, Batch 23: Training Top 5 Accuracy: 78.12%
2024-10-31 19:49:18,967 - INFO - Getting embeddings for dbmdz/bert-base-turkish-cased...
2024-10-31 19:49:19,424 - INFO - Embeddings for dbmdz/bert-base-turkish-cased obtained.
2024-10-31 19:49:20,806 - INFO - Getting embeddings for dbmdz/bert-base-turkish-cased...
2024-10-31 19:49:21,138 - INFO - Embeddings for dbmdz/bert-base-turkish-cased obtained.
2024-10-31 19:49:21,146 - INFO - dbmdz/bert-base-turkish-cased - Epoch 2, Batch 24: Training Top 1 Accuracy: 50.00%
2024-10-31 19:49:21,146 - INFO - dbmdz/bert-base-turkish-cased - Epoch 2, Batch 24: Training Top 5 Accuracy: 78.12%
2024-10-31 19:49:22,471 - INFO - Getting embeddings for dbmdz/bert-base-turkish-cased...
2024-10-31 19:49:22,864 - INFO - Embeddings for dbmdz/bert-base-turkish-cased obtained.
2024-10-31 19:49:24,206 - INFO - Getting embeddings for dbmdz/bert-base-turkish-cased...
2024-10-31 19:49:24,524 - INFO - Embeddings for dbmdz/bert-base-turkish-cased obtained.
2024-10-31 19:49:24,531 - INFO - dbmdz/bert-base-turkish-cased - Epoch 2, Batch 25: Training Top 1 Accuracy: 43.75%
2024-10-31 19:49:24,531 - INFO - dbmdz/bert-base-turkish-cased - Epoch 2, Batch 25: Training Top 5 Accuracy: 65.62%
2024-10-31 19:49:25,996 - INFO - Getting embeddings for dbmdz/bert-base-turkish-cased...
2024-10-31 19:49:27,227 - INFO - Embeddings for dbmdz/bert-base-turkish-cased obtained.
2024-10-31 19:49:28,588 - INFO - Getting embeddings for dbmdz/bert-base-turkish-cased...
2024-10-31 19:49:29,792 - INFO - Embeddings for dbmdz/bert-base-turkish-cased obtained.
2024-10-31 19:49:29,808 - INFO - dbmdz/bert-base-turkish-cased - Epoch 2: Validation Top 1 Accuracy: 47.00%
2024-10-31 19:49:29,808 - INFO - dbmdz/bert-base-turkish-cased - Epoch 2: Validation Top 5 Accuracy: 59.00%
2024-10-31 19:49:29,808 - INFO - Starting epoch 3/5 for dbmdz/bert-base-turkish-cased...
2024-10-31 19:49:31,205 - INFO - Getting embeddings for dbmdz/bert-base-turkish-cased...
2024-10-31 19:49:31,550 - INFO - Embeddings for dbmdz/bert-base-turkish-cased obtained.
2024-10-31 19:49:32,936 - INFO - Getting embeddings for dbmdz/bert-base-turkish-cased...
2024-10-31 19:49:33,457 - INFO - Embeddings for dbmdz/bert-base-turkish-cased obtained.
2024-10-31 19:49:33,464 - INFO - dbmdz/bert-base-turkish-cased - Epoch 3, Batch 1: Training Top 1 Accuracy: 53.12%
2024-10-31 19:49:33,464 - INFO - dbmdz/bert-base-turkish-cased - Epoch 3, Batch 1: Training Top 5 Accuracy: 75.00%
2024-10-31 19:49:34,848 - INFO - Getting embeddings for dbmdz/bert-base-turkish-cased...
2024-10-31 19:49:35,230 - INFO - Embeddings for dbmdz/bert-base-turkish-cased obtained.
2024-10-31 19:49:36,921 - INFO - Getting embeddings for dbmdz/bert-base-turkish-cased...
2024-10-31 19:49:37,376 - INFO - Embeddings for dbmdz/bert-base-turkish-cased obtained.
2024-10-31 19:49:37,383 - INFO - dbmdz/bert-base-turkish-cased - Epoch 3, Batch 2: Training Top 1 Accuracy: 53.12%
2024-10-31 19:49:37,384 - INFO - dbmdz/bert-base-turkish-cased - Epoch 3, Batch 2: Training Top 5 Accuracy: 75.00%
2024-10-31 19:49:38,873 - INFO - Getting embeddings for dbmdz/bert-base-turkish-cased...
2024-10-31 19:49:39,232 - INFO - Embeddings for dbmdz/bert-base-turkish-cased obtained.
2024-10-31 19:49:41,036 - INFO - Getting embeddings for dbmdz/bert-base-turkish-cased...
2024-10-31 19:49:41,494 - INFO - Embeddings for dbmdz/bert-base-turkish-cased obtained.
2024-10-31 19:49:41,501 - INFO - dbmdz/bert-base-turkish-cased - Epoch 3, Batch 3: Training Top 1 Accuracy: 43.75%
2024-10-31 19:49:41,501 - INFO - dbmdz/bert-base-turkish-cased - Epoch 3, Batch 3: Training Top 5 Accuracy: 78.12%
2024-10-31 19:49:43,058 - INFO - Getting embeddings for dbmdz/bert-base-turkish-cased...
2024-10-31 19:49:43,461 - INFO - Embeddings for dbmdz/bert-base-turkish-cased obtained.
2024-10-31 19:49:45,491 - INFO - Getting embeddings for dbmdz/bert-base-turkish-cased...
2024-10-31 19:49:45,989 - INFO - Embeddings for dbmdz/bert-base-turkish-cased obtained.
2024-10-31 19:49:45,996 - INFO - dbmdz/bert-base-turkish-cased - Epoch 3, Batch 4: Training Top 1 Accuracy: 71.88%
2024-10-31 19:49:45,997 - INFO - dbmdz/bert-base-turkish-cased - Epoch 3, Batch 4: Training Top 5 Accuracy: 78.12%
2024-10-31 19:49:47,690 - INFO - Getting embeddings for dbmdz/bert-base-turkish-cased...
2024-10-31 19:49:48,043 - INFO - Embeddings for dbmdz/bert-base-turkish-cased obtained.
2024-10-31 19:49:49,849 - INFO - Getting embeddings for dbmdz/bert-base-turkish-cased...
2024-10-31 19:49:50,284 - INFO - Embeddings for dbmdz/bert-base-turkish-cased obtained.
2024-10-31 19:49:50,291 - INFO - dbmdz/bert-base-turkish-cased - Epoch 3, Batch 5: Training Top 1 Accuracy: 50.00%
2024-10-31 19:49:50,291 - INFO - dbmdz/bert-base-turkish-cased - Epoch 3, Batch 5: Training Top 5 Accuracy: 75.00%
2024-10-31 19:49:51,593 - INFO - Getting embeddings for dbmdz/bert-base-turkish-cased...
2024-10-31 19:49:52,003 - INFO - Embeddings for dbmdz/bert-base-turkish-cased obtained.
2024-10-31 19:49:53,482 - INFO - Getting embeddings for dbmdz/bert-base-turkish-cased...
2024-10-31 19:49:53,898 - INFO - Embeddings for dbmdz/bert-base-turkish-cased obtained.
2024-10-31 19:49:53,906 - INFO - dbmdz/bert-base-turkish-cased - Epoch 3, Batch 6: Training Top 1 Accuracy: 46.88%
2024-10-31 19:49:53,906 - INFO - dbmdz/bert-base-turkish-cased - Epoch 3, Batch 6: Training Top 5 Accuracy: 71.88%
2024-10-31 19:49:55,220 - INFO - Getting embeddings for dbmdz/bert-base-turkish-cased...
2024-10-31 19:49:55,655 - INFO - Embeddings for dbmdz/bert-base-turkish-cased obtained.
2024-10-31 19:49:57,036 - INFO - Getting embeddings for dbmdz/bert-base-turkish-cased...
2024-10-31 19:49:57,427 - INFO - Embeddings for dbmdz/bert-base-turkish-cased obtained.
2024-10-31 19:49:57,434 - INFO - dbmdz/bert-base-turkish-cased - Epoch 3, Batch 7: Training Top 1 Accuracy: 68.75%
2024-10-31 19:49:57,435 - INFO - dbmdz/bert-base-turkish-cased - Epoch 3, Batch 7: Training Top 5 Accuracy: 87.50%
2024-10-31 19:49:58,829 - INFO - Getting embeddings for dbmdz/bert-base-turkish-cased...
2024-10-31 19:49:59,179 - INFO - Embeddings for dbmdz/bert-base-turkish-cased obtained.
2024-10-31 19:50:00,529 - INFO - Getting embeddings for dbmdz/bert-base-turkish-cased...
2024-10-31 19:50:00,931 - INFO - Embeddings for dbmdz/bert-base-turkish-cased obtained.
2024-10-31 19:50:00,938 - INFO - dbmdz/bert-base-turkish-cased - Epoch 3, Batch 8: Training Top 1 Accuracy: 68.75%
2024-10-31 19:50:00,938 - INFO - dbmdz/bert-base-turkish-cased - Epoch 3, Batch 8: Training Top 5 Accuracy: 75.00%
2024-10-31 19:50:02,340 - INFO - Getting embeddings for dbmdz/bert-base-turkish-cased...
2024-10-31 19:50:02,670 - INFO - Embeddings for dbmdz/bert-base-turkish-cased obtained.
2024-10-31 19:50:04,292 - INFO - Getting embeddings for dbmdz/bert-base-turkish-cased...
2024-10-31 19:50:04,662 - INFO - Embeddings for dbmdz/bert-base-turkish-cased obtained.
2024-10-31 19:50:04,670 - INFO - dbmdz/bert-base-turkish-cased - Epoch 3, Batch 9: Training Top 1 Accuracy: 56.25%
2024-10-31 19:50:04,670 - INFO - dbmdz/bert-base-turkish-cased - Epoch 3, Batch 9: Training Top 5 Accuracy: 68.75%
2024-10-31 19:50:06,072 - INFO - Getting embeddings for dbmdz/bert-base-turkish-cased...
2024-10-31 19:50:06,507 - INFO - Embeddings for dbmdz/bert-base-turkish-cased obtained.
2024-10-31 19:50:08,133 - INFO - Getting embeddings for dbmdz/bert-base-turkish-cased...
2024-10-31 19:50:08,648 - INFO - Embeddings for dbmdz/bert-base-turkish-cased obtained.
2024-10-31 19:50:08,655 - INFO - dbmdz/bert-base-turkish-cased - Epoch 3, Batch 10: Training Top 1 Accuracy: 50.00%
2024-10-31 19:50:08,655 - INFO - dbmdz/bert-base-turkish-cased - Epoch 3, Batch 10: Training Top 5 Accuracy: 71.88%
2024-10-31 19:50:10,111 - INFO - Getting embeddings for dbmdz/bert-base-turkish-cased...
2024-10-31 19:50:10,443 - INFO - Embeddings for dbmdz/bert-base-turkish-cased obtained.
2024-10-31 19:50:11,921 - INFO - Getting embeddings for dbmdz/bert-base-turkish-cased...
2024-10-31 19:50:12,342 - INFO - Embeddings for dbmdz/bert-base-turkish-cased obtained.
2024-10-31 19:50:12,349 - INFO - dbmdz/bert-base-turkish-cased - Epoch 3, Batch 11: Training Top 1 Accuracy: 40.62%
2024-10-31 19:50:12,350 - INFO - dbmdz/bert-base-turkish-cased - Epoch 3, Batch 11: Training Top 5 Accuracy: 62.50%
2024-10-31 19:50:13,723 - INFO - Getting embeddings for dbmdz/bert-base-turkish-cased...
2024-10-31 19:50:14,083 - INFO - Embeddings for dbmdz/bert-base-turkish-cased obtained.
2024-10-31 19:50:15,507 - INFO - Getting embeddings for dbmdz/bert-base-turkish-cased...
2024-10-31 19:50:15,947 - INFO - Embeddings for dbmdz/bert-base-turkish-cased obtained.
2024-10-31 19:50:15,955 - INFO - dbmdz/bert-base-turkish-cased - Epoch 3, Batch 12: Training Top 1 Accuracy: 59.38%
2024-10-31 19:50:15,955 - INFO - dbmdz/bert-base-turkish-cased - Epoch 3, Batch 12: Training Top 5 Accuracy: 90.62%
2024-10-31 19:50:17,404 - INFO - Getting embeddings for dbmdz/bert-base-turkish-cased...
2024-10-31 19:50:17,754 - INFO - Embeddings for dbmdz/bert-base-turkish-cased obtained.
2024-10-31 19:50:19,184 - INFO - Getting embeddings for dbmdz/bert-base-turkish-cased...
2024-10-31 19:50:19,638 - INFO - Embeddings for dbmdz/bert-base-turkish-cased obtained.
2024-10-31 19:50:19,646 - INFO - dbmdz/bert-base-turkish-cased - Epoch 3, Batch 13: Training Top 1 Accuracy: 46.88%
2024-10-31 19:50:19,647 - INFO - dbmdz/bert-base-turkish-cased - Epoch 3, Batch 13: Training Top 5 Accuracy: 56.25%
2024-10-31 19:50:21,020 - INFO - Getting embeddings for dbmdz/bert-base-turkish-cased...
2024-10-31 19:50:21,345 - INFO - Embeddings for dbmdz/bert-base-turkish-cased obtained.
2024-10-31 19:50:22,747 - INFO - Getting embeddings for dbmdz/bert-base-turkish-cased...
2024-10-31 19:50:23,059 - INFO - Embeddings for dbmdz/bert-base-turkish-cased obtained.
2024-10-31 19:50:23,067 - INFO - dbmdz/bert-base-turkish-cased - Epoch 3, Batch 14: Training Top 1 Accuracy: 53.12%
2024-10-31 19:50:23,067 - INFO - dbmdz/bert-base-turkish-cased - Epoch 3, Batch 14: Training Top 5 Accuracy: 75.00%
2024-10-31 19:50:24,411 - INFO - Getting embeddings for dbmdz/bert-base-turkish-cased...
2024-10-31 19:50:24,767 - INFO - Embeddings for dbmdz/bert-base-turkish-cased obtained.
2024-10-31 19:50:26,115 - INFO - Getting embeddings for dbmdz/bert-base-turkish-cased...
2024-10-31 19:50:26,624 - INFO - Embeddings for dbmdz/bert-base-turkish-cased obtained.
2024-10-31 19:50:26,633 - INFO - dbmdz/bert-base-turkish-cased - Epoch 3, Batch 15: Training Top 1 Accuracy: 53.12%
2024-10-31 19:50:26,633 - INFO - dbmdz/bert-base-turkish-cased - Epoch 3, Batch 15: Training Top 5 Accuracy: 65.62%
2024-10-31 19:50:28,055 - INFO - Getting embeddings for dbmdz/bert-base-turkish-cased...
2024-10-31 19:50:28,470 - INFO - Embeddings for dbmdz/bert-base-turkish-cased obtained.
2024-10-31 19:50:29,827 - INFO - Getting embeddings for dbmdz/bert-base-turkish-cased...
2024-10-31 19:50:30,200 - INFO - Embeddings for dbmdz/bert-base-turkish-cased obtained.
2024-10-31 19:50:30,207 - INFO - dbmdz/bert-base-turkish-cased - Epoch 3, Batch 16: Training Top 1 Accuracy: 50.00%
2024-10-31 19:50:30,207 - INFO - dbmdz/bert-base-turkish-cased - Epoch 3, Batch 16: Training Top 5 Accuracy: 75.00%
2024-10-31 19:50:31,793 - INFO - Getting embeddings for dbmdz/bert-base-turkish-cased...
2024-10-31 19:50:32,125 - INFO - Embeddings for dbmdz/bert-base-turkish-cased obtained.
2024-10-31 19:50:33,484 - INFO - Getting embeddings for dbmdz/bert-base-turkish-cased...
2024-10-31 19:50:33,876 - INFO - Embeddings for dbmdz/bert-base-turkish-cased obtained.
2024-10-31 19:50:33,883 - INFO - dbmdz/bert-base-turkish-cased - Epoch 3, Batch 17: Training Top 1 Accuracy: 62.50%
2024-10-31 19:50:33,883 - INFO - dbmdz/bert-base-turkish-cased - Epoch 3, Batch 17: Training Top 5 Accuracy: 81.25%
2024-10-31 19:50:35,621 - INFO - Getting embeddings for dbmdz/bert-base-turkish-cased...
2024-10-31 19:50:36,049 - INFO - Embeddings for dbmdz/bert-base-turkish-cased obtained.
2024-10-31 19:50:37,456 - INFO - Getting embeddings for dbmdz/bert-base-turkish-cased...
2024-10-31 19:50:37,781 - INFO - Embeddings for dbmdz/bert-base-turkish-cased obtained.
2024-10-31 19:50:37,788 - INFO - dbmdz/bert-base-turkish-cased - Epoch 3, Batch 18: Training Top 1 Accuracy: 53.12%
2024-10-31 19:50:37,788 - INFO - dbmdz/bert-base-turkish-cased - Epoch 3, Batch 18: Training Top 5 Accuracy: 68.75%
2024-10-31 19:50:39,457 - INFO - Getting embeddings for dbmdz/bert-base-turkish-cased...
2024-10-31 19:50:39,874 - INFO - Embeddings for dbmdz/bert-base-turkish-cased obtained.
2024-10-31 19:50:41,614 - INFO - Getting embeddings for dbmdz/bert-base-turkish-cased...
2024-10-31 19:50:42,041 - INFO - Embeddings for dbmdz/bert-base-turkish-cased obtained.
2024-10-31 19:50:42,048 - INFO - dbmdz/bert-base-turkish-cased - Epoch 3, Batch 19: Training Top 1 Accuracy: 68.75%
2024-10-31 19:50:42,048 - INFO - dbmdz/bert-base-turkish-cased - Epoch 3, Batch 19: Training Top 5 Accuracy: 81.25%
2024-10-31 19:50:43,429 - INFO - Getting embeddings for dbmdz/bert-base-turkish-cased...
2024-10-31 19:50:43,745 - INFO - Embeddings for dbmdz/bert-base-turkish-cased obtained.
2024-10-31 19:50:45,059 - INFO - Getting embeddings for dbmdz/bert-base-turkish-cased...
2024-10-31 19:50:45,465 - INFO - Embeddings for dbmdz/bert-base-turkish-cased obtained.
2024-10-31 19:50:45,472 - INFO - dbmdz/bert-base-turkish-cased - Epoch 3, Batch 20: Training Top 1 Accuracy: 59.38%
2024-10-31 19:50:45,472 - INFO - dbmdz/bert-base-turkish-cased - Epoch 3, Batch 20: Training Top 5 Accuracy: 84.38%
2024-10-31 19:50:46,840 - INFO - Getting embeddings for dbmdz/bert-base-turkish-cased...
2024-10-31 19:50:47,193 - INFO - Embeddings for dbmdz/bert-base-turkish-cased obtained.
2024-10-31 19:50:48,582 - INFO - Getting embeddings for dbmdz/bert-base-turkish-cased...
2024-10-31 19:50:49,164 - INFO - Embeddings for dbmdz/bert-base-turkish-cased obtained.
2024-10-31 19:50:49,171 - INFO - dbmdz/bert-base-turkish-cased - Epoch 3, Batch 21: Training Top 1 Accuracy: 62.50%
2024-10-31 19:50:49,171 - INFO - dbmdz/bert-base-turkish-cased - Epoch 3, Batch 21: Training Top 5 Accuracy: 75.00%
2024-10-31 19:50:50,642 - INFO - Getting embeddings for dbmdz/bert-base-turkish-cased...
2024-10-31 19:50:51,035 - INFO - Embeddings for dbmdz/bert-base-turkish-cased obtained.
2024-10-31 19:50:52,365 - INFO - Getting embeddings for dbmdz/bert-base-turkish-cased...
2024-10-31 19:50:52,746 - INFO - Embeddings for dbmdz/bert-base-turkish-cased obtained.
2024-10-31 19:50:52,754 - INFO - dbmdz/bert-base-turkish-cased - Epoch 3, Batch 22: Training Top 1 Accuracy: 68.75%
2024-10-31 19:50:52,754 - INFO - dbmdz/bert-base-turkish-cased - Epoch 3, Batch 22: Training Top 5 Accuracy: 71.88%
2024-10-31 19:50:54,418 - INFO - Getting embeddings for dbmdz/bert-base-turkish-cased...
2024-10-31 19:50:54,818 - INFO - Embeddings for dbmdz/bert-base-turkish-cased obtained.
2024-10-31 19:50:56,205 - INFO - Getting embeddings for dbmdz/bert-base-turkish-cased...
2024-10-31 19:50:56,587 - INFO - Embeddings for dbmdz/bert-base-turkish-cased obtained.
2024-10-31 19:50:56,594 - INFO - dbmdz/bert-base-turkish-cased - Epoch 3, Batch 23: Training Top 1 Accuracy: 46.88%
2024-10-31 19:50:56,595 - INFO - dbmdz/bert-base-turkish-cased - Epoch 3, Batch 23: Training Top 5 Accuracy: 62.50%
2024-10-31 19:50:57,887 - INFO - Getting embeddings for dbmdz/bert-base-turkish-cased...
2024-10-31 19:50:58,224 - INFO - Embeddings for dbmdz/bert-base-turkish-cased obtained.
2024-10-31 19:50:59,545 - INFO - Getting embeddings for dbmdz/bert-base-turkish-cased...
2024-10-31 19:50:59,889 - INFO - Embeddings for dbmdz/bert-base-turkish-cased obtained.
2024-10-31 19:50:59,896 - INFO - dbmdz/bert-base-turkish-cased - Epoch 3, Batch 24: Training Top 1 Accuracy: 68.75%
2024-10-31 19:50:59,897 - INFO - dbmdz/bert-base-turkish-cased - Epoch 3, Batch 24: Training Top 5 Accuracy: 81.25%
2024-10-31 19:51:01,203 - INFO - Getting embeddings for dbmdz/bert-base-turkish-cased...
2024-10-31 19:51:01,542 - INFO - Embeddings for dbmdz/bert-base-turkish-cased obtained.
2024-10-31 19:51:02,900 - INFO - Getting embeddings for dbmdz/bert-base-turkish-cased...
2024-10-31 19:51:03,382 - INFO - Embeddings for dbmdz/bert-base-turkish-cased obtained.
2024-10-31 19:51:03,390 - INFO - dbmdz/bert-base-turkish-cased - Epoch 3, Batch 25: Training Top 1 Accuracy: 62.50%
2024-10-31 19:51:03,390 - INFO - dbmdz/bert-base-turkish-cased - Epoch 3, Batch 25: Training Top 5 Accuracy: 84.38%
2024-10-31 19:51:04,680 - INFO - Getting embeddings for dbmdz/bert-base-turkish-cased...
2024-10-31 19:51:05,703 - INFO - Embeddings for dbmdz/bert-base-turkish-cased obtained.
2024-10-31 19:51:07,074 - INFO - Getting embeddings for dbmdz/bert-base-turkish-cased...
2024-10-31 19:51:08,170 - INFO - Embeddings for dbmdz/bert-base-turkish-cased obtained.
2024-10-31 19:51:08,186 - INFO - dbmdz/bert-base-turkish-cased - Epoch 3: Validation Top 1 Accuracy: 47.00%
2024-10-31 19:51:08,186 - INFO - dbmdz/bert-base-turkish-cased - Epoch 3: Validation Top 5 Accuracy: 59.00%
2024-10-31 19:51:08,187 - INFO - dbmdz/bert-base-turkish-cased - Early stopping after 3 epochs.
2024-10-31 19:51:08,187 - INFO - Evaluating model on test set: dbmdz/bert-base-turkish-cased
2024-10-31 19:51:09,609 - INFO - Getting embeddings for dbmdz/bert-base-turkish-cased...
2024-10-31 19:51:10,643 - INFO - Embeddings for dbmdz/bert-base-turkish-cased obtained.
2024-10-31 19:51:12,029 - INFO - Getting embeddings for dbmdz/bert-base-turkish-cased...
2024-10-31 19:51:13,154 - INFO - Embeddings for dbmdz/bert-base-turkish-cased obtained.
2024-10-31 19:51:13,173 - INFO - dbmdz/bert-base-turkish-cased - Test Top 1 Accuracy: 51.00%
2024-10-31 19:51:13,174 - INFO - dbmdz/bert-base-turkish-cased - Test Top 5 Accuracy: 65.00%
