2024-11-01 17:25:12,318 - INFO - Reading CSV file...
2024-11-01 17:25:12,329 - INFO - CSV file successfully read.
2024-11-01 17:25:13,140 - INFO - Using device: cuda
2024-11-01 17:25:13,143 - INFO - Processing model: dbmdz/bert-base-turkish-cased
2024-11-01 17:25:22,869 - INFO - Starting epoch 1/5 for dbmdz/bert-base-turkish-cased...
2024-11-01 17:25:24,851 - INFO - Getting embeddings for dbmdz/bert-base-turkish-cased...
2024-11-01 17:25:32,192 - INFO - Embeddings for dbmdz/bert-base-turkish-cased obtained.
2024-11-01 17:25:34,309 - INFO - Getting embeddings for dbmdz/bert-base-turkish-cased...
2024-11-01 17:25:41,123 - INFO - Embeddings for dbmdz/bert-base-turkish-cased obtained.
2024-11-01 17:25:41,187 - INFO - dbmdz/bert-base-turkish-cased - Epoch 1, Batch 1: Training Top 1 Accuracy: 29.12%
2024-11-01 17:25:41,187 - INFO - dbmdz/bert-base-turkish-cased - Epoch 1, Batch 1: Training Top 5 Accuracy: 43.00%
2024-11-01 17:25:42,877 - INFO - Getting embeddings for dbmdz/bert-base-turkish-cased...
2024-11-01 17:25:43,759 - INFO - Embeddings for dbmdz/bert-base-turkish-cased obtained.
2024-11-01 17:25:45,352 - INFO - Getting embeddings for dbmdz/bert-base-turkish-cased...
2024-11-01 17:25:46,341 - INFO - Embeddings for dbmdz/bert-base-turkish-cased obtained.
2024-11-01 17:25:46,366 - INFO - dbmdz/bert-base-turkish-cased - Validation Top 1 Accuracy: 47.00%
2024-11-01 17:25:46,367 - INFO - dbmdz/bert-base-turkish-cased - Validation Top 5 Accuracy: 58.00%
2024-11-01 17:25:46,367 - INFO - Starting epoch 2/5 for dbmdz/bert-base-turkish-cased...
2024-11-01 17:25:48,103 - INFO - Getting embeddings for dbmdz/bert-base-turkish-cased...
2024-11-01 17:25:56,617 - INFO - Embeddings for dbmdz/bert-base-turkish-cased obtained.
2024-11-01 17:25:58,148 - INFO - Getting embeddings for dbmdz/bert-base-turkish-cased...
2024-11-01 17:26:05,207 - INFO - Embeddings for dbmdz/bert-base-turkish-cased obtained.
2024-11-01 17:26:05,255 - INFO - dbmdz/bert-base-turkish-cased - Epoch 2, Batch 1: Training Top 1 Accuracy: 29.12%
2024-11-01 17:26:05,256 - INFO - dbmdz/bert-base-turkish-cased - Epoch 2, Batch 1: Training Top 5 Accuracy: 43.00%
2024-11-01 17:26:06,814 - INFO - Getting embeddings for dbmdz/bert-base-turkish-cased...
2024-11-01 17:26:07,565 - INFO - Embeddings for dbmdz/bert-base-turkish-cased obtained.
2024-11-01 17:26:08,865 - INFO - Getting embeddings for dbmdz/bert-base-turkish-cased...
2024-11-01 17:26:09,813 - INFO - Embeddings for dbmdz/bert-base-turkish-cased obtained.
2024-11-01 17:26:09,850 - INFO - dbmdz/bert-base-turkish-cased - Validation Top 1 Accuracy: 47.00%
2024-11-01 17:26:09,851 - INFO - dbmdz/bert-base-turkish-cased - Validation Top 5 Accuracy: 58.00%
2024-11-01 17:26:09,852 - INFO - Starting epoch 3/5 for dbmdz/bert-base-turkish-cased...
2024-11-01 17:26:11,265 - INFO - Getting embeddings for dbmdz/bert-base-turkish-cased...
2024-11-01 17:26:18,688 - INFO - Embeddings for dbmdz/bert-base-turkish-cased obtained.
2024-11-01 17:26:20,316 - INFO - Getting embeddings for dbmdz/bert-base-turkish-cased...
2024-11-01 17:26:28,026 - INFO - Embeddings for dbmdz/bert-base-turkish-cased obtained.
2024-11-01 17:26:28,070 - INFO - dbmdz/bert-base-turkish-cased - Epoch 3, Batch 1: Training Top 1 Accuracy: 29.12%
2024-11-01 17:26:28,073 - INFO - dbmdz/bert-base-turkish-cased - Epoch 3, Batch 1: Training Top 5 Accuracy: 43.00%
2024-11-01 17:26:29,529 - INFO - Getting embeddings for dbmdz/bert-base-turkish-cased...
2024-11-01 17:26:30,344 - INFO - Embeddings for dbmdz/bert-base-turkish-cased obtained.
2024-11-01 17:26:31,782 - INFO - Getting embeddings for dbmdz/bert-base-turkish-cased...
2024-11-01 17:26:32,678 - INFO - Embeddings for dbmdz/bert-base-turkish-cased obtained.
2024-11-01 17:26:32,712 - INFO - dbmdz/bert-base-turkish-cased - Validation Top 1 Accuracy: 47.00%
2024-11-01 17:26:32,713 - INFO - dbmdz/bert-base-turkish-cased - Validation Top 5 Accuracy: 58.00%
2024-11-01 17:26:32,714 - INFO - Starting epoch 4/5 for dbmdz/bert-base-turkish-cased...
2024-11-01 17:26:34,401 - INFO - Getting embeddings for dbmdz/bert-base-turkish-cased...
2024-11-01 17:26:41,837 - INFO - Embeddings for dbmdz/bert-base-turkish-cased obtained.
2024-11-01 17:26:43,646 - INFO - Getting embeddings for dbmdz/bert-base-turkish-cased...
2024-11-01 17:26:51,000 - INFO - Embeddings for dbmdz/bert-base-turkish-cased obtained.
2024-11-01 17:26:51,043 - INFO - dbmdz/bert-base-turkish-cased - Epoch 4, Batch 1: Training Top 1 Accuracy: 29.12%
2024-11-01 17:26:51,043 - INFO - dbmdz/bert-base-turkish-cased - Epoch 4, Batch 1: Training Top 5 Accuracy: 43.00%
2024-11-01 17:26:52,490 - INFO - Getting embeddings for dbmdz/bert-base-turkish-cased...
2024-11-01 17:26:53,553 - INFO - Embeddings for dbmdz/bert-base-turkish-cased obtained.
2024-11-01 17:26:54,953 - INFO - Getting embeddings for dbmdz/bert-base-turkish-cased...
2024-11-01 17:26:56,088 - INFO - Embeddings for dbmdz/bert-base-turkish-cased obtained.
2024-11-01 17:26:56,104 - INFO - dbmdz/bert-base-turkish-cased - Validation Top 1 Accuracy: 47.00%
2024-11-01 17:26:56,104 - INFO - dbmdz/bert-base-turkish-cased - Validation Top 5 Accuracy: 58.00%
2024-11-01 17:26:56,105 - INFO - Starting epoch 5/5 for dbmdz/bert-base-turkish-cased...
2024-11-01 17:26:57,538 - INFO - Getting embeddings for dbmdz/bert-base-turkish-cased...
2024-11-01 17:27:04,899 - INFO - Embeddings for dbmdz/bert-base-turkish-cased obtained.
2024-11-01 17:27:06,414 - INFO - Getting embeddings for dbmdz/bert-base-turkish-cased...
2024-11-01 17:27:13,583 - INFO - Embeddings for dbmdz/bert-base-turkish-cased obtained.
2024-11-01 17:27:13,644 - INFO - dbmdz/bert-base-turkish-cased - Epoch 5, Batch 1: Training Top 1 Accuracy: 29.12%
2024-11-01 17:27:13,644 - INFO - dbmdz/bert-base-turkish-cased - Epoch 5, Batch 1: Training Top 5 Accuracy: 43.00%
2024-11-01 17:27:15,068 - INFO - Getting embeddings for dbmdz/bert-base-turkish-cased...
2024-11-01 17:27:15,958 - INFO - Embeddings for dbmdz/bert-base-turkish-cased obtained.
2024-11-01 17:27:17,397 - INFO - Getting embeddings for dbmdz/bert-base-turkish-cased...
2024-11-01 17:27:18,506 - INFO - Embeddings for dbmdz/bert-base-turkish-cased obtained.
2024-11-01 17:27:18,523 - INFO - dbmdz/bert-base-turkish-cased - Validation Top 1 Accuracy: 47.00%
2024-11-01 17:27:18,524 - INFO - dbmdz/bert-base-turkish-cased - Validation Top 5 Accuracy: 58.00%
2024-11-01 17:27:19,957 - INFO - Getting embeddings for dbmdz/bert-base-turkish-cased...
2024-11-01 17:27:20,930 - INFO - Embeddings for dbmdz/bert-base-turkish-cased obtained.
2024-11-01 17:27:22,308 - INFO - Getting embeddings for dbmdz/bert-base-turkish-cased...
2024-11-01 17:27:23,364 - INFO - Embeddings for dbmdz/bert-base-turkish-cased obtained.
2024-11-01 17:27:23,387 - INFO - dbmdz/bert-base-turkish-cased - Test Top 1 Accuracy: 51.00%
2024-11-01 17:27:23,387 - INFO - dbmdz/bert-base-turkish-cased - Test Top 5 Accuracy: 65.00%
2024-11-01 17:27:23,389 - INFO - Applying TSNE for dbmdz/bert-base-turkish-cased...
2024-11-01 17:27:25,509 - INFO - TSNE visualization completed for dbmdz/bert-base-turkish-cased.
