2024-11-01 19:41:57,313 - INFO - Reading CSV file...
2024-11-01 19:41:57,325 - INFO - CSV file successfully read.
2024-11-01 19:41:58,901 - INFO - Using device: cuda
2024-11-01 19:41:58,904 - INFO - Processing model: dbmdz/bert-base-turkish-cased
2024-11-01 19:42:03,393 - INFO - Starting epoch 1/1 for dbmdz/bert-base-turkish-cased...
2024-11-01 19:42:04,879 - INFO - Getting embeddings for dbmdz/bert-base-turkish-cased...
2024-11-01 19:42:12,019 - INFO - Embeddings for dbmdz/bert-base-turkish-cased obtained.
2024-11-01 19:42:13,310 - INFO - Getting embeddings for dbmdz/bert-base-turkish-cased...
2024-11-01 19:42:21,008 - INFO - Embeddings for dbmdz/bert-base-turkish-cased obtained.
2024-11-01 19:42:21,080 - INFO - dbmdz/bert-base-turkish-cased - Epoch 1, Batch 1: Training Top 1 Accuracy: 29.12%
2024-11-01 19:42:21,081 - INFO - dbmdz/bert-base-turkish-cased - Epoch 1, Batch 1: Training Top 5 Accuracy: 43.50%
2024-11-01 19:42:22,450 - INFO - Getting embeddings for dbmdz/bert-base-turkish-cased...
2024-11-01 19:42:23,407 - INFO - Embeddings for dbmdz/bert-base-turkish-cased obtained.
2024-11-01 19:42:24,737 - INFO - Getting embeddings for dbmdz/bert-base-turkish-cased...
2024-11-01 19:42:25,794 - INFO - Embeddings for dbmdz/bert-base-turkish-cased obtained.
2024-11-01 19:42:25,811 - INFO - dbmdz/bert-base-turkish-cased - Validation Top 1 Accuracy: 47.00%
2024-11-01 19:42:25,812 - INFO - dbmdz/bert-base-turkish-cased - Validation Top 5 Accuracy: 59.00%
2024-11-01 19:42:27,142 - INFO - Getting embeddings for dbmdz/bert-base-turkish-cased...
2024-11-01 19:42:28,194 - INFO - Embeddings for dbmdz/bert-base-turkish-cased obtained.
2024-11-01 19:42:30,094 - INFO - Getting embeddings for dbmdz/bert-base-turkish-cased...
2024-11-01 19:42:32,261 - INFO - Embeddings for dbmdz/bert-base-turkish-cased obtained.
2024-11-01 19:42:32,292 - INFO - dbmdz/bert-base-turkish-cased - Test Top 1 Accuracy: 52.00%
2024-11-01 19:42:32,293 - INFO - dbmdz/bert-base-turkish-cased - Test Top 5 Accuracy: 65.00%
