2024-11-01 21:43:42,871 - INFO - Reading CSV file...
2024-11-01 21:43:42,883 - INFO - CSV file successfully read.
2024-11-01 21:43:42,969 - INFO - Using device: cuda
2024-11-01 21:43:42,975 - INFO - Training model: dbmdz/bert-base-turkish-cased
2024-11-01 21:43:46,989 - INFO - Epoch 1/1
2024-11-01 21:43:48,386 - INFO - Getting embeddings for dbmdz/bert-base-turkish-cased...
2024-11-01 21:43:58,114 - INFO - Embeddings for dbmdz/bert-base-turkish-cased obtained.
2024-11-01 21:43:59,627 - INFO - Getting embeddings for dbmdz/bert-base-turkish-cased...
2024-11-01 21:44:07,950 - INFO - Embeddings for dbmdz/bert-base-turkish-cased obtained.
2024-11-01 21:44:08,054 - INFO - Training Batch 1: Top 1 Accuracy: 32.62%, Top 5 Accuracy: 72.75%
2024-11-01 21:44:08,057 - INFO - Validating model...
2024-11-01 21:44:09,454 - INFO - Getting embeddings for dbmdz/bert-base-turkish-cased...
2024-11-01 21:44:10,342 - INFO - Embeddings for dbmdz/bert-base-turkish-cased obtained.
2024-11-01 21:44:11,729 - INFO - Getting embeddings for dbmdz/bert-base-turkish-cased...
2024-11-01 21:44:12,639 - INFO - Embeddings for dbmdz/bert-base-turkish-cased obtained.
2024-11-01 21:44:12,651 - INFO - Validation: Top 1 Accuracy: 49.00%, Top 5 Accuracy: 85.00%
2024-11-01 21:44:12,651 - INFO - Applying TSNE for dbmdz/bert-base-turkish-cased...
2024-11-01 21:44:31,147 - INFO - TSNE visualization completed for dbmdz/bert-base-turkish-cased.
2024-11-01 21:44:31,156 - INFO - Testing model...
2024-11-01 21:44:32,466 - INFO - Getting embeddings for dbmdz/bert-base-turkish-cased...
2024-11-01 21:44:33,544 - INFO - Embeddings for dbmdz/bert-base-turkish-cased obtained.
2024-11-01 21:44:34,825 - INFO - Getting embeddings for dbmdz/bert-base-turkish-cased...
2024-11-01 21:44:36,129 - INFO - Embeddings for dbmdz/bert-base-turkish-cased obtained.
2024-11-01 21:44:36,146 - INFO - Test Results: Top 1 Accuracy: 54.00%, Top 5 Accuracy: 83.00%
2024-11-01 21:44:36,147 - INFO - Applying TSNE for dbmdz/bert-base-turkish-cased...
2024-11-01 21:44:38,505 - INFO - TSNE visualization completed for dbmdz/bert-base-turkish-cased.
