2024-10-30 16:55:27,449 - INFO - CSV dosyası okunuyor...
2024-10-30 16:55:27,461 - INFO - CSV dosyası başarıyla okundu.
2024-10-30 16:55:27,461 - INFO - sentence-transformers/all-MiniLM-L12-v2 yükleniyor...
2024-10-30 16:55:29,345 - INFO - sentence-transformers/all-MiniLM-L12-v2 yüklendi.
2024-10-30 16:55:29,345 - INFO - jinaai/jina-embeddings-v3 yükleniyor...
2024-10-30 16:55:32,386 - WARNING - flash_attn is not installed. Using PyTorch native attention implementation.
2024-10-30 16:55:32,386 - WARNING - flash_attn is not installed. Using PyTorch native attention implementation.
2024-10-30 16:55:32,389 - WARNING - flash_attn is not installed. Using PyTorch native attention implementation.
2024-10-30 16:55:32,391 - WARNING - flash_attn is not installed. Using PyTorch native attention implementation.
2024-10-30 16:55:32,392 - WARNING - flash_attn is not installed. Using PyTorch native attention implementation.
2024-10-30 16:55:32,394 - WARNING - flash_attn is not installed. Using PyTorch native attention implementation.
2024-10-30 16:55:32,396 - WARNING - flash_attn is not installed. Using PyTorch native attention implementation.
2024-10-30 16:55:32,398 - WARNING - flash_attn is not installed. Using PyTorch native attention implementation.
2024-10-30 16:55:32,399 - WARNING - flash_attn is not installed. Using PyTorch native attention implementation.
2024-10-30 16:55:32,401 - WARNING - flash_attn is not installed. Using PyTorch native attention implementation.
2024-10-30 16:55:32,404 - WARNING - flash_attn is not installed. Using PyTorch native attention implementation.
2024-10-30 16:55:32,407 - WARNING - flash_attn is not installed. Using PyTorch native attention implementation.
2024-10-30 16:55:32,409 - WARNING - flash_attn is not installed. Using PyTorch native attention implementation.
2024-10-30 16:55:32,410 - WARNING - flash_attn is not installed. Using PyTorch native attention implementation.
2024-10-30 16:55:32,412 - WARNING - flash_attn is not installed. Using PyTorch native attention implementation.
2024-10-30 16:55:32,414 - WARNING - flash_attn is not installed. Using PyTorch native attention implementation.
2024-10-30 16:55:32,415 - WARNING - flash_attn is not installed. Using PyTorch native attention implementation.
2024-10-30 16:55:32,417 - WARNING - flash_attn is not installed. Using PyTorch native attention implementation.
2024-10-30 16:55:32,418 - WARNING - flash_attn is not installed. Using PyTorch native attention implementation.
2024-10-30 16:55:32,420 - WARNING - flash_attn is not installed. Using PyTorch native attention implementation.
2024-10-30 16:55:32,421 - WARNING - flash_attn is not installed. Using PyTorch native attention implementation.
2024-10-30 16:55:32,423 - WARNING - flash_attn is not installed. Using PyTorch native attention implementation.
2024-10-30 16:55:32,424 - WARNING - flash_attn is not installed. Using PyTorch native attention implementation.
2024-10-30 16:55:32,426 - WARNING - flash_attn is not installed. Using PyTorch native attention implementation.
2024-10-30 16:55:32,427 - WARNING - flash_attn is not installed. Using PyTorch native attention implementation.
2024-10-30 16:55:33,972 - INFO - jinaai/jina-embeddings-v3 yüklendi.
2024-10-30 16:55:33,972 - INFO - intfloat/multilingual-e5-large-instruct yükleniyor...
2024-10-30 16:55:35,931 - INFO - intfloat/multilingual-e5-large-instruct yüklendi.
2024-10-30 16:55:35,932 - INFO - BAAI/bge-m3 yükleniyor...
2024-10-30 16:55:38,222 - INFO - BAAI/bge-m3 yüklendi.
2024-10-30 16:55:38,223 - INFO - thenlper/gte-large yükleniyor...
2024-10-30 16:55:39,922 - INFO - thenlper/gte-large yüklendi.
2024-10-30 16:55:39,923 - INFO - nomic-ai/nomic-embed-text-v1 yükleniyor...
2024-10-30 16:55:43,456 - WARNING - <All keys matched successfully>
2024-10-30 16:55:43,461 - INFO - nomic-ai/nomic-embed-text-v1 yüklendi.
2024-10-30 16:55:43,461 - INFO - dbmdz/bert-base-turkish-cased yükleniyor...
2024-10-30 16:55:45,187 - INFO - dbmdz/bert-base-turkish-cased yüklendi.
2024-10-30 16:55:45,188 - INFO - sentence-transformers/all-MiniLM-L12-v2 için temsiller önbellekten yükleniyor...
2024-10-30 16:55:45,641 - INFO - jinaai/jina-embeddings-v3 için temsiller önbellekten yükleniyor...
2024-10-30 16:55:45,648 - INFO - intfloat/multilingual-e5-large-instruct için temsiller önbellekten yükleniyor...
2024-10-30 16:55:45,655 - INFO - BAAI/bge-m3 için temsiller önbellekten yükleniyor...
2024-10-30 16:55:45,663 - INFO - thenlper/gte-large için temsiller önbellekten yükleniyor...
2024-10-30 16:55:45,670 - INFO - nomic-ai/nomic-embed-text-v1 için temsiller önbellekten yükleniyor...
2024-10-30 16:55:45,675 - INFO - dbmdz/bert-base-turkish-cased için temsiller önbellekten yükleniyor...
2024-10-30 16:55:45,681 - INFO - sentence-transformers/all-MiniLM-L12-v2 için temsiller önbellekten yükleniyor...
2024-10-30 16:55:45,683 - INFO - jinaai/jina-embeddings-v3 için temsiller önbellekten yükleniyor...
2024-10-30 16:55:45,685 - INFO - intfloat/multilingual-e5-large-instruct için temsiller önbellekten yükleniyor...
2024-10-30 16:55:45,688 - INFO - BAAI/bge-m3 için temsiller önbellekten yükleniyor...
2024-10-30 16:55:45,691 - INFO - thenlper/gte-large için temsiller önbellekten yükleniyor...
2024-10-30 16:55:45,693 - INFO - nomic-ai/nomic-embed-text-v1 için temsiller önbellekten yükleniyor...
2024-10-30 16:55:45,696 - INFO - dbmdz/bert-base-turkish-cased için temsiller önbellekten yükleniyor...
