2024-11-01 19:58:16,574 - INFO - Reading CSV file...
2024-11-01 19:58:16,585 - INFO - CSV file successfully read.
2024-11-01 19:58:16,676 - INFO - Using device: cuda
2024-11-01 19:58:16,681 - INFO - Processing model: dbmdz/bert-base-turkish-cased
2024-11-01 19:58:20,724 - INFO - Starting epoch 1/1 for dbmdz/bert-base-turkish-cased...
2024-11-01 19:58:22,236 - INFO - Getting embeddings for dbmdz/bert-base-turkish-cased...
2024-11-01 19:58:31,656 - INFO - Embeddings for dbmdz/bert-base-turkish-cased obtained.
2024-11-01 19:58:33,189 - INFO - Getting embeddings for dbmdz/bert-base-turkish-cased...
2024-11-01 19:58:41,510 - INFO - Embeddings for dbmdz/bert-base-turkish-cased obtained.
2024-11-01 19:58:41,592 - INFO - dbmdz/bert-base-turkish-cased - Epoch 1, Batch 1: Training Top 1 Accuracy: 30.88%
2024-11-01 19:58:41,592 - INFO - dbmdz/bert-base-turkish-cased - Epoch 1, Batch 1: Training Top 5 Accuracy: 46.75%
2024-11-01 19:58:43,086 - INFO - Getting embeddings for dbmdz/bert-base-turkish-cased...
2024-11-01 19:58:44,073 - INFO - Embeddings for dbmdz/bert-base-turkish-cased obtained.
2024-11-01 19:58:45,393 - INFO - Getting embeddings for dbmdz/bert-base-turkish-cased...
2024-11-01 19:58:46,299 - INFO - Embeddings for dbmdz/bert-base-turkish-cased obtained.
2024-11-01 19:58:46,314 - INFO - dbmdz/bert-base-turkish-cased - Validation Top 1 Accuracy: 40.00%
2024-11-01 19:58:46,314 - INFO - dbmdz/bert-base-turkish-cased - Validation Top 5 Accuracy: 54.00%
2024-11-01 19:58:47,606 - INFO - Getting embeddings for dbmdz/bert-base-turkish-cased...
2024-11-01 19:58:48,408 - INFO - Embeddings for dbmdz/bert-base-turkish-cased obtained.
2024-11-01 19:58:49,752 - INFO - Getting embeddings for dbmdz/bert-base-turkish-cased...
2024-11-01 19:58:50,806 - INFO - Embeddings for dbmdz/bert-base-turkish-cased obtained.
2024-11-01 19:58:50,821 - INFO - dbmdz/bert-base-turkish-cased - Test Top 1 Accuracy: 52.00%
2024-11-01 19:58:50,821 - INFO - dbmdz/bert-base-turkish-cased - Test Top 5 Accuracy: 59.00%
