2024-11-01 21:33:42,460 - INFO - Reading CSV file...
2024-11-01 21:33:42,472 - INFO - CSV file successfully read.
2024-11-01 21:33:42,884 - INFO - Using device: cuda
2024-11-01 21:33:42,885 - INFO - Training model: dbmdz/bert-base-turkish-cased
2024-11-01 21:33:47,223 - INFO - Epoch 1/1
2024-11-01 21:33:48,588 - INFO - Getting embeddings for dbmdz/bert-base-turkish-cased...
2024-11-01 21:33:56,529 - INFO - Embeddings for dbmdz/bert-base-turkish-cased obtained.
2024-11-01 21:33:58,022 - INFO - Getting embeddings for dbmdz/bert-base-turkish-cased...
2024-11-01 21:34:06,587 - INFO - Embeddings for dbmdz/bert-base-turkish-cased obtained.
2024-11-01 21:34:06,726 - INFO - Training Batch 1: Top 1 Accuracy: 29.88%, Top 5 Accuracy: 72.00%
2024-11-01 21:34:06,728 - INFO - Validating model...
2024-11-01 21:34:08,284 - INFO - Getting embeddings for dbmdz/bert-base-turkish-cased...
2024-11-01 21:34:09,474 - INFO - Embeddings for dbmdz/bert-base-turkish-cased obtained.
2024-11-01 21:34:10,946 - INFO - Getting embeddings for dbmdz/bert-base-turkish-cased...
2024-11-01 21:34:12,086 - INFO - Embeddings for dbmdz/bert-base-turkish-cased obtained.
2024-11-01 21:34:12,099 - INFO - Validation: Top 1 Accuracy: 40.00%, Top 5 Accuracy: 71.00%
2024-11-01 21:34:12,106 - INFO - Testing model...
2024-11-01 21:34:13,488 - INFO - Getting embeddings for dbmdz/bert-base-turkish-cased...
2024-11-01 21:34:14,483 - INFO - Embeddings for dbmdz/bert-base-turkish-cased obtained.
2024-11-01 21:34:15,984 - INFO - Getting embeddings for dbmdz/bert-base-turkish-cased...
2024-11-01 21:34:17,328 - INFO - Embeddings for dbmdz/bert-base-turkish-cased obtained.
2024-11-01 21:34:17,341 - INFO - Test Results: Top 1 Accuracy: 49.00%, Top 5 Accuracy: 77.00%
