2024-10-29 17:55:14,913 - INFO - CSV dosyası okunuyor...
2024-10-29 17:55:14,934 - INFO - CSV dosyası başarıyla okundu.
2024-10-29 17:55:14,936 - INFO - thenlper/gte-large yükleniyor...
2024-10-29 17:55:17,674 - INFO - thenlper/gte-large yüklendi.
2024-10-29 17:55:17,675 - INFO - sentence-transformers/all-MiniLM-L12-v2 yükleniyor...
2024-10-29 17:55:18,210 - INFO - sentence-transformers/all-MiniLM-L12-v2 yüklendi.
2024-10-29 17:55:18,210 - INFO - jinaai/jina-embeddings-v3 yükleniyor...
2024-10-29 17:55:23,589 - INFO - jinaai/jina-embeddings-v3 yüklendi.
2024-10-29 17:55:23,590 - INFO - intfloat/multilingual-e5-large-instruct yükleniyor...
2024-10-29 17:55:26,479 - INFO - intfloat/multilingual-e5-large-instruct yüklendi.
2024-10-29 17:55:26,481 - INFO - BAAI/bge-m3 yükleniyor...
2024-10-29 17:55:28,785 - INFO - BAAI/bge-m3 yüklendi.
2024-10-29 17:55:28,785 - INFO - nomic-ai/nomic-embed-text-v1 yükleniyor...
2024-10-29 17:55:32,475 - WARNING - <All keys matched successfully>
2024-10-29 17:55:32,482 - INFO - nomic-ai/nomic-embed-text-v1 yüklendi.
2024-10-29 17:55:32,482 - INFO - dbmdz/bert-base-turkish-cased yükleniyor...
2024-10-29 17:55:33,631 - INFO - dbmdz/bert-base-turkish-cased yüklendi.
2024-10-29 17:55:33,632 - INFO - thenlper/gte-large için temsilleri alınıyor...
2024-10-29 18:16:24,722 - INFO - thenlper/gte-large için temsiller alındı.
2024-10-29 18:16:24,747 - INFO - sentence-transformers/all-MiniLM-L12-v2 için temsilleri alınıyor...
2024-10-29 18:18:48,586 - INFO - sentence-transformers/all-MiniLM-L12-v2 için temsiller alındı.
2024-10-29 18:18:48,599 - INFO - jinaai/jina-embeddings-v3 için temsilleri alınıyor...
2024-10-29 18:41:33,772 - INFO - jinaai/jina-embeddings-v3 için temsiller alındı.
2024-10-29 18:41:33,775 - INFO - intfloat/multilingual-e5-large-instruct için temsilleri alınıyor...
2024-10-29 19:00:54,508 - INFO - intfloat/multilingual-e5-large-instruct için temsiller alındı.
2024-10-29 19:00:54,509 - INFO - BAAI/bge-m3 için temsilleri alınıyor...
2024-10-29 20:03:10,935 - INFO - BAAI/bge-m3 için temsiller alındı.
2024-10-29 20:03:10,983 - INFO - nomic-ai/nomic-embed-text-v1 için temsilleri alınıyor...
2024-10-29 20:11:51,086 - INFO - nomic-ai/nomic-embed-text-v1 için temsiller alındı.
2024-10-29 20:11:51,091 - INFO - dbmdz/bert-base-turkish-cased için temsilleri alınıyor...
2024-10-29 20:18:15,635 - INFO - dbmdz/bert-base-turkish-cased için temsiller alındı.
2024-10-29 20:18:15,642 - INFO - thenlper/gte-large için temsilleri alınıyor...
