2024-11-01 20:47:58,167 - INFO - Reading CSV file...
2024-11-01 20:47:58,178 - INFO - CSV file successfully read.
2024-11-01 20:47:58,659 - INFO - Using device: cuda
2024-11-01 20:47:58,660 - INFO - Training model: dbmdz/bert-base-turkish-cased
2024-11-01 20:48:02,916 - INFO - Epoch 1/5
2024-11-01 20:48:04,360 - INFO - Getting embeddings for dbmdz/bert-base-turkish-cased...
2024-11-01 20:48:04,779 - INFO - Embeddings for dbmdz/bert-base-turkish-cased obtained.
2024-11-01 20:48:06,220 - INFO - Getting embeddings for dbmdz/bert-base-turkish-cased...
2024-11-01 20:48:06,502 - INFO - Embeddings for dbmdz/bert-base-turkish-cased obtained.
2024-11-01 20:48:06,535 - INFO - Training Batch 1: Top 1 Accuracy: 59.38%, Top 5 Accuracy: 71.88%
2024-11-01 20:48:07,965 - INFO - Getting embeddings for dbmdz/bert-base-turkish-cased...
2024-11-01 20:48:08,259 - INFO - Embeddings for dbmdz/bert-base-turkish-cased obtained.
2024-11-01 20:48:09,916 - INFO - Getting embeddings for dbmdz/bert-base-turkish-cased...
2024-11-01 20:48:10,354 - INFO - Embeddings for dbmdz/bert-base-turkish-cased obtained.
2024-11-01 20:48:10,362 - INFO - Training Batch 2: Top 1 Accuracy: 50.00%, Top 5 Accuracy: 78.12%
2024-11-01 20:48:11,810 - INFO - Getting embeddings for dbmdz/bert-base-turkish-cased...
2024-11-01 20:48:12,206 - INFO - Embeddings for dbmdz/bert-base-turkish-cased obtained.
2024-11-01 20:48:13,597 - INFO - Getting embeddings for dbmdz/bert-base-turkish-cased...
2024-11-01 20:48:13,949 - INFO - Embeddings for dbmdz/bert-base-turkish-cased obtained.
2024-11-01 20:48:13,957 - INFO - Training Batch 3: Top 1 Accuracy: 56.25%, Top 5 Accuracy: 87.50%
2024-11-01 20:48:15,336 - INFO - Getting embeddings for dbmdz/bert-base-turkish-cased...
2024-11-01 20:48:15,617 - INFO - Embeddings for dbmdz/bert-base-turkish-cased obtained.
2024-11-01 20:48:17,003 - INFO - Getting embeddings for dbmdz/bert-base-turkish-cased...
2024-11-01 20:48:17,431 - INFO - Embeddings for dbmdz/bert-base-turkish-cased obtained.
2024-11-01 20:48:17,440 - INFO - Training Batch 4: Top 1 Accuracy: 53.12%, Top 5 Accuracy: 78.12%
2024-11-01 20:48:18,734 - INFO - Getting embeddings for dbmdz/bert-base-turkish-cased...
2024-11-01 20:48:19,136 - INFO - Embeddings for dbmdz/bert-base-turkish-cased obtained.
2024-11-01 20:48:20,552 - INFO - Getting embeddings for dbmdz/bert-base-turkish-cased...
2024-11-01 20:48:21,567 - INFO - Embeddings for dbmdz/bert-base-turkish-cased obtained.
2024-11-01 20:48:21,576 - INFO - Training Batch 5: Top 1 Accuracy: 53.12%, Top 5 Accuracy: 90.62%
2024-11-01 20:48:23,022 - INFO - Getting embeddings for dbmdz/bert-base-turkish-cased...
2024-11-01 20:48:23,358 - INFO - Embeddings for dbmdz/bert-base-turkish-cased obtained.
2024-11-01 20:48:25,018 - INFO - Getting embeddings for dbmdz/bert-base-turkish-cased...
2024-11-01 20:48:25,385 - INFO - Embeddings for dbmdz/bert-base-turkish-cased obtained.
2024-11-01 20:48:25,394 - INFO - Training Batch 6: Top 1 Accuracy: 59.38%, Top 5 Accuracy: 81.25%
2024-11-01 20:48:26,763 - INFO - Getting embeddings for dbmdz/bert-base-turkish-cased...
2024-11-01 20:48:27,093 - INFO - Embeddings for dbmdz/bert-base-turkish-cased obtained.
2024-11-01 20:48:28,500 - INFO - Getting embeddings for dbmdz/bert-base-turkish-cased...
2024-11-01 20:48:28,954 - INFO - Embeddings for dbmdz/bert-base-turkish-cased obtained.
2024-11-01 20:48:28,964 - INFO - Training Batch 7: Top 1 Accuracy: 53.12%, Top 5 Accuracy: 90.62%
2024-11-01 20:48:30,355 - INFO - Getting embeddings for dbmdz/bert-base-turkish-cased...
2024-11-01 20:48:30,680 - INFO - Embeddings for dbmdz/bert-base-turkish-cased obtained.
2024-11-01 20:48:32,094 - INFO - Getting embeddings for dbmdz/bert-base-turkish-cased...
2024-11-01 20:48:32,489 - INFO - Embeddings for dbmdz/bert-base-turkish-cased obtained.
2024-11-01 20:48:32,499 - INFO - Training Batch 8: Top 1 Accuracy: 68.75%, Top 5 Accuracy: 81.25%
2024-11-01 20:48:33,881 - INFO - Getting embeddings for dbmdz/bert-base-turkish-cased...
2024-11-01 20:48:34,209 - INFO - Embeddings for dbmdz/bert-base-turkish-cased obtained.
2024-11-01 20:48:35,574 - INFO - Getting embeddings for dbmdz/bert-base-turkish-cased...
2024-11-01 20:48:36,018 - INFO - Embeddings for dbmdz/bert-base-turkish-cased obtained.
2024-11-01 20:48:36,027 - INFO - Training Batch 9: Top 1 Accuracy: 59.38%, Top 5 Accuracy: 75.00%
2024-11-01 20:48:37,411 - INFO - Getting embeddings for dbmdz/bert-base-turkish-cased...
2024-11-01 20:48:37,835 - INFO - Embeddings for dbmdz/bert-base-turkish-cased obtained.
2024-11-01 20:48:39,369 - INFO - Getting embeddings for dbmdz/bert-base-turkish-cased...
2024-11-01 20:48:39,903 - INFO - Embeddings for dbmdz/bert-base-turkish-cased obtained.
2024-11-01 20:48:39,916 - INFO - Training Batch 10: Top 1 Accuracy: 50.00%, Top 5 Accuracy: 75.00%
2024-11-01 20:48:41,617 - INFO - Getting embeddings for dbmdz/bert-base-turkish-cased...
2024-11-01 20:48:41,986 - INFO - Embeddings for dbmdz/bert-base-turkish-cased obtained.
2024-11-01 20:48:43,426 - INFO - Getting embeddings for dbmdz/bert-base-turkish-cased...
2024-11-01 20:48:43,863 - INFO - Embeddings for dbmdz/bert-base-turkish-cased obtained.
2024-11-01 20:48:43,876 - INFO - Training Batch 11: Top 1 Accuracy: 43.75%, Top 5 Accuracy: 90.62%
2024-11-01 20:48:45,343 - INFO - Getting embeddings for dbmdz/bert-base-turkish-cased...
2024-11-01 20:48:45,703 - INFO - Embeddings for dbmdz/bert-base-turkish-cased obtained.
2024-11-01 20:48:47,103 - INFO - Getting embeddings for dbmdz/bert-base-turkish-cased...
2024-11-01 20:48:47,499 - INFO - Embeddings for dbmdz/bert-base-turkish-cased obtained.
2024-11-01 20:48:47,508 - INFO - Training Batch 12: Top 1 Accuracy: 71.88%, Top 5 Accuracy: 93.75%
2024-11-01 20:48:48,865 - INFO - Getting embeddings for dbmdz/bert-base-turkish-cased...
2024-11-01 20:48:49,208 - INFO - Embeddings for dbmdz/bert-base-turkish-cased obtained.
2024-11-01 20:48:50,557 - INFO - Getting embeddings for dbmdz/bert-base-turkish-cased...
2024-11-01 20:48:50,859 - INFO - Embeddings for dbmdz/bert-base-turkish-cased obtained.
2024-11-01 20:48:50,868 - INFO - Training Batch 13: Top 1 Accuracy: 62.50%, Top 5 Accuracy: 78.12%
2024-11-01 20:48:52,230 - INFO - Getting embeddings for dbmdz/bert-base-turkish-cased...
2024-11-01 20:48:52,566 - INFO - Embeddings for dbmdz/bert-base-turkish-cased obtained.
2024-11-01 20:48:54,597 - INFO - Getting embeddings for dbmdz/bert-base-turkish-cased...
2024-11-01 20:48:55,010 - INFO - Embeddings for dbmdz/bert-base-turkish-cased obtained.
2024-11-01 20:48:55,018 - INFO - Training Batch 14: Top 1 Accuracy: 59.38%, Top 5 Accuracy: 87.50%
2024-11-01 20:48:56,474 - INFO - Getting embeddings for dbmdz/bert-base-turkish-cased...
2024-11-01 20:48:56,789 - INFO - Embeddings for dbmdz/bert-base-turkish-cased obtained.
2024-11-01 20:48:58,161 - INFO - Getting embeddings for dbmdz/bert-base-turkish-cased...
2024-11-01 20:48:58,489 - INFO - Embeddings for dbmdz/bert-base-turkish-cased obtained.
2024-11-01 20:48:58,500 - INFO - Training Batch 15: Top 1 Accuracy: 59.38%, Top 5 Accuracy: 93.75%
2024-11-01 20:48:59,850 - INFO - Getting embeddings for dbmdz/bert-base-turkish-cased...
2024-11-01 20:49:00,229 - INFO - Embeddings for dbmdz/bert-base-turkish-cased obtained.
2024-11-01 20:49:01,575 - INFO - Getting embeddings for dbmdz/bert-base-turkish-cased...
2024-11-01 20:49:01,898 - INFO - Embeddings for dbmdz/bert-base-turkish-cased obtained.
2024-11-01 20:49:01,907 - INFO - Training Batch 16: Top 1 Accuracy: 46.88%, Top 5 Accuracy: 68.75%
2024-11-01 20:49:03,200 - INFO - Getting embeddings for dbmdz/bert-base-turkish-cased...
2024-11-01 20:49:03,584 - INFO - Embeddings for dbmdz/bert-base-turkish-cased obtained.
2024-11-01 20:49:04,897 - INFO - Getting embeddings for dbmdz/bert-base-turkish-cased...
2024-11-01 20:49:05,296 - INFO - Embeddings for dbmdz/bert-base-turkish-cased obtained.
2024-11-01 20:49:05,314 - INFO - Training Batch 17: Top 1 Accuracy: 50.00%, Top 5 Accuracy: 84.38%
2024-11-01 20:49:06,726 - INFO - Getting embeddings for dbmdz/bert-base-turkish-cased...
2024-11-01 20:49:07,134 - INFO - Embeddings for dbmdz/bert-base-turkish-cased obtained.
2024-11-01 20:49:08,449 - INFO - Getting embeddings for dbmdz/bert-base-turkish-cased...
2024-11-01 20:49:08,781 - INFO - Embeddings for dbmdz/bert-base-turkish-cased obtained.
2024-11-01 20:49:08,789 - INFO - Training Batch 18: Top 1 Accuracy: 53.12%, Top 5 Accuracy: 68.75%
2024-11-01 20:49:10,193 - INFO - Getting embeddings for dbmdz/bert-base-turkish-cased...
2024-11-01 20:49:10,548 - INFO - Embeddings for dbmdz/bert-base-turkish-cased obtained.
2024-11-01 20:49:11,950 - INFO - Getting embeddings for dbmdz/bert-base-turkish-cased...
2024-11-01 20:49:12,284 - INFO - Embeddings for dbmdz/bert-base-turkish-cased obtained.
2024-11-01 20:49:12,301 - INFO - Training Batch 19: Top 1 Accuracy: 75.00%, Top 5 Accuracy: 90.62%
2024-11-01 20:49:13,904 - INFO - Getting embeddings for dbmdz/bert-base-turkish-cased...
2024-11-01 20:49:14,265 - INFO - Embeddings for dbmdz/bert-base-turkish-cased obtained.
2024-11-01 20:49:15,695 - INFO - Getting embeddings for dbmdz/bert-base-turkish-cased...
2024-11-01 20:49:16,089 - INFO - Embeddings for dbmdz/bert-base-turkish-cased obtained.
2024-11-01 20:49:16,098 - INFO - Training Batch 20: Top 1 Accuracy: 62.50%, Top 5 Accuracy: 87.50%
2024-11-01 20:49:17,482 - INFO - Getting embeddings for dbmdz/bert-base-turkish-cased...
2024-11-01 20:49:17,897 - INFO - Embeddings for dbmdz/bert-base-turkish-cased obtained.
2024-11-01 20:49:19,326 - INFO - Getting embeddings for dbmdz/bert-base-turkish-cased...
2024-11-01 20:49:19,715 - INFO - Embeddings for dbmdz/bert-base-turkish-cased obtained.
2024-11-01 20:49:19,726 - INFO - Training Batch 21: Top 1 Accuracy: 65.62%, Top 5 Accuracy: 81.25%
2024-11-01 20:49:21,118 - INFO - Getting embeddings for dbmdz/bert-base-turkish-cased...
2024-11-01 20:49:21,481 - INFO - Embeddings for dbmdz/bert-base-turkish-cased obtained.
2024-11-01 20:49:22,892 - INFO - Getting embeddings for dbmdz/bert-base-turkish-cased...
2024-11-01 20:49:23,244 - INFO - Embeddings for dbmdz/bert-base-turkish-cased obtained.
2024-11-01 20:49:23,253 - INFO - Training Batch 22: Top 1 Accuracy: 35.71%, Top 5 Accuracy: 75.00%
2024-11-01 20:49:23,256 - INFO - Validating model...
2024-11-01 20:49:24,620 - INFO - Getting embeddings for dbmdz/bert-base-turkish-cased...
2024-11-01 20:49:26,306 - INFO - Embeddings for dbmdz/bert-base-turkish-cased obtained.
2024-11-01 20:49:28,338 - INFO - Getting embeddings for dbmdz/bert-base-turkish-cased...
2024-11-01 20:49:30,135 - INFO - Embeddings for dbmdz/bert-base-turkish-cased obtained.
2024-11-01 20:49:30,157 - INFO - Validation: Top 1 Accuracy: 40.67%, Top 5 Accuracy: 76.00%
2024-11-01 20:49:30,157 - INFO - Epoch 2/5
2024-11-01 20:49:31,683 - INFO - Getting embeddings for dbmdz/bert-base-turkish-cased...
2024-11-01 20:49:32,096 - INFO - Embeddings for dbmdz/bert-base-turkish-cased obtained.
2024-11-01 20:49:33,480 - INFO - Getting embeddings for dbmdz/bert-base-turkish-cased...
2024-11-01 20:49:33,950 - INFO - Embeddings for dbmdz/bert-base-turkish-cased obtained.
2024-11-01 20:49:33,960 - INFO - Training Batch 1: Top 1 Accuracy: 59.38%, Top 5 Accuracy: 71.88%
2024-11-01 20:49:35,342 - INFO - Getting embeddings for dbmdz/bert-base-turkish-cased...
2024-11-01 20:49:35,640 - INFO - Embeddings for dbmdz/bert-base-turkish-cased obtained.
2024-11-01 20:49:37,123 - INFO - Getting embeddings for dbmdz/bert-base-turkish-cased...
2024-11-01 20:49:37,626 - INFO - Embeddings for dbmdz/bert-base-turkish-cased obtained.
2024-11-01 20:49:37,636 - INFO - Training Batch 2: Top 1 Accuracy: 50.00%, Top 5 Accuracy: 78.12%
2024-11-01 20:49:38,987 - INFO - Getting embeddings for dbmdz/bert-base-turkish-cased...
2024-11-01 20:49:39,358 - INFO - Embeddings for dbmdz/bert-base-turkish-cased obtained.
2024-11-01 20:49:40,693 - INFO - Getting embeddings for dbmdz/bert-base-turkish-cased...
2024-11-01 20:49:40,969 - INFO - Embeddings for dbmdz/bert-base-turkish-cased obtained.
2024-11-01 20:49:40,978 - INFO - Training Batch 3: Top 1 Accuracy: 56.25%, Top 5 Accuracy: 87.50%
2024-11-01 20:49:42,367 - INFO - Getting embeddings for dbmdz/bert-base-turkish-cased...
2024-11-01 20:49:42,679 - INFO - Embeddings for dbmdz/bert-base-turkish-cased obtained.
2024-11-01 20:49:44,016 - INFO - Getting embeddings for dbmdz/bert-base-turkish-cased...
2024-11-01 20:49:44,328 - INFO - Embeddings for dbmdz/bert-base-turkish-cased obtained.
2024-11-01 20:49:44,337 - INFO - Training Batch 4: Top 1 Accuracy: 53.12%, Top 5 Accuracy: 78.12%
2024-11-01 20:49:45,715 - INFO - Getting embeddings for dbmdz/bert-base-turkish-cased...
2024-11-01 20:49:46,063 - INFO - Embeddings for dbmdz/bert-base-turkish-cased obtained.
2024-11-01 20:49:47,554 - INFO - Getting embeddings for dbmdz/bert-base-turkish-cased...
2024-11-01 20:49:47,969 - INFO - Embeddings for dbmdz/bert-base-turkish-cased obtained.
2024-11-01 20:49:47,978 - INFO - Training Batch 5: Top 1 Accuracy: 53.12%, Top 5 Accuracy: 90.62%
2024-11-01 20:49:49,286 - INFO - Getting embeddings for dbmdz/bert-base-turkish-cased...
2024-11-01 20:49:49,630 - INFO - Embeddings for dbmdz/bert-base-turkish-cased obtained.
2024-11-01 20:49:51,024 - INFO - Getting embeddings for dbmdz/bert-base-turkish-cased...
2024-11-01 20:49:51,422 - INFO - Embeddings for dbmdz/bert-base-turkish-cased obtained.
2024-11-01 20:49:51,431 - INFO - Training Batch 6: Top 1 Accuracy: 59.38%, Top 5 Accuracy: 81.25%
2024-11-01 20:49:52,738 - INFO - Getting embeddings for dbmdz/bert-base-turkish-cased...
2024-11-01 20:49:53,051 - INFO - Embeddings for dbmdz/bert-base-turkish-cased obtained.
2024-11-01 20:49:54,486 - INFO - Getting embeddings for dbmdz/bert-base-turkish-cased...
2024-11-01 20:49:54,956 - INFO - Embeddings for dbmdz/bert-base-turkish-cased obtained.
2024-11-01 20:49:54,966 - INFO - Training Batch 7: Top 1 Accuracy: 53.12%, Top 5 Accuracy: 90.62%
2024-11-01 20:49:56,365 - INFO - Getting embeddings for dbmdz/bert-base-turkish-cased...
2024-11-01 20:49:56,671 - INFO - Embeddings for dbmdz/bert-base-turkish-cased obtained.
2024-11-01 20:49:58,007 - INFO - Getting embeddings for dbmdz/bert-base-turkish-cased...
2024-11-01 20:49:58,344 - INFO - Embeddings for dbmdz/bert-base-turkish-cased obtained.
2024-11-01 20:49:58,353 - INFO - Training Batch 8: Top 1 Accuracy: 68.75%, Top 5 Accuracy: 81.25%
2024-11-01 20:50:00,278 - INFO - Getting embeddings for dbmdz/bert-base-turkish-cased...
2024-11-01 20:50:00,567 - INFO - Embeddings for dbmdz/bert-base-turkish-cased obtained.
2024-11-01 20:50:01,948 - INFO - Getting embeddings for dbmdz/bert-base-turkish-cased...
2024-11-01 20:50:02,404 - INFO - Embeddings for dbmdz/bert-base-turkish-cased obtained.
2024-11-01 20:50:02,414 - INFO - Training Batch 9: Top 1 Accuracy: 59.38%, Top 5 Accuracy: 75.00%
2024-11-01 20:50:03,756 - INFO - Getting embeddings for dbmdz/bert-base-turkish-cased...
2024-11-01 20:50:04,114 - INFO - Embeddings for dbmdz/bert-base-turkish-cased obtained.
2024-11-01 20:50:05,552 - INFO - Getting embeddings for dbmdz/bert-base-turkish-cased...
2024-11-01 20:50:05,928 - INFO - Embeddings for dbmdz/bert-base-turkish-cased obtained.
2024-11-01 20:50:05,938 - INFO - Training Batch 10: Top 1 Accuracy: 50.00%, Top 5 Accuracy: 75.00%
2024-11-01 20:50:07,439 - INFO - Getting embeddings for dbmdz/bert-base-turkish-cased...
2024-11-01 20:50:07,876 - INFO - Embeddings for dbmdz/bert-base-turkish-cased obtained.
2024-11-01 20:50:09,263 - INFO - Getting embeddings for dbmdz/bert-base-turkish-cased...
2024-11-01 20:50:09,687 - INFO - Embeddings for dbmdz/bert-base-turkish-cased obtained.
2024-11-01 20:50:09,696 - INFO - Training Batch 11: Top 1 Accuracy: 43.75%, Top 5 Accuracy: 90.62%
2024-11-01 20:50:11,116 - INFO - Getting embeddings for dbmdz/bert-base-turkish-cased...
2024-11-01 20:50:11,466 - INFO - Embeddings for dbmdz/bert-base-turkish-cased obtained.
2024-11-01 20:50:12,894 - INFO - Getting embeddings for dbmdz/bert-base-turkish-cased...
2024-11-01 20:50:13,364 - INFO - Embeddings for dbmdz/bert-base-turkish-cased obtained.
2024-11-01 20:50:13,375 - INFO - Training Batch 12: Top 1 Accuracy: 71.88%, Top 5 Accuracy: 93.75%
2024-11-01 20:50:14,689 - INFO - Getting embeddings for dbmdz/bert-base-turkish-cased...
2024-11-01 20:50:14,985 - INFO - Embeddings for dbmdz/bert-base-turkish-cased obtained.
2024-11-01 20:50:16,346 - INFO - Getting embeddings for dbmdz/bert-base-turkish-cased...
2024-11-01 20:50:16,800 - INFO - Embeddings for dbmdz/bert-base-turkish-cased obtained.
2024-11-01 20:50:16,809 - INFO - Training Batch 13: Top 1 Accuracy: 62.50%, Top 5 Accuracy: 78.12%
2024-11-01 20:50:18,224 - INFO - Getting embeddings for dbmdz/bert-base-turkish-cased...
2024-11-01 20:50:18,582 - INFO - Embeddings for dbmdz/bert-base-turkish-cased obtained.
2024-11-01 20:50:20,032 - INFO - Getting embeddings for dbmdz/bert-base-turkish-cased...
2024-11-01 20:50:20,381 - INFO - Embeddings for dbmdz/bert-base-turkish-cased obtained.
2024-11-01 20:50:20,389 - INFO - Training Batch 14: Top 1 Accuracy: 59.38%, Top 5 Accuracy: 87.50%
2024-11-01 20:50:21,741 - INFO - Getting embeddings for dbmdz/bert-base-turkish-cased...
2024-11-01 20:50:22,065 - INFO - Embeddings for dbmdz/bert-base-turkish-cased obtained.
2024-11-01 20:50:23,487 - INFO - Getting embeddings for dbmdz/bert-base-turkish-cased...
2024-11-01 20:50:24,020 - INFO - Embeddings for dbmdz/bert-base-turkish-cased obtained.
2024-11-01 20:50:24,029 - INFO - Training Batch 15: Top 1 Accuracy: 59.38%, Top 5 Accuracy: 93.75%
2024-11-01 20:50:25,413 - INFO - Getting embeddings for dbmdz/bert-base-turkish-cased...
2024-11-01 20:50:25,897 - INFO - Embeddings for dbmdz/bert-base-turkish-cased obtained.
2024-11-01 20:50:27,224 - INFO - Getting embeddings for dbmdz/bert-base-turkish-cased...
2024-11-01 20:50:27,630 - INFO - Embeddings for dbmdz/bert-base-turkish-cased obtained.
2024-11-01 20:50:27,639 - INFO - Training Batch 16: Top 1 Accuracy: 46.88%, Top 5 Accuracy: 68.75%
2024-11-01 20:50:28,947 - INFO - Getting embeddings for dbmdz/bert-base-turkish-cased...
2024-11-01 20:50:29,229 - INFO - Embeddings for dbmdz/bert-base-turkish-cased obtained.
2024-11-01 20:50:30,612 - INFO - Getting embeddings for dbmdz/bert-base-turkish-cased...
2024-11-01 20:50:31,000 - INFO - Embeddings for dbmdz/bert-base-turkish-cased obtained.
2024-11-01 20:50:31,014 - INFO - Training Batch 17: Top 1 Accuracy: 50.00%, Top 5 Accuracy: 84.38%
2024-11-01 20:50:33,039 - INFO - Getting embeddings for dbmdz/bert-base-turkish-cased...
2024-11-01 20:50:33,386 - INFO - Embeddings for dbmdz/bert-base-turkish-cased obtained.
2024-11-01 20:50:34,786 - INFO - Getting embeddings for dbmdz/bert-base-turkish-cased...
2024-11-01 20:50:35,158 - INFO - Embeddings for dbmdz/bert-base-turkish-cased obtained.
2024-11-01 20:50:35,173 - INFO - Training Batch 18: Top 1 Accuracy: 53.12%, Top 5 Accuracy: 68.75%
2024-11-01 20:50:36,541 - INFO - Getting embeddings for dbmdz/bert-base-turkish-cased...
2024-11-01 20:50:36,908 - INFO - Embeddings for dbmdz/bert-base-turkish-cased obtained.
2024-11-01 20:50:38,267 - INFO - Getting embeddings for dbmdz/bert-base-turkish-cased...
2024-11-01 20:50:38,577 - INFO - Embeddings for dbmdz/bert-base-turkish-cased obtained.
2024-11-01 20:50:38,585 - INFO - Training Batch 19: Top 1 Accuracy: 75.00%, Top 5 Accuracy: 90.62%
2024-11-01 20:50:40,198 - INFO - Getting embeddings for dbmdz/bert-base-turkish-cased...
2024-11-01 20:50:40,617 - INFO - Embeddings for dbmdz/bert-base-turkish-cased obtained.
2024-11-01 20:50:42,018 - INFO - Getting embeddings for dbmdz/bert-base-turkish-cased...
2024-11-01 20:50:42,340 - INFO - Embeddings for dbmdz/bert-base-turkish-cased obtained.
2024-11-01 20:50:42,348 - INFO - Training Batch 20: Top 1 Accuracy: 62.50%, Top 5 Accuracy: 87.50%
2024-11-01 20:50:43,813 - INFO - Getting embeddings for dbmdz/bert-base-turkish-cased...
2024-11-01 20:50:44,099 - INFO - Embeddings for dbmdz/bert-base-turkish-cased obtained.
2024-11-01 20:50:45,479 - INFO - Getting embeddings for dbmdz/bert-base-turkish-cased...
2024-11-01 20:50:45,934 - INFO - Embeddings for dbmdz/bert-base-turkish-cased obtained.
2024-11-01 20:50:45,951 - INFO - Training Batch 21: Top 1 Accuracy: 65.62%, Top 5 Accuracy: 81.25%
2024-11-01 20:50:47,286 - INFO - Getting embeddings for dbmdz/bert-base-turkish-cased...
2024-11-01 20:50:47,558 - INFO - Embeddings for dbmdz/bert-base-turkish-cased obtained.
2024-11-01 20:50:48,917 - INFO - Getting embeddings for dbmdz/bert-base-turkish-cased...
2024-11-01 20:50:49,300 - INFO - Embeddings for dbmdz/bert-base-turkish-cased obtained.
2024-11-01 20:50:49,327 - INFO - Training Batch 22: Top 1 Accuracy: 35.71%, Top 5 Accuracy: 75.00%
2024-11-01 20:50:49,334 - INFO - Validating model...
2024-11-01 20:50:50,703 - INFO - Getting embeddings for dbmdz/bert-base-turkish-cased...
2024-11-01 20:50:52,164 - INFO - Embeddings for dbmdz/bert-base-turkish-cased obtained.
2024-11-01 20:50:53,427 - INFO - Getting embeddings for dbmdz/bert-base-turkish-cased...
2024-11-01 20:50:55,126 - INFO - Embeddings for dbmdz/bert-base-turkish-cased obtained.
2024-11-01 20:50:55,150 - INFO - Validation: Top 1 Accuracy: 40.67%, Top 5 Accuracy: 76.00%
2024-11-01 20:50:55,151 - INFO - Epoch 3/5
2024-11-01 20:50:56,619 - INFO - Getting embeddings for dbmdz/bert-base-turkish-cased...
2024-11-01 20:50:56,962 - INFO - Embeddings for dbmdz/bert-base-turkish-cased obtained.
2024-11-01 20:50:58,369 - INFO - Getting embeddings for dbmdz/bert-base-turkish-cased...
2024-11-01 20:50:58,788 - INFO - Embeddings for dbmdz/bert-base-turkish-cased obtained.
2024-11-01 20:50:58,797 - INFO - Training Batch 1: Top 1 Accuracy: 59.38%, Top 5 Accuracy: 71.88%
2024-11-01 20:51:00,265 - INFO - Getting embeddings for dbmdz/bert-base-turkish-cased...
2024-11-01 20:51:00,613 - INFO - Embeddings for dbmdz/bert-base-turkish-cased obtained.
2024-11-01 20:51:02,042 - INFO - Getting embeddings for dbmdz/bert-base-turkish-cased...
2024-11-01 20:51:02,584 - INFO - Embeddings for dbmdz/bert-base-turkish-cased obtained.
2024-11-01 20:51:02,593 - INFO - Training Batch 2: Top 1 Accuracy: 50.00%, Top 5 Accuracy: 78.12%
2024-11-01 20:51:03,956 - INFO - Getting embeddings for dbmdz/bert-base-turkish-cased...
2024-11-01 20:51:04,297 - INFO - Embeddings for dbmdz/bert-base-turkish-cased obtained.
2024-11-01 20:51:06,558 - INFO - Getting embeddings for dbmdz/bert-base-turkish-cased...
2024-11-01 20:51:06,909 - INFO - Embeddings for dbmdz/bert-base-turkish-cased obtained.
2024-11-01 20:51:06,921 - INFO - Training Batch 3: Top 1 Accuracy: 56.25%, Top 5 Accuracy: 87.50%
2024-11-01 20:51:08,386 - INFO - Getting embeddings for dbmdz/bert-base-turkish-cased...
2024-11-01 20:51:08,841 - INFO - Embeddings for dbmdz/bert-base-turkish-cased obtained.
2024-11-01 20:51:10,340 - INFO - Getting embeddings for dbmdz/bert-base-turkish-cased...
2024-11-01 20:51:10,694 - INFO - Embeddings for dbmdz/bert-base-turkish-cased obtained.
2024-11-01 20:51:10,704 - INFO - Training Batch 4: Top 1 Accuracy: 53.12%, Top 5 Accuracy: 78.12%
2024-11-01 20:51:12,173 - INFO - Getting embeddings for dbmdz/bert-base-turkish-cased...
2024-11-01 20:51:12,656 - INFO - Embeddings for dbmdz/bert-base-turkish-cased obtained.
2024-11-01 20:51:14,042 - INFO - Getting embeddings for dbmdz/bert-base-turkish-cased...
2024-11-01 20:51:14,399 - INFO - Embeddings for dbmdz/bert-base-turkish-cased obtained.
2024-11-01 20:51:14,411 - INFO - Training Batch 5: Top 1 Accuracy: 53.12%, Top 5 Accuracy: 90.62%
2024-11-01 20:51:15,807 - INFO - Getting embeddings for dbmdz/bert-base-turkish-cased...
2024-11-01 20:51:16,228 - INFO - Embeddings for dbmdz/bert-base-turkish-cased obtained.
2024-11-01 20:51:17,590 - INFO - Getting embeddings for dbmdz/bert-base-turkish-cased...
2024-11-01 20:51:17,938 - INFO - Embeddings for dbmdz/bert-base-turkish-cased obtained.
2024-11-01 20:51:17,947 - INFO - Training Batch 6: Top 1 Accuracy: 59.38%, Top 5 Accuracy: 81.25%
2024-11-01 20:51:19,326 - INFO - Getting embeddings for dbmdz/bert-base-turkish-cased...
2024-11-01 20:51:19,607 - INFO - Embeddings for dbmdz/bert-base-turkish-cased obtained.
2024-11-01 20:51:20,903 - INFO - Getting embeddings for dbmdz/bert-base-turkish-cased...
2024-11-01 20:51:21,202 - INFO - Embeddings for dbmdz/bert-base-turkish-cased obtained.
2024-11-01 20:51:21,216 - INFO - Training Batch 7: Top 1 Accuracy: 53.12%, Top 5 Accuracy: 90.62%
2024-11-01 20:51:22,613 - INFO - Getting embeddings for dbmdz/bert-base-turkish-cased...
2024-11-01 20:51:22,968 - INFO - Embeddings for dbmdz/bert-base-turkish-cased obtained.
2024-11-01 20:51:24,273 - INFO - Getting embeddings for dbmdz/bert-base-turkish-cased...
2024-11-01 20:51:24,641 - INFO - Embeddings for dbmdz/bert-base-turkish-cased obtained.
2024-11-01 20:51:24,650 - INFO - Training Batch 8: Top 1 Accuracy: 68.75%, Top 5 Accuracy: 81.25%
2024-11-01 20:51:26,029 - INFO - Getting embeddings for dbmdz/bert-base-turkish-cased...
2024-11-01 20:51:26,419 - INFO - Embeddings for dbmdz/bert-base-turkish-cased obtained.
2024-11-01 20:51:27,747 - INFO - Getting embeddings for dbmdz/bert-base-turkish-cased...
2024-11-01 20:51:28,226 - INFO - Embeddings for dbmdz/bert-base-turkish-cased obtained.
2024-11-01 20:51:28,235 - INFO - Training Batch 9: Top 1 Accuracy: 59.38%, Top 5 Accuracy: 75.00%
2024-11-01 20:51:29,579 - INFO - Getting embeddings for dbmdz/bert-base-turkish-cased...
2024-11-01 20:51:29,952 - INFO - Embeddings for dbmdz/bert-base-turkish-cased obtained.
2024-11-01 20:51:31,404 - INFO - Getting embeddings for dbmdz/bert-base-turkish-cased...
2024-11-01 20:51:31,840 - INFO - Embeddings for dbmdz/bert-base-turkish-cased obtained.
2024-11-01 20:51:31,850 - INFO - Training Batch 10: Top 1 Accuracy: 50.00%, Top 5 Accuracy: 75.00%
2024-11-01 20:51:33,224 - INFO - Getting embeddings for dbmdz/bert-base-turkish-cased...
2024-11-01 20:51:33,604 - INFO - Embeddings for dbmdz/bert-base-turkish-cased obtained.
2024-11-01 20:51:34,929 - INFO - Getting embeddings for dbmdz/bert-base-turkish-cased...
2024-11-01 20:51:35,369 - INFO - Embeddings for dbmdz/bert-base-turkish-cased obtained.
2024-11-01 20:51:35,378 - INFO - Training Batch 11: Top 1 Accuracy: 43.75%, Top 5 Accuracy: 90.62%
2024-11-01 20:51:36,732 - INFO - Getting embeddings for dbmdz/bert-base-turkish-cased...
2024-11-01 20:51:37,068 - INFO - Embeddings for dbmdz/bert-base-turkish-cased obtained.
2024-11-01 20:51:39,018 - INFO - Getting embeddings for dbmdz/bert-base-turkish-cased...
2024-11-01 20:51:39,490 - INFO - Embeddings for dbmdz/bert-base-turkish-cased obtained.
2024-11-01 20:51:39,499 - INFO - Training Batch 12: Top 1 Accuracy: 71.88%, Top 5 Accuracy: 93.75%
2024-11-01 20:51:40,830 - INFO - Getting embeddings for dbmdz/bert-base-turkish-cased...
2024-11-01 20:51:41,155 - INFO - Embeddings for dbmdz/bert-base-turkish-cased obtained.
2024-11-01 20:51:42,575 - INFO - Getting embeddings for dbmdz/bert-base-turkish-cased...
2024-11-01 20:51:42,957 - INFO - Embeddings for dbmdz/bert-base-turkish-cased obtained.
2024-11-01 20:51:42,966 - INFO - Training Batch 13: Top 1 Accuracy: 62.50%, Top 5 Accuracy: 78.12%
2024-11-01 20:51:44,358 - INFO - Getting embeddings for dbmdz/bert-base-turkish-cased...
2024-11-01 20:51:44,777 - INFO - Embeddings for dbmdz/bert-base-turkish-cased obtained.
2024-11-01 20:51:46,138 - INFO - Getting embeddings for dbmdz/bert-base-turkish-cased...
2024-11-01 20:51:46,442 - INFO - Embeddings for dbmdz/bert-base-turkish-cased obtained.
2024-11-01 20:51:46,451 - INFO - Training Batch 14: Top 1 Accuracy: 59.38%, Top 5 Accuracy: 87.50%
2024-11-01 20:51:47,779 - INFO - Getting embeddings for dbmdz/bert-base-turkish-cased...
2024-11-01 20:51:48,140 - INFO - Embeddings for dbmdz/bert-base-turkish-cased obtained.
2024-11-01 20:51:49,571 - INFO - Getting embeddings for dbmdz/bert-base-turkish-cased...
2024-11-01 20:51:49,946 - INFO - Embeddings for dbmdz/bert-base-turkish-cased obtained.
2024-11-01 20:51:49,956 - INFO - Training Batch 15: Top 1 Accuracy: 59.38%, Top 5 Accuracy: 93.75%
2024-11-01 20:51:51,219 - INFO - Getting embeddings for dbmdz/bert-base-turkish-cased...
2024-11-01 20:51:51,626 - INFO - Embeddings for dbmdz/bert-base-turkish-cased obtained.
2024-11-01 20:51:53,060 - INFO - Getting embeddings for dbmdz/bert-base-turkish-cased...
2024-11-01 20:51:53,480 - INFO - Embeddings for dbmdz/bert-base-turkish-cased obtained.
2024-11-01 20:51:53,489 - INFO - Training Batch 16: Top 1 Accuracy: 46.88%, Top 5 Accuracy: 68.75%
2024-11-01 20:51:54,884 - INFO - Getting embeddings for dbmdz/bert-base-turkish-cased...
2024-11-01 20:51:55,184 - INFO - Embeddings for dbmdz/bert-base-turkish-cased obtained.
2024-11-01 20:51:56,625 - INFO - Getting embeddings for dbmdz/bert-base-turkish-cased...
2024-11-01 20:51:57,059 - INFO - Embeddings for dbmdz/bert-base-turkish-cased obtained.
2024-11-01 20:51:57,069 - INFO - Training Batch 17: Top 1 Accuracy: 50.00%, Top 5 Accuracy: 84.38%
2024-11-01 20:51:58,400 - INFO - Getting embeddings for dbmdz/bert-base-turkish-cased...
2024-11-01 20:51:58,777 - INFO - Embeddings for dbmdz/bert-base-turkish-cased obtained.
2024-11-01 20:52:00,253 - INFO - Getting embeddings for dbmdz/bert-base-turkish-cased...
2024-11-01 20:52:00,597 - INFO - Embeddings for dbmdz/bert-base-turkish-cased obtained.
2024-11-01 20:52:00,607 - INFO - Training Batch 18: Top 1 Accuracy: 53.12%, Top 5 Accuracy: 68.75%
2024-11-01 20:52:02,118 - INFO - Getting embeddings for dbmdz/bert-base-turkish-cased...
2024-11-01 20:52:02,507 - INFO - Embeddings for dbmdz/bert-base-turkish-cased obtained.
2024-11-01 20:52:03,842 - INFO - Getting embeddings for dbmdz/bert-base-turkish-cased...
2024-11-01 20:52:04,318 - INFO - Embeddings for dbmdz/bert-base-turkish-cased obtained.
2024-11-01 20:52:04,327 - INFO - Training Batch 19: Top 1 Accuracy: 75.00%, Top 5 Accuracy: 90.62%
2024-11-01 20:52:05,878 - INFO - Getting embeddings for dbmdz/bert-base-turkish-cased...
2024-11-01 20:52:06,227 - INFO - Embeddings for dbmdz/bert-base-turkish-cased obtained.
2024-11-01 20:52:07,665 - INFO - Getting embeddings for dbmdz/bert-base-turkish-cased...
2024-11-01 20:52:08,056 - INFO - Embeddings for dbmdz/bert-base-turkish-cased obtained.
2024-11-01 20:52:08,065 - INFO - Training Batch 20: Top 1 Accuracy: 62.50%, Top 5 Accuracy: 87.50%
2024-11-01 20:52:09,501 - INFO - Getting embeddings for dbmdz/bert-base-turkish-cased...
2024-11-01 20:52:09,843 - INFO - Embeddings for dbmdz/bert-base-turkish-cased obtained.
2024-11-01 20:52:11,826 - INFO - Getting embeddings for dbmdz/bert-base-turkish-cased...
2024-11-01 20:52:12,241 - INFO - Embeddings for dbmdz/bert-base-turkish-cased obtained.
2024-11-01 20:52:12,258 - INFO - Training Batch 21: Top 1 Accuracy: 65.62%, Top 5 Accuracy: 81.25%
2024-11-01 20:52:13,584 - INFO - Getting embeddings for dbmdz/bert-base-turkish-cased...
2024-11-01 20:52:13,915 - INFO - Embeddings for dbmdz/bert-base-turkish-cased obtained.
2024-11-01 20:52:15,215 - INFO - Getting embeddings for dbmdz/bert-base-turkish-cased...
2024-11-01 20:52:15,622 - INFO - Embeddings for dbmdz/bert-base-turkish-cased obtained.
2024-11-01 20:52:15,637 - INFO - Training Batch 22: Top 1 Accuracy: 35.71%, Top 5 Accuracy: 75.00%
2024-11-01 20:52:15,639 - INFO - Validating model...
2024-11-01 20:52:16,943 - INFO - Getting embeddings for dbmdz/bert-base-turkish-cased...
2024-11-01 20:52:18,316 - INFO - Embeddings for dbmdz/bert-base-turkish-cased obtained.
2024-11-01 20:52:19,717 - INFO - Getting embeddings for dbmdz/bert-base-turkish-cased...
2024-11-01 20:52:21,076 - INFO - Embeddings for dbmdz/bert-base-turkish-cased obtained.
2024-11-01 20:52:21,096 - INFO - Validation: Top 1 Accuracy: 40.67%, Top 5 Accuracy: 76.00%
2024-11-01 20:52:21,096 - INFO - Epoch 4/5
2024-11-01 20:52:22,448 - INFO - Getting embeddings for dbmdz/bert-base-turkish-cased...
2024-11-01 20:52:22,877 - INFO - Embeddings for dbmdz/bert-base-turkish-cased obtained.
2024-11-01 20:52:24,329 - INFO - Getting embeddings for dbmdz/bert-base-turkish-cased...
2024-11-01 20:52:24,708 - INFO - Embeddings for dbmdz/bert-base-turkish-cased obtained.
2024-11-01 20:52:24,718 - INFO - Training Batch 1: Top 1 Accuracy: 59.38%, Top 5 Accuracy: 71.88%
2024-11-01 20:52:26,150 - INFO - Getting embeddings for dbmdz/bert-base-turkish-cased...
2024-11-01 20:52:26,520 - INFO - Embeddings for dbmdz/bert-base-turkish-cased obtained.
2024-11-01 20:52:27,844 - INFO - Getting embeddings for dbmdz/bert-base-turkish-cased...
2024-11-01 20:52:28,158 - INFO - Embeddings for dbmdz/bert-base-turkish-cased obtained.
2024-11-01 20:52:28,166 - INFO - Training Batch 2: Top 1 Accuracy: 50.00%, Top 5 Accuracy: 78.12%
2024-11-01 20:52:29,564 - INFO - Getting embeddings for dbmdz/bert-base-turkish-cased...
2024-11-01 20:52:30,007 - INFO - Embeddings for dbmdz/bert-base-turkish-cased obtained.
2024-11-01 20:52:31,376 - INFO - Getting embeddings for dbmdz/bert-base-turkish-cased...
2024-11-01 20:52:31,644 - INFO - Embeddings for dbmdz/bert-base-turkish-cased obtained.
2024-11-01 20:52:31,652 - INFO - Training Batch 3: Top 1 Accuracy: 56.25%, Top 5 Accuracy: 87.50%
2024-11-01 20:52:32,947 - INFO - Getting embeddings for dbmdz/bert-base-turkish-cased...
2024-11-01 20:52:33,266 - INFO - Embeddings for dbmdz/bert-base-turkish-cased obtained.
2024-11-01 20:52:34,654 - INFO - Getting embeddings for dbmdz/bert-base-turkish-cased...
2024-11-01 20:52:34,941 - INFO - Embeddings for dbmdz/bert-base-turkish-cased obtained.
2024-11-01 20:52:34,949 - INFO - Training Batch 4: Top 1 Accuracy: 53.12%, Top 5 Accuracy: 78.12%
2024-11-01 20:52:36,322 - INFO - Getting embeddings for dbmdz/bert-base-turkish-cased...
2024-11-01 20:52:36,768 - INFO - Embeddings for dbmdz/bert-base-turkish-cased obtained.
2024-11-01 20:52:38,210 - INFO - Getting embeddings for dbmdz/bert-base-turkish-cased...
2024-11-01 20:52:38,536 - INFO - Embeddings for dbmdz/bert-base-turkish-cased obtained.
2024-11-01 20:52:38,544 - INFO - Training Batch 5: Top 1 Accuracy: 53.12%, Top 5 Accuracy: 90.62%
2024-11-01 20:52:40,030 - INFO - Getting embeddings for dbmdz/bert-base-turkish-cased...
2024-11-01 20:52:40,393 - INFO - Embeddings for dbmdz/bert-base-turkish-cased obtained.
2024-11-01 20:52:41,764 - INFO - Getting embeddings for dbmdz/bert-base-turkish-cased...
2024-11-01 20:52:42,214 - INFO - Embeddings for dbmdz/bert-base-turkish-cased obtained.
2024-11-01 20:52:42,223 - INFO - Training Batch 6: Top 1 Accuracy: 59.38%, Top 5 Accuracy: 81.25%
2024-11-01 20:52:43,555 - INFO - Getting embeddings for dbmdz/bert-base-turkish-cased...
2024-11-01 20:52:44,557 - INFO - Embeddings for dbmdz/bert-base-turkish-cased obtained.
2024-11-01 20:52:45,984 - INFO - Getting embeddings for dbmdz/bert-base-turkish-cased...
2024-11-01 20:52:46,489 - INFO - Embeddings for dbmdz/bert-base-turkish-cased obtained.
2024-11-01 20:52:46,499 - INFO - Training Batch 7: Top 1 Accuracy: 53.12%, Top 5 Accuracy: 90.62%
2024-11-01 20:52:47,895 - INFO - Getting embeddings for dbmdz/bert-base-turkish-cased...
2024-11-01 20:52:48,203 - INFO - Embeddings for dbmdz/bert-base-turkish-cased obtained.
2024-11-01 20:52:49,598 - INFO - Getting embeddings for dbmdz/bert-base-turkish-cased...
2024-11-01 20:52:49,967 - INFO - Embeddings for dbmdz/bert-base-turkish-cased obtained.
2024-11-01 20:52:49,976 - INFO - Training Batch 8: Top 1 Accuracy: 68.75%, Top 5 Accuracy: 81.25%
2024-11-01 20:52:51,323 - INFO - Getting embeddings for dbmdz/bert-base-turkish-cased...
2024-11-01 20:52:51,687 - INFO - Embeddings for dbmdz/bert-base-turkish-cased obtained.
2024-11-01 20:52:53,023 - INFO - Getting embeddings for dbmdz/bert-base-turkish-cased...
2024-11-01 20:52:53,478 - INFO - Embeddings for dbmdz/bert-base-turkish-cased obtained.
2024-11-01 20:52:53,487 - INFO - Training Batch 9: Top 1 Accuracy: 59.38%, Top 5 Accuracy: 75.00%
2024-11-01 20:52:54,877 - INFO - Getting embeddings for dbmdz/bert-base-turkish-cased...
2024-11-01 20:52:55,227 - INFO - Embeddings for dbmdz/bert-base-turkish-cased obtained.
2024-11-01 20:52:56,659 - INFO - Getting embeddings for dbmdz/bert-base-turkish-cased...
2024-11-01 20:52:57,028 - INFO - Embeddings for dbmdz/bert-base-turkish-cased obtained.
2024-11-01 20:52:57,037 - INFO - Training Batch 10: Top 1 Accuracy: 50.00%, Top 5 Accuracy: 75.00%
2024-11-01 20:52:58,431 - INFO - Getting embeddings for dbmdz/bert-base-turkish-cased...
2024-11-01 20:52:58,781 - INFO - Embeddings for dbmdz/bert-base-turkish-cased obtained.
2024-11-01 20:53:00,194 - INFO - Getting embeddings for dbmdz/bert-base-turkish-cased...
2024-11-01 20:53:00,653 - INFO - Embeddings for dbmdz/bert-base-turkish-cased obtained.
2024-11-01 20:53:00,662 - INFO - Training Batch 11: Top 1 Accuracy: 43.75%, Top 5 Accuracy: 90.62%
2024-11-01 20:53:01,978 - INFO - Getting embeddings for dbmdz/bert-base-turkish-cased...
2024-11-01 20:53:02,283 - INFO - Embeddings for dbmdz/bert-base-turkish-cased obtained.
2024-11-01 20:53:03,712 - INFO - Getting embeddings for dbmdz/bert-base-turkish-cased...
2024-11-01 20:53:04,113 - INFO - Embeddings for dbmdz/bert-base-turkish-cased obtained.
2024-11-01 20:53:04,121 - INFO - Training Batch 12: Top 1 Accuracy: 71.88%, Top 5 Accuracy: 93.75%
2024-11-01 20:53:05,497 - INFO - Getting embeddings for dbmdz/bert-base-turkish-cased...
2024-11-01 20:53:05,830 - INFO - Embeddings for dbmdz/bert-base-turkish-cased obtained.
2024-11-01 20:53:07,179 - INFO - Getting embeddings for dbmdz/bert-base-turkish-cased...
2024-11-01 20:53:07,587 - INFO - Embeddings for dbmdz/bert-base-turkish-cased obtained.
2024-11-01 20:53:07,596 - INFO - Training Batch 13: Top 1 Accuracy: 62.50%, Top 5 Accuracy: 78.12%
2024-11-01 20:53:08,937 - INFO - Getting embeddings for dbmdz/bert-base-turkish-cased...
2024-11-01 20:53:09,251 - INFO - Embeddings for dbmdz/bert-base-turkish-cased obtained.
2024-11-01 20:53:10,635 - INFO - Getting embeddings for dbmdz/bert-base-turkish-cased...
2024-11-01 20:53:11,109 - INFO - Embeddings for dbmdz/bert-base-turkish-cased obtained.
2024-11-01 20:53:11,118 - INFO - Training Batch 14: Top 1 Accuracy: 59.38%, Top 5 Accuracy: 87.50%
2024-11-01 20:53:12,419 - INFO - Getting embeddings for dbmdz/bert-base-turkish-cased...
2024-11-01 20:53:12,735 - INFO - Embeddings for dbmdz/bert-base-turkish-cased obtained.
2024-11-01 20:53:14,246 - INFO - Getting embeddings for dbmdz/bert-base-turkish-cased...
2024-11-01 20:53:14,777 - INFO - Embeddings for dbmdz/bert-base-turkish-cased obtained.
2024-11-01 20:53:14,788 - INFO - Training Batch 15: Top 1 Accuracy: 59.38%, Top 5 Accuracy: 93.75%
2024-11-01 20:53:16,116 - INFO - Getting embeddings for dbmdz/bert-base-turkish-cased...
2024-11-01 20:53:16,394 - INFO - Embeddings for dbmdz/bert-base-turkish-cased obtained.
2024-11-01 20:53:18,470 - INFO - Getting embeddings for dbmdz/bert-base-turkish-cased...
2024-11-01 20:53:18,746 - INFO - Embeddings for dbmdz/bert-base-turkish-cased obtained.
2024-11-01 20:53:18,755 - INFO - Training Batch 16: Top 1 Accuracy: 46.88%, Top 5 Accuracy: 68.75%
2024-11-01 20:53:20,211 - INFO - Getting embeddings for dbmdz/bert-base-turkish-cased...
2024-11-01 20:53:20,618 - INFO - Embeddings for dbmdz/bert-base-turkish-cased obtained.
2024-11-01 20:53:22,299 - INFO - Getting embeddings for dbmdz/bert-base-turkish-cased...
2024-11-01 20:53:22,707 - INFO - Embeddings for dbmdz/bert-base-turkish-cased obtained.
2024-11-01 20:53:22,718 - INFO - Training Batch 17: Top 1 Accuracy: 50.00%, Top 5 Accuracy: 84.38%
2024-11-01 20:53:23,998 - INFO - Getting embeddings for dbmdz/bert-base-turkish-cased...
2024-11-01 20:53:24,329 - INFO - Embeddings for dbmdz/bert-base-turkish-cased obtained.
2024-11-01 20:53:25,764 - INFO - Getting embeddings for dbmdz/bert-base-turkish-cased...
2024-11-01 20:53:26,039 - INFO - Embeddings for dbmdz/bert-base-turkish-cased obtained.
2024-11-01 20:53:26,047 - INFO - Training Batch 18: Top 1 Accuracy: 53.12%, Top 5 Accuracy: 68.75%
2024-11-01 20:53:27,419 - INFO - Getting embeddings for dbmdz/bert-base-turkish-cased...
2024-11-01 20:53:27,869 - INFO - Embeddings for dbmdz/bert-base-turkish-cased obtained.
2024-11-01 20:53:29,259 - INFO - Getting embeddings for dbmdz/bert-base-turkish-cased...
2024-11-01 20:53:29,645 - INFO - Embeddings for dbmdz/bert-base-turkish-cased obtained.
2024-11-01 20:53:29,654 - INFO - Training Batch 19: Top 1 Accuracy: 75.00%, Top 5 Accuracy: 90.62%
2024-11-01 20:53:31,132 - INFO - Getting embeddings for dbmdz/bert-base-turkish-cased...
2024-11-01 20:53:31,522 - INFO - Embeddings for dbmdz/bert-base-turkish-cased obtained.
2024-11-01 20:53:33,046 - INFO - Getting embeddings for dbmdz/bert-base-turkish-cased...
2024-11-01 20:53:33,417 - INFO - Embeddings for dbmdz/bert-base-turkish-cased obtained.
2024-11-01 20:53:33,428 - INFO - Training Batch 20: Top 1 Accuracy: 62.50%, Top 5 Accuracy: 87.50%
2024-11-01 20:53:34,762 - INFO - Getting embeddings for dbmdz/bert-base-turkish-cased...
2024-11-01 20:53:35,135 - INFO - Embeddings for dbmdz/bert-base-turkish-cased obtained.
2024-11-01 20:53:36,493 - INFO - Getting embeddings for dbmdz/bert-base-turkish-cased...
2024-11-01 20:53:36,856 - INFO - Embeddings for dbmdz/bert-base-turkish-cased obtained.
2024-11-01 20:53:36,867 - INFO - Training Batch 21: Top 1 Accuracy: 65.62%, Top 5 Accuracy: 81.25%
2024-11-01 20:53:38,219 - INFO - Getting embeddings for dbmdz/bert-base-turkish-cased...
2024-11-01 20:53:38,511 - INFO - Embeddings for dbmdz/bert-base-turkish-cased obtained.
2024-11-01 20:53:39,921 - INFO - Getting embeddings for dbmdz/bert-base-turkish-cased...
2024-11-01 20:53:40,369 - INFO - Embeddings for dbmdz/bert-base-turkish-cased obtained.
2024-11-01 20:53:40,379 - INFO - Training Batch 22: Top 1 Accuracy: 35.71%, Top 5 Accuracy: 75.00%
2024-11-01 20:53:40,381 - INFO - Validating model...
2024-11-01 20:53:41,710 - INFO - Getting embeddings for dbmdz/bert-base-turkish-cased...
2024-11-01 20:53:43,072 - INFO - Embeddings for dbmdz/bert-base-turkish-cased obtained.
2024-11-01 20:53:44,454 - INFO - Getting embeddings for dbmdz/bert-base-turkish-cased...
2024-11-01 20:53:46,123 - INFO - Embeddings for dbmdz/bert-base-turkish-cased obtained.
2024-11-01 20:53:46,143 - INFO - Validation: Top 1 Accuracy: 40.67%, Top 5 Accuracy: 76.00%
2024-11-01 20:53:46,144 - INFO - Epoch 5/5
2024-11-01 20:53:47,526 - INFO - Getting embeddings for dbmdz/bert-base-turkish-cased...
2024-11-01 20:53:47,830 - INFO - Embeddings for dbmdz/bert-base-turkish-cased obtained.
2024-11-01 20:53:49,219 - INFO - Getting embeddings for dbmdz/bert-base-turkish-cased...
2024-11-01 20:53:50,405 - INFO - Embeddings for dbmdz/bert-base-turkish-cased obtained.
2024-11-01 20:53:50,416 - INFO - Training Batch 1: Top 1 Accuracy: 59.38%, Top 5 Accuracy: 71.88%
2024-11-01 20:53:51,927 - INFO - Getting embeddings for dbmdz/bert-base-turkish-cased...
2024-11-01 20:53:52,279 - INFO - Embeddings for dbmdz/bert-base-turkish-cased obtained.
2024-11-01 20:53:53,760 - INFO - Getting embeddings for dbmdz/bert-base-turkish-cased...
2024-11-01 20:53:54,160 - INFO - Embeddings for dbmdz/bert-base-turkish-cased obtained.
2024-11-01 20:53:54,169 - INFO - Training Batch 2: Top 1 Accuracy: 50.00%, Top 5 Accuracy: 78.12%
2024-11-01 20:53:55,558 - INFO - Getting embeddings for dbmdz/bert-base-turkish-cased...
2024-11-01 20:53:55,945 - INFO - Embeddings for dbmdz/bert-base-turkish-cased obtained.
2024-11-01 20:53:57,346 - INFO - Getting embeddings for dbmdz/bert-base-turkish-cased...
2024-11-01 20:53:57,783 - INFO - Embeddings for dbmdz/bert-base-turkish-cased obtained.
2024-11-01 20:53:57,792 - INFO - Training Batch 3: Top 1 Accuracy: 56.25%, Top 5 Accuracy: 87.50%
2024-11-01 20:53:59,097 - INFO - Getting embeddings for dbmdz/bert-base-turkish-cased...
2024-11-01 20:53:59,395 - INFO - Embeddings for dbmdz/bert-base-turkish-cased obtained.
2024-11-01 20:54:00,837 - INFO - Getting embeddings for dbmdz/bert-base-turkish-cased...
2024-11-01 20:54:01,229 - INFO - Embeddings for dbmdz/bert-base-turkish-cased obtained.
2024-11-01 20:54:01,238 - INFO - Training Batch 4: Top 1 Accuracy: 53.12%, Top 5 Accuracy: 78.12%
2024-11-01 20:54:02,585 - INFO - Getting embeddings for dbmdz/bert-base-turkish-cased...
2024-11-01 20:54:02,901 - INFO - Embeddings for dbmdz/bert-base-turkish-cased obtained.
2024-11-01 20:54:04,270 - INFO - Getting embeddings for dbmdz/bert-base-turkish-cased...
2024-11-01 20:54:04,663 - INFO - Embeddings for dbmdz/bert-base-turkish-cased obtained.
2024-11-01 20:54:04,672 - INFO - Training Batch 5: Top 1 Accuracy: 53.12%, Top 5 Accuracy: 90.62%
2024-11-01 20:54:06,033 - INFO - Getting embeddings for dbmdz/bert-base-turkish-cased...
2024-11-01 20:54:06,435 - INFO - Embeddings for dbmdz/bert-base-turkish-cased obtained.
2024-11-01 20:54:07,789 - INFO - Getting embeddings for dbmdz/bert-base-turkish-cased...
2024-11-01 20:54:08,269 - INFO - Embeddings for dbmdz/bert-base-turkish-cased obtained.
2024-11-01 20:54:08,278 - INFO - Training Batch 6: Top 1 Accuracy: 59.38%, Top 5 Accuracy: 81.25%
2024-11-01 20:54:09,655 - INFO - Getting embeddings for dbmdz/bert-base-turkish-cased...
2024-11-01 20:54:10,049 - INFO - Embeddings for dbmdz/bert-base-turkish-cased obtained.
2024-11-01 20:54:11,466 - INFO - Getting embeddings for dbmdz/bert-base-turkish-cased...
2024-11-01 20:54:11,921 - INFO - Embeddings for dbmdz/bert-base-turkish-cased obtained.
2024-11-01 20:54:11,931 - INFO - Training Batch 7: Top 1 Accuracy: 53.12%, Top 5 Accuracy: 90.62%
2024-11-01 20:54:13,297 - INFO - Getting embeddings for dbmdz/bert-base-turkish-cased...
2024-11-01 20:54:13,651 - INFO - Embeddings for dbmdz/bert-base-turkish-cased obtained.
2024-11-01 20:54:15,064 - INFO - Getting embeddings for dbmdz/bert-base-turkish-cased...
2024-11-01 20:54:15,544 - INFO - Embeddings for dbmdz/bert-base-turkish-cased obtained.
2024-11-01 20:54:15,555 - INFO - Training Batch 8: Top 1 Accuracy: 68.75%, Top 5 Accuracy: 81.25%
2024-11-01 20:54:16,861 - INFO - Getting embeddings for dbmdz/bert-base-turkish-cased...
2024-11-01 20:54:17,204 - INFO - Embeddings for dbmdz/bert-base-turkish-cased obtained.
2024-11-01 20:54:18,592 - INFO - Getting embeddings for dbmdz/bert-base-turkish-cased...
2024-11-01 20:54:18,906 - INFO - Embeddings for dbmdz/bert-base-turkish-cased obtained.
2024-11-01 20:54:18,916 - INFO - Training Batch 9: Top 1 Accuracy: 59.38%, Top 5 Accuracy: 75.00%
2024-11-01 20:54:20,232 - INFO - Getting embeddings for dbmdz/bert-base-turkish-cased...
2024-11-01 20:54:20,538 - INFO - Embeddings for dbmdz/bert-base-turkish-cased obtained.
2024-11-01 20:54:21,896 - INFO - Getting embeddings for dbmdz/bert-base-turkish-cased...
2024-11-01 20:54:22,275 - INFO - Embeddings for dbmdz/bert-base-turkish-cased obtained.
2024-11-01 20:54:22,285 - INFO - Training Batch 10: Top 1 Accuracy: 50.00%, Top 5 Accuracy: 75.00%
2024-11-01 20:54:24,324 - INFO - Getting embeddings for dbmdz/bert-base-turkish-cased...
2024-11-01 20:54:24,684 - INFO - Embeddings for dbmdz/bert-base-turkish-cased obtained.
2024-11-01 20:54:26,020 - INFO - Getting embeddings for dbmdz/bert-base-turkish-cased...
2024-11-01 20:54:26,362 - INFO - Embeddings for dbmdz/bert-base-turkish-cased obtained.
2024-11-01 20:54:26,371 - INFO - Training Batch 11: Top 1 Accuracy: 43.75%, Top 5 Accuracy: 90.62%
2024-11-01 20:54:27,773 - INFO - Getting embeddings for dbmdz/bert-base-turkish-cased...
2024-11-01 20:54:28,094 - INFO - Embeddings for dbmdz/bert-base-turkish-cased obtained.
2024-11-01 20:54:29,414 - INFO - Getting embeddings for dbmdz/bert-base-turkish-cased...
2024-11-01 20:54:29,748 - INFO - Embeddings for dbmdz/bert-base-turkish-cased obtained.
2024-11-01 20:54:29,757 - INFO - Training Batch 12: Top 1 Accuracy: 71.88%, Top 5 Accuracy: 93.75%
2024-11-01 20:54:31,120 - INFO - Getting embeddings for dbmdz/bert-base-turkish-cased...
2024-11-01 20:54:31,393 - INFO - Embeddings for dbmdz/bert-base-turkish-cased obtained.
2024-11-01 20:54:32,720 - INFO - Getting embeddings for dbmdz/bert-base-turkish-cased...
2024-11-01 20:54:33,171 - INFO - Embeddings for dbmdz/bert-base-turkish-cased obtained.
2024-11-01 20:54:33,181 - INFO - Training Batch 13: Top 1 Accuracy: 62.50%, Top 5 Accuracy: 78.12%
2024-11-01 20:54:34,457 - INFO - Getting embeddings for dbmdz/bert-base-turkish-cased...
2024-11-01 20:54:34,790 - INFO - Embeddings for dbmdz/bert-base-turkish-cased obtained.
2024-11-01 20:54:36,182 - INFO - Getting embeddings for dbmdz/bert-base-turkish-cased...
2024-11-01 20:54:36,630 - INFO - Embeddings for dbmdz/bert-base-turkish-cased obtained.
2024-11-01 20:54:36,643 - INFO - Training Batch 14: Top 1 Accuracy: 59.38%, Top 5 Accuracy: 87.50%
2024-11-01 20:54:37,915 - INFO - Getting embeddings for dbmdz/bert-base-turkish-cased...
2024-11-01 20:54:38,329 - INFO - Embeddings for dbmdz/bert-base-turkish-cased obtained.
2024-11-01 20:54:39,594 - INFO - Getting embeddings for dbmdz/bert-base-turkish-cased...
2024-11-01 20:54:39,935 - INFO - Embeddings for dbmdz/bert-base-turkish-cased obtained.
2024-11-01 20:54:39,944 - INFO - Training Batch 15: Top 1 Accuracy: 59.38%, Top 5 Accuracy: 93.75%
2024-11-01 20:54:41,224 - INFO - Getting embeddings for dbmdz/bert-base-turkish-cased...
2024-11-01 20:54:41,569 - INFO - Embeddings for dbmdz/bert-base-turkish-cased obtained.
2024-11-01 20:54:42,896 - INFO - Getting embeddings for dbmdz/bert-base-turkish-cased...
2024-11-01 20:54:43,353 - INFO - Embeddings for dbmdz/bert-base-turkish-cased obtained.
2024-11-01 20:54:43,364 - INFO - Training Batch 16: Top 1 Accuracy: 46.88%, Top 5 Accuracy: 68.75%
2024-11-01 20:54:44,613 - INFO - Getting embeddings for dbmdz/bert-base-turkish-cased...
2024-11-01 20:54:44,955 - INFO - Embeddings for dbmdz/bert-base-turkish-cased obtained.
2024-11-01 20:54:46,308 - INFO - Getting embeddings for dbmdz/bert-base-turkish-cased...
2024-11-01 20:54:46,808 - INFO - Embeddings for dbmdz/bert-base-turkish-cased obtained.
2024-11-01 20:54:46,820 - INFO - Training Batch 17: Top 1 Accuracy: 50.00%, Top 5 Accuracy: 84.38%
2024-11-01 20:54:48,364 - INFO - Getting embeddings for dbmdz/bert-base-turkish-cased...
2024-11-01 20:54:48,670 - INFO - Embeddings for dbmdz/bert-base-turkish-cased obtained.
2024-11-01 20:54:50,058 - INFO - Getting embeddings for dbmdz/bert-base-turkish-cased...
2024-11-01 20:54:50,442 - INFO - Embeddings for dbmdz/bert-base-turkish-cased obtained.
2024-11-01 20:54:50,450 - INFO - Training Batch 18: Top 1 Accuracy: 53.12%, Top 5 Accuracy: 68.75%
2024-11-01 20:54:51,876 - INFO - Getting embeddings for dbmdz/bert-base-turkish-cased...
2024-11-01 20:54:52,222 - INFO - Embeddings for dbmdz/bert-base-turkish-cased obtained.
2024-11-01 20:54:53,487 - INFO - Getting embeddings for dbmdz/bert-base-turkish-cased...
2024-11-01 20:54:53,832 - INFO - Embeddings for dbmdz/bert-base-turkish-cased obtained.
2024-11-01 20:54:53,841 - INFO - Training Batch 19: Top 1 Accuracy: 75.00%, Top 5 Accuracy: 90.62%
2024-11-01 20:54:55,335 - INFO - Getting embeddings for dbmdz/bert-base-turkish-cased...
2024-11-01 20:54:56,397 - INFO - Embeddings for dbmdz/bert-base-turkish-cased obtained.
2024-11-01 20:54:57,749 - INFO - Getting embeddings for dbmdz/bert-base-turkish-cased...
2024-11-01 20:54:58,138 - INFO - Embeddings for dbmdz/bert-base-turkish-cased obtained.
2024-11-01 20:54:58,148 - INFO - Training Batch 20: Top 1 Accuracy: 62.50%, Top 5 Accuracy: 87.50%
2024-11-01 20:54:59,530 - INFO - Getting embeddings for dbmdz/bert-base-turkish-cased...
2024-11-01 20:54:59,861 - INFO - Embeddings for dbmdz/bert-base-turkish-cased obtained.
2024-11-01 20:55:01,199 - INFO - Getting embeddings for dbmdz/bert-base-turkish-cased...
2024-11-01 20:55:01,669 - INFO - Embeddings for dbmdz/bert-base-turkish-cased obtained.
2024-11-01 20:55:01,678 - INFO - Training Batch 21: Top 1 Accuracy: 65.62%, Top 5 Accuracy: 81.25%
2024-11-01 20:55:02,942 - INFO - Getting embeddings for dbmdz/bert-base-turkish-cased...
2024-11-01 20:55:03,198 - INFO - Embeddings for dbmdz/bert-base-turkish-cased obtained.
2024-11-01 20:55:04,595 - INFO - Getting embeddings for dbmdz/bert-base-turkish-cased...
2024-11-01 20:55:05,015 - INFO - Embeddings for dbmdz/bert-base-turkish-cased obtained.
2024-11-01 20:55:05,025 - INFO - Training Batch 22: Top 1 Accuracy: 35.71%, Top 5 Accuracy: 75.00%
2024-11-01 20:55:05,028 - INFO - Validating model...
2024-11-01 20:55:06,294 - INFO - Getting embeddings for dbmdz/bert-base-turkish-cased...
2024-11-01 20:55:08,202 - INFO - Embeddings for dbmdz/bert-base-turkish-cased obtained.
2024-11-01 20:55:09,469 - INFO - Getting embeddings for dbmdz/bert-base-turkish-cased...
2024-11-01 20:55:10,870 - INFO - Embeddings for dbmdz/bert-base-turkish-cased obtained.
2024-11-01 20:55:10,913 - INFO - Validation: Top 1 Accuracy: 40.67%, Top 5 Accuracy: 76.00%
2024-11-01 20:55:10,923 - INFO - Testing model...
2024-11-01 20:55:12,319 - INFO - Getting embeddings for dbmdz/bert-base-turkish-cased...
2024-11-01 20:55:13,756 - INFO - Embeddings for dbmdz/bert-base-turkish-cased obtained.
2024-11-01 20:55:15,050 - INFO - Getting embeddings for dbmdz/bert-base-turkish-cased...
2024-11-01 20:55:16,579 - INFO - Embeddings for dbmdz/bert-base-turkish-cased obtained.
2024-11-01 20:55:16,670 - INFO - Test Results: Top 1 Accuracy: 44.67%, Top 5 Accuracy: 74.67%
