2024-11-01 21:19:37,345 - INFO - Reading CSV file...
2024-11-01 21:19:37,357 - INFO - CSV file successfully read.
2024-11-01 21:19:37,820 - INFO - Using device: cuda
2024-11-01 21:19:37,821 - INFO - Training model: dbmdz/bert-base-turkish-cased
2024-11-01 21:19:42,401 - INFO - Epoch 1/1
2024-11-01 21:19:43,778 - INFO - Getting embeddings for dbmdz/bert-base-turkish-cased...
2024-11-01 21:19:51,239 - INFO - Embeddings for dbmdz/bert-base-turkish-cased obtained.
2024-11-01 21:19:52,719 - INFO - Getting embeddings for dbmdz/bert-base-turkish-cased...
2024-11-01 21:20:00,849 - INFO - Embeddings for dbmdz/bert-base-turkish-cased obtained.
2024-11-01 21:20:00,972 - INFO - Training Batch 1: Top 1 Accuracy: 29.88%, Top 5 Accuracy: 72.00%
2024-11-01 21:20:00,974 - INFO - Validating model...
2024-11-01 21:20:02,505 - INFO - Getting embeddings for dbmdz/bert-base-turkish-cased...
2024-11-01 21:20:03,544 - INFO - Embeddings for dbmdz/bert-base-turkish-cased obtained.
2024-11-01 21:20:04,937 - INFO - Getting embeddings for dbmdz/bert-base-turkish-cased...
2024-11-01 21:20:05,965 - INFO - Embeddings for dbmdz/bert-base-turkish-cased obtained.
2024-11-01 21:20:05,978 - INFO - Validation: Top 1 Accuracy: 40.00%, Top 5 Accuracy: 71.00%
2024-11-01 21:20:05,985 - INFO - Testing model...
2024-11-01 21:20:07,378 - INFO - Getting embeddings for dbmdz/bert-base-turkish-cased...
2024-11-01 21:20:08,399 - INFO - Embeddings for dbmdz/bert-base-turkish-cased obtained.
2024-11-01 21:20:09,870 - INFO - Getting embeddings for dbmdz/bert-base-turkish-cased...
2024-11-01 21:20:11,152 - INFO - Embeddings for dbmdz/bert-base-turkish-cased obtained.
2024-11-01 21:20:11,184 - INFO - Test Results: Top 1 Accuracy: 49.00%, Top 5 Accuracy: 77.00%
