2024-10-30 14:42:58,389 - INFO - CSV dosyası okunuyor...
2024-10-30 14:42:58,405 - INFO - CSV dosyası başarıyla okundu.
2024-10-30 14:42:58,409 - INFO - sentence-transformers/all-MiniLM-L12-v2 yükleniyor...
2024-10-30 14:43:01,343 - INFO - sentence-transformers/all-MiniLM-L12-v2 yüklendi.
2024-10-30 14:43:01,343 - INFO - jinaai/jina-embeddings-v3 yükleniyor...
2024-10-30 14:43:03,926 - WARNING - flash_attn is not installed. Using PyTorch native attention implementation.
2024-10-30 14:43:03,926 - WARNING - flash_attn is not installed. Using PyTorch native attention implementation.
2024-10-30 14:43:03,936 - WARNING - flash_attn is not installed. Using PyTorch native attention implementation.
2024-10-30 14:43:03,938 - WARNING - flash_attn is not installed. Using PyTorch native attention implementation.
2024-10-30 14:43:03,939 - WARNING - flash_attn is not installed. Using PyTorch native attention implementation.
2024-10-30 14:43:03,942 - WARNING - flash_attn is not installed. Using PyTorch native attention implementation.
2024-10-30 14:43:03,943 - WARNING - flash_attn is not installed. Using PyTorch native attention implementation.
2024-10-30 14:43:03,945 - WARNING - flash_attn is not installed. Using PyTorch native attention implementation.
2024-10-30 14:43:03,947 - WARNING - flash_attn is not installed. Using PyTorch native attention implementation.
2024-10-30 14:43:03,948 - WARNING - flash_attn is not installed. Using PyTorch native attention implementation.
2024-10-30 14:43:03,950 - WARNING - flash_attn is not installed. Using PyTorch native attention implementation.
2024-10-30 14:43:03,952 - WARNING - flash_attn is not installed. Using PyTorch native attention implementation.
2024-10-30 14:43:03,953 - WARNING - flash_attn is not installed. Using PyTorch native attention implementation.
2024-10-30 14:43:03,955 - WARNING - flash_attn is not installed. Using PyTorch native attention implementation.
2024-10-30 14:43:03,957 - WARNING - flash_attn is not installed. Using PyTorch native attention implementation.
2024-10-30 14:43:03,958 - WARNING - flash_attn is not installed. Using PyTorch native attention implementation.
2024-10-30 14:43:03,960 - WARNING - flash_attn is not installed. Using PyTorch native attention implementation.
2024-10-30 14:43:03,961 - WARNING - flash_attn is not installed. Using PyTorch native attention implementation.
2024-10-30 14:43:03,963 - WARNING - flash_attn is not installed. Using PyTorch native attention implementation.
2024-10-30 14:43:03,964 - WARNING - flash_attn is not installed. Using PyTorch native attention implementation.
2024-10-30 14:43:03,965 - WARNING - flash_attn is not installed. Using PyTorch native attention implementation.
2024-10-30 14:43:03,967 - WARNING - flash_attn is not installed. Using PyTorch native attention implementation.
2024-10-30 14:43:03,968 - WARNING - flash_attn is not installed. Using PyTorch native attention implementation.
2024-10-30 14:43:03,970 - WARNING - flash_attn is not installed. Using PyTorch native attention implementation.
2024-10-30 14:43:03,971 - WARNING - flash_attn is not installed. Using PyTorch native attention implementation.
2024-10-30 14:43:06,653 - INFO - jinaai/jina-embeddings-v3 yüklendi.
2024-10-30 14:43:06,654 - INFO - intfloat/multilingual-e5-large-instruct yükleniyor...
2024-10-30 14:43:10,154 - INFO - intfloat/multilingual-e5-large-instruct yüklendi.
2024-10-30 14:43:10,155 - INFO - BAAI/bge-m3 yükleniyor...
2024-10-30 14:43:17,290 - INFO - BAAI/bge-m3 yüklendi.
2024-10-30 14:43:17,291 - INFO - thenlper/gte-large yükleniyor...
2024-10-30 14:43:19,784 - INFO - thenlper/gte-large yüklendi.
2024-10-30 14:43:19,784 - INFO - nomic-ai/nomic-embed-text-v1 yükleniyor...
2024-10-30 14:43:23,288 - WARNING - <All keys matched successfully>
2024-10-30 14:43:23,651 - INFO - nomic-ai/nomic-embed-text-v1 yüklendi.
2024-10-30 14:43:23,652 - INFO - dbmdz/bert-base-turkish-cased yükleniyor...
2024-10-30 14:43:25,803 - INFO - dbmdz/bert-base-turkish-cased yüklendi.
2024-10-30 14:43:25,803 - INFO - sentence-transformers/all-MiniLM-L12-v2 için temsiller alınıyor...
