2024-10-31 14:51:04,907 - INFO - Reading CSV file...
2024-10-31 14:51:04,919 - INFO - CSV file successfully read.
2024-10-31 14:51:05,422 - INFO - Using device: cuda
2024-10-31 14:51:05,422 - INFO - Starting model processing...
2024-10-31 14:51:05,423 - INFO - Processing model: dbmdz/bert-base-turkish-cased
2024-10-31 14:51:11,555 - INFO - Getting embeddings for dbmdz/bert-base-turkish-cased...
2024-10-31 14:51:13,007 - INFO - Embeddings for dbmdz/bert-base-turkish-cased obtained.
2024-10-31 14:51:14,470 - INFO - Getting embeddings for dbmdz/bert-base-turkish-cased...
2024-10-31 14:51:18,846 - INFO - Embeddings for dbmdz/bert-base-turkish-cased obtained.
2024-10-31 14:51:20,380 - INFO - Getting embeddings for dbmdz/bert-base-turkish-cased...
2024-10-31 14:51:20,557 - INFO - Embeddings for dbmdz/bert-base-turkish-cased obtained.
2024-10-31 14:51:21,973 - INFO - Getting embeddings for dbmdz/bert-base-turkish-cased...
2024-10-31 14:51:23,124 - INFO - Embeddings for dbmdz/bert-base-turkish-cased obtained.
2024-10-31 14:51:24,482 - INFO - Getting embeddings for dbmdz/bert-base-turkish-cased...
2024-10-31 14:51:24,703 - INFO - Embeddings for dbmdz/bert-base-turkish-cased obtained.
2024-10-31 14:51:26,005 - INFO - Getting embeddings for dbmdz/bert-base-turkish-cased...
2024-10-31 14:51:26,861 - INFO - Embeddings for dbmdz/bert-base-turkish-cased obtained.
2024-10-31 14:51:27,632 - INFO - dbmdz/bert-base-turkish-cased - Training Top 1 Accuracy: 21.00%
2024-10-31 14:51:27,633 - INFO - dbmdz/bert-base-turkish-cased - Training Top 5 Accuracy: 34.75%
2024-10-31 14:51:27,644 - INFO - dbmdz/bert-base-turkish-cased - Validation Top 1 Accuracy: 39.00%
2024-10-31 14:51:27,644 - INFO - dbmdz/bert-base-turkish-cased - Validation Top 5 Accuracy: 58.00%
2024-10-31 14:51:27,653 - INFO - dbmdz/bert-base-turkish-cased - Test Top 1 Accuracy: 29.00%
2024-10-31 14:51:27,653 - INFO - dbmdz/bert-base-turkish-cased - Test Top 5 Accuracy: 47.00%
2024-10-31 14:51:27,653 - INFO - Applying TSNE for dbmdz/bert-base-turkish-cased...
2024-10-31 14:51:31,735 - INFO - TSNE visualization saved for dbmdz/bert-base-turkish-cased.
2024-10-31 14:51:31,735 - INFO - All models processed successfully.
