2024-11-01 21:51:04,311 - INFO - Reading CSV file...
2024-11-01 21:51:04,323 - INFO - CSV file successfully read.
2024-11-01 21:51:04,395 - INFO - Using device: cuda
2024-11-01 21:51:04,401 - INFO - Training model: dbmdz/bert-base-turkish-cased
2024-11-01 21:51:08,623 - INFO - Epoch 1/1
2024-11-01 21:51:10,056 - INFO - Getting embeddings for dbmdz/bert-base-turkish-cased...
2024-11-01 21:51:17,930 - INFO - Embeddings for dbmdz/bert-base-turkish-cased obtained.
2024-11-01 21:51:19,453 - INFO - Getting embeddings for dbmdz/bert-base-turkish-cased...
2024-11-01 21:51:27,816 - INFO - Embeddings for dbmdz/bert-base-turkish-cased obtained.
2024-11-01 21:51:27,867 - INFO - Training: Top 1 Accuracy: 33.38%
2024-11-01 21:51:27,867 - INFO - Training: Top 5 Accuracy: 47.75%
2024-11-01 21:51:29,352 - INFO - Getting embeddings for dbmdz/bert-base-turkish-cased...
2024-11-01 21:51:30,374 - INFO - Embeddings for dbmdz/bert-base-turkish-cased obtained.
2024-11-01 21:51:31,793 - INFO - Getting embeddings for dbmdz/bert-base-turkish-cased...
2024-11-01 21:51:32,853 - INFO - Embeddings for dbmdz/bert-base-turkish-cased obtained.
2024-11-01 21:51:32,861 - INFO - Validation: Top 1 Accuracy: 45.00%
2024-11-01 21:51:32,862 - INFO - Validation: Top 5 Accuracy: 63.00%
2024-11-01 21:51:32,862 - INFO - Applying TSNE for dbmdz/bert-base-turkish-cased...
2024-11-01 21:51:38,664 - INFO - TSNE visualization completed for dbmdz/bert-base-turkish-cased.
2024-11-01 21:51:38,674 - INFO - Testing model...
2024-11-01 21:51:40,117 - INFO - Getting embeddings for dbmdz/bert-base-turkish-cased...
2024-11-01 21:51:41,103 - INFO - Embeddings for dbmdz/bert-base-turkish-cased obtained.
2024-11-01 21:51:42,616 - INFO - Getting embeddings for dbmdz/bert-base-turkish-cased...
2024-11-01 21:51:43,718 - INFO - Embeddings for dbmdz/bert-base-turkish-cased obtained.
2024-11-01 21:51:43,727 - INFO - Test Results: Top 1 Accuracy: 58.00%
2024-11-01 21:51:43,728 - INFO - Test Results: Top 5 Accuracy: 66.00%
2024-11-01 21:51:43,728 - INFO - Applying TSNE for dbmdz/bert-base-turkish-cased...
2024-11-01 21:51:49,783 - INFO - TSNE visualization completed for dbmdz/bert-base-turkish-cased.
