2024-10-30 08:21:45,778 - INFO - sentence-transformers/all-MiniLM-L12-v2 yükleniyor...
2024-10-30 08:21:47,149 - INFO - sentence-transformers/all-MiniLM-L12-v2 yüklendi.
2024-10-30 08:21:47,149 - INFO - jinaai/jina-embeddings-v3 yükleniyor...
2024-10-30 08:21:50,925 - INFO - jinaai/jina-embeddings-v3 yüklendi.
2024-10-30 08:21:50,925 - INFO - intfloat/multilingual-e5-large-instruct yükleniyor...
2024-10-30 08:21:53,264 - INFO - intfloat/multilingual-e5-large-instruct yüklendi.
2024-10-30 08:21:53,266 - INFO - BAAI/bge-m3 yükleniyor...
2024-10-30 08:21:54,963 - INFO - BAAI/bge-m3 yüklendi.
2024-10-30 08:21:54,963 - INFO - thenlper/gte-large yükleniyor...
2024-10-30 08:21:56,842 - INFO - thenlper/gte-large yüklendi.
2024-10-30 08:21:56,855 - INFO - dbmdz/bert-base-turkish-cased yükleniyor...
2024-10-30 08:21:58,554 - INFO - dbmdz/bert-base-turkish-cased yüklendi.
2024-10-30 08:21:58,555 - INFO - CSV dosyası okunuyor...
2024-10-30 08:21:58,812 - INFO - CSV dosyası başarıyla okundu.
2024-10-30 08:21:58,842 - INFO - sentence-transformers/all-MiniLM-L12-v2 için temsilleri alınıyor...
2024-10-30 08:22:15,114 - INFO - jinaai/jina-embeddings-v3 için temsilleri alınıyor...
2024-10-30 08:24:54,603 - INFO - intfloat/multilingual-e5-large-instruct için temsilleri alınıyor...
2024-10-30 08:27:13,330 - INFO - BAAI/bge-m3 için temsilleri alınıyor...
2024-10-30 09:27:49,085 - INFO - thenlper/gte-large için temsilleri alınıyor...
2024-10-30 09:30:33,917 - INFO - dbmdz/bert-base-turkish-cased için temsilleri alınıyor...
2024-10-30 09:31:09,611 - INFO - sentence-transformers/all-MiniLM-L12-v2 için temsilleri alınıyor...
2024-10-30 09:31:41,220 - INFO - jinaai/jina-embeddings-v3 için temsilleri alınıyor...
2024-10-30 09:35:52,566 - INFO - intfloat/multilingual-e5-large-instruct için temsilleri alınıyor...
2024-10-30 09:39:41,985 - INFO - BAAI/bge-m3 için temsilleri alınıyor...
2024-10-30 10:44:20,975 - INFO - thenlper/gte-large için temsilleri alınıyor...
2024-10-30 10:49:38,308 - INFO - dbmdz/bert-base-turkish-cased için temsilleri alınıyor...
