2024-10-31 19:12:25,494 - INFO - Reading CSV file...
2024-10-31 19:12:25,505 - INFO - CSV file successfully read.
2024-10-31 19:12:25,964 - INFO - Using device: cuda
2024-10-31 19:12:25,965 - INFO - Processing model: dbmdz/bert-base-turkish-cased
2024-10-31 19:12:30,398 - INFO - Starting epoch 1/20 for dbmdz/bert-base-turkish-cased...
2024-10-31 19:12:31,850 - INFO - Getting embeddings for dbmdz/bert-base-turkish-cased...
2024-10-31 19:12:32,173 - INFO - Embeddings for dbmdz/bert-base-turkish-cased obtained.
2024-10-31 19:12:33,584 - INFO - Getting embeddings for dbmdz/bert-base-turkish-cased...
2024-10-31 19:12:33,747 - INFO - Embeddings for dbmdz/bert-base-turkish-cased obtained.
2024-10-31 19:12:33,754 - INFO - dbmdz/bert-base-turkish-cased - Epoch 1, Batch 1: Training Top 1 Accuracy: 62.50%
2024-10-31 19:12:33,755 - INFO - dbmdz/bert-base-turkish-cased - Epoch 1, Batch 1: Training Top 5 Accuracy: 68.75%
2024-10-31 19:12:35,178 - INFO - Getting embeddings for dbmdz/bert-base-turkish-cased...
2024-10-31 19:12:35,353 - INFO - Embeddings for dbmdz/bert-base-turkish-cased obtained.
2024-10-31 19:12:37,499 - INFO - Getting embeddings for dbmdz/bert-base-turkish-cased...
2024-10-31 19:12:37,759 - INFO - Embeddings for dbmdz/bert-base-turkish-cased obtained.
2024-10-31 19:12:37,765 - INFO - dbmdz/bert-base-turkish-cased - Epoch 1, Batch 2: Training Top 1 Accuracy: 75.00%
2024-10-31 19:12:37,766 - INFO - dbmdz/bert-base-turkish-cased - Epoch 1, Batch 2: Training Top 5 Accuracy: 81.25%
2024-10-31 19:12:39,287 - INFO - Getting embeddings for dbmdz/bert-base-turkish-cased...
2024-10-31 19:12:39,505 - INFO - Embeddings for dbmdz/bert-base-turkish-cased obtained.
2024-10-31 19:12:41,035 - INFO - Getting embeddings for dbmdz/bert-base-turkish-cased...
2024-10-31 19:12:41,332 - INFO - Embeddings for dbmdz/bert-base-turkish-cased obtained.
2024-10-31 19:12:41,339 - INFO - dbmdz/bert-base-turkish-cased - Epoch 1, Batch 3: Training Top 1 Accuracy: 75.00%
2024-10-31 19:12:41,339 - INFO - dbmdz/bert-base-turkish-cased - Epoch 1, Batch 3: Training Top 5 Accuracy: 87.50%
2024-10-31 19:12:42,905 - INFO - Getting embeddings for dbmdz/bert-base-turkish-cased...
2024-10-31 19:12:43,064 - INFO - Embeddings for dbmdz/bert-base-turkish-cased obtained.
2024-10-31 19:12:44,490 - INFO - Getting embeddings for dbmdz/bert-base-turkish-cased...
2024-10-31 19:12:44,797 - INFO - Embeddings for dbmdz/bert-base-turkish-cased obtained.
2024-10-31 19:12:44,805 - INFO - dbmdz/bert-base-turkish-cased - Epoch 1, Batch 4: Training Top 1 Accuracy: 50.00%
2024-10-31 19:12:44,805 - INFO - dbmdz/bert-base-turkish-cased - Epoch 1, Batch 4: Training Top 5 Accuracy: 75.00%
2024-10-31 19:12:46,581 - INFO - Getting embeddings for dbmdz/bert-base-turkish-cased...
2024-10-31 19:12:46,723 - INFO - Embeddings for dbmdz/bert-base-turkish-cased obtained.
2024-10-31 19:12:48,372 - INFO - Getting embeddings for dbmdz/bert-base-turkish-cased...
2024-10-31 19:12:48,669 - INFO - Embeddings for dbmdz/bert-base-turkish-cased obtained.
2024-10-31 19:12:48,675 - INFO - dbmdz/bert-base-turkish-cased - Epoch 1, Batch 5: Training Top 1 Accuracy: 75.00%
2024-10-31 19:12:48,675 - INFO - dbmdz/bert-base-turkish-cased - Epoch 1, Batch 5: Training Top 5 Accuracy: 81.25%
2024-10-31 19:12:50,189 - INFO - Getting embeddings for dbmdz/bert-base-turkish-cased...
2024-10-31 19:12:50,426 - INFO - Embeddings for dbmdz/bert-base-turkish-cased obtained.
2024-10-31 19:12:51,866 - INFO - Getting embeddings for dbmdz/bert-base-turkish-cased...
2024-10-31 19:12:52,161 - INFO - Embeddings for dbmdz/bert-base-turkish-cased obtained.
2024-10-31 19:12:52,167 - INFO - dbmdz/bert-base-turkish-cased - Epoch 1, Batch 6: Training Top 1 Accuracy: 81.25%
2024-10-31 19:12:52,168 - INFO - dbmdz/bert-base-turkish-cased - Epoch 1, Batch 6: Training Top 5 Accuracy: 93.75%
