2024-11-01 21:45:34,497 - INFO - Reading CSV file...
2024-11-01 21:45:34,509 - INFO - CSV file successfully read.
2024-11-01 21:45:34,588 - INFO - Using device: cuda
2024-11-01 21:45:34,592 - INFO - Training model: dbmdz/bert-base-turkish-cased
2024-11-01 21:45:38,844 - INFO - Epoch 1/1
2024-11-01 21:45:40,574 - INFO - Getting embeddings for dbmdz/bert-base-turkish-cased...
2024-11-01 21:45:48,345 - INFO - Embeddings for dbmdz/bert-base-turkish-cased obtained.
2024-11-01 21:45:49,800 - INFO - Getting embeddings for dbmdz/bert-base-turkish-cased...
2024-11-01 21:45:58,815 - INFO - Embeddings for dbmdz/bert-base-turkish-cased obtained.
2024-11-01 21:45:58,942 - INFO - Training Batch 1: Top 1 Accuracy: 32.62%, Top 5 Accuracy: 72.75%
2024-11-01 21:45:58,945 - INFO - Validating model...
2024-11-01 21:46:00,416 - INFO - Getting embeddings for dbmdz/bert-base-turkish-cased...
2024-11-01 21:46:01,513 - INFO - Embeddings for dbmdz/bert-base-turkish-cased obtained.
2024-11-01 21:46:02,948 - INFO - Getting embeddings for dbmdz/bert-base-turkish-cased...
2024-11-01 21:46:04,010 - INFO - Embeddings for dbmdz/bert-base-turkish-cased obtained.
2024-11-01 21:46:04,022 - INFO - Validation: Top 1 Accuracy: 49.00%, Top 5 Accuracy: 85.00%
2024-11-01 21:46:04,022 - INFO - Applying TSNE for dbmdz/bert-base-turkish-cased...
2024-11-01 21:46:09,238 - INFO - TSNE visualization completed for dbmdz/bert-base-turkish-cased.
2024-11-01 21:46:09,248 - INFO - Testing model...
2024-11-01 21:46:10,788 - INFO - Getting embeddings for dbmdz/bert-base-turkish-cased...
2024-11-01 21:46:11,870 - INFO - Embeddings for dbmdz/bert-base-turkish-cased obtained.
2024-11-01 21:46:13,250 - INFO - Getting embeddings for dbmdz/bert-base-turkish-cased...
2024-11-01 21:46:14,272 - INFO - Embeddings for dbmdz/bert-base-turkish-cased obtained.
2024-11-01 21:46:14,285 - INFO - Test Results: Top 1 Accuracy: 54.00%, Top 5 Accuracy: 83.00%
2024-11-01 21:46:14,286 - INFO - Applying TSNE for dbmdz/bert-base-turkish-cased...
2024-11-01 21:46:28,366 - INFO - TSNE visualization completed for dbmdz/bert-base-turkish-cased.
