2024-10-31 17:07:16,583 - INFO - Reading CSV file...
2024-10-31 17:07:16,597 - INFO - CSV file successfully read.
2024-10-31 17:07:16,988 - INFO - Using device: cuda
2024-10-31 17:07:16,989 - INFO - Processing model: dbmdz/bert-base-turkish-cased
2024-10-31 17:07:21,990 - INFO - Getting embeddings for dbmdz/bert-base-turkish-cased...
2024-10-31 17:07:30,716 - INFO - Embeddings for dbmdz/bert-base-turkish-cased obtained.
2024-10-31 17:07:32,227 - INFO - Getting embeddings for dbmdz/bert-base-turkish-cased...
2024-10-31 17:07:39,979 - INFO - Embeddings for dbmdz/bert-base-turkish-cased obtained.
2024-10-31 17:07:41,507 - INFO - Getting embeddings for dbmdz/bert-base-turkish-cased...
2024-10-31 17:07:42,497 - INFO - Embeddings for dbmdz/bert-base-turkish-cased obtained.
2024-10-31 17:07:43,503 - INFO - Getting embeddings for dbmdz/bert-base-turkish-cased...
2024-10-31 17:07:44,536 - INFO - Embeddings for dbmdz/bert-base-turkish-cased obtained.
2024-10-31 17:07:45,653 - INFO - Getting embeddings for dbmdz/bert-base-turkish-cased...
2024-10-31 17:07:46,660 - INFO - Embeddings for dbmdz/bert-base-turkish-cased obtained.
2024-10-31 17:07:47,696 - INFO - Getting embeddings for dbmdz/bert-base-turkish-cased...
2024-10-31 17:07:48,735 - INFO - Embeddings for dbmdz/bert-base-turkish-cased obtained.
2024-10-31 17:07:49,489 - INFO - dbmdz/bert-base-turkish-cased - Training Top 1 Accuracy: 29.88%
2024-10-31 17:07:49,489 - INFO - dbmdz/bert-base-turkish-cased - Training Top 5 Accuracy: 45.62%
2024-10-31 17:07:49,500 - INFO - dbmdz/bert-base-turkish-cased - Validation Top 1 Accuracy: 40.00%
2024-10-31 17:07:49,500 - INFO - dbmdz/bert-base-turkish-cased - Validation Top 5 Accuracy: 54.00%
2024-10-31 17:07:49,510 - INFO - dbmdz/bert-base-turkish-cased - Test Top 1 Accuracy: 49.00%
2024-10-31 17:07:49,510 - INFO - dbmdz/bert-base-turkish-cased - Test Top 5 Accuracy: 62.00%
2024-10-31 17:07:49,511 - INFO - Applying TSNE for dbmdz/bert-base-turkish-cased...
2024-10-31 17:07:53,701 - INFO - TSNE visualization completed for dbmdz/bert-base-turkish-cased.
