2024-10-31 20:07:35,379 - INFO - Reading CSV file...
2024-10-31 20:07:35,393 - INFO - CSV file successfully read.
2024-10-31 20:07:36,615 - INFO - Using device: cuda
2024-10-31 20:07:36,616 - INFO - Processing model: dbmdz/bert-base-turkish-cased
2024-10-31 20:07:40,703 - INFO - Starting epoch 1/1 for dbmdz/bert-base-turkish-cased...
2024-10-31 20:07:42,220 - INFO - Getting embeddings for dbmdz/bert-base-turkish-cased...
2024-10-31 20:07:42,877 - INFO - Embeddings for dbmdz/bert-base-turkish-cased obtained.
2024-10-31 20:07:44,339 - INFO - Getting embeddings for dbmdz/bert-base-turkish-cased...
2024-10-31 20:07:44,931 - INFO - Embeddings for dbmdz/bert-base-turkish-cased obtained.
2024-10-31 20:07:44,939 - INFO - dbmdz/bert-base-turkish-cased - Epoch 1, Batch 1: Training Top 1 Accuracy: 52.00%
2024-10-31 20:07:44,939 - INFO - dbmdz/bert-base-turkish-cased - Epoch 1, Batch 1: Training Top 5 Accuracy: 70.00%
2024-10-31 20:07:46,327 - INFO - Getting embeddings for dbmdz/bert-base-turkish-cased...
2024-10-31 20:07:46,957 - INFO - Embeddings for dbmdz/bert-base-turkish-cased obtained.
2024-10-31 20:07:48,359 - INFO - Getting embeddings for dbmdz/bert-base-turkish-cased...
2024-10-31 20:07:49,103 - INFO - Embeddings for dbmdz/bert-base-turkish-cased obtained.
2024-10-31 20:07:49,110 - INFO - dbmdz/bert-base-turkish-cased - Epoch 1, Batch 2: Training Top 1 Accuracy: 54.00%
2024-10-31 20:07:49,110 - INFO - dbmdz/bert-base-turkish-cased - Epoch 1, Batch 2: Training Top 5 Accuracy: 84.00%
2024-10-31 20:07:50,451 - INFO - Getting embeddings for dbmdz/bert-base-turkish-cased...
2024-10-31 20:07:50,940 - INFO - Embeddings for dbmdz/bert-base-turkish-cased obtained.
2024-10-31 20:07:52,366 - INFO - Getting embeddings for dbmdz/bert-base-turkish-cased...
2024-10-31 20:07:52,888 - INFO - Embeddings for dbmdz/bert-base-turkish-cased obtained.
2024-10-31 20:07:52,895 - INFO - dbmdz/bert-base-turkish-cased - Epoch 1, Batch 3: Training Top 1 Accuracy: 44.00%
2024-10-31 20:07:52,895 - INFO - dbmdz/bert-base-turkish-cased - Epoch 1, Batch 3: Training Top 5 Accuracy: 62.00%
2024-10-31 20:07:54,274 - INFO - Getting embeddings for dbmdz/bert-base-turkish-cased...
2024-10-31 20:07:54,882 - INFO - Embeddings for dbmdz/bert-base-turkish-cased obtained.
2024-10-31 20:07:56,280 - INFO - Getting embeddings for dbmdz/bert-base-turkish-cased...
2024-10-31 20:07:56,847 - INFO - Embeddings for dbmdz/bert-base-turkish-cased obtained.
2024-10-31 20:07:56,854 - INFO - dbmdz/bert-base-turkish-cased - Epoch 1, Batch 4: Training Top 1 Accuracy: 52.00%
2024-10-31 20:07:56,854 - INFO - dbmdz/bert-base-turkish-cased - Epoch 1, Batch 4: Training Top 5 Accuracy: 66.00%
2024-10-31 20:07:58,210 - INFO - Getting embeddings for dbmdz/bert-base-turkish-cased...
2024-10-31 20:07:58,775 - INFO - Embeddings for dbmdz/bert-base-turkish-cased obtained.
2024-10-31 20:08:00,230 - INFO - Getting embeddings for dbmdz/bert-base-turkish-cased...
2024-10-31 20:08:00,843 - INFO - Embeddings for dbmdz/bert-base-turkish-cased obtained.
2024-10-31 20:08:00,851 - INFO - dbmdz/bert-base-turkish-cased - Epoch 1, Batch 5: Training Top 1 Accuracy: 52.00%
2024-10-31 20:08:00,851 - INFO - dbmdz/bert-base-turkish-cased - Epoch 1, Batch 5: Training Top 5 Accuracy: 66.00%
2024-10-31 20:08:02,275 - INFO - Getting embeddings for dbmdz/bert-base-turkish-cased...
2024-10-31 20:08:02,856 - INFO - Embeddings for dbmdz/bert-base-turkish-cased obtained.
2024-10-31 20:08:04,463 - INFO - Getting embeddings for dbmdz/bert-base-turkish-cased...
2024-10-31 20:08:05,115 - INFO - Embeddings for dbmdz/bert-base-turkish-cased obtained.
2024-10-31 20:08:05,122 - INFO - dbmdz/bert-base-turkish-cased - Epoch 1, Batch 6: Training Top 1 Accuracy: 58.00%
2024-10-31 20:08:05,122 - INFO - dbmdz/bert-base-turkish-cased - Epoch 1, Batch 6: Training Top 5 Accuracy: 72.00%
2024-10-31 20:08:06,522 - INFO - Getting embeddings for dbmdz/bert-base-turkish-cased...
2024-10-31 20:08:07,243 - INFO - Embeddings for dbmdz/bert-base-turkish-cased obtained.
2024-10-31 20:08:08,714 - INFO - Getting embeddings for dbmdz/bert-base-turkish-cased...
2024-10-31 20:08:09,319 - INFO - Embeddings for dbmdz/bert-base-turkish-cased obtained.
2024-10-31 20:08:09,327 - INFO - dbmdz/bert-base-turkish-cased - Epoch 1, Batch 7: Training Top 1 Accuracy: 50.00%
2024-10-31 20:08:09,328 - INFO - dbmdz/bert-base-turkish-cased - Epoch 1, Batch 7: Training Top 5 Accuracy: 74.00%
2024-10-31 20:08:10,607 - INFO - Getting embeddings for dbmdz/bert-base-turkish-cased...
2024-10-31 20:08:11,174 - INFO - Embeddings for dbmdz/bert-base-turkish-cased obtained.
2024-10-31 20:08:12,533 - INFO - Getting embeddings for dbmdz/bert-base-turkish-cased...
2024-10-31 20:08:13,080 - INFO - Embeddings for dbmdz/bert-base-turkish-cased obtained.
2024-10-31 20:08:13,088 - INFO - dbmdz/bert-base-turkish-cased - Epoch 1, Batch 8: Training Top 1 Accuracy: 50.00%
2024-10-31 20:08:13,088 - INFO - dbmdz/bert-base-turkish-cased - Epoch 1, Batch 8: Training Top 5 Accuracy: 76.00%
2024-10-31 20:08:14,456 - INFO - Getting embeddings for dbmdz/bert-base-turkish-cased...
2024-10-31 20:08:14,971 - INFO - Embeddings for dbmdz/bert-base-turkish-cased obtained.
2024-10-31 20:08:16,398 - INFO - Getting embeddings for dbmdz/bert-base-turkish-cased...
2024-10-31 20:08:17,056 - INFO - Embeddings for dbmdz/bert-base-turkish-cased obtained.
2024-10-31 20:08:17,064 - INFO - dbmdz/bert-base-turkish-cased - Epoch 1, Batch 9: Training Top 1 Accuracy: 60.00%
2024-10-31 20:08:17,064 - INFO - dbmdz/bert-base-turkish-cased - Epoch 1, Batch 9: Training Top 5 Accuracy: 82.00%
2024-10-31 20:08:18,423 - INFO - Getting embeddings for dbmdz/bert-base-turkish-cased...
2024-10-31 20:08:18,985 - INFO - Embeddings for dbmdz/bert-base-turkish-cased obtained.
2024-10-31 20:08:20,286 - INFO - Getting embeddings for dbmdz/bert-base-turkish-cased...
2024-10-31 20:08:20,941 - INFO - Embeddings for dbmdz/bert-base-turkish-cased obtained.
2024-10-31 20:08:20,949 - INFO - dbmdz/bert-base-turkish-cased - Epoch 1, Batch 10: Training Top 1 Accuracy: 46.00%
2024-10-31 20:08:20,949 - INFO - dbmdz/bert-base-turkish-cased - Epoch 1, Batch 10: Training Top 5 Accuracy: 70.00%
2024-10-31 20:08:22,309 - INFO - Getting embeddings for dbmdz/bert-base-turkish-cased...
2024-10-31 20:08:23,035 - INFO - Embeddings for dbmdz/bert-base-turkish-cased obtained.
2024-10-31 20:08:24,385 - INFO - Getting embeddings for dbmdz/bert-base-turkish-cased...
2024-10-31 20:08:25,025 - INFO - Embeddings for dbmdz/bert-base-turkish-cased obtained.
2024-10-31 20:08:25,032 - INFO - dbmdz/bert-base-turkish-cased - Epoch 1, Batch 11: Training Top 1 Accuracy: 46.00%
2024-10-31 20:08:25,032 - INFO - dbmdz/bert-base-turkish-cased - Epoch 1, Batch 11: Training Top 5 Accuracy: 68.00%
2024-10-31 20:08:26,384 - INFO - Getting embeddings for dbmdz/bert-base-turkish-cased...
2024-10-31 20:08:26,889 - INFO - Embeddings for dbmdz/bert-base-turkish-cased obtained.
2024-10-31 20:08:28,175 - INFO - Getting embeddings for dbmdz/bert-base-turkish-cased...
2024-10-31 20:08:28,752 - INFO - Embeddings for dbmdz/bert-base-turkish-cased obtained.
2024-10-31 20:08:28,759 - INFO - dbmdz/bert-base-turkish-cased - Epoch 1, Batch 12: Training Top 1 Accuracy: 58.00%
2024-10-31 20:08:28,760 - INFO - dbmdz/bert-base-turkish-cased - Epoch 1, Batch 12: Training Top 5 Accuracy: 78.00%
2024-10-31 20:08:30,134 - INFO - Getting embeddings for dbmdz/bert-base-turkish-cased...
2024-10-31 20:08:30,801 - INFO - Embeddings for dbmdz/bert-base-turkish-cased obtained.
2024-10-31 20:08:32,773 - INFO - Getting embeddings for dbmdz/bert-base-turkish-cased...
2024-10-31 20:08:33,507 - INFO - Embeddings for dbmdz/bert-base-turkish-cased obtained.
2024-10-31 20:08:33,516 - INFO - dbmdz/bert-base-turkish-cased - Epoch 1, Batch 13: Training Top 1 Accuracy: 54.00%
2024-10-31 20:08:33,516 - INFO - dbmdz/bert-base-turkish-cased - Epoch 1, Batch 13: Training Top 5 Accuracy: 64.00%
2024-10-31 20:08:34,900 - INFO - Getting embeddings for dbmdz/bert-base-turkish-cased...
2024-10-31 20:08:35,480 - INFO - Embeddings for dbmdz/bert-base-turkish-cased obtained.
2024-10-31 20:08:36,926 - INFO - Getting embeddings for dbmdz/bert-base-turkish-cased...
2024-10-31 20:08:37,573 - INFO - Embeddings for dbmdz/bert-base-turkish-cased obtained.
2024-10-31 20:08:37,581 - INFO - dbmdz/bert-base-turkish-cased - Epoch 1, Batch 14: Training Top 1 Accuracy: 48.00%
2024-10-31 20:08:37,582 - INFO - dbmdz/bert-base-turkish-cased - Epoch 1, Batch 14: Training Top 5 Accuracy: 74.00%
2024-10-31 20:08:39,003 - INFO - Getting embeddings for dbmdz/bert-base-turkish-cased...
2024-10-31 20:08:39,689 - INFO - Embeddings for dbmdz/bert-base-turkish-cased obtained.
2024-10-31 20:08:41,223 - INFO - Getting embeddings for dbmdz/bert-base-turkish-cased...
2024-10-31 20:08:41,743 - INFO - Embeddings for dbmdz/bert-base-turkish-cased obtained.
2024-10-31 20:08:41,750 - INFO - dbmdz/bert-base-turkish-cased - Epoch 1, Batch 15: Training Top 1 Accuracy: 48.00%
2024-10-31 20:08:41,750 - INFO - dbmdz/bert-base-turkish-cased - Epoch 1, Batch 15: Training Top 5 Accuracy: 76.00%
2024-10-31 20:08:43,149 - INFO - Getting embeddings for dbmdz/bert-base-turkish-cased...
2024-10-31 20:08:43,792 - INFO - Embeddings for dbmdz/bert-base-turkish-cased obtained.
2024-10-31 20:08:45,240 - INFO - Getting embeddings for dbmdz/bert-base-turkish-cased...
2024-10-31 20:08:45,800 - INFO - Embeddings for dbmdz/bert-base-turkish-cased obtained.
2024-10-31 20:08:45,807 - INFO - dbmdz/bert-base-turkish-cased - Epoch 1, Batch 16: Training Top 1 Accuracy: 52.00%
2024-10-31 20:08:45,808 - INFO - dbmdz/bert-base-turkish-cased - Epoch 1, Batch 16: Training Top 5 Accuracy: 72.00%
2024-10-31 20:08:47,213 - INFO - Getting embeddings for dbmdz/bert-base-turkish-cased...
2024-10-31 20:08:48,487 - INFO - Embeddings for dbmdz/bert-base-turkish-cased obtained.
2024-10-31 20:08:49,883 - INFO - Getting embeddings for dbmdz/bert-base-turkish-cased...
2024-10-31 20:08:51,031 - INFO - Embeddings for dbmdz/bert-base-turkish-cased obtained.
2024-10-31 20:08:51,053 - INFO - dbmdz/bert-base-turkish-cased - Epoch 1: Validation Top 1 Accuracy: 47.00%
2024-10-31 20:08:51,054 - INFO - dbmdz/bert-base-turkish-cased - Epoch 1: Validation Top 5 Accuracy: 59.00%
2024-10-31 20:08:51,055 - INFO - dbmdz/bert-base-turkish-cased - Epoch 1: Model improved, saving model...
2024-10-31 20:08:51,056 - INFO - Evaluating model on test set: dbmdz/bert-base-turkish-cased
2024-10-31 20:08:52,409 - INFO - Getting embeddings for dbmdz/bert-base-turkish-cased...
2024-10-31 20:08:53,305 - INFO - Embeddings for dbmdz/bert-base-turkish-cased obtained.
2024-10-31 20:08:54,664 - INFO - Getting embeddings for dbmdz/bert-base-turkish-cased...
2024-10-31 20:08:55,718 - INFO - Embeddings for dbmdz/bert-base-turkish-cased obtained.
2024-10-31 20:08:55,740 - INFO - dbmdz/bert-base-turkish-cased - Test Top 1 Accuracy: 51.00%
2024-10-31 20:08:55,740 - INFO - dbmdz/bert-base-turkish-cased - Test Top 5 Accuracy: 65.00%
2024-10-31 20:08:55,741 - INFO - dbmdz/bert-base-turkish-cased - Wrong Answer Analysis:
2024-10-31 20:08:55,742 - ERROR - Error processing model dbmdz/bert-base-turkish-cased: unsupported format string passed to numpy.ndarray.__format__
