2024-10-31 19:13:09,579 - INFO - Reading CSV file...
2024-10-31 19:13:09,590 - INFO - CSV file successfully read.
2024-10-31 19:13:10,012 - INFO - Using device: cuda
2024-10-31 19:13:10,013 - INFO - Processing model: dbmdz/bert-base-turkish-cased
2024-10-31 19:13:14,169 - INFO - Starting epoch 1/3 for dbmdz/bert-base-turkish-cased...
2024-10-31 19:13:15,610 - INFO - Getting embeddings for dbmdz/bert-base-turkish-cased...
2024-10-31 19:13:15,928 - INFO - Embeddings for dbmdz/bert-base-turkish-cased obtained.
2024-10-31 19:13:17,384 - INFO - Getting embeddings for dbmdz/bert-base-turkish-cased...
2024-10-31 19:13:17,570 - INFO - Embeddings for dbmdz/bert-base-turkish-cased obtained.
2024-10-31 19:13:17,579 - INFO - dbmdz/bert-base-turkish-cased - Epoch 1, Batch 1: Training Top 1 Accuracy: 75.00%
2024-10-31 19:13:17,579 - INFO - dbmdz/bert-base-turkish-cased - Epoch 1, Batch 1: Training Top 5 Accuracy: 87.50%
2024-10-31 19:13:18,988 - INFO - Getting embeddings for dbmdz/bert-base-turkish-cased...
2024-10-31 19:13:19,161 - INFO - Embeddings for dbmdz/bert-base-turkish-cased obtained.
2024-10-31 19:13:20,571 - INFO - Getting embeddings for dbmdz/bert-base-turkish-cased...
2024-10-31 19:13:20,880 - INFO - Embeddings for dbmdz/bert-base-turkish-cased obtained.
2024-10-31 19:13:20,887 - INFO - dbmdz/bert-base-turkish-cased - Epoch 1, Batch 2: Training Top 1 Accuracy: 75.00%
2024-10-31 19:13:20,887 - INFO - dbmdz/bert-base-turkish-cased - Epoch 1, Batch 2: Training Top 5 Accuracy: 100.00%
2024-10-31 19:13:22,364 - INFO - Getting embeddings for dbmdz/bert-base-turkish-cased...
2024-10-31 19:13:22,588 - INFO - Embeddings for dbmdz/bert-base-turkish-cased obtained.
2024-10-31 19:13:24,039 - INFO - Getting embeddings for dbmdz/bert-base-turkish-cased...
2024-10-31 19:13:24,325 - INFO - Embeddings for dbmdz/bert-base-turkish-cased obtained.
2024-10-31 19:13:24,332 - INFO - dbmdz/bert-base-turkish-cased - Epoch 1, Batch 3: Training Top 1 Accuracy: 37.50%
2024-10-31 19:13:24,332 - INFO - dbmdz/bert-base-turkish-cased - Epoch 1, Batch 3: Training Top 5 Accuracy: 87.50%
2024-10-31 19:13:25,750 - INFO - Getting embeddings for dbmdz/bert-base-turkish-cased...
2024-10-31 19:13:25,896 - INFO - Embeddings for dbmdz/bert-base-turkish-cased obtained.
2024-10-31 19:13:27,348 - INFO - Getting embeddings for dbmdz/bert-base-turkish-cased...
2024-10-31 19:13:27,656 - INFO - Embeddings for dbmdz/bert-base-turkish-cased obtained.
2024-10-31 19:13:27,663 - INFO - dbmdz/bert-base-turkish-cased - Epoch 1, Batch 4: Training Top 1 Accuracy: 50.00%
2024-10-31 19:13:27,664 - INFO - dbmdz/bert-base-turkish-cased - Epoch 1, Batch 4: Training Top 5 Accuracy: 81.25%
2024-10-31 19:13:28,954 - INFO - Getting embeddings for dbmdz/bert-base-turkish-cased...
2024-10-31 19:13:29,163 - INFO - Embeddings for dbmdz/bert-base-turkish-cased obtained.
2024-10-31 19:13:30,568 - INFO - Getting embeddings for dbmdz/bert-base-turkish-cased...
2024-10-31 19:13:30,905 - INFO - Embeddings for dbmdz/bert-base-turkish-cased obtained.
2024-10-31 19:13:30,912 - INFO - dbmdz/bert-base-turkish-cased - Epoch 1, Batch 5: Training Top 1 Accuracy: 68.75%
2024-10-31 19:13:30,912 - INFO - dbmdz/bert-base-turkish-cased - Epoch 1, Batch 5: Training Top 5 Accuracy: 81.25%
2024-10-31 19:13:32,319 - INFO - Getting embeddings for dbmdz/bert-base-turkish-cased...
2024-10-31 19:13:32,493 - INFO - Embeddings for dbmdz/bert-base-turkish-cased obtained.
2024-10-31 19:13:33,870 - INFO - Getting embeddings for dbmdz/bert-base-turkish-cased...
2024-10-31 19:13:34,163 - INFO - Embeddings for dbmdz/bert-base-turkish-cased obtained.
2024-10-31 19:13:34,170 - INFO - dbmdz/bert-base-turkish-cased - Epoch 1, Batch 6: Training Top 1 Accuracy: 62.50%
2024-10-31 19:13:34,170 - INFO - dbmdz/bert-base-turkish-cased - Epoch 1, Batch 6: Training Top 5 Accuracy: 75.00%
2024-10-31 19:13:35,503 - INFO - Getting embeddings for dbmdz/bert-base-turkish-cased...
2024-10-31 19:13:35,650 - INFO - Embeddings for dbmdz/bert-base-turkish-cased obtained.
2024-10-31 19:13:36,973 - INFO - Getting embeddings for dbmdz/bert-base-turkish-cased...
2024-10-31 19:13:37,265 - INFO - Embeddings for dbmdz/bert-base-turkish-cased obtained.
2024-10-31 19:13:37,271 - INFO - dbmdz/bert-base-turkish-cased - Epoch 1, Batch 7: Training Top 1 Accuracy: 68.75%
2024-10-31 19:13:37,272 - INFO - dbmdz/bert-base-turkish-cased - Epoch 1, Batch 7: Training Top 5 Accuracy: 81.25%
2024-10-31 19:13:38,626 - INFO - Getting embeddings for dbmdz/bert-base-turkish-cased...
2024-10-31 19:13:38,801 - INFO - Embeddings for dbmdz/bert-base-turkish-cased obtained.
2024-10-31 19:13:40,441 - INFO - Getting embeddings for dbmdz/bert-base-turkish-cased...
2024-10-31 19:13:40,680 - INFO - Embeddings for dbmdz/bert-base-turkish-cased obtained.
2024-10-31 19:13:40,686 - INFO - dbmdz/bert-base-turkish-cased - Epoch 1, Batch 8: Training Top 1 Accuracy: 50.00%
2024-10-31 19:13:40,687 - INFO - dbmdz/bert-base-turkish-cased - Epoch 1, Batch 8: Training Top 5 Accuracy: 62.50%
2024-10-31 19:13:42,093 - INFO - Getting embeddings for dbmdz/bert-base-turkish-cased...
2024-10-31 19:13:42,314 - INFO - Embeddings for dbmdz/bert-base-turkish-cased obtained.
2024-10-31 19:13:44,153 - INFO - Getting embeddings for dbmdz/bert-base-turkish-cased...
2024-10-31 19:13:44,427 - INFO - Embeddings for dbmdz/bert-base-turkish-cased obtained.
2024-10-31 19:13:44,441 - INFO - dbmdz/bert-base-turkish-cased - Epoch 1, Batch 9: Training Top 1 Accuracy: 43.75%
2024-10-31 19:13:44,441 - INFO - dbmdz/bert-base-turkish-cased - Epoch 1, Batch 9: Training Top 5 Accuracy: 81.25%
2024-10-31 19:13:45,798 - INFO - Getting embeddings for dbmdz/bert-base-turkish-cased...
2024-10-31 19:13:45,998 - INFO - Embeddings for dbmdz/bert-base-turkish-cased obtained.
2024-10-31 19:13:47,889 - INFO - Getting embeddings for dbmdz/bert-base-turkish-cased...
2024-10-31 19:13:48,208 - INFO - Embeddings for dbmdz/bert-base-turkish-cased obtained.
2024-10-31 19:13:48,215 - INFO - dbmdz/bert-base-turkish-cased - Epoch 1, Batch 10: Training Top 1 Accuracy: 56.25%
2024-10-31 19:13:48,215 - INFO - dbmdz/bert-base-turkish-cased - Epoch 1, Batch 10: Training Top 5 Accuracy: 75.00%
2024-10-31 19:13:49,708 - INFO - Getting embeddings for dbmdz/bert-base-turkish-cased...
2024-10-31 19:13:49,864 - INFO - Embeddings for dbmdz/bert-base-turkish-cased obtained.
2024-10-31 19:13:51,436 - INFO - Getting embeddings for dbmdz/bert-base-turkish-cased...
2024-10-31 19:13:51,683 - INFO - Embeddings for dbmdz/bert-base-turkish-cased obtained.
2024-10-31 19:13:51,698 - INFO - dbmdz/bert-base-turkish-cased - Epoch 1, Batch 11: Training Top 1 Accuracy: 68.75%
2024-10-31 19:13:51,699 - INFO - dbmdz/bert-base-turkish-cased - Epoch 1, Batch 11: Training Top 5 Accuracy: 81.25%
2024-10-31 19:13:53,232 - INFO - Getting embeddings for dbmdz/bert-base-turkish-cased...
2024-10-31 19:13:53,428 - INFO - Embeddings for dbmdz/bert-base-turkish-cased obtained.
2024-10-31 19:13:54,909 - INFO - Getting embeddings for dbmdz/bert-base-turkish-cased...
2024-10-31 19:13:55,079 - INFO - Embeddings for dbmdz/bert-base-turkish-cased obtained.
2024-10-31 19:13:55,086 - INFO - dbmdz/bert-base-turkish-cased - Epoch 1, Batch 12: Training Top 1 Accuracy: 25.00%
2024-10-31 19:13:55,086 - INFO - dbmdz/bert-base-turkish-cased - Epoch 1, Batch 12: Training Top 5 Accuracy: 56.25%
2024-10-31 19:13:56,455 - INFO - Getting embeddings for dbmdz/bert-base-turkish-cased...
2024-10-31 19:13:56,738 - INFO - Embeddings for dbmdz/bert-base-turkish-cased obtained.
2024-10-31 19:13:58,082 - INFO - Getting embeddings for dbmdz/bert-base-turkish-cased...
2024-10-31 19:13:58,268 - INFO - Embeddings for dbmdz/bert-base-turkish-cased obtained.
2024-10-31 19:13:58,274 - INFO - dbmdz/bert-base-turkish-cased - Epoch 1, Batch 13: Training Top 1 Accuracy: 68.75%
2024-10-31 19:13:58,275 - INFO - dbmdz/bert-base-turkish-cased - Epoch 1, Batch 13: Training Top 5 Accuracy: 81.25%
2024-10-31 19:13:59,695 - INFO - Getting embeddings for dbmdz/bert-base-turkish-cased...
2024-10-31 19:13:59,942 - INFO - Embeddings for dbmdz/bert-base-turkish-cased obtained.
2024-10-31 19:14:01,297 - INFO - Getting embeddings for dbmdz/bert-base-turkish-cased...
2024-10-31 19:14:01,490 - INFO - Embeddings for dbmdz/bert-base-turkish-cased obtained.
2024-10-31 19:14:01,497 - INFO - dbmdz/bert-base-turkish-cased - Epoch 1, Batch 14: Training Top 1 Accuracy: 68.75%
2024-10-31 19:14:01,497 - INFO - dbmdz/bert-base-turkish-cased - Epoch 1, Batch 14: Training Top 5 Accuracy: 93.75%
2024-10-31 19:14:02,823 - INFO - Getting embeddings for dbmdz/bert-base-turkish-cased...
2024-10-31 19:14:03,073 - INFO - Embeddings for dbmdz/bert-base-turkish-cased obtained.
2024-10-31 19:14:04,389 - INFO - Getting embeddings for dbmdz/bert-base-turkish-cased...
2024-10-31 19:14:04,567 - INFO - Embeddings for dbmdz/bert-base-turkish-cased obtained.
2024-10-31 19:14:04,577 - INFO - dbmdz/bert-base-turkish-cased - Epoch 1, Batch 15: Training Top 1 Accuracy: 56.25%
2024-10-31 19:14:04,578 - INFO - dbmdz/bert-base-turkish-cased - Epoch 1, Batch 15: Training Top 5 Accuracy: 68.75%
2024-10-31 19:14:06,031 - INFO - Getting embeddings for dbmdz/bert-base-turkish-cased...
2024-10-31 19:14:06,268 - INFO - Embeddings for dbmdz/bert-base-turkish-cased obtained.
2024-10-31 19:14:07,697 - INFO - Getting embeddings for dbmdz/bert-base-turkish-cased...
2024-10-31 19:14:07,933 - INFO - Embeddings for dbmdz/bert-base-turkish-cased obtained.
2024-10-31 19:14:07,940 - INFO - dbmdz/bert-base-turkish-cased - Epoch 1, Batch 16: Training Top 1 Accuracy: 68.75%
2024-10-31 19:14:07,940 - INFO - dbmdz/bert-base-turkish-cased - Epoch 1, Batch 16: Training Top 5 Accuracy: 87.50%
2024-10-31 19:14:09,310 - INFO - Getting embeddings for dbmdz/bert-base-turkish-cased...
2024-10-31 19:14:09,593 - INFO - Embeddings for dbmdz/bert-base-turkish-cased obtained.
2024-10-31 19:14:11,021 - INFO - Getting embeddings for dbmdz/bert-base-turkish-cased...
2024-10-31 19:14:11,221 - INFO - Embeddings for dbmdz/bert-base-turkish-cased obtained.
2024-10-31 19:14:11,228 - INFO - dbmdz/bert-base-turkish-cased - Epoch 1, Batch 17: Training Top 1 Accuracy: 81.25%
2024-10-31 19:14:11,228 - INFO - dbmdz/bert-base-turkish-cased - Epoch 1, Batch 17: Training Top 5 Accuracy: 93.75%
2024-10-31 19:14:12,646 - INFO - Getting embeddings for dbmdz/bert-base-turkish-cased...
2024-10-31 19:14:12,802 - INFO - Embeddings for dbmdz/bert-base-turkish-cased obtained.
2024-10-31 19:14:14,192 - INFO - Getting embeddings for dbmdz/bert-base-turkish-cased...
2024-10-31 19:14:14,429 - INFO - Embeddings for dbmdz/bert-base-turkish-cased obtained.
2024-10-31 19:14:14,436 - INFO - dbmdz/bert-base-turkish-cased - Epoch 1, Batch 18: Training Top 1 Accuracy: 68.75%
2024-10-31 19:14:14,436 - INFO - dbmdz/bert-base-turkish-cased - Epoch 1, Batch 18: Training Top 5 Accuracy: 81.25%
2024-10-31 19:14:15,849 - INFO - Getting embeddings for dbmdz/bert-base-turkish-cased...
2024-10-31 19:14:16,009 - INFO - Embeddings for dbmdz/bert-base-turkish-cased obtained.
2024-10-31 19:14:17,490 - INFO - Getting embeddings for dbmdz/bert-base-turkish-cased...
2024-10-31 19:14:17,759 - INFO - Embeddings for dbmdz/bert-base-turkish-cased obtained.
2024-10-31 19:14:17,767 - INFO - dbmdz/bert-base-turkish-cased - Epoch 1, Batch 19: Training Top 1 Accuracy: 43.75%
2024-10-31 19:14:17,767 - INFO - dbmdz/bert-base-turkish-cased - Epoch 1, Batch 19: Training Top 5 Accuracy: 68.75%
2024-10-31 19:14:19,210 - INFO - Getting embeddings for dbmdz/bert-base-turkish-cased...
2024-10-31 19:14:19,414 - INFO - Embeddings for dbmdz/bert-base-turkish-cased obtained.
2024-10-31 19:14:20,873 - INFO - Getting embeddings for dbmdz/bert-base-turkish-cased...
2024-10-31 19:14:21,159 - INFO - Embeddings for dbmdz/bert-base-turkish-cased obtained.
2024-10-31 19:14:21,166 - INFO - dbmdz/bert-base-turkish-cased - Epoch 1, Batch 20: Training Top 1 Accuracy: 50.00%
2024-10-31 19:14:21,166 - INFO - dbmdz/bert-base-turkish-cased - Epoch 1, Batch 20: Training Top 5 Accuracy: 75.00%
2024-10-31 19:14:22,535 - INFO - Getting embeddings for dbmdz/bert-base-turkish-cased...
2024-10-31 19:14:22,759 - INFO - Embeddings for dbmdz/bert-base-turkish-cased obtained.
2024-10-31 19:14:24,274 - INFO - Getting embeddings for dbmdz/bert-base-turkish-cased...
2024-10-31 19:14:24,481 - INFO - Embeddings for dbmdz/bert-base-turkish-cased obtained.
2024-10-31 19:14:24,488 - INFO - dbmdz/bert-base-turkish-cased - Epoch 1, Batch 21: Training Top 1 Accuracy: 50.00%
2024-10-31 19:14:24,488 - INFO - dbmdz/bert-base-turkish-cased - Epoch 1, Batch 21: Training Top 5 Accuracy: 81.25%
2024-10-31 19:14:26,139 - INFO - Getting embeddings for dbmdz/bert-base-turkish-cased...
2024-10-31 19:14:26,370 - INFO - Embeddings for dbmdz/bert-base-turkish-cased obtained.
2024-10-31 19:14:27,714 - INFO - Getting embeddings for dbmdz/bert-base-turkish-cased...
2024-10-31 19:14:27,917 - INFO - Embeddings for dbmdz/bert-base-turkish-cased obtained.
2024-10-31 19:14:27,925 - INFO - dbmdz/bert-base-turkish-cased - Epoch 1, Batch 22: Training Top 1 Accuracy: 75.00%
2024-10-31 19:14:27,925 - INFO - dbmdz/bert-base-turkish-cased - Epoch 1, Batch 22: Training Top 5 Accuracy: 75.00%
2024-10-31 19:14:29,345 - INFO - Getting embeddings for dbmdz/bert-base-turkish-cased...
2024-10-31 19:14:29,570 - INFO - Embeddings for dbmdz/bert-base-turkish-cased obtained.
2024-10-31 19:14:30,951 - INFO - Getting embeddings for dbmdz/bert-base-turkish-cased...
2024-10-31 19:14:31,147 - INFO - Embeddings for dbmdz/bert-base-turkish-cased obtained.
2024-10-31 19:14:31,154 - INFO - dbmdz/bert-base-turkish-cased - Epoch 1, Batch 23: Training Top 1 Accuracy: 43.75%
2024-10-31 19:14:31,154 - INFO - dbmdz/bert-base-turkish-cased - Epoch 1, Batch 23: Training Top 5 Accuracy: 68.75%
2024-10-31 19:14:32,569 - INFO - Getting embeddings for dbmdz/bert-base-turkish-cased...
2024-10-31 19:14:32,902 - INFO - Embeddings for dbmdz/bert-base-turkish-cased obtained.
2024-10-31 19:14:34,272 - INFO - Getting embeddings for dbmdz/bert-base-turkish-cased...
2024-10-31 19:14:34,460 - INFO - Embeddings for dbmdz/bert-base-turkish-cased obtained.
2024-10-31 19:14:34,467 - INFO - dbmdz/bert-base-turkish-cased - Epoch 1, Batch 24: Training Top 1 Accuracy: 93.75%
2024-10-31 19:14:34,467 - INFO - dbmdz/bert-base-turkish-cased - Epoch 1, Batch 24: Training Top 5 Accuracy: 93.75%
2024-10-31 19:14:35,867 - INFO - Getting embeddings for dbmdz/bert-base-turkish-cased...
2024-10-31 19:14:36,101 - INFO - Embeddings for dbmdz/bert-base-turkish-cased obtained.
2024-10-31 19:14:37,547 - INFO - Getting embeddings for dbmdz/bert-base-turkish-cased...
2024-10-31 19:14:37,774 - INFO - Embeddings for dbmdz/bert-base-turkish-cased obtained.
2024-10-31 19:14:37,782 - INFO - dbmdz/bert-base-turkish-cased - Epoch 1, Batch 25: Training Top 1 Accuracy: 87.50%
2024-10-31 19:14:37,782 - INFO - dbmdz/bert-base-turkish-cased - Epoch 1, Batch 25: Training Top 5 Accuracy: 87.50%
2024-10-31 19:14:39,126 - INFO - Getting embeddings for dbmdz/bert-base-turkish-cased...
2024-10-31 19:14:39,299 - INFO - Embeddings for dbmdz/bert-base-turkish-cased obtained.
2024-10-31 19:14:40,757 - INFO - Getting embeddings for dbmdz/bert-base-turkish-cased...
2024-10-31 19:14:41,046 - INFO - Embeddings for dbmdz/bert-base-turkish-cased obtained.
2024-10-31 19:14:41,053 - INFO - dbmdz/bert-base-turkish-cased - Epoch 1, Batch 26: Training Top 1 Accuracy: 75.00%
2024-10-31 19:14:41,053 - INFO - dbmdz/bert-base-turkish-cased - Epoch 1, Batch 26: Training Top 5 Accuracy: 81.25%
2024-10-31 19:14:42,398 - INFO - Getting embeddings for dbmdz/bert-base-turkish-cased...
2024-10-31 19:14:42,575 - INFO - Embeddings for dbmdz/bert-base-turkish-cased obtained.
2024-10-31 19:14:43,941 - INFO - Getting embeddings for dbmdz/bert-base-turkish-cased...
2024-10-31 19:14:44,254 - INFO - Embeddings for dbmdz/bert-base-turkish-cased obtained.
2024-10-31 19:14:44,261 - INFO - dbmdz/bert-base-turkish-cased - Epoch 1, Batch 27: Training Top 1 Accuracy: 62.50%
2024-10-31 19:14:44,261 - INFO - dbmdz/bert-base-turkish-cased - Epoch 1, Batch 27: Training Top 5 Accuracy: 87.50%
2024-10-31 19:14:45,618 - INFO - Getting embeddings for dbmdz/bert-base-turkish-cased...
2024-10-31 19:14:45,771 - INFO - Embeddings for dbmdz/bert-base-turkish-cased obtained.
2024-10-31 19:14:47,199 - INFO - Getting embeddings for dbmdz/bert-base-turkish-cased...
2024-10-31 19:14:47,518 - INFO - Embeddings for dbmdz/bert-base-turkish-cased obtained.
2024-10-31 19:14:47,525 - INFO - dbmdz/bert-base-turkish-cased - Epoch 1, Batch 28: Training Top 1 Accuracy: 62.50%
2024-10-31 19:14:47,525 - INFO - dbmdz/bert-base-turkish-cased - Epoch 1, Batch 28: Training Top 5 Accuracy: 75.00%
2024-10-31 19:14:49,128 - INFO - Getting embeddings for dbmdz/bert-base-turkish-cased...
2024-10-31 19:14:49,305 - INFO - Embeddings for dbmdz/bert-base-turkish-cased obtained.
2024-10-31 19:14:50,740 - INFO - Getting embeddings for dbmdz/bert-base-turkish-cased...
2024-10-31 19:14:50,921 - INFO - Embeddings for dbmdz/bert-base-turkish-cased obtained.
2024-10-31 19:14:50,927 - INFO - dbmdz/bert-base-turkish-cased - Epoch 1, Batch 29: Training Top 1 Accuracy: 50.00%
2024-10-31 19:14:50,928 - INFO - dbmdz/bert-base-turkish-cased - Epoch 1, Batch 29: Training Top 5 Accuracy: 81.25%
2024-10-31 19:14:52,296 - INFO - Getting embeddings for dbmdz/bert-base-turkish-cased...
2024-10-31 19:14:52,497 - INFO - Embeddings for dbmdz/bert-base-turkish-cased obtained.
2024-10-31 19:14:53,826 - INFO - Getting embeddings for dbmdz/bert-base-turkish-cased...
2024-10-31 19:14:54,056 - INFO - Embeddings for dbmdz/bert-base-turkish-cased obtained.
2024-10-31 19:14:54,063 - INFO - dbmdz/bert-base-turkish-cased - Epoch 1, Batch 30: Training Top 1 Accuracy: 81.25%
2024-10-31 19:14:54,064 - INFO - dbmdz/bert-base-turkish-cased - Epoch 1, Batch 30: Training Top 5 Accuracy: 87.50%
2024-10-31 19:14:55,477 - INFO - Getting embeddings for dbmdz/bert-base-turkish-cased...
2024-10-31 19:14:55,635 - INFO - Embeddings for dbmdz/bert-base-turkish-cased obtained.
2024-10-31 19:14:57,032 - INFO - Getting embeddings for dbmdz/bert-base-turkish-cased...
2024-10-31 19:14:57,256 - INFO - Embeddings for dbmdz/bert-base-turkish-cased obtained.
2024-10-31 19:14:57,264 - INFO - dbmdz/bert-base-turkish-cased - Epoch 1, Batch 31: Training Top 1 Accuracy: 68.75%
2024-10-31 19:14:57,264 - INFO - dbmdz/bert-base-turkish-cased - Epoch 1, Batch 31: Training Top 5 Accuracy: 75.00%
2024-10-31 19:14:58,896 - INFO - Getting embeddings for dbmdz/bert-base-turkish-cased...
2024-10-31 19:14:59,139 - INFO - Embeddings for dbmdz/bert-base-turkish-cased obtained.
2024-10-31 19:15:00,431 - INFO - Getting embeddings for dbmdz/bert-base-turkish-cased...
2024-10-31 19:15:00,669 - INFO - Embeddings for dbmdz/bert-base-turkish-cased obtained.
2024-10-31 19:15:00,675 - INFO - dbmdz/bert-base-turkish-cased - Epoch 1, Batch 32: Training Top 1 Accuracy: 68.75%
2024-10-31 19:15:00,676 - INFO - dbmdz/bert-base-turkish-cased - Epoch 1, Batch 32: Training Top 5 Accuracy: 100.00%
2024-10-31 19:15:02,125 - INFO - Getting embeddings for dbmdz/bert-base-turkish-cased...
2024-10-31 19:15:02,358 - INFO - Embeddings for dbmdz/bert-base-turkish-cased obtained.
2024-10-31 19:15:03,691 - INFO - Getting embeddings for dbmdz/bert-base-turkish-cased...
2024-10-31 19:15:03,869 - INFO - Embeddings for dbmdz/bert-base-turkish-cased obtained.
2024-10-31 19:15:03,875 - INFO - dbmdz/bert-base-turkish-cased - Epoch 1, Batch 33: Training Top 1 Accuracy: 56.25%
2024-10-31 19:15:03,876 - INFO - dbmdz/bert-base-turkish-cased - Epoch 1, Batch 33: Training Top 5 Accuracy: 62.50%
2024-10-31 19:15:05,415 - INFO - Getting embeddings for dbmdz/bert-base-turkish-cased...
2024-10-31 19:15:05,691 - INFO - Embeddings for dbmdz/bert-base-turkish-cased obtained.
2024-10-31 19:15:07,009 - INFO - Getting embeddings for dbmdz/bert-base-turkish-cased...
2024-10-31 19:15:07,233 - INFO - Embeddings for dbmdz/bert-base-turkish-cased obtained.
2024-10-31 19:15:07,240 - INFO - dbmdz/bert-base-turkish-cased - Epoch 1, Batch 34: Training Top 1 Accuracy: 56.25%
2024-10-31 19:15:07,240 - INFO - dbmdz/bert-base-turkish-cased - Epoch 1, Batch 34: Training Top 5 Accuracy: 56.25%
2024-10-31 19:15:08,640 - INFO - Getting embeddings for dbmdz/bert-base-turkish-cased...
2024-10-31 19:15:08,916 - INFO - Embeddings for dbmdz/bert-base-turkish-cased obtained.
2024-10-31 19:15:10,254 - INFO - Getting embeddings for dbmdz/bert-base-turkish-cased...
2024-10-31 19:15:10,466 - INFO - Embeddings for dbmdz/bert-base-turkish-cased obtained.
2024-10-31 19:15:10,473 - INFO - dbmdz/bert-base-turkish-cased - Epoch 1, Batch 35: Training Top 1 Accuracy: 37.50%
2024-10-31 19:15:10,473 - INFO - dbmdz/bert-base-turkish-cased - Epoch 1, Batch 35: Training Top 5 Accuracy: 68.75%
2024-10-31 19:15:12,095 - INFO - Getting embeddings for dbmdz/bert-base-turkish-cased...
2024-10-31 19:15:12,289 - INFO - Embeddings for dbmdz/bert-base-turkish-cased obtained.
2024-10-31 19:15:13,637 - INFO - Getting embeddings for dbmdz/bert-base-turkish-cased...
2024-10-31 19:15:13,857 - INFO - Embeddings for dbmdz/bert-base-turkish-cased obtained.
2024-10-31 19:15:13,866 - INFO - dbmdz/bert-base-turkish-cased - Epoch 1, Batch 36: Training Top 1 Accuracy: 87.50%
2024-10-31 19:15:13,867 - INFO - dbmdz/bert-base-turkish-cased - Epoch 1, Batch 36: Training Top 5 Accuracy: 93.75%
2024-10-31 19:15:15,266 - INFO - Getting embeddings for dbmdz/bert-base-turkish-cased...
2024-10-31 19:15:15,514 - INFO - Embeddings for dbmdz/bert-base-turkish-cased obtained.
2024-10-31 19:15:16,881 - INFO - Getting embeddings for dbmdz/bert-base-turkish-cased...
2024-10-31 19:15:17,114 - INFO - Embeddings for dbmdz/bert-base-turkish-cased obtained.
2024-10-31 19:15:17,121 - INFO - dbmdz/bert-base-turkish-cased - Epoch 1, Batch 37: Training Top 1 Accuracy: 43.75%
2024-10-31 19:15:17,125 - INFO - dbmdz/bert-base-turkish-cased - Epoch 1, Batch 37: Training Top 5 Accuracy: 62.50%
2024-10-31 19:15:18,569 - INFO - Getting embeddings for dbmdz/bert-base-turkish-cased...
2024-10-31 19:15:18,766 - INFO - Embeddings for dbmdz/bert-base-turkish-cased obtained.
2024-10-31 19:15:20,131 - INFO - Getting embeddings for dbmdz/bert-base-turkish-cased...
2024-10-31 19:15:20,393 - INFO - Embeddings for dbmdz/bert-base-turkish-cased obtained.
2024-10-31 19:15:20,401 - INFO - dbmdz/bert-base-turkish-cased - Epoch 1, Batch 38: Training Top 1 Accuracy: 68.75%
2024-10-31 19:15:20,401 - INFO - dbmdz/bert-base-turkish-cased - Epoch 1, Batch 38: Training Top 5 Accuracy: 87.50%
2024-10-31 19:15:21,849 - INFO - Getting embeddings for dbmdz/bert-base-turkish-cased...
2024-10-31 19:15:22,078 - INFO - Embeddings for dbmdz/bert-base-turkish-cased obtained.
2024-10-31 19:15:23,510 - INFO - Getting embeddings for dbmdz/bert-base-turkish-cased...
2024-10-31 19:15:23,794 - INFO - Embeddings for dbmdz/bert-base-turkish-cased obtained.
2024-10-31 19:15:23,801 - INFO - dbmdz/bert-base-turkish-cased - Epoch 1, Batch 39: Training Top 1 Accuracy: 68.75%
2024-10-31 19:15:23,801 - INFO - dbmdz/bert-base-turkish-cased - Epoch 1, Batch 39: Training Top 5 Accuracy: 81.25%
2024-10-31 19:15:25,382 - INFO - Getting embeddings for dbmdz/bert-base-turkish-cased...
2024-10-31 19:15:25,567 - INFO - Embeddings for dbmdz/bert-base-turkish-cased obtained.
2024-10-31 19:15:27,029 - INFO - Getting embeddings for dbmdz/bert-base-turkish-cased...
2024-10-31 19:15:27,365 - INFO - Embeddings for dbmdz/bert-base-turkish-cased obtained.
2024-10-31 19:15:27,371 - INFO - dbmdz/bert-base-turkish-cased - Epoch 1, Batch 40: Training Top 1 Accuracy: 56.25%
2024-10-31 19:15:27,371 - INFO - dbmdz/bert-base-turkish-cased - Epoch 1, Batch 40: Training Top 5 Accuracy: 81.25%
2024-10-31 19:15:28,726 - INFO - Getting embeddings for dbmdz/bert-base-turkish-cased...
2024-10-31 19:15:28,947 - INFO - Embeddings for dbmdz/bert-base-turkish-cased obtained.
2024-10-31 19:15:30,344 - INFO - Getting embeddings for dbmdz/bert-base-turkish-cased...
2024-10-31 19:15:30,600 - INFO - Embeddings for dbmdz/bert-base-turkish-cased obtained.
2024-10-31 19:15:30,606 - INFO - dbmdz/bert-base-turkish-cased - Epoch 1, Batch 41: Training Top 1 Accuracy: 75.00%
2024-10-31 19:15:30,607 - INFO - dbmdz/bert-base-turkish-cased - Epoch 1, Batch 41: Training Top 5 Accuracy: 75.00%
2024-10-31 19:15:31,933 - INFO - Getting embeddings for dbmdz/bert-base-turkish-cased...
2024-10-31 19:15:32,164 - INFO - Embeddings for dbmdz/bert-base-turkish-cased obtained.
2024-10-31 19:15:33,594 - INFO - Getting embeddings for dbmdz/bert-base-turkish-cased...
2024-10-31 19:15:33,929 - INFO - Embeddings for dbmdz/bert-base-turkish-cased obtained.
2024-10-31 19:15:33,936 - INFO - dbmdz/bert-base-turkish-cased - Epoch 1, Batch 42: Training Top 1 Accuracy: 43.75%
2024-10-31 19:15:33,936 - INFO - dbmdz/bert-base-turkish-cased - Epoch 1, Batch 42: Training Top 5 Accuracy: 81.25%
2024-10-31 19:15:35,253 - INFO - Getting embeddings for dbmdz/bert-base-turkish-cased...
2024-10-31 19:15:35,399 - INFO - Embeddings for dbmdz/bert-base-turkish-cased obtained.
2024-10-31 19:15:36,819 - INFO - Getting embeddings for dbmdz/bert-base-turkish-cased...
2024-10-31 19:15:37,109 - INFO - Embeddings for dbmdz/bert-base-turkish-cased obtained.
2024-10-31 19:15:37,116 - INFO - dbmdz/bert-base-turkish-cased - Epoch 1, Batch 43: Training Top 1 Accuracy: 62.50%
2024-10-31 19:15:37,116 - INFO - dbmdz/bert-base-turkish-cased - Epoch 1, Batch 43: Training Top 5 Accuracy: 68.75%
2024-10-31 19:15:38,445 - INFO - Getting embeddings for dbmdz/bert-base-turkish-cased...
2024-10-31 19:15:38,642 - INFO - Embeddings for dbmdz/bert-base-turkish-cased obtained.
2024-10-31 19:15:40,110 - INFO - Getting embeddings for dbmdz/bert-base-turkish-cased...
2024-10-31 19:15:40,310 - INFO - Embeddings for dbmdz/bert-base-turkish-cased obtained.
2024-10-31 19:15:40,317 - INFO - dbmdz/bert-base-turkish-cased - Epoch 1, Batch 44: Training Top 1 Accuracy: 68.75%
2024-10-31 19:15:40,317 - INFO - dbmdz/bert-base-turkish-cased - Epoch 1, Batch 44: Training Top 5 Accuracy: 81.25%
2024-10-31 19:15:41,710 - INFO - Getting embeddings for dbmdz/bert-base-turkish-cased...
2024-10-31 19:15:41,955 - INFO - Embeddings for dbmdz/bert-base-turkish-cased obtained.
2024-10-31 19:15:43,277 - INFO - Getting embeddings for dbmdz/bert-base-turkish-cased...
2024-10-31 19:15:43,474 - INFO - Embeddings for dbmdz/bert-base-turkish-cased obtained.
2024-10-31 19:15:43,481 - INFO - dbmdz/bert-base-turkish-cased - Epoch 1, Batch 45: Training Top 1 Accuracy: 68.75%
2024-10-31 19:15:43,481 - INFO - dbmdz/bert-base-turkish-cased - Epoch 1, Batch 45: Training Top 5 Accuracy: 68.75%
2024-10-31 19:15:44,850 - INFO - Getting embeddings for dbmdz/bert-base-turkish-cased...
2024-10-31 19:15:45,098 - INFO - Embeddings for dbmdz/bert-base-turkish-cased obtained.
2024-10-31 19:15:46,438 - INFO - Getting embeddings for dbmdz/bert-base-turkish-cased...
2024-10-31 19:15:46,627 - INFO - Embeddings for dbmdz/bert-base-turkish-cased obtained.
2024-10-31 19:15:46,633 - INFO - dbmdz/bert-base-turkish-cased - Epoch 1, Batch 46: Training Top 1 Accuracy: 56.25%
2024-10-31 19:15:46,633 - INFO - dbmdz/bert-base-turkish-cased - Epoch 1, Batch 46: Training Top 5 Accuracy: 87.50%
2024-10-31 19:15:47,997 - INFO - Getting embeddings for dbmdz/bert-base-turkish-cased...
2024-10-31 19:15:48,247 - INFO - Embeddings for dbmdz/bert-base-turkish-cased obtained.
2024-10-31 19:15:49,692 - INFO - Getting embeddings for dbmdz/bert-base-turkish-cased...
2024-10-31 19:15:49,867 - INFO - Embeddings for dbmdz/bert-base-turkish-cased obtained.
2024-10-31 19:15:49,874 - INFO - dbmdz/bert-base-turkish-cased - Epoch 1, Batch 47: Training Top 1 Accuracy: 62.50%
2024-10-31 19:15:49,874 - INFO - dbmdz/bert-base-turkish-cased - Epoch 1, Batch 47: Training Top 5 Accuracy: 81.25%
2024-10-31 19:15:51,279 - INFO - Getting embeddings for dbmdz/bert-base-turkish-cased...
2024-10-31 19:15:51,528 - INFO - Embeddings for dbmdz/bert-base-turkish-cased obtained.
2024-10-31 19:15:52,895 - INFO - Getting embeddings for dbmdz/bert-base-turkish-cased...
2024-10-31 19:15:53,078 - INFO - Embeddings for dbmdz/bert-base-turkish-cased obtained.
2024-10-31 19:15:53,085 - INFO - dbmdz/bert-base-turkish-cased - Epoch 1, Batch 48: Training Top 1 Accuracy: 43.75%
2024-10-31 19:15:53,085 - INFO - dbmdz/bert-base-turkish-cased - Epoch 1, Batch 48: Training Top 5 Accuracy: 68.75%
2024-10-31 19:15:54,399 - INFO - Getting embeddings for dbmdz/bert-base-turkish-cased...
2024-10-31 19:15:54,569 - INFO - Embeddings for dbmdz/bert-base-turkish-cased obtained.
2024-10-31 19:15:56,058 - INFO - Getting embeddings for dbmdz/bert-base-turkish-cased...
2024-10-31 19:15:56,381 - INFO - Embeddings for dbmdz/bert-base-turkish-cased obtained.
2024-10-31 19:15:56,387 - INFO - dbmdz/bert-base-turkish-cased - Epoch 1, Batch 49: Training Top 1 Accuracy: 81.25%
2024-10-31 19:15:56,388 - INFO - dbmdz/bert-base-turkish-cased - Epoch 1, Batch 49: Training Top 5 Accuracy: 87.50%
2024-10-31 19:15:58,069 - INFO - Getting embeddings for dbmdz/bert-base-turkish-cased...
2024-10-31 19:15:58,317 - INFO - Embeddings for dbmdz/bert-base-turkish-cased obtained.
2024-10-31 19:15:59,666 - INFO - Getting embeddings for dbmdz/bert-base-turkish-cased...
2024-10-31 19:15:59,837 - INFO - Embeddings for dbmdz/bert-base-turkish-cased obtained.
2024-10-31 19:15:59,845 - INFO - dbmdz/bert-base-turkish-cased - Epoch 1, Batch 50: Training Top 1 Accuracy: 56.25%
2024-10-31 19:15:59,845 - INFO - dbmdz/bert-base-turkish-cased - Epoch 1, Batch 50: Training Top 5 Accuracy: 68.75%
2024-10-31 19:16:01,230 - INFO - Getting embeddings for dbmdz/bert-base-turkish-cased...
2024-10-31 19:16:02,349 - INFO - Embeddings for dbmdz/bert-base-turkish-cased obtained.
2024-10-31 19:16:03,663 - INFO - Getting embeddings for dbmdz/bert-base-turkish-cased...
2024-10-31 19:16:05,083 - INFO - Embeddings for dbmdz/bert-base-turkish-cased obtained.
2024-10-31 19:16:05,104 - INFO - dbmdz/bert-base-turkish-cased - Epoch 1: Validation Top 1 Accuracy: 40.00%
2024-10-31 19:16:05,105 - INFO - dbmdz/bert-base-turkish-cased - Epoch 1: Validation Top 5 Accuracy: 54.00%
2024-10-31 19:16:05,106 - INFO - Starting epoch 2/3 for dbmdz/bert-base-turkish-cased...
2024-10-31 19:16:06,639 - INFO - Getting embeddings for dbmdz/bert-base-turkish-cased...
2024-10-31 19:16:06,838 - INFO - Embeddings for dbmdz/bert-base-turkish-cased obtained.
2024-10-31 19:16:08,229 - INFO - Getting embeddings for dbmdz/bert-base-turkish-cased...
2024-10-31 19:16:08,488 - INFO - Embeddings for dbmdz/bert-base-turkish-cased obtained.
2024-10-31 19:16:08,495 - INFO - dbmdz/bert-base-turkish-cased - Epoch 2, Batch 1: Training Top 1 Accuracy: 56.25%
2024-10-31 19:16:08,495 - INFO - dbmdz/bert-base-turkish-cased - Epoch 2, Batch 1: Training Top 5 Accuracy: 81.25%
2024-10-31 19:16:09,833 - INFO - Getting embeddings for dbmdz/bert-base-turkish-cased...
2024-10-31 19:16:09,986 - INFO - Embeddings for dbmdz/bert-base-turkish-cased obtained.
2024-10-31 19:16:11,386 - INFO - Getting embeddings for dbmdz/bert-base-turkish-cased...
2024-10-31 19:16:11,584 - INFO - Embeddings for dbmdz/bert-base-turkish-cased obtained.
2024-10-31 19:16:11,591 - INFO - dbmdz/bert-base-turkish-cased - Epoch 2, Batch 2: Training Top 1 Accuracy: 56.25%
2024-10-31 19:16:11,591 - INFO - dbmdz/bert-base-turkish-cased - Epoch 2, Batch 2: Training Top 5 Accuracy: 81.25%
2024-10-31 19:16:13,005 - INFO - Getting embeddings for dbmdz/bert-base-turkish-cased...
2024-10-31 19:16:13,167 - INFO - Embeddings for dbmdz/bert-base-turkish-cased obtained.
2024-10-31 19:16:14,525 - INFO - Getting embeddings for dbmdz/bert-base-turkish-cased...
2024-10-31 19:16:14,742 - INFO - Embeddings for dbmdz/bert-base-turkish-cased obtained.
2024-10-31 19:16:14,753 - INFO - dbmdz/bert-base-turkish-cased - Epoch 2, Batch 3: Training Top 1 Accuracy: 81.25%
2024-10-31 19:16:14,753 - INFO - dbmdz/bert-base-turkish-cased - Epoch 2, Batch 3: Training Top 5 Accuracy: 81.25%
2024-10-31 19:16:16,130 - INFO - Getting embeddings for dbmdz/bert-base-turkish-cased...
2024-10-31 19:16:16,340 - INFO - Embeddings for dbmdz/bert-base-turkish-cased obtained.
2024-10-31 19:16:17,654 - INFO - Getting embeddings for dbmdz/bert-base-turkish-cased...
2024-10-31 19:16:17,820 - INFO - Embeddings for dbmdz/bert-base-turkish-cased obtained.
2024-10-31 19:16:17,827 - INFO - dbmdz/bert-base-turkish-cased - Epoch 2, Batch 4: Training Top 1 Accuracy: 56.25%
2024-10-31 19:16:17,827 - INFO - dbmdz/bert-base-turkish-cased - Epoch 2, Batch 4: Training Top 5 Accuracy: 75.00%
2024-10-31 19:16:19,191 - INFO - Getting embeddings for dbmdz/bert-base-turkish-cased...
2024-10-31 19:16:19,430 - INFO - Embeddings for dbmdz/bert-base-turkish-cased obtained.
2024-10-31 19:16:20,714 - INFO - Getting embeddings for dbmdz/bert-base-turkish-cased...
2024-10-31 19:16:20,865 - INFO - Embeddings for dbmdz/bert-base-turkish-cased obtained.
2024-10-31 19:16:20,872 - INFO - dbmdz/bert-base-turkish-cased - Epoch 2, Batch 5: Training Top 1 Accuracy: 62.50%
2024-10-31 19:16:20,872 - INFO - dbmdz/bert-base-turkish-cased - Epoch 2, Batch 5: Training Top 5 Accuracy: 75.00%
2024-10-31 19:16:22,383 - INFO - Getting embeddings for dbmdz/bert-base-turkish-cased...
2024-10-31 19:16:22,628 - INFO - Embeddings for dbmdz/bert-base-turkish-cased obtained.
2024-10-31 19:16:23,972 - INFO - Getting embeddings for dbmdz/bert-base-turkish-cased...
2024-10-31 19:16:24,163 - INFO - Embeddings for dbmdz/bert-base-turkish-cased obtained.
2024-10-31 19:16:24,170 - INFO - dbmdz/bert-base-turkish-cased - Epoch 2, Batch 6: Training Top 1 Accuracy: 43.75%
2024-10-31 19:16:24,171 - INFO - dbmdz/bert-base-turkish-cased - Epoch 2, Batch 6: Training Top 5 Accuracy: 87.50%
2024-10-31 19:16:25,613 - INFO - Getting embeddings for dbmdz/bert-base-turkish-cased...
2024-10-31 19:16:25,896 - INFO - Embeddings for dbmdz/bert-base-turkish-cased obtained.
2024-10-31 19:16:27,225 - INFO - Getting embeddings for dbmdz/bert-base-turkish-cased...
2024-10-31 19:16:27,384 - INFO - Embeddings for dbmdz/bert-base-turkish-cased obtained.
2024-10-31 19:16:27,391 - INFO - dbmdz/bert-base-turkish-cased - Epoch 2, Batch 7: Training Top 1 Accuracy: 62.50%
2024-10-31 19:16:27,391 - INFO - dbmdz/bert-base-turkish-cased - Epoch 2, Batch 7: Training Top 5 Accuracy: 75.00%
2024-10-31 19:16:28,707 - INFO - Getting embeddings for dbmdz/bert-base-turkish-cased...
2024-10-31 19:16:28,946 - INFO - Embeddings for dbmdz/bert-base-turkish-cased obtained.
2024-10-31 19:16:30,270 - INFO - Getting embeddings for dbmdz/bert-base-turkish-cased...
2024-10-31 19:16:30,539 - INFO - Embeddings for dbmdz/bert-base-turkish-cased obtained.
2024-10-31 19:16:30,546 - INFO - dbmdz/bert-base-turkish-cased - Epoch 2, Batch 8: Training Top 1 Accuracy: 81.25%
2024-10-31 19:16:30,546 - INFO - dbmdz/bert-base-turkish-cased - Epoch 2, Batch 8: Training Top 5 Accuracy: 87.50%
2024-10-31 19:16:31,917 - INFO - Getting embeddings for dbmdz/bert-base-turkish-cased...
2024-10-31 19:16:32,076 - INFO - Embeddings for dbmdz/bert-base-turkish-cased obtained.
2024-10-31 19:16:33,442 - INFO - Getting embeddings for dbmdz/bert-base-turkish-cased...
2024-10-31 19:16:33,757 - INFO - Embeddings for dbmdz/bert-base-turkish-cased obtained.
2024-10-31 19:16:33,764 - INFO - dbmdz/bert-base-turkish-cased - Epoch 2, Batch 9: Training Top 1 Accuracy: 62.50%
2024-10-31 19:16:33,764 - INFO - dbmdz/bert-base-turkish-cased - Epoch 2, Batch 9: Training Top 5 Accuracy: 81.25%
2024-10-31 19:16:35,128 - INFO - Getting embeddings for dbmdz/bert-base-turkish-cased...
2024-10-31 19:16:35,333 - INFO - Embeddings for dbmdz/bert-base-turkish-cased obtained.
2024-10-31 19:16:36,670 - INFO - Getting embeddings for dbmdz/bert-base-turkish-cased...
2024-10-31 19:16:36,936 - INFO - Embeddings for dbmdz/bert-base-turkish-cased obtained.
2024-10-31 19:16:36,943 - INFO - dbmdz/bert-base-turkish-cased - Epoch 2, Batch 10: Training Top 1 Accuracy: 62.50%
2024-10-31 19:16:36,943 - INFO - dbmdz/bert-base-turkish-cased - Epoch 2, Batch 10: Training Top 5 Accuracy: 68.75%
2024-10-31 19:16:38,330 - INFO - Getting embeddings for dbmdz/bert-base-turkish-cased...
2024-10-31 19:16:38,539 - INFO - Embeddings for dbmdz/bert-base-turkish-cased obtained.
2024-10-31 19:16:39,835 - INFO - Getting embeddings for dbmdz/bert-base-turkish-cased...
2024-10-31 19:16:40,059 - INFO - Embeddings for dbmdz/bert-base-turkish-cased obtained.
2024-10-31 19:16:40,067 - INFO - dbmdz/bert-base-turkish-cased - Epoch 2, Batch 11: Training Top 1 Accuracy: 50.00%
2024-10-31 19:16:40,067 - INFO - dbmdz/bert-base-turkish-cased - Epoch 2, Batch 11: Training Top 5 Accuracy: 81.25%
2024-10-31 19:16:41,449 - INFO - Getting embeddings for dbmdz/bert-base-turkish-cased...
2024-10-31 19:16:41,675 - INFO - Embeddings for dbmdz/bert-base-turkish-cased obtained.
2024-10-31 19:16:43,071 - INFO - Getting embeddings for dbmdz/bert-base-turkish-cased...
2024-10-31 19:16:43,351 - INFO - Embeddings for dbmdz/bert-base-turkish-cased obtained.
2024-10-31 19:16:43,358 - INFO - dbmdz/bert-base-turkish-cased - Epoch 2, Batch 12: Training Top 1 Accuracy: 56.25%
2024-10-31 19:16:43,358 - INFO - dbmdz/bert-base-turkish-cased - Epoch 2, Batch 12: Training Top 5 Accuracy: 62.50%
2024-10-31 19:16:44,625 - INFO - Getting embeddings for dbmdz/bert-base-turkish-cased...
2024-10-31 19:16:44,785 - INFO - Embeddings for dbmdz/bert-base-turkish-cased obtained.
2024-10-31 19:16:46,140 - INFO - Getting embeddings for dbmdz/bert-base-turkish-cased...
2024-10-31 19:16:46,417 - INFO - Embeddings for dbmdz/bert-base-turkish-cased obtained.
2024-10-31 19:16:46,423 - INFO - dbmdz/bert-base-turkish-cased - Epoch 2, Batch 13: Training Top 1 Accuracy: 68.75%
2024-10-31 19:16:46,424 - INFO - dbmdz/bert-base-turkish-cased - Epoch 2, Batch 13: Training Top 5 Accuracy: 87.50%
2024-10-31 19:16:47,707 - INFO - Getting embeddings for dbmdz/bert-base-turkish-cased...
2024-10-31 19:16:47,928 - INFO - Embeddings for dbmdz/bert-base-turkish-cased obtained.
2024-10-31 19:16:49,290 - INFO - Getting embeddings for dbmdz/bert-base-turkish-cased...
2024-10-31 19:16:49,642 - INFO - Embeddings for dbmdz/bert-base-turkish-cased obtained.
2024-10-31 19:16:49,649 - INFO - dbmdz/bert-base-turkish-cased - Epoch 2, Batch 14: Training Top 1 Accuracy: 62.50%
2024-10-31 19:16:49,650 - INFO - dbmdz/bert-base-turkish-cased - Epoch 2, Batch 14: Training Top 5 Accuracy: 81.25%
2024-10-31 19:16:50,904 - INFO - Getting embeddings for dbmdz/bert-base-turkish-cased...
2024-10-31 19:16:51,128 - INFO - Embeddings for dbmdz/bert-base-turkish-cased obtained.
2024-10-31 19:16:52,487 - INFO - Getting embeddings for dbmdz/bert-base-turkish-cased...
2024-10-31 19:16:52,811 - INFO - Embeddings for dbmdz/bert-base-turkish-cased obtained.
2024-10-31 19:16:52,819 - INFO - dbmdz/bert-base-turkish-cased - Epoch 2, Batch 15: Training Top 1 Accuracy: 68.75%
2024-10-31 19:16:52,819 - INFO - dbmdz/bert-base-turkish-cased - Epoch 2, Batch 15: Training Top 5 Accuracy: 81.25%
2024-10-31 19:16:54,141 - INFO - Getting embeddings for dbmdz/bert-base-turkish-cased...
2024-10-31 19:16:54,349 - INFO - Embeddings for dbmdz/bert-base-turkish-cased obtained.
2024-10-31 19:16:55,714 - INFO - Getting embeddings for dbmdz/bert-base-turkish-cased...
2024-10-31 19:16:55,916 - INFO - Embeddings for dbmdz/bert-base-turkish-cased obtained.
2024-10-31 19:16:55,933 - INFO - dbmdz/bert-base-turkish-cased - Epoch 2, Batch 16: Training Top 1 Accuracy: 62.50%
2024-10-31 19:16:55,933 - INFO - dbmdz/bert-base-turkish-cased - Epoch 2, Batch 16: Training Top 5 Accuracy: 81.25%
2024-10-31 19:16:57,311 - INFO - Getting embeddings for dbmdz/bert-base-turkish-cased...
2024-10-31 19:16:57,555 - INFO - Embeddings for dbmdz/bert-base-turkish-cased obtained.
2024-10-31 19:16:58,984 - INFO - Getting embeddings for dbmdz/bert-base-turkish-cased...
2024-10-31 19:16:59,266 - INFO - Embeddings for dbmdz/bert-base-turkish-cased obtained.
2024-10-31 19:16:59,273 - INFO - dbmdz/bert-base-turkish-cased - Epoch 2, Batch 17: Training Top 1 Accuracy: 50.00%
2024-10-31 19:16:59,273 - INFO - dbmdz/bert-base-turkish-cased - Epoch 2, Batch 17: Training Top 5 Accuracy: 75.00%
2024-10-31 19:17:00,707 - INFO - Getting embeddings for dbmdz/bert-base-turkish-cased...
2024-10-31 19:17:00,927 - INFO - Embeddings for dbmdz/bert-base-turkish-cased obtained.
2024-10-31 19:17:02,376 - INFO - Getting embeddings for dbmdz/bert-base-turkish-cased...
2024-10-31 19:17:02,663 - INFO - Embeddings for dbmdz/bert-base-turkish-cased obtained.
2024-10-31 19:17:02,669 - INFO - dbmdz/bert-base-turkish-cased - Epoch 2, Batch 18: Training Top 1 Accuracy: 50.00%
2024-10-31 19:17:02,670 - INFO - dbmdz/bert-base-turkish-cased - Epoch 2, Batch 18: Training Top 5 Accuracy: 62.50%
2024-10-31 19:17:04,113 - INFO - Getting embeddings for dbmdz/bert-base-turkish-cased...
2024-10-31 19:17:04,258 - INFO - Embeddings for dbmdz/bert-base-turkish-cased obtained.
2024-10-31 19:17:05,716 - INFO - Getting embeddings for dbmdz/bert-base-turkish-cased...
2024-10-31 19:17:05,957 - INFO - Embeddings for dbmdz/bert-base-turkish-cased obtained.
2024-10-31 19:17:05,964 - INFO - dbmdz/bert-base-turkish-cased - Epoch 2, Batch 19: Training Top 1 Accuracy: 62.50%
2024-10-31 19:17:05,964 - INFO - dbmdz/bert-base-turkish-cased - Epoch 2, Batch 19: Training Top 5 Accuracy: 93.75%
2024-10-31 19:17:07,354 - INFO - Getting embeddings for dbmdz/bert-base-turkish-cased...
2024-10-31 19:17:07,510 - INFO - Embeddings for dbmdz/bert-base-turkish-cased obtained.
2024-10-31 19:17:09,022 - INFO - Getting embeddings for dbmdz/bert-base-turkish-cased...
2024-10-31 19:17:09,303 - INFO - Embeddings for dbmdz/bert-base-turkish-cased obtained.
2024-10-31 19:17:09,311 - INFO - dbmdz/bert-base-turkish-cased - Epoch 2, Batch 20: Training Top 1 Accuracy: 56.25%
2024-10-31 19:17:09,311 - INFO - dbmdz/bert-base-turkish-cased - Epoch 2, Batch 20: Training Top 5 Accuracy: 62.50%
2024-10-31 19:17:10,622 - INFO - Getting embeddings for dbmdz/bert-base-turkish-cased...
2024-10-31 19:17:10,765 - INFO - Embeddings for dbmdz/bert-base-turkish-cased obtained.
2024-10-31 19:17:12,215 - INFO - Getting embeddings for dbmdz/bert-base-turkish-cased...
2024-10-31 19:17:12,495 - INFO - Embeddings for dbmdz/bert-base-turkish-cased obtained.
2024-10-31 19:17:12,508 - INFO - dbmdz/bert-base-turkish-cased - Epoch 2, Batch 21: Training Top 1 Accuracy: 75.00%
2024-10-31 19:17:12,508 - INFO - dbmdz/bert-base-turkish-cased - Epoch 2, Batch 21: Training Top 5 Accuracy: 81.25%
2024-10-31 19:17:13,874 - INFO - Getting embeddings for dbmdz/bert-base-turkish-cased...
2024-10-31 19:17:14,046 - INFO - Embeddings for dbmdz/bert-base-turkish-cased obtained.
2024-10-31 19:17:16,049 - INFO - Getting embeddings for dbmdz/bert-base-turkish-cased...
2024-10-31 19:17:16,360 - INFO - Embeddings for dbmdz/bert-base-turkish-cased obtained.
2024-10-31 19:17:16,367 - INFO - dbmdz/bert-base-turkish-cased - Epoch 2, Batch 22: Training Top 1 Accuracy: 50.00%
2024-10-31 19:17:16,367 - INFO - dbmdz/bert-base-turkish-cased - Epoch 2, Batch 22: Training Top 5 Accuracy: 68.75%
2024-10-31 19:17:17,782 - INFO - Getting embeddings for dbmdz/bert-base-turkish-cased...
2024-10-31 19:17:18,009 - INFO - Embeddings for dbmdz/bert-base-turkish-cased obtained.
2024-10-31 19:17:19,432 - INFO - Getting embeddings for dbmdz/bert-base-turkish-cased...
2024-10-31 19:17:19,722 - INFO - Embeddings for dbmdz/bert-base-turkish-cased obtained.
2024-10-31 19:17:19,729 - INFO - dbmdz/bert-base-turkish-cased - Epoch 2, Batch 23: Training Top 1 Accuracy: 75.00%
2024-10-31 19:17:19,729 - INFO - dbmdz/bert-base-turkish-cased - Epoch 2, Batch 23: Training Top 5 Accuracy: 87.50%
2024-10-31 19:17:21,126 - INFO - Getting embeddings for dbmdz/bert-base-turkish-cased...
2024-10-31 19:17:21,305 - INFO - Embeddings for dbmdz/bert-base-turkish-cased obtained.
2024-10-31 19:17:22,666 - INFO - Getting embeddings for dbmdz/bert-base-turkish-cased...
2024-10-31 19:17:22,903 - INFO - Embeddings for dbmdz/bert-base-turkish-cased obtained.
2024-10-31 19:17:22,910 - INFO - dbmdz/bert-base-turkish-cased - Epoch 2, Batch 24: Training Top 1 Accuracy: 81.25%
2024-10-31 19:17:22,910 - INFO - dbmdz/bert-base-turkish-cased - Epoch 2, Batch 24: Training Top 5 Accuracy: 93.75%
2024-10-31 19:17:24,298 - INFO - Getting embeddings for dbmdz/bert-base-turkish-cased...
2024-10-31 19:17:24,441 - INFO - Embeddings for dbmdz/bert-base-turkish-cased obtained.
2024-10-31 19:17:25,851 - INFO - Getting embeddings for dbmdz/bert-base-turkish-cased...
2024-10-31 19:17:26,188 - INFO - Embeddings for dbmdz/bert-base-turkish-cased obtained.
2024-10-31 19:17:26,196 - INFO - dbmdz/bert-base-turkish-cased - Epoch 2, Batch 25: Training Top 1 Accuracy: 62.50%
2024-10-31 19:17:26,197 - INFO - dbmdz/bert-base-turkish-cased - Epoch 2, Batch 25: Training Top 5 Accuracy: 87.50%
2024-10-31 19:17:27,613 - INFO - Getting embeddings for dbmdz/bert-base-turkish-cased...
2024-10-31 19:17:27,793 - INFO - Embeddings for dbmdz/bert-base-turkish-cased obtained.
2024-10-31 19:17:29,220 - INFO - Getting embeddings for dbmdz/bert-base-turkish-cased...
2024-10-31 19:17:29,501 - INFO - Embeddings for dbmdz/bert-base-turkish-cased obtained.
2024-10-31 19:17:29,508 - INFO - dbmdz/bert-base-turkish-cased - Epoch 2, Batch 26: Training Top 1 Accuracy: 68.75%
2024-10-31 19:17:29,508 - INFO - dbmdz/bert-base-turkish-cased - Epoch 2, Batch 26: Training Top 5 Accuracy: 93.75%
2024-10-31 19:17:30,926 - INFO - Getting embeddings for dbmdz/bert-base-turkish-cased...
2024-10-31 19:17:31,103 - INFO - Embeddings for dbmdz/bert-base-turkish-cased obtained.
2024-10-31 19:17:32,577 - INFO - Getting embeddings for dbmdz/bert-base-turkish-cased...
2024-10-31 19:17:32,762 - INFO - Embeddings for dbmdz/bert-base-turkish-cased obtained.
2024-10-31 19:17:32,769 - INFO - dbmdz/bert-base-turkish-cased - Epoch 2, Batch 27: Training Top 1 Accuracy: 68.75%
2024-10-31 19:17:32,769 - INFO - dbmdz/bert-base-turkish-cased - Epoch 2, Batch 27: Training Top 5 Accuracy: 75.00%
2024-10-31 19:17:34,163 - INFO - Getting embeddings for dbmdz/bert-base-turkish-cased...
2024-10-31 19:17:34,356 - INFO - Embeddings for dbmdz/bert-base-turkish-cased obtained.
2024-10-31 19:17:35,774 - INFO - Getting embeddings for dbmdz/bert-base-turkish-cased...
2024-10-31 19:17:36,086 - INFO - Embeddings for dbmdz/bert-base-turkish-cased obtained.
2024-10-31 19:17:36,094 - INFO - dbmdz/bert-base-turkish-cased - Epoch 2, Batch 28: Training Top 1 Accuracy: 50.00%
2024-10-31 19:17:36,094 - INFO - dbmdz/bert-base-turkish-cased - Epoch 2, Batch 28: Training Top 5 Accuracy: 68.75%
2024-10-31 19:17:37,493 - INFO - Getting embeddings for dbmdz/bert-base-turkish-cased...
2024-10-31 19:17:37,635 - INFO - Embeddings for dbmdz/bert-base-turkish-cased obtained.
2024-10-31 19:17:39,092 - INFO - Getting embeddings for dbmdz/bert-base-turkish-cased...
2024-10-31 19:17:39,339 - INFO - Embeddings for dbmdz/bert-base-turkish-cased obtained.
2024-10-31 19:17:39,347 - INFO - dbmdz/bert-base-turkish-cased - Epoch 2, Batch 29: Training Top 1 Accuracy: 68.75%
2024-10-31 19:17:39,347 - INFO - dbmdz/bert-base-turkish-cased - Epoch 2, Batch 29: Training Top 5 Accuracy: 81.25%
2024-10-31 19:17:40,784 - INFO - Getting embeddings for dbmdz/bert-base-turkish-cased...
2024-10-31 19:17:40,978 - INFO - Embeddings for dbmdz/bert-base-turkish-cased obtained.
2024-10-31 19:17:42,252 - INFO - Getting embeddings for dbmdz/bert-base-turkish-cased...
2024-10-31 19:17:42,427 - INFO - Embeddings for dbmdz/bert-base-turkish-cased obtained.
2024-10-31 19:17:42,433 - INFO - dbmdz/bert-base-turkish-cased - Epoch 2, Batch 30: Training Top 1 Accuracy: 56.25%
2024-10-31 19:17:42,434 - INFO - dbmdz/bert-base-turkish-cased - Epoch 2, Batch 30: Training Top 5 Accuracy: 81.25%
2024-10-31 19:17:43,736 - INFO - Getting embeddings for dbmdz/bert-base-turkish-cased...
2024-10-31 19:17:43,903 - INFO - Embeddings for dbmdz/bert-base-turkish-cased obtained.
2024-10-31 19:17:45,326 - INFO - Getting embeddings for dbmdz/bert-base-turkish-cased...
2024-10-31 19:17:45,554 - INFO - Embeddings for dbmdz/bert-base-turkish-cased obtained.
2024-10-31 19:17:45,561 - INFO - dbmdz/bert-base-turkish-cased - Epoch 2, Batch 31: Training Top 1 Accuracy: 68.75%
2024-10-31 19:17:45,562 - INFO - dbmdz/bert-base-turkish-cased - Epoch 2, Batch 31: Training Top 5 Accuracy: 81.25%
2024-10-31 19:17:46,891 - INFO - Getting embeddings for dbmdz/bert-base-turkish-cased...
2024-10-31 19:17:47,143 - INFO - Embeddings for dbmdz/bert-base-turkish-cased obtained.
2024-10-31 19:17:48,507 - INFO - Getting embeddings for dbmdz/bert-base-turkish-cased...
2024-10-31 19:17:48,756 - INFO - Embeddings for dbmdz/bert-base-turkish-cased obtained.
2024-10-31 19:17:48,763 - INFO - dbmdz/bert-base-turkish-cased - Epoch 2, Batch 32: Training Top 1 Accuracy: 50.00%
2024-10-31 19:17:48,763 - INFO - dbmdz/bert-base-turkish-cased - Epoch 2, Batch 32: Training Top 5 Accuracy: 81.25%
2024-10-31 19:17:50,093 - INFO - Getting embeddings for dbmdz/bert-base-turkish-cased...
2024-10-31 19:17:50,303 - INFO - Embeddings for dbmdz/bert-base-turkish-cased obtained.
2024-10-31 19:17:51,791 - INFO - Getting embeddings for dbmdz/bert-base-turkish-cased...
2024-10-31 19:17:52,064 - INFO - Embeddings for dbmdz/bert-base-turkish-cased obtained.
2024-10-31 19:17:52,071 - INFO - dbmdz/bert-base-turkish-cased - Epoch 2, Batch 33: Training Top 1 Accuracy: 43.75%
2024-10-31 19:17:52,071 - INFO - dbmdz/bert-base-turkish-cased - Epoch 2, Batch 33: Training Top 5 Accuracy: 68.75%
2024-10-31 19:17:53,334 - INFO - Getting embeddings for dbmdz/bert-base-turkish-cased...
2024-10-31 19:17:53,558 - INFO - Embeddings for dbmdz/bert-base-turkish-cased obtained.
2024-10-31 19:17:54,970 - INFO - Getting embeddings for dbmdz/bert-base-turkish-cased...
2024-10-31 19:17:55,257 - INFO - Embeddings for dbmdz/bert-base-turkish-cased obtained.
2024-10-31 19:17:55,263 - INFO - dbmdz/bert-base-turkish-cased - Epoch 2, Batch 34: Training Top 1 Accuracy: 68.75%
2024-10-31 19:17:55,263 - INFO - dbmdz/bert-base-turkish-cased - Epoch 2, Batch 34: Training Top 5 Accuracy: 81.25%
2024-10-31 19:17:56,686 - INFO - Getting embeddings for dbmdz/bert-base-turkish-cased...
2024-10-31 19:17:56,881 - INFO - Embeddings for dbmdz/bert-base-turkish-cased obtained.
2024-10-31 19:17:58,278 - INFO - Getting embeddings for dbmdz/bert-base-turkish-cased...
2024-10-31 19:17:58,494 - INFO - Embeddings for dbmdz/bert-base-turkish-cased obtained.
2024-10-31 19:17:58,501 - INFO - dbmdz/bert-base-turkish-cased - Epoch 2, Batch 35: Training Top 1 Accuracy: 50.00%
2024-10-31 19:17:58,502 - INFO - dbmdz/bert-base-turkish-cased - Epoch 2, Batch 35: Training Top 5 Accuracy: 68.75%
2024-10-31 19:17:59,867 - INFO - Getting embeddings for dbmdz/bert-base-turkish-cased...
2024-10-31 19:18:00,070 - INFO - Embeddings for dbmdz/bert-base-turkish-cased obtained.
2024-10-31 19:18:01,477 - INFO - Getting embeddings for dbmdz/bert-base-turkish-cased...
2024-10-31 19:18:01,734 - INFO - Embeddings for dbmdz/bert-base-turkish-cased obtained.
2024-10-31 19:18:01,744 - INFO - dbmdz/bert-base-turkish-cased - Epoch 2, Batch 36: Training Top 1 Accuracy: 56.25%
2024-10-31 19:18:01,745 - INFO - dbmdz/bert-base-turkish-cased - Epoch 2, Batch 36: Training Top 5 Accuracy: 75.00%
2024-10-31 19:18:03,485 - INFO - Getting embeddings for dbmdz/bert-base-turkish-cased...
2024-10-31 19:18:03,780 - INFO - Embeddings for dbmdz/bert-base-turkish-cased obtained.
2024-10-31 19:18:05,184 - INFO - Getting embeddings for dbmdz/bert-base-turkish-cased...
2024-10-31 19:18:05,395 - INFO - Embeddings for dbmdz/bert-base-turkish-cased obtained.
2024-10-31 19:18:05,403 - INFO - dbmdz/bert-base-turkish-cased - Epoch 2, Batch 37: Training Top 1 Accuracy: 43.75%
2024-10-31 19:18:05,404 - INFO - dbmdz/bert-base-turkish-cased - Epoch 2, Batch 37: Training Top 5 Accuracy: 75.00%
2024-10-31 19:18:06,805 - INFO - Getting embeddings for dbmdz/bert-base-turkish-cased...
2024-10-31 19:18:07,005 - INFO - Embeddings for dbmdz/bert-base-turkish-cased obtained.
2024-10-31 19:18:08,758 - INFO - Getting embeddings for dbmdz/bert-base-turkish-cased...
2024-10-31 19:18:09,094 - INFO - Embeddings for dbmdz/bert-base-turkish-cased obtained.
2024-10-31 19:18:09,100 - INFO - dbmdz/bert-base-turkish-cased - Epoch 2, Batch 38: Training Top 1 Accuracy: 50.00%
2024-10-31 19:18:09,101 - INFO - dbmdz/bert-base-turkish-cased - Epoch 2, Batch 38: Training Top 5 Accuracy: 75.00%
2024-10-31 19:18:10,550 - INFO - Getting embeddings for dbmdz/bert-base-turkish-cased...
2024-10-31 19:18:10,712 - INFO - Embeddings for dbmdz/bert-base-turkish-cased obtained.
2024-10-31 19:18:12,022 - INFO - Getting embeddings for dbmdz/bert-base-turkish-cased...
2024-10-31 19:18:12,237 - INFO - Embeddings for dbmdz/bert-base-turkish-cased obtained.
2024-10-31 19:18:12,244 - INFO - dbmdz/bert-base-turkish-cased - Epoch 2, Batch 39: Training Top 1 Accuracy: 25.00%
2024-10-31 19:18:12,244 - INFO - dbmdz/bert-base-turkish-cased - Epoch 2, Batch 39: Training Top 5 Accuracy: 50.00%
2024-10-31 19:18:13,607 - INFO - Getting embeddings for dbmdz/bert-base-turkish-cased...
2024-10-31 19:18:13,837 - INFO - Embeddings for dbmdz/bert-base-turkish-cased obtained.
2024-10-31 19:18:15,209 - INFO - Getting embeddings for dbmdz/bert-base-turkish-cased...
2024-10-31 19:18:15,438 - INFO - Embeddings for dbmdz/bert-base-turkish-cased obtained.
2024-10-31 19:18:15,446 - INFO - dbmdz/bert-base-turkish-cased - Epoch 2, Batch 40: Training Top 1 Accuracy: 75.00%
2024-10-31 19:18:15,447 - INFO - dbmdz/bert-base-turkish-cased - Epoch 2, Batch 40: Training Top 5 Accuracy: 81.25%
2024-10-31 19:18:16,742 - INFO - Getting embeddings for dbmdz/bert-base-turkish-cased...
2024-10-31 19:18:17,004 - INFO - Embeddings for dbmdz/bert-base-turkish-cased obtained.
2024-10-31 19:18:18,431 - INFO - Getting embeddings for dbmdz/bert-base-turkish-cased...
2024-10-31 19:18:18,599 - INFO - Embeddings for dbmdz/bert-base-turkish-cased obtained.
2024-10-31 19:18:18,606 - INFO - dbmdz/bert-base-turkish-cased - Epoch 2, Batch 41: Training Top 1 Accuracy: 81.25%
2024-10-31 19:18:18,606 - INFO - dbmdz/bert-base-turkish-cased - Epoch 2, Batch 41: Training Top 5 Accuracy: 93.75%
2024-10-31 19:18:19,878 - INFO - Getting embeddings for dbmdz/bert-base-turkish-cased...
2024-10-31 19:18:20,059 - INFO - Embeddings for dbmdz/bert-base-turkish-cased obtained.
2024-10-31 19:18:21,421 - INFO - Getting embeddings for dbmdz/bert-base-turkish-cased...
2024-10-31 19:18:21,704 - INFO - Embeddings for dbmdz/bert-base-turkish-cased obtained.
2024-10-31 19:18:21,711 - INFO - dbmdz/bert-base-turkish-cased - Epoch 2, Batch 42: Training Top 1 Accuracy: 56.25%
2024-10-31 19:18:21,712 - INFO - dbmdz/bert-base-turkish-cased - Epoch 2, Batch 42: Training Top 5 Accuracy: 93.75%
2024-10-31 19:18:22,977 - INFO - Getting embeddings for dbmdz/bert-base-turkish-cased...
2024-10-31 19:18:23,126 - INFO - Embeddings for dbmdz/bert-base-turkish-cased obtained.
2024-10-31 19:18:24,438 - INFO - Getting embeddings for dbmdz/bert-base-turkish-cased...
2024-10-31 19:18:24,788 - INFO - Embeddings for dbmdz/bert-base-turkish-cased obtained.
2024-10-31 19:18:24,795 - INFO - dbmdz/bert-base-turkish-cased - Epoch 2, Batch 43: Training Top 1 Accuracy: 62.50%
2024-10-31 19:18:24,795 - INFO - dbmdz/bert-base-turkish-cased - Epoch 2, Batch 43: Training Top 5 Accuracy: 81.25%
2024-10-31 19:18:26,066 - INFO - Getting embeddings for dbmdz/bert-base-turkish-cased...
2024-10-31 19:18:26,244 - INFO - Embeddings for dbmdz/bert-base-turkish-cased obtained.
2024-10-31 19:18:27,666 - INFO - Getting embeddings for dbmdz/bert-base-turkish-cased...
2024-10-31 19:18:27,971 - INFO - Embeddings for dbmdz/bert-base-turkish-cased obtained.
2024-10-31 19:18:27,978 - INFO - dbmdz/bert-base-turkish-cased - Epoch 2, Batch 44: Training Top 1 Accuracy: 31.25%
2024-10-31 19:18:27,978 - INFO - dbmdz/bert-base-turkish-cased - Epoch 2, Batch 44: Training Top 5 Accuracy: 81.25%
2024-10-31 19:18:29,276 - INFO - Getting embeddings for dbmdz/bert-base-turkish-cased...
2024-10-31 19:18:29,476 - INFO - Embeddings for dbmdz/bert-base-turkish-cased obtained.
2024-10-31 19:18:30,918 - INFO - Getting embeddings for dbmdz/bert-base-turkish-cased...
2024-10-31 19:18:31,220 - INFO - Embeddings for dbmdz/bert-base-turkish-cased obtained.
2024-10-31 19:18:31,227 - INFO - dbmdz/bert-base-turkish-cased - Epoch 2, Batch 45: Training Top 1 Accuracy: 81.25%
2024-10-31 19:18:31,227 - INFO - dbmdz/bert-base-turkish-cased - Epoch 2, Batch 45: Training Top 5 Accuracy: 93.75%
2024-10-31 19:18:32,543 - INFO - Getting embeddings for dbmdz/bert-base-turkish-cased...
2024-10-31 19:18:32,772 - INFO - Embeddings for dbmdz/bert-base-turkish-cased obtained.
2024-10-31 19:18:34,171 - INFO - Getting embeddings for dbmdz/bert-base-turkish-cased...
2024-10-31 19:18:34,436 - INFO - Embeddings for dbmdz/bert-base-turkish-cased obtained.
2024-10-31 19:18:34,443 - INFO - dbmdz/bert-base-turkish-cased - Epoch 2, Batch 46: Training Top 1 Accuracy: 93.75%
2024-10-31 19:18:34,443 - INFO - dbmdz/bert-base-turkish-cased - Epoch 2, Batch 46: Training Top 5 Accuracy: 93.75%
2024-10-31 19:18:35,824 - INFO - Getting embeddings for dbmdz/bert-base-turkish-cased...
2024-10-31 19:18:36,085 - INFO - Embeddings for dbmdz/bert-base-turkish-cased obtained.
2024-10-31 19:18:37,420 - INFO - Getting embeddings for dbmdz/bert-base-turkish-cased...
2024-10-31 19:18:37,603 - INFO - Embeddings for dbmdz/bert-base-turkish-cased obtained.
2024-10-31 19:18:37,611 - INFO - dbmdz/bert-base-turkish-cased - Epoch 2, Batch 47: Training Top 1 Accuracy: 68.75%
2024-10-31 19:18:37,611 - INFO - dbmdz/bert-base-turkish-cased - Epoch 2, Batch 47: Training Top 5 Accuracy: 81.25%
2024-10-31 19:18:38,931 - INFO - Getting embeddings for dbmdz/bert-base-turkish-cased...
2024-10-31 19:18:39,164 - INFO - Embeddings for dbmdz/bert-base-turkish-cased obtained.
2024-10-31 19:18:40,603 - INFO - Getting embeddings for dbmdz/bert-base-turkish-cased...
2024-10-31 19:18:40,933 - INFO - Embeddings for dbmdz/bert-base-turkish-cased obtained.
2024-10-31 19:18:40,940 - INFO - dbmdz/bert-base-turkish-cased - Epoch 2, Batch 48: Training Top 1 Accuracy: 56.25%
2024-10-31 19:18:40,941 - INFO - dbmdz/bert-base-turkish-cased - Epoch 2, Batch 48: Training Top 5 Accuracy: 75.00%
2024-10-31 19:18:42,241 - INFO - Getting embeddings for dbmdz/bert-base-turkish-cased...
2024-10-31 19:18:42,392 - INFO - Embeddings for dbmdz/bert-base-turkish-cased obtained.
2024-10-31 19:18:43,757 - INFO - Getting embeddings for dbmdz/bert-base-turkish-cased...
2024-10-31 19:18:44,046 - INFO - Embeddings for dbmdz/bert-base-turkish-cased obtained.
2024-10-31 19:18:44,053 - INFO - dbmdz/bert-base-turkish-cased - Epoch 2, Batch 49: Training Top 1 Accuracy: 43.75%
2024-10-31 19:18:44,054 - INFO - dbmdz/bert-base-turkish-cased - Epoch 2, Batch 49: Training Top 5 Accuracy: 62.50%
2024-10-31 19:18:45,441 - INFO - Getting embeddings for dbmdz/bert-base-turkish-cased...
2024-10-31 19:18:45,658 - INFO - Embeddings for dbmdz/bert-base-turkish-cased obtained.
2024-10-31 19:18:47,069 - INFO - Getting embeddings for dbmdz/bert-base-turkish-cased...
2024-10-31 19:18:47,350 - INFO - Embeddings for dbmdz/bert-base-turkish-cased obtained.
2024-10-31 19:18:47,357 - INFO - dbmdz/bert-base-turkish-cased - Epoch 2, Batch 50: Training Top 1 Accuracy: 56.25%
2024-10-31 19:18:47,357 - INFO - dbmdz/bert-base-turkish-cased - Epoch 2, Batch 50: Training Top 5 Accuracy: 62.50%
2024-10-31 19:18:49,202 - INFO - Getting embeddings for dbmdz/bert-base-turkish-cased...
2024-10-31 19:18:50,587 - INFO - Embeddings for dbmdz/bert-base-turkish-cased obtained.
2024-10-31 19:18:52,126 - INFO - Getting embeddings for dbmdz/bert-base-turkish-cased...
2024-10-31 19:18:53,481 - INFO - Embeddings for dbmdz/bert-base-turkish-cased obtained.
2024-10-31 19:18:53,508 - INFO - dbmdz/bert-base-turkish-cased - Epoch 2: Validation Top 1 Accuracy: 40.00%
2024-10-31 19:18:53,509 - INFO - dbmdz/bert-base-turkish-cased - Epoch 2: Validation Top 5 Accuracy: 54.00%
2024-10-31 19:18:53,509 - INFO - Starting epoch 3/3 for dbmdz/bert-base-turkish-cased...
2024-10-31 19:18:55,479 - INFO - Getting embeddings for dbmdz/bert-base-turkish-cased...
2024-10-31 19:18:55,786 - INFO - Embeddings for dbmdz/bert-base-turkish-cased obtained.
2024-10-31 19:18:57,135 - INFO - Getting embeddings for dbmdz/bert-base-turkish-cased...
2024-10-31 19:18:57,293 - INFO - Embeddings for dbmdz/bert-base-turkish-cased obtained.
2024-10-31 19:18:57,303 - INFO - dbmdz/bert-base-turkish-cased - Epoch 3, Batch 1: Training Top 1 Accuracy: 43.75%
2024-10-31 19:18:57,303 - INFO - dbmdz/bert-base-turkish-cased - Epoch 3, Batch 1: Training Top 5 Accuracy: 81.25%
2024-10-31 19:18:58,702 - INFO - Getting embeddings for dbmdz/bert-base-turkish-cased...
2024-10-31 19:18:58,877 - INFO - Embeddings for dbmdz/bert-base-turkish-cased obtained.
2024-10-31 19:19:00,190 - INFO - Getting embeddings for dbmdz/bert-base-turkish-cased...
2024-10-31 19:19:00,426 - INFO - Embeddings for dbmdz/bert-base-turkish-cased obtained.
2024-10-31 19:19:00,434 - INFO - dbmdz/bert-base-turkish-cased - Epoch 3, Batch 2: Training Top 1 Accuracy: 50.00%
2024-10-31 19:19:00,434 - INFO - dbmdz/bert-base-turkish-cased - Epoch 3, Batch 2: Training Top 5 Accuracy: 68.75%
2024-10-31 19:19:01,790 - INFO - Getting embeddings for dbmdz/bert-base-turkish-cased...
2024-10-31 19:19:01,971 - INFO - Embeddings for dbmdz/bert-base-turkish-cased obtained.
2024-10-31 19:19:03,384 - INFO - Getting embeddings for dbmdz/bert-base-turkish-cased...
2024-10-31 19:19:03,647 - INFO - Embeddings for dbmdz/bert-base-turkish-cased obtained.
2024-10-31 19:19:03,654 - INFO - dbmdz/bert-base-turkish-cased - Epoch 3, Batch 3: Training Top 1 Accuracy: 62.50%
2024-10-31 19:19:03,654 - INFO - dbmdz/bert-base-turkish-cased - Epoch 3, Batch 3: Training Top 5 Accuracy: 87.50%
2024-10-31 19:19:05,049 - INFO - Getting embeddings for dbmdz/bert-base-turkish-cased...
2024-10-31 19:19:05,232 - INFO - Embeddings for dbmdz/bert-base-turkish-cased obtained.
2024-10-31 19:19:06,568 - INFO - Getting embeddings for dbmdz/bert-base-turkish-cased...
2024-10-31 19:19:06,871 - INFO - Embeddings for dbmdz/bert-base-turkish-cased obtained.
2024-10-31 19:19:06,878 - INFO - dbmdz/bert-base-turkish-cased - Epoch 3, Batch 4: Training Top 1 Accuracy: 56.25%
2024-10-31 19:19:06,878 - INFO - dbmdz/bert-base-turkish-cased - Epoch 3, Batch 4: Training Top 5 Accuracy: 68.75%
2024-10-31 19:19:08,162 - INFO - Getting embeddings for dbmdz/bert-base-turkish-cased...
2024-10-31 19:19:08,340 - INFO - Embeddings for dbmdz/bert-base-turkish-cased obtained.
2024-10-31 19:19:09,759 - INFO - Getting embeddings for dbmdz/bert-base-turkish-cased...
2024-10-31 19:19:10,105 - INFO - Embeddings for dbmdz/bert-base-turkish-cased obtained.
2024-10-31 19:19:10,115 - INFO - dbmdz/bert-base-turkish-cased - Epoch 3, Batch 5: Training Top 1 Accuracy: 43.75%
2024-10-31 19:19:10,116 - INFO - dbmdz/bert-base-turkish-cased - Epoch 3, Batch 5: Training Top 5 Accuracy: 56.25%
2024-10-31 19:19:11,455 - INFO - Getting embeddings for dbmdz/bert-base-turkish-cased...
2024-10-31 19:19:11,606 - INFO - Embeddings for dbmdz/bert-base-turkish-cased obtained.
2024-10-31 19:19:13,014 - INFO - Getting embeddings for dbmdz/bert-base-turkish-cased...
2024-10-31 19:19:13,276 - INFO - Embeddings for dbmdz/bert-base-turkish-cased obtained.
2024-10-31 19:19:13,282 - INFO - dbmdz/bert-base-turkish-cased - Epoch 3, Batch 6: Training Top 1 Accuracy: 50.00%
2024-10-31 19:19:13,283 - INFO - dbmdz/bert-base-turkish-cased - Epoch 3, Batch 6: Training Top 5 Accuracy: 75.00%
2024-10-31 19:19:14,571 - INFO - Getting embeddings for dbmdz/bert-base-turkish-cased...
2024-10-31 19:19:14,724 - INFO - Embeddings for dbmdz/bert-base-turkish-cased obtained.
2024-10-31 19:19:16,063 - INFO - Getting embeddings for dbmdz/bert-base-turkish-cased...
2024-10-31 19:19:16,316 - INFO - Embeddings for dbmdz/bert-base-turkish-cased obtained.
2024-10-31 19:19:16,324 - INFO - dbmdz/bert-base-turkish-cased - Epoch 3, Batch 7: Training Top 1 Accuracy: 56.25%
2024-10-31 19:19:16,324 - INFO - dbmdz/bert-base-turkish-cased - Epoch 3, Batch 7: Training Top 5 Accuracy: 75.00%
2024-10-31 19:19:17,716 - INFO - Getting embeddings for dbmdz/bert-base-turkish-cased...
2024-10-31 19:19:17,922 - INFO - Embeddings for dbmdz/bert-base-turkish-cased obtained.
2024-10-31 19:19:19,249 - INFO - Getting embeddings for dbmdz/bert-base-turkish-cased...
2024-10-31 19:19:19,493 - INFO - Embeddings for dbmdz/bert-base-turkish-cased obtained.
2024-10-31 19:19:19,500 - INFO - dbmdz/bert-base-turkish-cased - Epoch 3, Batch 8: Training Top 1 Accuracy: 56.25%
2024-10-31 19:19:19,500 - INFO - dbmdz/bert-base-turkish-cased - Epoch 3, Batch 8: Training Top 5 Accuracy: 81.25%
2024-10-31 19:19:20,847 - INFO - Getting embeddings for dbmdz/bert-base-turkish-cased...
2024-10-31 19:19:21,125 - INFO - Embeddings for dbmdz/bert-base-turkish-cased obtained.
2024-10-31 19:19:22,405 - INFO - Getting embeddings for dbmdz/bert-base-turkish-cased...
2024-10-31 19:19:22,561 - INFO - Embeddings for dbmdz/bert-base-turkish-cased obtained.
2024-10-31 19:19:22,568 - INFO - dbmdz/bert-base-turkish-cased - Epoch 3, Batch 9: Training Top 1 Accuracy: 68.75%
2024-10-31 19:19:22,568 - INFO - dbmdz/bert-base-turkish-cased - Epoch 3, Batch 9: Training Top 5 Accuracy: 68.75%
2024-10-31 19:19:23,911 - INFO - Getting embeddings for dbmdz/bert-base-turkish-cased...
2024-10-31 19:19:24,057 - INFO - Embeddings for dbmdz/bert-base-turkish-cased obtained.
2024-10-31 19:19:25,537 - INFO - Getting embeddings for dbmdz/bert-base-turkish-cased...
2024-10-31 19:19:25,841 - INFO - Embeddings for dbmdz/bert-base-turkish-cased obtained.
2024-10-31 19:19:25,848 - INFO - dbmdz/bert-base-turkish-cased - Epoch 3, Batch 10: Training Top 1 Accuracy: 56.25%
2024-10-31 19:19:25,848 - INFO - dbmdz/bert-base-turkish-cased - Epoch 3, Batch 10: Training Top 5 Accuracy: 81.25%
2024-10-31 19:19:27,171 - INFO - Getting embeddings for dbmdz/bert-base-turkish-cased...
2024-10-31 19:19:27,352 - INFO - Embeddings for dbmdz/bert-base-turkish-cased obtained.
2024-10-31 19:19:28,719 - INFO - Getting embeddings for dbmdz/bert-base-turkish-cased...
2024-10-31 19:19:28,961 - INFO - Embeddings for dbmdz/bert-base-turkish-cased obtained.
2024-10-31 19:19:28,968 - INFO - dbmdz/bert-base-turkish-cased - Epoch 3, Batch 11: Training Top 1 Accuracy: 81.25%
2024-10-31 19:19:28,968 - INFO - dbmdz/bert-base-turkish-cased - Epoch 3, Batch 11: Training Top 5 Accuracy: 93.75%
2024-10-31 19:19:30,274 - INFO - Getting embeddings for dbmdz/bert-base-turkish-cased...
2024-10-31 19:19:30,455 - INFO - Embeddings for dbmdz/bert-base-turkish-cased obtained.
2024-10-31 19:19:31,946 - INFO - Getting embeddings for dbmdz/bert-base-turkish-cased...
2024-10-31 19:19:32,221 - INFO - Embeddings for dbmdz/bert-base-turkish-cased obtained.
2024-10-31 19:19:32,228 - INFO - dbmdz/bert-base-turkish-cased - Epoch 3, Batch 12: Training Top 1 Accuracy: 31.25%
2024-10-31 19:19:32,229 - INFO - dbmdz/bert-base-turkish-cased - Epoch 3, Batch 12: Training Top 5 Accuracy: 81.25%
2024-10-31 19:19:33,562 - INFO - Getting embeddings for dbmdz/bert-base-turkish-cased...
2024-10-31 19:19:33,746 - INFO - Embeddings for dbmdz/bert-base-turkish-cased obtained.
2024-10-31 19:19:35,150 - INFO - Getting embeddings for dbmdz/bert-base-turkish-cased...
2024-10-31 19:19:35,435 - INFO - Embeddings for dbmdz/bert-base-turkish-cased obtained.
2024-10-31 19:19:35,443 - INFO - dbmdz/bert-base-turkish-cased - Epoch 3, Batch 13: Training Top 1 Accuracy: 81.25%
2024-10-31 19:19:35,443 - INFO - dbmdz/bert-base-turkish-cased - Epoch 3, Batch 13: Training Top 5 Accuracy: 81.25%
2024-10-31 19:19:36,853 - INFO - Getting embeddings for dbmdz/bert-base-turkish-cased...
2024-10-31 19:19:37,050 - INFO - Embeddings for dbmdz/bert-base-turkish-cased obtained.
2024-10-31 19:19:38,467 - INFO - Getting embeddings for dbmdz/bert-base-turkish-cased...
2024-10-31 19:19:38,730 - INFO - Embeddings for dbmdz/bert-base-turkish-cased obtained.
2024-10-31 19:19:38,739 - INFO - dbmdz/bert-base-turkish-cased - Epoch 3, Batch 14: Training Top 1 Accuracy: 56.25%
2024-10-31 19:19:38,739 - INFO - dbmdz/bert-base-turkish-cased - Epoch 3, Batch 14: Training Top 5 Accuracy: 81.25%
2024-10-31 19:19:40,231 - INFO - Getting embeddings for dbmdz/bert-base-turkish-cased...
2024-10-31 19:19:40,521 - INFO - Embeddings for dbmdz/bert-base-turkish-cased obtained.
2024-10-31 19:19:42,011 - INFO - Getting embeddings for dbmdz/bert-base-turkish-cased...
2024-10-31 19:19:42,193 - INFO - Embeddings for dbmdz/bert-base-turkish-cased obtained.
2024-10-31 19:19:42,199 - INFO - dbmdz/bert-base-turkish-cased - Epoch 3, Batch 15: Training Top 1 Accuracy: 68.75%
2024-10-31 19:19:42,200 - INFO - dbmdz/bert-base-turkish-cased - Epoch 3, Batch 15: Training Top 5 Accuracy: 81.25%
2024-10-31 19:19:43,585 - INFO - Getting embeddings for dbmdz/bert-base-turkish-cased...
2024-10-31 19:19:43,759 - INFO - Embeddings for dbmdz/bert-base-turkish-cased obtained.
2024-10-31 19:19:45,080 - INFO - Getting embeddings for dbmdz/bert-base-turkish-cased...
2024-10-31 19:19:45,253 - INFO - Embeddings for dbmdz/bert-base-turkish-cased obtained.
2024-10-31 19:19:45,259 - INFO - dbmdz/bert-base-turkish-cased - Epoch 3, Batch 16: Training Top 1 Accuracy: 56.25%
2024-10-31 19:19:45,260 - INFO - dbmdz/bert-base-turkish-cased - Epoch 3, Batch 16: Training Top 5 Accuracy: 75.00%
2024-10-31 19:19:46,647 - INFO - Getting embeddings for dbmdz/bert-base-turkish-cased...
2024-10-31 19:19:46,897 - INFO - Embeddings for dbmdz/bert-base-turkish-cased obtained.
2024-10-31 19:19:48,179 - INFO - Getting embeddings for dbmdz/bert-base-turkish-cased...
2024-10-31 19:19:48,405 - INFO - Embeddings for dbmdz/bert-base-turkish-cased obtained.
2024-10-31 19:19:48,412 - INFO - dbmdz/bert-base-turkish-cased - Epoch 3, Batch 17: Training Top 1 Accuracy: 56.25%
2024-10-31 19:19:48,412 - INFO - dbmdz/bert-base-turkish-cased - Epoch 3, Batch 17: Training Top 5 Accuracy: 68.75%
2024-10-31 19:19:49,748 - INFO - Getting embeddings for dbmdz/bert-base-turkish-cased...
2024-10-31 19:19:50,076 - INFO - Embeddings for dbmdz/bert-base-turkish-cased obtained.
2024-10-31 19:19:51,843 - INFO - Getting embeddings for dbmdz/bert-base-turkish-cased...
2024-10-31 19:19:52,052 - INFO - Embeddings for dbmdz/bert-base-turkish-cased obtained.
2024-10-31 19:19:52,059 - INFO - dbmdz/bert-base-turkish-cased - Epoch 3, Batch 18: Training Top 1 Accuracy: 56.25%
2024-10-31 19:19:52,059 - INFO - dbmdz/bert-base-turkish-cased - Epoch 3, Batch 18: Training Top 5 Accuracy: 68.75%
2024-10-31 19:19:53,430 - INFO - Getting embeddings for dbmdz/bert-base-turkish-cased...
2024-10-31 19:19:53,662 - INFO - Embeddings for dbmdz/bert-base-turkish-cased obtained.
2024-10-31 19:19:55,050 - INFO - Getting embeddings for dbmdz/bert-base-turkish-cased...
2024-10-31 19:19:55,287 - INFO - Embeddings for dbmdz/bert-base-turkish-cased obtained.
2024-10-31 19:19:55,293 - INFO - dbmdz/bert-base-turkish-cased - Epoch 3, Batch 19: Training Top 1 Accuracy: 68.75%
2024-10-31 19:19:55,293 - INFO - dbmdz/bert-base-turkish-cased - Epoch 3, Batch 19: Training Top 5 Accuracy: 87.50%
2024-10-31 19:19:56,674 - INFO - Getting embeddings for dbmdz/bert-base-turkish-cased...
2024-10-31 19:19:56,912 - INFO - Embeddings for dbmdz/bert-base-turkish-cased obtained.
2024-10-31 19:19:58,255 - INFO - Getting embeddings for dbmdz/bert-base-turkish-cased...
2024-10-31 19:19:58,503 - INFO - Embeddings for dbmdz/bert-base-turkish-cased obtained.
2024-10-31 19:19:58,510 - INFO - dbmdz/bert-base-turkish-cased - Epoch 3, Batch 20: Training Top 1 Accuracy: 56.25%
2024-10-31 19:19:58,510 - INFO - dbmdz/bert-base-turkish-cased - Epoch 3, Batch 20: Training Top 5 Accuracy: 81.25%
2024-10-31 19:19:59,877 - INFO - Getting embeddings for dbmdz/bert-base-turkish-cased...
2024-10-31 19:20:00,140 - INFO - Embeddings for dbmdz/bert-base-turkish-cased obtained.
2024-10-31 19:20:01,508 - INFO - Getting embeddings for dbmdz/bert-base-turkish-cased...
2024-10-31 19:20:01,694 - INFO - Embeddings for dbmdz/bert-base-turkish-cased obtained.
2024-10-31 19:20:01,701 - INFO - dbmdz/bert-base-turkish-cased - Epoch 3, Batch 21: Training Top 1 Accuracy: 68.75%
2024-10-31 19:20:01,701 - INFO - dbmdz/bert-base-turkish-cased - Epoch 3, Batch 21: Training Top 5 Accuracy: 81.25%
2024-10-31 19:20:03,033 - INFO - Getting embeddings for dbmdz/bert-base-turkish-cased...
2024-10-31 19:20:03,239 - INFO - Embeddings for dbmdz/bert-base-turkish-cased obtained.
2024-10-31 19:20:04,581 - INFO - Getting embeddings for dbmdz/bert-base-turkish-cased...
2024-10-31 19:20:04,815 - INFO - Embeddings for dbmdz/bert-base-turkish-cased obtained.
2024-10-31 19:20:04,822 - INFO - dbmdz/bert-base-turkish-cased - Epoch 3, Batch 22: Training Top 1 Accuracy: 62.50%
2024-10-31 19:20:04,823 - INFO - dbmdz/bert-base-turkish-cased - Epoch 3, Batch 22: Training Top 5 Accuracy: 87.50%
2024-10-31 19:20:06,172 - INFO - Getting embeddings for dbmdz/bert-base-turkish-cased...
2024-10-31 19:20:06,380 - INFO - Embeddings for dbmdz/bert-base-turkish-cased obtained.
2024-10-31 19:20:07,723 - INFO - Getting embeddings for dbmdz/bert-base-turkish-cased...
2024-10-31 19:20:07,991 - INFO - Embeddings for dbmdz/bert-base-turkish-cased obtained.
2024-10-31 19:20:08,002 - INFO - dbmdz/bert-base-turkish-cased - Epoch 3, Batch 23: Training Top 1 Accuracy: 43.75%
2024-10-31 19:20:08,002 - INFO - dbmdz/bert-base-turkish-cased - Epoch 3, Batch 23: Training Top 5 Accuracy: 68.75%
2024-10-31 19:20:09,398 - INFO - Getting embeddings for dbmdz/bert-base-turkish-cased...
2024-10-31 19:20:09,668 - INFO - Embeddings for dbmdz/bert-base-turkish-cased obtained.
2024-10-31 19:20:11,017 - INFO - Getting embeddings for dbmdz/bert-base-turkish-cased...
2024-10-31 19:20:11,222 - INFO - Embeddings for dbmdz/bert-base-turkish-cased obtained.
2024-10-31 19:20:11,229 - INFO - dbmdz/bert-base-turkish-cased - Epoch 3, Batch 24: Training Top 1 Accuracy: 68.75%
2024-10-31 19:20:11,229 - INFO - dbmdz/bert-base-turkish-cased - Epoch 3, Batch 24: Training Top 5 Accuracy: 81.25%
2024-10-31 19:20:12,607 - INFO - Getting embeddings for dbmdz/bert-base-turkish-cased...
2024-10-31 19:20:12,850 - INFO - Embeddings for dbmdz/bert-base-turkish-cased obtained.
2024-10-31 19:20:14,237 - INFO - Getting embeddings for dbmdz/bert-base-turkish-cased...
2024-10-31 19:20:14,527 - INFO - Embeddings for dbmdz/bert-base-turkish-cased obtained.
2024-10-31 19:20:14,534 - INFO - dbmdz/bert-base-turkish-cased - Epoch 3, Batch 25: Training Top 1 Accuracy: 62.50%
2024-10-31 19:20:14,534 - INFO - dbmdz/bert-base-turkish-cased - Epoch 3, Batch 25: Training Top 5 Accuracy: 81.25%
2024-10-31 19:20:15,837 - INFO - Getting embeddings for dbmdz/bert-base-turkish-cased...
2024-10-31 19:20:16,009 - INFO - Embeddings for dbmdz/bert-base-turkish-cased obtained.
2024-10-31 19:20:17,341 - INFO - Getting embeddings for dbmdz/bert-base-turkish-cased...
2024-10-31 19:20:17,606 - INFO - Embeddings for dbmdz/bert-base-turkish-cased obtained.
2024-10-31 19:20:17,614 - INFO - dbmdz/bert-base-turkish-cased - Epoch 3, Batch 26: Training Top 1 Accuracy: 62.50%
2024-10-31 19:20:17,614 - INFO - dbmdz/bert-base-turkish-cased - Epoch 3, Batch 26: Training Top 5 Accuracy: 68.75%
2024-10-31 19:20:19,047 - INFO - Getting embeddings for dbmdz/bert-base-turkish-cased...
2024-10-31 19:20:19,297 - INFO - Embeddings for dbmdz/bert-base-turkish-cased obtained.
2024-10-31 19:20:20,636 - INFO - Getting embeddings for dbmdz/bert-base-turkish-cased...
2024-10-31 19:20:20,849 - INFO - Embeddings for dbmdz/bert-base-turkish-cased obtained.
2024-10-31 19:20:20,856 - INFO - dbmdz/bert-base-turkish-cased - Epoch 3, Batch 27: Training Top 1 Accuracy: 75.00%
2024-10-31 19:20:20,856 - INFO - dbmdz/bert-base-turkish-cased - Epoch 3, Batch 27: Training Top 5 Accuracy: 81.25%
2024-10-31 19:20:22,194 - INFO - Getting embeddings for dbmdz/bert-base-turkish-cased...
2024-10-31 19:20:22,456 - INFO - Embeddings for dbmdz/bert-base-turkish-cased obtained.
2024-10-31 19:20:23,777 - INFO - Getting embeddings for dbmdz/bert-base-turkish-cased...
2024-10-31 19:20:23,967 - INFO - Embeddings for dbmdz/bert-base-turkish-cased obtained.
2024-10-31 19:20:23,974 - INFO - dbmdz/bert-base-turkish-cased - Epoch 3, Batch 28: Training Top 1 Accuracy: 56.25%
2024-10-31 19:20:23,974 - INFO - dbmdz/bert-base-turkish-cased - Epoch 3, Batch 28: Training Top 5 Accuracy: 87.50%
2024-10-31 19:20:25,371 - INFO - Getting embeddings for dbmdz/bert-base-turkish-cased...
2024-10-31 19:20:25,655 - INFO - Embeddings for dbmdz/bert-base-turkish-cased obtained.
2024-10-31 19:20:27,027 - INFO - Getting embeddings for dbmdz/bert-base-turkish-cased...
2024-10-31 19:20:27,275 - INFO - Embeddings for dbmdz/bert-base-turkish-cased obtained.
2024-10-31 19:20:27,282 - INFO - dbmdz/bert-base-turkish-cased - Epoch 3, Batch 29: Training Top 1 Accuracy: 68.75%
2024-10-31 19:20:27,282 - INFO - dbmdz/bert-base-turkish-cased - Epoch 3, Batch 29: Training Top 5 Accuracy: 81.25%
2024-10-31 19:20:28,621 - INFO - Getting embeddings for dbmdz/bert-base-turkish-cased...
2024-10-31 19:20:28,916 - INFO - Embeddings for dbmdz/bert-base-turkish-cased obtained.
2024-10-31 19:20:30,366 - INFO - Getting embeddings for dbmdz/bert-base-turkish-cased...
2024-10-31 19:20:30,585 - INFO - Embeddings for dbmdz/bert-base-turkish-cased obtained.
2024-10-31 19:20:30,592 - INFO - dbmdz/bert-base-turkish-cased - Epoch 3, Batch 30: Training Top 1 Accuracy: 43.75%
2024-10-31 19:20:30,592 - INFO - dbmdz/bert-base-turkish-cased - Epoch 3, Batch 30: Training Top 5 Accuracy: 81.25%
2024-10-31 19:20:31,956 - INFO - Getting embeddings for dbmdz/bert-base-turkish-cased...
2024-10-31 19:20:32,126 - INFO - Embeddings for dbmdz/bert-base-turkish-cased obtained.
2024-10-31 19:20:33,639 - INFO - Getting embeddings for dbmdz/bert-base-turkish-cased...
2024-10-31 19:20:33,928 - INFO - Embeddings for dbmdz/bert-base-turkish-cased obtained.
2024-10-31 19:20:33,935 - INFO - dbmdz/bert-base-turkish-cased - Epoch 3, Batch 31: Training Top 1 Accuracy: 75.00%
2024-10-31 19:20:33,935 - INFO - dbmdz/bert-base-turkish-cased - Epoch 3, Batch 31: Training Top 5 Accuracy: 87.50%
2024-10-31 19:20:35,306 - INFO - Getting embeddings for dbmdz/bert-base-turkish-cased...
2024-10-31 19:20:35,448 - INFO - Embeddings for dbmdz/bert-base-turkish-cased obtained.
2024-10-31 19:20:36,915 - INFO - Getting embeddings for dbmdz/bert-base-turkish-cased...
2024-10-31 19:20:37,186 - INFO - Embeddings for dbmdz/bert-base-turkish-cased obtained.
2024-10-31 19:20:37,193 - INFO - dbmdz/bert-base-turkish-cased - Epoch 3, Batch 32: Training Top 1 Accuracy: 68.75%
2024-10-31 19:20:37,193 - INFO - dbmdz/bert-base-turkish-cased - Epoch 3, Batch 32: Training Top 5 Accuracy: 81.25%
2024-10-31 19:20:38,516 - INFO - Getting embeddings for dbmdz/bert-base-turkish-cased...
2024-10-31 19:20:38,732 - INFO - Embeddings for dbmdz/bert-base-turkish-cased obtained.
2024-10-31 19:20:40,146 - INFO - Getting embeddings for dbmdz/bert-base-turkish-cased...
2024-10-31 19:20:40,449 - INFO - Embeddings for dbmdz/bert-base-turkish-cased obtained.
2024-10-31 19:20:40,456 - INFO - dbmdz/bert-base-turkish-cased - Epoch 3, Batch 33: Training Top 1 Accuracy: 50.00%
2024-10-31 19:20:40,457 - INFO - dbmdz/bert-base-turkish-cased - Epoch 3, Batch 33: Training Top 5 Accuracy: 75.00%
2024-10-31 19:20:41,835 - INFO - Getting embeddings for dbmdz/bert-base-turkish-cased...
2024-10-31 19:20:41,985 - INFO - Embeddings for dbmdz/bert-base-turkish-cased obtained.
2024-10-31 19:20:43,552 - INFO - Getting embeddings for dbmdz/bert-base-turkish-cased...
2024-10-31 19:20:43,897 - INFO - Embeddings for dbmdz/bert-base-turkish-cased obtained.
2024-10-31 19:20:43,906 - INFO - dbmdz/bert-base-turkish-cased - Epoch 3, Batch 34: Training Top 1 Accuracy: 50.00%
2024-10-31 19:20:43,907 - INFO - dbmdz/bert-base-turkish-cased - Epoch 3, Batch 34: Training Top 5 Accuracy: 68.75%
2024-10-31 19:20:45,289 - INFO - Getting embeddings for dbmdz/bert-base-turkish-cased...
2024-10-31 19:20:45,437 - INFO - Embeddings for dbmdz/bert-base-turkish-cased obtained.
2024-10-31 19:20:46,842 - INFO - Getting embeddings for dbmdz/bert-base-turkish-cased...
2024-10-31 19:20:47,115 - INFO - Embeddings for dbmdz/bert-base-turkish-cased obtained.
2024-10-31 19:20:47,122 - INFO - dbmdz/bert-base-turkish-cased - Epoch 3, Batch 35: Training Top 1 Accuracy: 62.50%
2024-10-31 19:20:47,122 - INFO - dbmdz/bert-base-turkish-cased - Epoch 3, Batch 35: Training Top 5 Accuracy: 87.50%
2024-10-31 19:20:48,559 - INFO - Getting embeddings for dbmdz/bert-base-turkish-cased...
2024-10-31 19:20:48,818 - INFO - Embeddings for dbmdz/bert-base-turkish-cased obtained.
2024-10-31 19:20:50,184 - INFO - Getting embeddings for dbmdz/bert-base-turkish-cased...
2024-10-31 19:20:50,417 - INFO - Embeddings for dbmdz/bert-base-turkish-cased obtained.
2024-10-31 19:20:50,424 - INFO - dbmdz/bert-base-turkish-cased - Epoch 3, Batch 36: Training Top 1 Accuracy: 50.00%
2024-10-31 19:20:50,424 - INFO - dbmdz/bert-base-turkish-cased - Epoch 3, Batch 36: Training Top 5 Accuracy: 81.25%
2024-10-31 19:20:51,746 - INFO - Getting embeddings for dbmdz/bert-base-turkish-cased...
2024-10-31 19:20:51,934 - INFO - Embeddings for dbmdz/bert-base-turkish-cased obtained.
2024-10-31 19:20:53,283 - INFO - Getting embeddings for dbmdz/bert-base-turkish-cased...
2024-10-31 19:20:53,545 - INFO - Embeddings for dbmdz/bert-base-turkish-cased obtained.
2024-10-31 19:20:53,553 - INFO - dbmdz/bert-base-turkish-cased - Epoch 3, Batch 37: Training Top 1 Accuracy: 62.50%
2024-10-31 19:20:53,553 - INFO - dbmdz/bert-base-turkish-cased - Epoch 3, Batch 37: Training Top 5 Accuracy: 75.00%
2024-10-31 19:20:55,007 - INFO - Getting embeddings for dbmdz/bert-base-turkish-cased...
2024-10-31 19:20:55,223 - INFO - Embeddings for dbmdz/bert-base-turkish-cased obtained.
2024-10-31 19:20:56,553 - INFO - Getting embeddings for dbmdz/bert-base-turkish-cased...
2024-10-31 19:20:56,744 - INFO - Embeddings for dbmdz/bert-base-turkish-cased obtained.
2024-10-31 19:20:56,757 - INFO - dbmdz/bert-base-turkish-cased - Epoch 3, Batch 38: Training Top 1 Accuracy: 75.00%
2024-10-31 19:20:56,758 - INFO - dbmdz/bert-base-turkish-cased - Epoch 3, Batch 38: Training Top 5 Accuracy: 87.50%
2024-10-31 19:20:58,167 - INFO - Getting embeddings for dbmdz/bert-base-turkish-cased...
2024-10-31 19:20:58,321 - INFO - Embeddings for dbmdz/bert-base-turkish-cased obtained.
2024-10-31 19:20:59,693 - INFO - Getting embeddings for dbmdz/bert-base-turkish-cased...
2024-10-31 19:20:59,986 - INFO - Embeddings for dbmdz/bert-base-turkish-cased obtained.
2024-10-31 19:20:59,993 - INFO - dbmdz/bert-base-turkish-cased - Epoch 3, Batch 39: Training Top 1 Accuracy: 43.75%
2024-10-31 19:20:59,994 - INFO - dbmdz/bert-base-turkish-cased - Epoch 3, Batch 39: Training Top 5 Accuracy: 75.00%
2024-10-31 19:21:01,405 - INFO - Getting embeddings for dbmdz/bert-base-turkish-cased...
2024-10-31 19:21:01,631 - INFO - Embeddings for dbmdz/bert-base-turkish-cased obtained.
2024-10-31 19:21:03,098 - INFO - Getting embeddings for dbmdz/bert-base-turkish-cased...
2024-10-31 19:21:03,360 - INFO - Embeddings for dbmdz/bert-base-turkish-cased obtained.
2024-10-31 19:21:03,374 - INFO - dbmdz/bert-base-turkish-cased - Epoch 3, Batch 40: Training Top 1 Accuracy: 68.75%
2024-10-31 19:21:03,374 - INFO - dbmdz/bert-base-turkish-cased - Epoch 3, Batch 40: Training Top 5 Accuracy: 87.50%
2024-10-31 19:21:04,821 - INFO - Getting embeddings for dbmdz/bert-base-turkish-cased...
2024-10-31 19:21:05,081 - INFO - Embeddings for dbmdz/bert-base-turkish-cased obtained.
2024-10-31 19:21:06,444 - INFO - Getting embeddings for dbmdz/bert-base-turkish-cased...
2024-10-31 19:21:06,670 - INFO - Embeddings for dbmdz/bert-base-turkish-cased obtained.
2024-10-31 19:21:06,678 - INFO - dbmdz/bert-base-turkish-cased - Epoch 3, Batch 41: Training Top 1 Accuracy: 75.00%
2024-10-31 19:21:06,679 - INFO - dbmdz/bert-base-turkish-cased - Epoch 3, Batch 41: Training Top 5 Accuracy: 93.75%
2024-10-31 19:21:08,067 - INFO - Getting embeddings for dbmdz/bert-base-turkish-cased...
2024-10-31 19:21:08,306 - INFO - Embeddings for dbmdz/bert-base-turkish-cased obtained.
2024-10-31 19:21:09,699 - INFO - Getting embeddings for dbmdz/bert-base-turkish-cased...
2024-10-31 19:21:09,928 - INFO - Embeddings for dbmdz/bert-base-turkish-cased obtained.
2024-10-31 19:21:09,936 - INFO - dbmdz/bert-base-turkish-cased - Epoch 3, Batch 42: Training Top 1 Accuracy: 75.00%
2024-10-31 19:21:09,936 - INFO - dbmdz/bert-base-turkish-cased - Epoch 3, Batch 42: Training Top 5 Accuracy: 81.25%
2024-10-31 19:21:11,446 - INFO - Getting embeddings for dbmdz/bert-base-turkish-cased...
2024-10-31 19:21:11,645 - INFO - Embeddings for dbmdz/bert-base-turkish-cased obtained.
2024-10-31 19:21:13,122 - INFO - Getting embeddings for dbmdz/bert-base-turkish-cased...
2024-10-31 19:21:13,366 - INFO - Embeddings for dbmdz/bert-base-turkish-cased obtained.
2024-10-31 19:21:13,373 - INFO - dbmdz/bert-base-turkish-cased - Epoch 3, Batch 43: Training Top 1 Accuracy: 75.00%
2024-10-31 19:21:13,374 - INFO - dbmdz/bert-base-turkish-cased - Epoch 3, Batch 43: Training Top 5 Accuracy: 75.00%
2024-10-31 19:21:14,941 - INFO - Getting embeddings for dbmdz/bert-base-turkish-cased...
2024-10-31 19:21:15,098 - INFO - Embeddings for dbmdz/bert-base-turkish-cased obtained.
2024-10-31 19:21:16,569 - INFO - Getting embeddings for dbmdz/bert-base-turkish-cased...
2024-10-31 19:21:16,864 - INFO - Embeddings for dbmdz/bert-base-turkish-cased obtained.
2024-10-31 19:21:16,872 - INFO - dbmdz/bert-base-turkish-cased - Epoch 3, Batch 44: Training Top 1 Accuracy: 75.00%
2024-10-31 19:21:16,872 - INFO - dbmdz/bert-base-turkish-cased - Epoch 3, Batch 44: Training Top 5 Accuracy: 87.50%
2024-10-31 19:21:18,256 - INFO - Getting embeddings for dbmdz/bert-base-turkish-cased...
2024-10-31 19:21:18,454 - INFO - Embeddings for dbmdz/bert-base-turkish-cased obtained.
2024-10-31 19:21:19,926 - INFO - Getting embeddings for dbmdz/bert-base-turkish-cased...
2024-10-31 19:21:20,172 - INFO - Embeddings for dbmdz/bert-base-turkish-cased obtained.
2024-10-31 19:21:20,179 - INFO - dbmdz/bert-base-turkish-cased - Epoch 3, Batch 45: Training Top 1 Accuracy: 56.25%
2024-10-31 19:21:20,179 - INFO - dbmdz/bert-base-turkish-cased - Epoch 3, Batch 45: Training Top 5 Accuracy: 75.00%
2024-10-31 19:21:21,642 - INFO - Getting embeddings for dbmdz/bert-base-turkish-cased...
2024-10-31 19:21:21,860 - INFO - Embeddings for dbmdz/bert-base-turkish-cased obtained.
2024-10-31 19:21:23,236 - INFO - Getting embeddings for dbmdz/bert-base-turkish-cased...
2024-10-31 19:21:23,504 - INFO - Embeddings for dbmdz/bert-base-turkish-cased obtained.
2024-10-31 19:21:23,511 - INFO - dbmdz/bert-base-turkish-cased - Epoch 3, Batch 46: Training Top 1 Accuracy: 68.75%
2024-10-31 19:21:23,511 - INFO - dbmdz/bert-base-turkish-cased - Epoch 3, Batch 46: Training Top 5 Accuracy: 81.25%
2024-10-31 19:21:24,892 - INFO - Getting embeddings for dbmdz/bert-base-turkish-cased...
2024-10-31 19:21:25,140 - INFO - Embeddings for dbmdz/bert-base-turkish-cased obtained.
2024-10-31 19:21:26,557 - INFO - Getting embeddings for dbmdz/bert-base-turkish-cased...
2024-10-31 19:21:26,816 - INFO - Embeddings for dbmdz/bert-base-turkish-cased obtained.
2024-10-31 19:21:26,825 - INFO - dbmdz/bert-base-turkish-cased - Epoch 3, Batch 47: Training Top 1 Accuracy: 75.00%
2024-10-31 19:21:26,825 - INFO - dbmdz/bert-base-turkish-cased - Epoch 3, Batch 47: Training Top 5 Accuracy: 87.50%
2024-10-31 19:21:28,194 - INFO - Getting embeddings for dbmdz/bert-base-turkish-cased...
2024-10-31 19:21:28,431 - INFO - Embeddings for dbmdz/bert-base-turkish-cased obtained.
2024-10-31 19:21:29,810 - INFO - Getting embeddings for dbmdz/bert-base-turkish-cased...
2024-10-31 19:21:30,025 - INFO - Embeddings for dbmdz/bert-base-turkish-cased obtained.
2024-10-31 19:21:30,032 - INFO - dbmdz/bert-base-turkish-cased - Epoch 3, Batch 48: Training Top 1 Accuracy: 62.50%
2024-10-31 19:21:30,032 - INFO - dbmdz/bert-base-turkish-cased - Epoch 3, Batch 48: Training Top 5 Accuracy: 75.00%
2024-10-31 19:21:31,454 - INFO - Getting embeddings for dbmdz/bert-base-turkish-cased...
2024-10-31 19:21:31,693 - INFO - Embeddings for dbmdz/bert-base-turkish-cased obtained.
2024-10-31 19:21:33,052 - INFO - Getting embeddings for dbmdz/bert-base-turkish-cased...
2024-10-31 19:21:33,270 - INFO - Embeddings for dbmdz/bert-base-turkish-cased obtained.
2024-10-31 19:21:33,283 - INFO - dbmdz/bert-base-turkish-cased - Epoch 3, Batch 49: Training Top 1 Accuracy: 75.00%
2024-10-31 19:21:33,283 - INFO - dbmdz/bert-base-turkish-cased - Epoch 3, Batch 49: Training Top 5 Accuracy: 93.75%
2024-10-31 19:21:34,638 - INFO - Getting embeddings for dbmdz/bert-base-turkish-cased...
2024-10-31 19:21:34,893 - INFO - Embeddings for dbmdz/bert-base-turkish-cased obtained.
2024-10-31 19:21:36,163 - INFO - Getting embeddings for dbmdz/bert-base-turkish-cased...
2024-10-31 19:21:36,310 - INFO - Embeddings for dbmdz/bert-base-turkish-cased obtained.
2024-10-31 19:21:36,318 - INFO - dbmdz/bert-base-turkish-cased - Epoch 3, Batch 50: Training Top 1 Accuracy: 31.25%
2024-10-31 19:21:36,318 - INFO - dbmdz/bert-base-turkish-cased - Epoch 3, Batch 50: Training Top 5 Accuracy: 75.00%
2024-10-31 19:21:37,723 - INFO - Getting embeddings for dbmdz/bert-base-turkish-cased...
2024-10-31 19:21:38,966 - INFO - Embeddings for dbmdz/bert-base-turkish-cased obtained.
2024-10-31 19:21:40,327 - INFO - Getting embeddings for dbmdz/bert-base-turkish-cased...
2024-10-31 19:21:41,667 - INFO - Embeddings for dbmdz/bert-base-turkish-cased obtained.
2024-10-31 19:21:41,682 - INFO - dbmdz/bert-base-turkish-cased - Epoch 3: Validation Top 1 Accuracy: 40.00%
2024-10-31 19:21:41,683 - INFO - dbmdz/bert-base-turkish-cased - Epoch 3: Validation Top 5 Accuracy: 54.00%
2024-10-31 19:21:41,683 - INFO - Starting testing phase...
2024-10-31 19:21:43,112 - INFO - Getting embeddings for dbmdz/bert-base-turkish-cased...
2024-10-31 19:21:44,501 - INFO - Embeddings for dbmdz/bert-base-turkish-cased obtained.
2024-10-31 19:21:45,933 - INFO - Getting embeddings for dbmdz/bert-base-turkish-cased...
2024-10-31 19:21:47,202 - INFO - Embeddings for dbmdz/bert-base-turkish-cased obtained.
2024-10-31 19:21:47,219 - INFO - dbmdz/bert-base-turkish-cased: Test Top 1 Accuracy: 52.00%
2024-10-31 19:21:47,220 - INFO - dbmdz/bert-base-turkish-cased: Test Top 5 Accuracy: 59.00%
