2024-10-30 08:20:10,684 - INFO - CSV dosyası okunuyor...
2024-10-30 08:20:10,696 - INFO - CSV dosyası başarıyla okundu.
2024-10-30 08:20:10,698 - INFO - sentence-transformers/all-MiniLM-L12-v2 yükleniyor...
2024-10-30 08:20:12,362 - INFO - sentence-transformers/all-MiniLM-L12-v2 yüklendi.
2024-10-30 08:20:12,363 - INFO - jinaai/jina-embeddings-v3 yükleniyor...
2024-10-30 08:20:16,245 - INFO - jinaai/jina-embeddings-v3 yüklendi.
2024-10-30 08:20:16,245 - INFO - intfloat/multilingual-e5-large-instruct yükleniyor...
2024-10-30 08:20:18,513 - INFO - intfloat/multilingual-e5-large-instruct yüklendi.
2024-10-30 08:20:18,514 - INFO - BAAI/bge-m3 yükleniyor...
2024-10-30 08:20:20,144 - INFO - BAAI/bge-m3 yüklendi.
2024-10-30 08:20:20,144 - INFO - thenlper/gte-large yükleniyor...
2024-10-30 08:20:21,957 - INFO - thenlper/gte-large yüklendi.
2024-10-30 08:20:21,958 - INFO - dbmdz/bert-base-turkish-cased yükleniyor...
2024-10-30 08:20:23,634 - INFO - dbmdz/bert-base-turkish-cased yüklendi.
2024-10-30 08:20:23,636 - INFO - sentence-transformers/all-MiniLM-L12-v2 için temsiller önbellekten yükleniyor...
2024-10-30 08:20:23,663 - INFO - jinaai/jina-embeddings-v3 için temsiller önbellekten yükleniyor...
2024-10-30 08:20:23,672 - INFO - intfloat/multilingual-e5-large-instruct için temsiller önbellekten yükleniyor...
2024-10-30 08:20:23,685 - INFO - BAAI/bge-m3 için temsiller önbellekten yükleniyor...
2024-10-30 08:20:23,695 - INFO - thenlper/gte-large için temsiller önbellekten yükleniyor...
2024-10-30 08:20:23,706 - INFO - dbmdz/bert-base-turkish-cased için temsiller önbellekten yükleniyor...
2024-10-30 08:20:23,717 - INFO - sentence-transformers/all-MiniLM-L12-v2 için temsiller önbellekten yükleniyor...
2024-10-30 08:20:23,719 - INFO - jinaai/jina-embeddings-v3 için temsiller önbellekten yükleniyor...
2024-10-30 08:20:23,722 - INFO - intfloat/multilingual-e5-large-instruct için temsiller önbellekten yükleniyor...
2024-10-30 08:20:23,725 - INFO - BAAI/bge-m3 için temsiller önbellekten yükleniyor...
2024-10-30 08:20:23,730 - INFO - thenlper/gte-large için temsiller önbellekten yükleniyor...
2024-10-30 08:20:23,733 - INFO - dbmdz/bert-base-turkish-cased için temsiller önbellekten yükleniyor...
