2024-11-01 21:00:54,750 - INFO - Reading CSV file...
2024-11-01 21:00:54,762 - INFO - CSV file successfully read.
2024-11-01 21:00:55,136 - INFO - Using device: cuda
2024-11-01 21:00:55,136 - INFO - Training model: dbmdz/bert-base-turkish-cased
2024-11-01 21:01:00,103 - INFO - Epoch 1/1
2024-11-01 21:01:01,619 - INFO - Getting embeddings for dbmdz/bert-base-turkish-cased...
2024-11-01 21:01:03,198 - INFO - Embeddings for dbmdz/bert-base-turkish-cased obtained.
2024-11-01 21:01:04,458 - INFO - Getting embeddings for dbmdz/bert-base-turkish-cased...
2024-11-01 21:01:05,976 - INFO - Embeddings for dbmdz/bert-base-turkish-cased obtained.
2024-11-01 21:01:06,038 - INFO - Training Batch 1: Top 1 Accuracy: 45.33%, Top 5 Accuracy: 77.33%
2024-11-01 21:01:07,399 - INFO - Getting embeddings for dbmdz/bert-base-turkish-cased...
2024-11-01 21:01:08,975 - INFO - Embeddings for dbmdz/bert-base-turkish-cased obtained.
2024-11-01 21:01:10,435 - INFO - Getting embeddings for dbmdz/bert-base-turkish-cased...
2024-11-01 21:01:11,979 - INFO - Embeddings for dbmdz/bert-base-turkish-cased obtained.
2024-11-01 21:01:12,015 - INFO - Training Batch 2: Top 1 Accuracy: 45.33%, Top 5 Accuracy: 80.67%
2024-11-01 21:01:13,313 - INFO - Getting embeddings for dbmdz/bert-base-turkish-cased...
2024-11-01 21:01:14,942 - INFO - Embeddings for dbmdz/bert-base-turkish-cased obtained.
2024-11-01 21:01:16,339 - INFO - Getting embeddings for dbmdz/bert-base-turkish-cased...
2024-11-01 21:01:17,964 - INFO - Embeddings for dbmdz/bert-base-turkish-cased obtained.
2024-11-01 21:01:18,013 - INFO - Training Batch 3: Top 1 Accuracy: 38.67%, Top 5 Accuracy: 74.67%
2024-11-01 21:01:19,457 - INFO - Getting embeddings for dbmdz/bert-base-turkish-cased...
2024-11-01 21:01:20,917 - INFO - Embeddings for dbmdz/bert-base-turkish-cased obtained.
2024-11-01 21:01:22,301 - INFO - Getting embeddings for dbmdz/bert-base-turkish-cased...
2024-11-01 21:01:23,985 - INFO - Embeddings for dbmdz/bert-base-turkish-cased obtained.
2024-11-01 21:01:24,035 - INFO - Training Batch 4: Top 1 Accuracy: 48.67%, Top 5 Accuracy: 76.67%
2024-11-01 21:01:25,382 - INFO - Getting embeddings for dbmdz/bert-base-turkish-cased...
2024-11-01 21:01:27,052 - INFO - Embeddings for dbmdz/bert-base-turkish-cased obtained.
2024-11-01 21:01:28,452 - INFO - Getting embeddings for dbmdz/bert-base-turkish-cased...
2024-11-01 21:01:30,173 - INFO - Embeddings for dbmdz/bert-base-turkish-cased obtained.
2024-11-01 21:01:30,202 - INFO - Training Batch 5: Top 1 Accuracy: 44.00%, Top 5 Accuracy: 77.33%
2024-11-01 21:01:32,221 - INFO - Getting embeddings for dbmdz/bert-base-turkish-cased...
2024-11-01 21:01:32,816 - INFO - Embeddings for dbmdz/bert-base-turkish-cased obtained.
2024-11-01 21:01:34,170 - INFO - Getting embeddings for dbmdz/bert-base-turkish-cased...
2024-11-01 21:01:34,828 - INFO - Embeddings for dbmdz/bert-base-turkish-cased obtained.
2024-11-01 21:01:34,841 - INFO - Training Batch 6: Top 1 Accuracy: 42.00%, Top 5 Accuracy: 84.00%
2024-11-01 21:01:34,849 - INFO - Validating model...
2024-11-01 21:01:36,174 - INFO - Getting embeddings for dbmdz/bert-base-turkish-cased...
2024-11-01 21:01:37,252 - INFO - Embeddings for dbmdz/bert-base-turkish-cased obtained.
2024-11-01 21:01:38,586 - INFO - Getting embeddings for dbmdz/bert-base-turkish-cased...
2024-11-01 21:01:39,752 - INFO - Embeddings for dbmdz/bert-base-turkish-cased obtained.
2024-11-01 21:01:39,766 - INFO - Validation: Top 1 Accuracy: 40.00%, Top 5 Accuracy: 71.00%
2024-11-01 21:01:39,774 - INFO - Testing model...
2024-11-01 21:01:41,114 - INFO - Getting embeddings for dbmdz/bert-base-turkish-cased...
2024-11-01 21:01:42,125 - INFO - Embeddings for dbmdz/bert-base-turkish-cased obtained.
2024-11-01 21:01:43,414 - INFO - Getting embeddings for dbmdz/bert-base-turkish-cased...
2024-11-01 21:01:44,381 - INFO - Embeddings for dbmdz/bert-base-turkish-cased obtained.
2024-11-01 21:01:44,394 - INFO - Test Results: Top 1 Accuracy: 49.00%, Top 5 Accuracy: 77.00%
