2024-10-31 15:03:51,100 - INFO - Reading CSV file...
2024-10-31 15:03:51,114 - INFO - CSV file successfully read.
2024-10-31 15:03:51,456 - INFO - Using device: cuda
2024-10-31 15:03:51,457 - INFO - Processing model: dbmdz/bert-base-turkish-cased
2024-10-31 15:03:55,580 - INFO - Getting embeddings for dbmdz/bert-base-turkish-cased...
2024-10-31 15:03:56,933 - INFO - Embeddings for dbmdz/bert-base-turkish-cased obtained.
2024-10-31 15:03:58,369 - INFO - Getting embeddings for dbmdz/bert-base-turkish-cased...
2024-10-31 15:04:02,104 - INFO - Embeddings for dbmdz/bert-base-turkish-cased obtained.
2024-10-31 15:04:03,545 - INFO - Getting embeddings for dbmdz/bert-base-turkish-cased...
2024-10-31 15:04:03,699 - INFO - Embeddings for dbmdz/bert-base-turkish-cased obtained.
2024-10-31 15:04:05,040 - INFO - Getting embeddings for dbmdz/bert-base-turkish-cased...
2024-10-31 15:04:05,611 - INFO - Embeddings for dbmdz/bert-base-turkish-cased obtained.
2024-10-31 15:04:07,053 - INFO - Getting embeddings for dbmdz/bert-base-turkish-cased...
2024-10-31 15:04:07,227 - INFO - Embeddings for dbmdz/bert-base-turkish-cased obtained.
2024-10-31 15:04:08,640 - INFO - Getting embeddings for dbmdz/bert-base-turkish-cased...
2024-10-31 15:04:09,082 - INFO - Embeddings for dbmdz/bert-base-turkish-cased obtained.
2024-10-31 15:04:09,815 - INFO - dbmdz/bert-base-turkish-cased - Training Top 1 Accuracy: 19.62%
2024-10-31 15:04:09,815 - INFO - dbmdz/bert-base-turkish-cased - Training Top 5 Accuracy: 32.00%
2024-10-31 15:04:09,826 - INFO - dbmdz/bert-base-turkish-cased - Validation Top 1 Accuracy: 33.00%
2024-10-31 15:04:09,826 - INFO - dbmdz/bert-base-turkish-cased - Validation Top 5 Accuracy: 53.00%
2024-10-31 15:04:09,835 - INFO - dbmdz/bert-base-turkish-cased - Test Top 1 Accuracy: 32.00%
2024-10-31 15:04:09,835 - INFO - dbmdz/bert-base-turkish-cased - Test Top 5 Accuracy: 50.00%
2024-10-31 15:04:09,835 - INFO - Applying TSNE for dbmdz/bert-base-turkish-cased...
2024-10-31 15:04:15,523 - INFO - TSNE visualization completed for dbmdz/bert-base-turkish-cased.
