2024-10-31 19:52:16,092 - INFO - Reading CSV file...
2024-10-31 19:52:16,104 - INFO - CSV file successfully read.
2024-10-31 19:52:17,326 - INFO - Using device: cuda
2024-10-31 19:52:17,327 - INFO - Processing model: dbmdz/bert-base-turkish-cased
2024-10-31 19:52:21,536 - INFO - Starting epoch 1/1 for dbmdz/bert-base-turkish-cased...
2024-10-31 19:52:22,973 - INFO - Getting embeddings for dbmdz/bert-base-turkish-cased...
2024-10-31 19:52:23,633 - INFO - Embeddings for dbmdz/bert-base-turkish-cased obtained.
2024-10-31 19:52:25,079 - INFO - Getting embeddings for dbmdz/bert-base-turkish-cased...
2024-10-31 19:52:25,637 - INFO - Embeddings for dbmdz/bert-base-turkish-cased obtained.
2024-10-31 19:52:25,647 - INFO - dbmdz/bert-base-turkish-cased - Epoch 1, Batch 1: Training Top 1 Accuracy: 54.00%
2024-10-31 19:52:25,647 - INFO - dbmdz/bert-base-turkish-cased - Epoch 1, Batch 1: Training Top 5 Accuracy: 70.00%
2024-10-31 19:52:27,068 - INFO - Getting embeddings for dbmdz/bert-base-turkish-cased...
2024-10-31 19:52:27,701 - INFO - Embeddings for dbmdz/bert-base-turkish-cased obtained.
2024-10-31 19:52:29,144 - INFO - Getting embeddings for dbmdz/bert-base-turkish-cased...
2024-10-31 19:52:29,822 - INFO - Embeddings for dbmdz/bert-base-turkish-cased obtained.
2024-10-31 19:52:29,830 - INFO - dbmdz/bert-base-turkish-cased - Epoch 1, Batch 2: Training Top 1 Accuracy: 36.00%
2024-10-31 19:52:29,830 - INFO - dbmdz/bert-base-turkish-cased - Epoch 1, Batch 2: Training Top 5 Accuracy: 66.00%
2024-10-31 19:52:31,220 - INFO - Getting embeddings for dbmdz/bert-base-turkish-cased...
2024-10-31 19:52:31,808 - INFO - Embeddings for dbmdz/bert-base-turkish-cased obtained.
2024-10-31 19:52:33,205 - INFO - Getting embeddings for dbmdz/bert-base-turkish-cased...
2024-10-31 19:52:33,817 - INFO - Embeddings for dbmdz/bert-base-turkish-cased obtained.
2024-10-31 19:52:33,826 - INFO - dbmdz/bert-base-turkish-cased - Epoch 1, Batch 3: Training Top 1 Accuracy: 50.00%
2024-10-31 19:52:33,826 - INFO - dbmdz/bert-base-turkish-cased - Epoch 1, Batch 3: Training Top 5 Accuracy: 70.00%
2024-10-31 19:52:35,207 - INFO - Getting embeddings for dbmdz/bert-base-turkish-cased...
2024-10-31 19:52:35,909 - INFO - Embeddings for dbmdz/bert-base-turkish-cased obtained.
2024-10-31 19:52:37,272 - INFO - Getting embeddings for dbmdz/bert-base-turkish-cased...
2024-10-31 19:52:37,868 - INFO - Embeddings for dbmdz/bert-base-turkish-cased obtained.
2024-10-31 19:52:37,876 - INFO - dbmdz/bert-base-turkish-cased - Epoch 1, Batch 4: Training Top 1 Accuracy: 46.00%
2024-10-31 19:52:37,876 - INFO - dbmdz/bert-base-turkish-cased - Epoch 1, Batch 4: Training Top 5 Accuracy: 70.00%
2024-10-31 19:52:39,387 - INFO - Getting embeddings for dbmdz/bert-base-turkish-cased...
2024-10-31 19:52:40,141 - INFO - Embeddings for dbmdz/bert-base-turkish-cased obtained.
2024-10-31 19:52:41,534 - INFO - Getting embeddings for dbmdz/bert-base-turkish-cased...
2024-10-31 19:52:42,155 - INFO - Embeddings for dbmdz/bert-base-turkish-cased obtained.
2024-10-31 19:52:42,163 - INFO - dbmdz/bert-base-turkish-cased - Epoch 1, Batch 5: Training Top 1 Accuracy: 50.00%
2024-10-31 19:52:42,163 - INFO - dbmdz/bert-base-turkish-cased - Epoch 1, Batch 5: Training Top 5 Accuracy: 70.00%
2024-10-31 19:52:43,627 - INFO - Getting embeddings for dbmdz/bert-base-turkish-cased...
2024-10-31 19:52:44,371 - INFO - Embeddings for dbmdz/bert-base-turkish-cased obtained.
2024-10-31 19:52:45,862 - INFO - Getting embeddings for dbmdz/bert-base-turkish-cased...
2024-10-31 19:52:46,341 - INFO - Embeddings for dbmdz/bert-base-turkish-cased obtained.
2024-10-31 19:52:46,348 - INFO - dbmdz/bert-base-turkish-cased - Epoch 1, Batch 6: Training Top 1 Accuracy: 58.00%
2024-10-31 19:52:46,348 - INFO - dbmdz/bert-base-turkish-cased - Epoch 1, Batch 6: Training Top 5 Accuracy: 72.00%
2024-10-31 19:52:47,829 - INFO - Getting embeddings for dbmdz/bert-base-turkish-cased...
2024-10-31 19:52:48,295 - INFO - Embeddings for dbmdz/bert-base-turkish-cased obtained.
2024-10-31 19:52:49,687 - INFO - Getting embeddings for dbmdz/bert-base-turkish-cased...
2024-10-31 19:52:50,279 - INFO - Embeddings for dbmdz/bert-base-turkish-cased obtained.
2024-10-31 19:52:50,290 - INFO - dbmdz/bert-base-turkish-cased - Epoch 1, Batch 7: Training Top 1 Accuracy: 54.00%
2024-10-31 19:52:50,290 - INFO - dbmdz/bert-base-turkish-cased - Epoch 1, Batch 7: Training Top 5 Accuracy: 76.00%
2024-10-31 19:52:51,905 - INFO - Getting embeddings for dbmdz/bert-base-turkish-cased...
2024-10-31 19:52:52,538 - INFO - Embeddings for dbmdz/bert-base-turkish-cased obtained.
2024-10-31 19:52:53,953 - INFO - Getting embeddings for dbmdz/bert-base-turkish-cased...
2024-10-31 19:52:54,511 - INFO - Embeddings for dbmdz/bert-base-turkish-cased obtained.
2024-10-31 19:52:54,518 - INFO - dbmdz/bert-base-turkish-cased - Epoch 1, Batch 8: Training Top 1 Accuracy: 56.00%
2024-10-31 19:52:54,519 - INFO - dbmdz/bert-base-turkish-cased - Epoch 1, Batch 8: Training Top 5 Accuracy: 74.00%
2024-10-31 19:52:56,204 - INFO - Getting embeddings for dbmdz/bert-base-turkish-cased...
2024-10-31 19:52:56,882 - INFO - Embeddings for dbmdz/bert-base-turkish-cased obtained.
2024-10-31 19:52:58,326 - INFO - Getting embeddings for dbmdz/bert-base-turkish-cased...
2024-10-31 19:52:58,922 - INFO - Embeddings for dbmdz/bert-base-turkish-cased obtained.
2024-10-31 19:52:58,929 - INFO - dbmdz/bert-base-turkish-cased - Epoch 1, Batch 9: Training Top 1 Accuracy: 60.00%
2024-10-31 19:52:58,930 - INFO - dbmdz/bert-base-turkish-cased - Epoch 1, Batch 9: Training Top 5 Accuracy: 72.00%
2024-10-31 19:53:00,326 - INFO - Getting embeddings for dbmdz/bert-base-turkish-cased...
2024-10-31 19:53:01,024 - INFO - Embeddings for dbmdz/bert-base-turkish-cased obtained.
2024-10-31 19:53:02,404 - INFO - Getting embeddings for dbmdz/bert-base-turkish-cased...
2024-10-31 19:53:02,982 - INFO - Embeddings for dbmdz/bert-base-turkish-cased obtained.
2024-10-31 19:53:02,990 - INFO - dbmdz/bert-base-turkish-cased - Epoch 1, Batch 10: Training Top 1 Accuracy: 62.00%
2024-10-31 19:53:02,990 - INFO - dbmdz/bert-base-turkish-cased - Epoch 1, Batch 10: Training Top 5 Accuracy: 76.00%
2024-10-31 19:53:04,413 - INFO - Getting embeddings for dbmdz/bert-base-turkish-cased...
2024-10-31 19:53:05,070 - INFO - Embeddings for dbmdz/bert-base-turkish-cased obtained.
2024-10-31 19:53:06,467 - INFO - Getting embeddings for dbmdz/bert-base-turkish-cased...
2024-10-31 19:53:07,070 - INFO - Embeddings for dbmdz/bert-base-turkish-cased obtained.
2024-10-31 19:53:07,077 - INFO - dbmdz/bert-base-turkish-cased - Epoch 1, Batch 11: Training Top 1 Accuracy: 50.00%
2024-10-31 19:53:07,078 - INFO - dbmdz/bert-base-turkish-cased - Epoch 1, Batch 11: Training Top 5 Accuracy: 76.00%
2024-10-31 19:53:08,484 - INFO - Getting embeddings for dbmdz/bert-base-turkish-cased...
2024-10-31 19:53:08,965 - INFO - Embeddings for dbmdz/bert-base-turkish-cased obtained.
2024-10-31 19:53:10,488 - INFO - Getting embeddings for dbmdz/bert-base-turkish-cased...
2024-10-31 19:53:11,043 - INFO - Embeddings for dbmdz/bert-base-turkish-cased obtained.
2024-10-31 19:53:11,060 - INFO - dbmdz/bert-base-turkish-cased - Epoch 1, Batch 12: Training Top 1 Accuracy: 48.00%
2024-10-31 19:53:11,060 - INFO - dbmdz/bert-base-turkish-cased - Epoch 1, Batch 12: Training Top 5 Accuracy: 66.00%
2024-10-31 19:53:12,599 - INFO - Getting embeddings for dbmdz/bert-base-turkish-cased...
2024-10-31 19:53:13,126 - INFO - Embeddings for dbmdz/bert-base-turkish-cased obtained.
2024-10-31 19:53:14,824 - INFO - Getting embeddings for dbmdz/bert-base-turkish-cased...
2024-10-31 19:53:15,453 - INFO - Embeddings for dbmdz/bert-base-turkish-cased obtained.
2024-10-31 19:53:15,462 - INFO - dbmdz/bert-base-turkish-cased - Epoch 1, Batch 13: Training Top 1 Accuracy: 46.00%
2024-10-31 19:53:15,462 - INFO - dbmdz/bert-base-turkish-cased - Epoch 1, Batch 13: Training Top 5 Accuracy: 58.00%
2024-10-31 19:53:16,996 - INFO - Getting embeddings for dbmdz/bert-base-turkish-cased...
2024-10-31 19:53:17,565 - INFO - Embeddings for dbmdz/bert-base-turkish-cased obtained.
2024-10-31 19:53:18,992 - INFO - Getting embeddings for dbmdz/bert-base-turkish-cased...
2024-10-31 19:53:19,698 - INFO - Embeddings for dbmdz/bert-base-turkish-cased obtained.
2024-10-31 19:53:19,707 - INFO - dbmdz/bert-base-turkish-cased - Epoch 1, Batch 14: Training Top 1 Accuracy: 52.00%
2024-10-31 19:53:19,707 - INFO - dbmdz/bert-base-turkish-cased - Epoch 1, Batch 14: Training Top 5 Accuracy: 72.00%
2024-10-31 19:53:21,133 - INFO - Getting embeddings for dbmdz/bert-base-turkish-cased...
2024-10-31 19:53:21,825 - INFO - Embeddings for dbmdz/bert-base-turkish-cased obtained.
2024-10-31 19:53:23,292 - INFO - Getting embeddings for dbmdz/bert-base-turkish-cased...
2024-10-31 19:53:23,907 - INFO - Embeddings for dbmdz/bert-base-turkish-cased obtained.
2024-10-31 19:53:23,915 - INFO - dbmdz/bert-base-turkish-cased - Epoch 1, Batch 15: Training Top 1 Accuracy: 50.00%
2024-10-31 19:53:23,915 - INFO - dbmdz/bert-base-turkish-cased - Epoch 1, Batch 15: Training Top 5 Accuracy: 66.00%
2024-10-31 19:53:25,319 - INFO - Getting embeddings for dbmdz/bert-base-turkish-cased...
2024-10-31 19:53:25,897 - INFO - Embeddings for dbmdz/bert-base-turkish-cased obtained.
2024-10-31 19:53:27,251 - INFO - Getting embeddings for dbmdz/bert-base-turkish-cased...
2024-10-31 19:53:27,830 - INFO - Embeddings for dbmdz/bert-base-turkish-cased obtained.
2024-10-31 19:53:27,838 - INFO - dbmdz/bert-base-turkish-cased - Epoch 1, Batch 16: Training Top 1 Accuracy: 58.00%
2024-10-31 19:53:27,839 - INFO - dbmdz/bert-base-turkish-cased - Epoch 1, Batch 16: Training Top 5 Accuracy: 70.00%
2024-10-31 19:53:29,199 - INFO - Getting embeddings for dbmdz/bert-base-turkish-cased...
2024-10-31 19:53:30,548 - INFO - Embeddings for dbmdz/bert-base-turkish-cased obtained.
2024-10-31 19:53:31,896 - INFO - Getting embeddings for dbmdz/bert-base-turkish-cased...
2024-10-31 19:53:33,269 - INFO - Embeddings for dbmdz/bert-base-turkish-cased obtained.
2024-10-31 19:53:33,287 - INFO - dbmdz/bert-base-turkish-cased - Epoch 1: Validation Top 1 Accuracy: 47.00%
2024-10-31 19:53:33,287 - INFO - dbmdz/bert-base-turkish-cased - Epoch 1: Validation Top 5 Accuracy: 59.00%
2024-10-31 19:53:33,288 - INFO - dbmdz/bert-base-turkish-cased - Epoch 1: Model improved, saving model...
2024-10-31 19:53:33,288 - INFO - Evaluating model on test set: dbmdz/bert-base-turkish-cased
2024-10-31 19:53:34,652 - INFO - Getting embeddings for dbmdz/bert-base-turkish-cased...
2024-10-31 19:53:35,780 - INFO - Embeddings for dbmdz/bert-base-turkish-cased obtained.
2024-10-31 19:53:37,137 - INFO - Getting embeddings for dbmdz/bert-base-turkish-cased...
2024-10-31 19:53:38,250 - INFO - Embeddings for dbmdz/bert-base-turkish-cased obtained.
2024-10-31 19:53:38,270 - INFO - dbmdz/bert-base-turkish-cased - Test Top 1 Accuracy: 51.00%
2024-10-31 19:53:38,270 - INFO - dbmdz/bert-base-turkish-cased - Test Top 5 Accuracy: 65.00%
