2024-10-31 20:04:09,212 - INFO - Reading CSV file...
2024-10-31 20:04:09,224 - INFO - CSV file successfully read.
2024-10-31 20:04:10,416 - INFO - Using device: cuda
2024-10-31 20:04:10,417 - INFO - Processing model: dbmdz/bert-base-turkish-cased
2024-10-31 20:04:14,525 - INFO - Starting epoch 1/2 for dbmdz/bert-base-turkish-cased...
2024-10-31 20:04:16,021 - INFO - Getting embeddings for dbmdz/bert-base-turkish-cased...
2024-10-31 20:04:16,696 - INFO - Embeddings for dbmdz/bert-base-turkish-cased obtained.
2024-10-31 20:04:18,208 - INFO - Getting embeddings for dbmdz/bert-base-turkish-cased...
2024-10-31 20:04:18,847 - INFO - Embeddings for dbmdz/bert-base-turkish-cased obtained.
2024-10-31 20:04:18,856 - INFO - dbmdz/bert-base-turkish-cased - Epoch 1, Batch 1: Training Top 1 Accuracy: 48.00%
2024-10-31 20:04:18,857 - INFO - dbmdz/bert-base-turkish-cased - Epoch 1, Batch 1: Training Top 5 Accuracy: 76.00%
2024-10-31 20:04:20,296 - INFO - Getting embeddings for dbmdz/bert-base-turkish-cased...
2024-10-31 20:04:20,813 - INFO - Embeddings for dbmdz/bert-base-turkish-cased obtained.
2024-10-31 20:04:22,290 - INFO - Getting embeddings for dbmdz/bert-base-turkish-cased...
2024-10-31 20:04:22,878 - INFO - Embeddings for dbmdz/bert-base-turkish-cased obtained.
2024-10-31 20:04:22,885 - INFO - dbmdz/bert-base-turkish-cased - Epoch 1, Batch 2: Training Top 1 Accuracy: 56.00%
2024-10-31 20:04:22,885 - INFO - dbmdz/bert-base-turkish-cased - Epoch 1, Batch 2: Training Top 5 Accuracy: 70.00%
2024-10-31 20:04:24,290 - INFO - Getting embeddings for dbmdz/bert-base-turkish-cased...
2024-10-31 20:04:24,877 - INFO - Embeddings for dbmdz/bert-base-turkish-cased obtained.
2024-10-31 20:04:26,298 - INFO - Getting embeddings for dbmdz/bert-base-turkish-cased...
2024-10-31 20:04:26,915 - INFO - Embeddings for dbmdz/bert-base-turkish-cased obtained.
2024-10-31 20:04:26,924 - INFO - dbmdz/bert-base-turkish-cased - Epoch 1, Batch 3: Training Top 1 Accuracy: 60.00%
2024-10-31 20:04:26,924 - INFO - dbmdz/bert-base-turkish-cased - Epoch 1, Batch 3: Training Top 5 Accuracy: 74.00%
2024-10-31 20:04:28,306 - INFO - Getting embeddings for dbmdz/bert-base-turkish-cased...
2024-10-31 20:04:28,830 - INFO - Embeddings for dbmdz/bert-base-turkish-cased obtained.
2024-10-31 20:04:30,276 - INFO - Getting embeddings for dbmdz/bert-base-turkish-cased...
2024-10-31 20:04:30,891 - INFO - Embeddings for dbmdz/bert-base-turkish-cased obtained.
2024-10-31 20:04:30,898 - INFO - dbmdz/bert-base-turkish-cased - Epoch 1, Batch 4: Training Top 1 Accuracy: 54.00%
2024-10-31 20:04:30,898 - INFO - dbmdz/bert-base-turkish-cased - Epoch 1, Batch 4: Training Top 5 Accuracy: 68.00%
2024-10-31 20:04:32,410 - INFO - Getting embeddings for dbmdz/bert-base-turkish-cased...
2024-10-31 20:04:32,855 - INFO - Embeddings for dbmdz/bert-base-turkish-cased obtained.
2024-10-31 20:04:34,225 - INFO - Getting embeddings for dbmdz/bert-base-turkish-cased...
2024-10-31 20:04:34,943 - INFO - Embeddings for dbmdz/bert-base-turkish-cased obtained.
2024-10-31 20:04:34,950 - INFO - dbmdz/bert-base-turkish-cased - Epoch 1, Batch 5: Training Top 1 Accuracy: 68.00%
2024-10-31 20:04:34,950 - INFO - dbmdz/bert-base-turkish-cased - Epoch 1, Batch 5: Training Top 5 Accuracy: 74.00%
2024-10-31 20:04:36,308 - INFO - Getting embeddings for dbmdz/bert-base-turkish-cased...
2024-10-31 20:04:36,984 - INFO - Embeddings for dbmdz/bert-base-turkish-cased obtained.
2024-10-31 20:04:38,492 - INFO - Getting embeddings for dbmdz/bert-base-turkish-cased...
2024-10-31 20:04:39,040 - INFO - Embeddings for dbmdz/bert-base-turkish-cased obtained.
2024-10-31 20:04:39,047 - INFO - dbmdz/bert-base-turkish-cased - Epoch 1, Batch 6: Training Top 1 Accuracy: 56.00%
2024-10-31 20:04:39,047 - INFO - dbmdz/bert-base-turkish-cased - Epoch 1, Batch 6: Training Top 5 Accuracy: 76.00%
2024-10-31 20:04:40,390 - INFO - Getting embeddings for dbmdz/bert-base-turkish-cased...
2024-10-31 20:04:40,924 - INFO - Embeddings for dbmdz/bert-base-turkish-cased obtained.
2024-10-31 20:04:42,269 - INFO - Getting embeddings for dbmdz/bert-base-turkish-cased...
2024-10-31 20:04:42,830 - INFO - Embeddings for dbmdz/bert-base-turkish-cased obtained.
2024-10-31 20:04:42,838 - INFO - dbmdz/bert-base-turkish-cased - Epoch 1, Batch 7: Training Top 1 Accuracy: 56.00%
2024-10-31 20:04:42,838 - INFO - dbmdz/bert-base-turkish-cased - Epoch 1, Batch 7: Training Top 5 Accuracy: 76.00%
2024-10-31 20:04:44,204 - INFO - Getting embeddings for dbmdz/bert-base-turkish-cased...
2024-10-31 20:04:44,800 - INFO - Embeddings for dbmdz/bert-base-turkish-cased obtained.
2024-10-31 20:04:46,234 - INFO - Getting embeddings for dbmdz/bert-base-turkish-cased...
2024-10-31 20:04:46,768 - INFO - Embeddings for dbmdz/bert-base-turkish-cased obtained.
2024-10-31 20:04:46,776 - INFO - dbmdz/bert-base-turkish-cased - Epoch 1, Batch 8: Training Top 1 Accuracy: 56.00%
2024-10-31 20:04:46,777 - INFO - dbmdz/bert-base-turkish-cased - Epoch 1, Batch 8: Training Top 5 Accuracy: 72.00%
2024-10-31 20:04:48,163 - INFO - Getting embeddings for dbmdz/bert-base-turkish-cased...
2024-10-31 20:04:48,757 - INFO - Embeddings for dbmdz/bert-base-turkish-cased obtained.
2024-10-31 20:04:50,172 - INFO - Getting embeddings for dbmdz/bert-base-turkish-cased...
2024-10-31 20:04:50,787 - INFO - Embeddings for dbmdz/bert-base-turkish-cased obtained.
2024-10-31 20:04:50,795 - INFO - dbmdz/bert-base-turkish-cased - Epoch 1, Batch 9: Training Top 1 Accuracy: 54.00%
2024-10-31 20:04:50,795 - INFO - dbmdz/bert-base-turkish-cased - Epoch 1, Batch 9: Training Top 5 Accuracy: 72.00%
2024-10-31 20:04:52,183 - INFO - Getting embeddings for dbmdz/bert-base-turkish-cased...
2024-10-31 20:04:52,891 - INFO - Embeddings for dbmdz/bert-base-turkish-cased obtained.
2024-10-31 20:04:54,260 - INFO - Getting embeddings for dbmdz/bert-base-turkish-cased...
2024-10-31 20:04:54,897 - INFO - Embeddings for dbmdz/bert-base-turkish-cased obtained.
2024-10-31 20:04:54,907 - INFO - dbmdz/bert-base-turkish-cased - Epoch 1, Batch 10: Training Top 1 Accuracy: 40.00%
2024-10-31 20:04:54,907 - INFO - dbmdz/bert-base-turkish-cased - Epoch 1, Batch 10: Training Top 5 Accuracy: 60.00%
2024-10-31 20:04:56,282 - INFO - Getting embeddings for dbmdz/bert-base-turkish-cased...
2024-10-31 20:04:56,842 - INFO - Embeddings for dbmdz/bert-base-turkish-cased obtained.
2024-10-31 20:04:58,273 - INFO - Getting embeddings for dbmdz/bert-base-turkish-cased...
2024-10-31 20:04:58,957 - INFO - Embeddings for dbmdz/bert-base-turkish-cased obtained.
2024-10-31 20:04:58,965 - INFO - dbmdz/bert-base-turkish-cased - Epoch 1, Batch 11: Training Top 1 Accuracy: 42.00%
2024-10-31 20:04:58,965 - INFO - dbmdz/bert-base-turkish-cased - Epoch 1, Batch 11: Training Top 5 Accuracy: 68.00%
2024-10-31 20:05:00,345 - INFO - Getting embeddings for dbmdz/bert-base-turkish-cased...
2024-10-31 20:05:00,917 - INFO - Embeddings for dbmdz/bert-base-turkish-cased obtained.
2024-10-31 20:05:02,306 - INFO - Getting embeddings for dbmdz/bert-base-turkish-cased...
2024-10-31 20:05:02,824 - INFO - Embeddings for dbmdz/bert-base-turkish-cased obtained.
2024-10-31 20:05:02,832 - INFO - dbmdz/bert-base-turkish-cased - Epoch 1, Batch 12: Training Top 1 Accuracy: 46.00%
2024-10-31 20:05:02,833 - INFO - dbmdz/bert-base-turkish-cased - Epoch 1, Batch 12: Training Top 5 Accuracy: 68.00%
2024-10-31 20:05:04,258 - INFO - Getting embeddings for dbmdz/bert-base-turkish-cased...
2024-10-31 20:05:04,830 - INFO - Embeddings for dbmdz/bert-base-turkish-cased obtained.
2024-10-31 20:05:06,161 - INFO - Getting embeddings for dbmdz/bert-base-turkish-cased...
2024-10-31 20:05:06,712 - INFO - Embeddings for dbmdz/bert-base-turkish-cased obtained.
2024-10-31 20:05:06,721 - INFO - dbmdz/bert-base-turkish-cased - Epoch 1, Batch 13: Training Top 1 Accuracy: 36.00%
2024-10-31 20:05:06,722 - INFO - dbmdz/bert-base-turkish-cased - Epoch 1, Batch 13: Training Top 5 Accuracy: 60.00%
2024-10-31 20:05:08,126 - INFO - Getting embeddings for dbmdz/bert-base-turkish-cased...
2024-10-31 20:05:08,748 - INFO - Embeddings for dbmdz/bert-base-turkish-cased obtained.
2024-10-31 20:05:10,120 - INFO - Getting embeddings for dbmdz/bert-base-turkish-cased...
2024-10-31 20:05:10,783 - INFO - Embeddings for dbmdz/bert-base-turkish-cased obtained.
2024-10-31 20:05:10,791 - INFO - dbmdz/bert-base-turkish-cased - Epoch 1, Batch 14: Training Top 1 Accuracy: 50.00%
2024-10-31 20:05:10,791 - INFO - dbmdz/bert-base-turkish-cased - Epoch 1, Batch 14: Training Top 5 Accuracy: 76.00%
2024-10-31 20:05:12,124 - INFO - Getting embeddings for dbmdz/bert-base-turkish-cased...
2024-10-31 20:05:12,687 - INFO - Embeddings for dbmdz/bert-base-turkish-cased obtained.
2024-10-31 20:05:14,064 - INFO - Getting embeddings for dbmdz/bert-base-turkish-cased...
2024-10-31 20:05:14,678 - INFO - Embeddings for dbmdz/bert-base-turkish-cased obtained.
2024-10-31 20:05:14,693 - INFO - dbmdz/bert-base-turkish-cased - Epoch 1, Batch 15: Training Top 1 Accuracy: 50.00%
2024-10-31 20:05:14,693 - INFO - dbmdz/bert-base-turkish-cased - Epoch 1, Batch 15: Training Top 5 Accuracy: 78.00%
2024-10-31 20:05:16,086 - INFO - Getting embeddings for dbmdz/bert-base-turkish-cased...
2024-10-31 20:05:16,715 - INFO - Embeddings for dbmdz/bert-base-turkish-cased obtained.
2024-10-31 20:05:18,347 - INFO - Getting embeddings for dbmdz/bert-base-turkish-cased...
2024-10-31 20:05:19,019 - INFO - Embeddings for dbmdz/bert-base-turkish-cased obtained.
2024-10-31 20:05:19,029 - INFO - dbmdz/bert-base-turkish-cased - Epoch 1, Batch 16: Training Top 1 Accuracy: 54.00%
2024-10-31 20:05:19,030 - INFO - dbmdz/bert-base-turkish-cased - Epoch 1, Batch 16: Training Top 5 Accuracy: 70.00%
2024-10-31 20:05:20,395 - INFO - Getting embeddings for dbmdz/bert-base-turkish-cased...
2024-10-31 20:05:21,529 - INFO - Embeddings for dbmdz/bert-base-turkish-cased obtained.
2024-10-31 20:05:22,900 - INFO - Getting embeddings for dbmdz/bert-base-turkish-cased...
2024-10-31 20:05:23,988 - INFO - Embeddings for dbmdz/bert-base-turkish-cased obtained.
2024-10-31 20:05:24,018 - INFO - dbmdz/bert-base-turkish-cased - Epoch 1: Validation Top 1 Accuracy: 47.00%
2024-10-31 20:05:24,018 - INFO - dbmdz/bert-base-turkish-cased - Epoch 1: Validation Top 5 Accuracy: 59.00%
2024-10-31 20:05:24,019 - INFO - dbmdz/bert-base-turkish-cased - Epoch 1: Model improved, saving model...
2024-10-31 20:05:24,019 - INFO - Starting epoch 2/2 for dbmdz/bert-base-turkish-cased...
2024-10-31 20:05:25,401 - INFO - Getting embeddings for dbmdz/bert-base-turkish-cased...
2024-10-31 20:05:26,002 - INFO - Embeddings for dbmdz/bert-base-turkish-cased obtained.
2024-10-31 20:05:27,404 - INFO - Getting embeddings for dbmdz/bert-base-turkish-cased...
2024-10-31 20:05:28,217 - INFO - Embeddings for dbmdz/bert-base-turkish-cased obtained.
2024-10-31 20:05:28,225 - INFO - dbmdz/bert-base-turkish-cased - Epoch 2, Batch 1: Training Top 1 Accuracy: 48.00%
2024-10-31 20:05:28,226 - INFO - dbmdz/bert-base-turkish-cased - Epoch 2, Batch 1: Training Top 5 Accuracy: 60.00%
2024-10-31 20:05:29,613 - INFO - Getting embeddings for dbmdz/bert-base-turkish-cased...
2024-10-31 20:05:30,151 - INFO - Embeddings for dbmdz/bert-base-turkish-cased obtained.
2024-10-31 20:05:31,595 - INFO - Getting embeddings for dbmdz/bert-base-turkish-cased...
2024-10-31 20:05:32,175 - INFO - Embeddings for dbmdz/bert-base-turkish-cased obtained.
2024-10-31 20:05:32,184 - INFO - dbmdz/bert-base-turkish-cased - Epoch 2, Batch 2: Training Top 1 Accuracy: 50.00%
2024-10-31 20:05:32,184 - INFO - dbmdz/bert-base-turkish-cased - Epoch 2, Batch 2: Training Top 5 Accuracy: 72.00%
2024-10-31 20:05:33,463 - INFO - Getting embeddings for dbmdz/bert-base-turkish-cased...
2024-10-31 20:05:33,977 - INFO - Embeddings for dbmdz/bert-base-turkish-cased obtained.
2024-10-31 20:05:35,513 - INFO - Getting embeddings for dbmdz/bert-base-turkish-cased...
2024-10-31 20:05:36,270 - INFO - Embeddings for dbmdz/bert-base-turkish-cased obtained.
2024-10-31 20:05:36,280 - INFO - dbmdz/bert-base-turkish-cased - Epoch 2, Batch 3: Training Top 1 Accuracy: 50.00%
2024-10-31 20:05:36,281 - INFO - dbmdz/bert-base-turkish-cased - Epoch 2, Batch 3: Training Top 5 Accuracy: 70.00%
2024-10-31 20:05:37,639 - INFO - Getting embeddings for dbmdz/bert-base-turkish-cased...
2024-10-31 20:05:38,107 - INFO - Embeddings for dbmdz/bert-base-turkish-cased obtained.
2024-10-31 20:05:39,456 - INFO - Getting embeddings for dbmdz/bert-base-turkish-cased...
2024-10-31 20:05:40,037 - INFO - Embeddings for dbmdz/bert-base-turkish-cased obtained.
2024-10-31 20:05:40,045 - INFO - dbmdz/bert-base-turkish-cased - Epoch 2, Batch 4: Training Top 1 Accuracy: 48.00%
2024-10-31 20:05:40,045 - INFO - dbmdz/bert-base-turkish-cased - Epoch 2, Batch 4: Training Top 5 Accuracy: 70.00%
2024-10-31 20:05:41,325 - INFO - Getting embeddings for dbmdz/bert-base-turkish-cased...
2024-10-31 20:05:42,066 - INFO - Embeddings for dbmdz/bert-base-turkish-cased obtained.
2024-10-31 20:05:43,418 - INFO - Getting embeddings for dbmdz/bert-base-turkish-cased...
2024-10-31 20:05:43,933 - INFO - Embeddings for dbmdz/bert-base-turkish-cased obtained.
2024-10-31 20:05:43,941 - INFO - dbmdz/bert-base-turkish-cased - Epoch 2, Batch 5: Training Top 1 Accuracy: 52.00%
2024-10-31 20:05:43,941 - INFO - dbmdz/bert-base-turkish-cased - Epoch 2, Batch 5: Training Top 5 Accuracy: 76.00%
2024-10-31 20:05:45,264 - INFO - Getting embeddings for dbmdz/bert-base-turkish-cased...
2024-10-31 20:05:45,957 - INFO - Embeddings for dbmdz/bert-base-turkish-cased obtained.
2024-10-31 20:05:47,306 - INFO - Getting embeddings for dbmdz/bert-base-turkish-cased...
2024-10-31 20:05:47,967 - INFO - Embeddings for dbmdz/bert-base-turkish-cased obtained.
2024-10-31 20:05:47,974 - INFO - dbmdz/bert-base-turkish-cased - Epoch 2, Batch 6: Training Top 1 Accuracy: 40.00%
2024-10-31 20:05:47,975 - INFO - dbmdz/bert-base-turkish-cased - Epoch 2, Batch 6: Training Top 5 Accuracy: 64.00%
2024-10-31 20:05:49,326 - INFO - Getting embeddings for dbmdz/bert-base-turkish-cased...
2024-10-31 20:05:49,965 - INFO - Embeddings for dbmdz/bert-base-turkish-cased obtained.
2024-10-31 20:05:51,464 - INFO - Getting embeddings for dbmdz/bert-base-turkish-cased...
2024-10-31 20:05:52,313 - INFO - Embeddings for dbmdz/bert-base-turkish-cased obtained.
2024-10-31 20:05:52,321 - INFO - dbmdz/bert-base-turkish-cased - Epoch 2, Batch 7: Training Top 1 Accuracy: 60.00%
2024-10-31 20:05:52,321 - INFO - dbmdz/bert-base-turkish-cased - Epoch 2, Batch 7: Training Top 5 Accuracy: 70.00%
2024-10-31 20:05:53,743 - INFO - Getting embeddings for dbmdz/bert-base-turkish-cased...
2024-10-31 20:05:54,269 - INFO - Embeddings for dbmdz/bert-base-turkish-cased obtained.
2024-10-31 20:05:55,715 - INFO - Getting embeddings for dbmdz/bert-base-turkish-cased...
2024-10-31 20:05:56,230 - INFO - Embeddings for dbmdz/bert-base-turkish-cased obtained.
2024-10-31 20:05:56,237 - INFO - dbmdz/bert-base-turkish-cased - Epoch 2, Batch 8: Training Top 1 Accuracy: 68.00%
2024-10-31 20:05:56,238 - INFO - dbmdz/bert-base-turkish-cased - Epoch 2, Batch 8: Training Top 5 Accuracy: 78.00%
2024-10-31 20:05:57,664 - INFO - Getting embeddings for dbmdz/bert-base-turkish-cased...
2024-10-31 20:05:58,254 - INFO - Embeddings for dbmdz/bert-base-turkish-cased obtained.
2024-10-31 20:05:59,727 - INFO - Getting embeddings for dbmdz/bert-base-turkish-cased...
2024-10-31 20:06:00,252 - INFO - Embeddings for dbmdz/bert-base-turkish-cased obtained.
2024-10-31 20:06:00,260 - INFO - dbmdz/bert-base-turkish-cased - Epoch 2, Batch 9: Training Top 1 Accuracy: 54.00%
2024-10-31 20:06:00,260 - INFO - dbmdz/bert-base-turkish-cased - Epoch 2, Batch 9: Training Top 5 Accuracy: 72.00%
2024-10-31 20:06:01,657 - INFO - Getting embeddings for dbmdz/bert-base-turkish-cased...
2024-10-31 20:06:02,184 - INFO - Embeddings for dbmdz/bert-base-turkish-cased obtained.
2024-10-31 20:06:03,655 - INFO - Getting embeddings for dbmdz/bert-base-turkish-cased...
2024-10-31 20:06:04,380 - INFO - Embeddings for dbmdz/bert-base-turkish-cased obtained.
2024-10-31 20:06:04,392 - INFO - dbmdz/bert-base-turkish-cased - Epoch 2, Batch 10: Training Top 1 Accuracy: 48.00%
2024-10-31 20:06:04,393 - INFO - dbmdz/bert-base-turkish-cased - Epoch 2, Batch 10: Training Top 5 Accuracy: 78.00%
2024-10-31 20:06:05,729 - INFO - Getting embeddings for dbmdz/bert-base-turkish-cased...
2024-10-31 20:06:06,228 - INFO - Embeddings for dbmdz/bert-base-turkish-cased obtained.
2024-10-31 20:06:07,799 - INFO - Getting embeddings for dbmdz/bert-base-turkish-cased...
2024-10-31 20:06:08,426 - INFO - Embeddings for dbmdz/bert-base-turkish-cased obtained.
2024-10-31 20:06:08,434 - INFO - dbmdz/bert-base-turkish-cased - Epoch 2, Batch 11: Training Top 1 Accuracy: 46.00%
2024-10-31 20:06:08,434 - INFO - dbmdz/bert-base-turkish-cased - Epoch 2, Batch 11: Training Top 5 Accuracy: 66.00%
2024-10-31 20:06:09,799 - INFO - Getting embeddings for dbmdz/bert-base-turkish-cased...
2024-10-31 20:06:10,337 - INFO - Embeddings for dbmdz/bert-base-turkish-cased obtained.
2024-10-31 20:06:11,724 - INFO - Getting embeddings for dbmdz/bert-base-turkish-cased...
2024-10-31 20:06:12,297 - INFO - Embeddings for dbmdz/bert-base-turkish-cased obtained.
2024-10-31 20:06:12,304 - INFO - dbmdz/bert-base-turkish-cased - Epoch 2, Batch 12: Training Top 1 Accuracy: 54.00%
2024-10-31 20:06:12,305 - INFO - dbmdz/bert-base-turkish-cased - Epoch 2, Batch 12: Training Top 5 Accuracy: 74.00%
2024-10-31 20:06:13,752 - INFO - Getting embeddings for dbmdz/bert-base-turkish-cased...
2024-10-31 20:06:14,286 - INFO - Embeddings for dbmdz/bert-base-turkish-cased obtained.
2024-10-31 20:06:15,705 - INFO - Getting embeddings for dbmdz/bert-base-turkish-cased...
2024-10-31 20:06:16,256 - INFO - Embeddings for dbmdz/bert-base-turkish-cased obtained.
2024-10-31 20:06:16,264 - INFO - dbmdz/bert-base-turkish-cased - Epoch 2, Batch 13: Training Top 1 Accuracy: 40.00%
2024-10-31 20:06:16,264 - INFO - dbmdz/bert-base-turkish-cased - Epoch 2, Batch 13: Training Top 5 Accuracy: 54.00%
2024-10-31 20:06:17,700 - INFO - Getting embeddings for dbmdz/bert-base-turkish-cased...
2024-10-31 20:06:18,148 - INFO - Embeddings for dbmdz/bert-base-turkish-cased obtained.
2024-10-31 20:06:20,209 - INFO - Getting embeddings for dbmdz/bert-base-turkish-cased...
2024-10-31 20:06:20,820 - INFO - Embeddings for dbmdz/bert-base-turkish-cased obtained.
2024-10-31 20:06:20,829 - INFO - dbmdz/bert-base-turkish-cased - Epoch 2, Batch 14: Training Top 1 Accuracy: 46.00%
2024-10-31 20:06:20,829 - INFO - dbmdz/bert-base-turkish-cased - Epoch 2, Batch 14: Training Top 5 Accuracy: 66.00%
2024-10-31 20:06:22,186 - INFO - Getting embeddings for dbmdz/bert-base-turkish-cased...
2024-10-31 20:06:22,834 - INFO - Embeddings for dbmdz/bert-base-turkish-cased obtained.
2024-10-31 20:06:24,272 - INFO - Getting embeddings for dbmdz/bert-base-turkish-cased...
2024-10-31 20:06:24,969 - INFO - Embeddings for dbmdz/bert-base-turkish-cased obtained.
2024-10-31 20:06:24,977 - INFO - dbmdz/bert-base-turkish-cased - Epoch 2, Batch 15: Training Top 1 Accuracy: 56.00%
2024-10-31 20:06:24,978 - INFO - dbmdz/bert-base-turkish-cased - Epoch 2, Batch 15: Training Top 5 Accuracy: 78.00%
2024-10-31 20:06:26,424 - INFO - Getting embeddings for dbmdz/bert-base-turkish-cased...
2024-10-31 20:06:27,021 - INFO - Embeddings for dbmdz/bert-base-turkish-cased obtained.
2024-10-31 20:06:28,425 - INFO - Getting embeddings for dbmdz/bert-base-turkish-cased...
2024-10-31 20:06:28,986 - INFO - Embeddings for dbmdz/bert-base-turkish-cased obtained.
2024-10-31 20:06:28,993 - INFO - dbmdz/bert-base-turkish-cased - Epoch 2, Batch 16: Training Top 1 Accuracy: 56.00%
2024-10-31 20:06:28,993 - INFO - dbmdz/bert-base-turkish-cased - Epoch 2, Batch 16: Training Top 5 Accuracy: 84.00%
2024-10-31 20:06:30,421 - INFO - Getting embeddings for dbmdz/bert-base-turkish-cased...
2024-10-31 20:06:31,561 - INFO - Embeddings for dbmdz/bert-base-turkish-cased obtained.
2024-10-31 20:06:33,043 - INFO - Getting embeddings for dbmdz/bert-base-turkish-cased...
2024-10-31 20:06:34,195 - INFO - Embeddings for dbmdz/bert-base-turkish-cased obtained.
2024-10-31 20:06:34,210 - INFO - dbmdz/bert-base-turkish-cased - Epoch 2: Validation Top 1 Accuracy: 47.00%
2024-10-31 20:06:34,211 - INFO - dbmdz/bert-base-turkish-cased - Epoch 2: Validation Top 5 Accuracy: 59.00%
2024-10-31 20:06:34,211 - INFO - Evaluating model on test set: dbmdz/bert-base-turkish-cased
2024-10-31 20:06:35,565 - INFO - Getting embeddings for dbmdz/bert-base-turkish-cased...
2024-10-31 20:06:36,653 - INFO - Embeddings for dbmdz/bert-base-turkish-cased obtained.
2024-10-31 20:06:38,097 - INFO - Getting embeddings for dbmdz/bert-base-turkish-cased...
2024-10-31 20:06:39,259 - INFO - Embeddings for dbmdz/bert-base-turkish-cased obtained.
2024-10-31 20:06:39,291 - INFO - dbmdz/bert-base-turkish-cased - Test Top 1 Accuracy: 52.00%
2024-10-31 20:06:39,291 - INFO - dbmdz/bert-base-turkish-cased - Test Top 5 Accuracy: 65.00%
2024-10-31 20:06:39,292 - INFO - dbmdz/bert-base-turkish-cased - Wrong Answer Analysis:
2024-10-31 20:06:39,293 - ERROR - Error processing model dbmdz/bert-base-turkish-cased: unsupported format string passed to numpy.ndarray.__format__
