2024-10-31 17:17:02,220 - INFO - Reading CSV file...
2024-10-31 17:17:02,232 - INFO - CSV file successfully read.
2024-10-31 17:17:02,703 - INFO - Using device: cuda
2024-10-31 17:17:02,704 - INFO - Processing model: dbmdz/bert-base-turkish-cased
2024-10-31 17:17:06,924 - INFO - Starting epoch 1/3000 for dbmdz/bert-base-turkish-cased...
2024-10-31 17:17:08,431 - INFO - Getting embeddings for dbmdz/bert-base-turkish-cased...
2024-10-31 17:17:08,754 - INFO - Embeddings for dbmdz/bert-base-turkish-cased obtained.
2024-10-31 17:17:10,222 - INFO - Getting embeddings for dbmdz/bert-base-turkish-cased...
2024-10-31 17:17:10,426 - INFO - Embeddings for dbmdz/bert-base-turkish-cased obtained.
2024-10-31 17:17:10,435 - INFO - dbmdz/bert-base-turkish-cased - Epoch 1, Batch 1: Training Top 1 Accuracy: 68.75%
2024-10-31 17:17:10,435 - INFO - dbmdz/bert-base-turkish-cased - Epoch 1, Batch 1: Training Top 5 Accuracy: 87.50%
2024-10-31 17:17:11,896 - INFO - Getting embeddings for dbmdz/bert-base-turkish-cased...
2024-10-31 17:17:12,051 - INFO - Embeddings for dbmdz/bert-base-turkish-cased obtained.
2024-10-31 17:17:13,426 - INFO - Getting embeddings for dbmdz/bert-base-turkish-cased...
2024-10-31 17:17:13,660 - INFO - Embeddings for dbmdz/bert-base-turkish-cased obtained.
2024-10-31 17:17:13,667 - INFO - dbmdz/bert-base-turkish-cased - Epoch 1, Batch 2: Training Top 1 Accuracy: 50.00%
2024-10-31 17:17:13,667 - INFO - dbmdz/bert-base-turkish-cased - Epoch 1, Batch 2: Training Top 5 Accuracy: 81.25%
2024-10-31 17:17:15,212 - INFO - Getting embeddings for dbmdz/bert-base-turkish-cased...
2024-10-31 17:17:15,437 - INFO - Embeddings for dbmdz/bert-base-turkish-cased obtained.
2024-10-31 17:17:16,941 - INFO - Getting embeddings for dbmdz/bert-base-turkish-cased...
2024-10-31 17:17:17,136 - INFO - Embeddings for dbmdz/bert-base-turkish-cased obtained.
2024-10-31 17:17:17,143 - INFO - dbmdz/bert-base-turkish-cased - Epoch 1, Batch 3: Training Top 1 Accuracy: 37.50%
2024-10-31 17:17:17,143 - INFO - dbmdz/bert-base-turkish-cased - Epoch 1, Batch 3: Training Top 5 Accuracy: 68.75%
2024-10-31 17:17:18,782 - INFO - Getting embeddings for dbmdz/bert-base-turkish-cased...
2024-10-31 17:17:18,988 - INFO - Embeddings for dbmdz/bert-base-turkish-cased obtained.
2024-10-31 17:17:20,778 - INFO - Getting embeddings for dbmdz/bert-base-turkish-cased...
2024-10-31 17:17:21,106 - INFO - Embeddings for dbmdz/bert-base-turkish-cased obtained.
2024-10-31 17:17:21,112 - INFO - dbmdz/bert-base-turkish-cased - Epoch 1, Batch 4: Training Top 1 Accuracy: 62.50%
2024-10-31 17:17:21,112 - INFO - dbmdz/bert-base-turkish-cased - Epoch 1, Batch 4: Training Top 5 Accuracy: 81.25%
2024-10-31 17:17:22,540 - INFO - Getting embeddings for dbmdz/bert-base-turkish-cased...
2024-10-31 17:17:22,714 - INFO - Embeddings for dbmdz/bert-base-turkish-cased obtained.
2024-10-31 17:17:24,167 - INFO - Getting embeddings for dbmdz/bert-base-turkish-cased...
2024-10-31 17:17:24,387 - INFO - Embeddings for dbmdz/bert-base-turkish-cased obtained.
2024-10-31 17:17:24,394 - INFO - dbmdz/bert-base-turkish-cased - Epoch 1, Batch 5: Training Top 1 Accuracy: 56.25%
2024-10-31 17:17:24,394 - INFO - dbmdz/bert-base-turkish-cased - Epoch 1, Batch 5: Training Top 5 Accuracy: 81.25%
2024-10-31 17:17:25,764 - INFO - Getting embeddings for dbmdz/bert-base-turkish-cased...
2024-10-31 17:17:25,962 - INFO - Embeddings for dbmdz/bert-base-turkish-cased obtained.
2024-10-31 17:17:27,378 - INFO - Getting embeddings for dbmdz/bert-base-turkish-cased...
2024-10-31 17:17:27,723 - INFO - Embeddings for dbmdz/bert-base-turkish-cased obtained.
2024-10-31 17:17:27,730 - INFO - dbmdz/bert-base-turkish-cased - Epoch 1, Batch 6: Training Top 1 Accuracy: 56.25%
2024-10-31 17:17:27,730 - INFO - dbmdz/bert-base-turkish-cased - Epoch 1, Batch 6: Training Top 5 Accuracy: 87.50%
2024-10-31 17:17:29,044 - INFO - Getting embeddings for dbmdz/bert-base-turkish-cased...
2024-10-31 17:17:29,239 - INFO - Embeddings for dbmdz/bert-base-turkish-cased obtained.
2024-10-31 17:17:30,583 - INFO - Getting embeddings for dbmdz/bert-base-turkish-cased...
2024-10-31 17:17:30,834 - INFO - Embeddings for dbmdz/bert-base-turkish-cased obtained.
2024-10-31 17:17:30,841 - INFO - dbmdz/bert-base-turkish-cased - Epoch 1, Batch 7: Training Top 1 Accuracy: 56.25%
2024-10-31 17:17:30,841 - INFO - dbmdz/bert-base-turkish-cased - Epoch 1, Batch 7: Training Top 5 Accuracy: 81.25%
2024-10-31 17:17:32,259 - INFO - Getting embeddings for dbmdz/bert-base-turkish-cased...
2024-10-31 17:17:32,457 - INFO - Embeddings for dbmdz/bert-base-turkish-cased obtained.
2024-10-31 17:17:34,034 - INFO - Getting embeddings for dbmdz/bert-base-turkish-cased...
2024-10-31 17:17:34,386 - INFO - Embeddings for dbmdz/bert-base-turkish-cased obtained.
2024-10-31 17:17:34,393 - INFO - dbmdz/bert-base-turkish-cased - Epoch 1, Batch 8: Training Top 1 Accuracy: 75.00%
2024-10-31 17:17:34,393 - INFO - dbmdz/bert-base-turkish-cased - Epoch 1, Batch 8: Training Top 5 Accuracy: 87.50%
2024-10-31 17:17:35,790 - INFO - Getting embeddings for dbmdz/bert-base-turkish-cased...
2024-10-31 17:17:35,987 - INFO - Embeddings for dbmdz/bert-base-turkish-cased obtained.
2024-10-31 17:17:37,415 - INFO - Getting embeddings for dbmdz/bert-base-turkish-cased...
2024-10-31 17:17:37,740 - INFO - Embeddings for dbmdz/bert-base-turkish-cased obtained.
2024-10-31 17:17:37,747 - INFO - dbmdz/bert-base-turkish-cased - Epoch 1, Batch 9: Training Top 1 Accuracy: 75.00%
2024-10-31 17:17:37,747 - INFO - dbmdz/bert-base-turkish-cased - Epoch 1, Batch 9: Training Top 5 Accuracy: 81.25%
2024-10-31 17:17:39,238 - INFO - Getting embeddings for dbmdz/bert-base-turkish-cased...
2024-10-31 17:17:39,386 - INFO - Embeddings for dbmdz/bert-base-turkish-cased obtained.
2024-10-31 17:17:40,946 - INFO - Getting embeddings for dbmdz/bert-base-turkish-cased...
2024-10-31 17:17:41,231 - INFO - Embeddings for dbmdz/bert-base-turkish-cased obtained.
2024-10-31 17:17:41,239 - INFO - dbmdz/bert-base-turkish-cased - Epoch 1, Batch 10: Training Top 1 Accuracy: 37.50%
2024-10-31 17:17:41,239 - INFO - dbmdz/bert-base-turkish-cased - Epoch 1, Batch 10: Training Top 5 Accuracy: 68.75%
2024-10-31 17:17:42,606 - INFO - Getting embeddings for dbmdz/bert-base-turkish-cased...
2024-10-31 17:17:42,762 - INFO - Embeddings for dbmdz/bert-base-turkish-cased obtained.
2024-10-31 17:17:44,247 - INFO - Getting embeddings for dbmdz/bert-base-turkish-cased...
2024-10-31 17:17:44,437 - INFO - Embeddings for dbmdz/bert-base-turkish-cased obtained.
2024-10-31 17:17:44,444 - INFO - dbmdz/bert-base-turkish-cased - Epoch 1, Batch 11: Training Top 1 Accuracy: 62.50%
2024-10-31 17:17:44,444 - INFO - dbmdz/bert-base-turkish-cased - Epoch 1, Batch 11: Training Top 5 Accuracy: 75.00%
2024-10-31 17:17:45,826 - INFO - Getting embeddings for dbmdz/bert-base-turkish-cased...
2024-10-31 17:17:45,983 - INFO - Embeddings for dbmdz/bert-base-turkish-cased obtained.
2024-10-31 17:17:47,684 - INFO - Getting embeddings for dbmdz/bert-base-turkish-cased...
2024-10-31 17:17:47,970 - INFO - Embeddings for dbmdz/bert-base-turkish-cased obtained.
2024-10-31 17:17:47,976 - INFO - dbmdz/bert-base-turkish-cased - Epoch 1, Batch 12: Training Top 1 Accuracy: 81.25%
2024-10-31 17:17:47,977 - INFO - dbmdz/bert-base-turkish-cased - Epoch 1, Batch 12: Training Top 5 Accuracy: 81.25%
2024-10-31 17:17:49,281 - INFO - Getting embeddings for dbmdz/bert-base-turkish-cased...
2024-10-31 17:17:49,457 - INFO - Embeddings for dbmdz/bert-base-turkish-cased obtained.
2024-10-31 17:17:50,780 - INFO - Getting embeddings for dbmdz/bert-base-turkish-cased...
2024-10-31 17:17:50,984 - INFO - Embeddings for dbmdz/bert-base-turkish-cased obtained.
2024-10-31 17:17:50,999 - INFO - dbmdz/bert-base-turkish-cased - Epoch 1, Batch 13: Training Top 1 Accuracy: 68.75%
2024-10-31 17:17:50,999 - INFO - dbmdz/bert-base-turkish-cased - Epoch 1, Batch 13: Training Top 5 Accuracy: 87.50%
2024-10-31 17:17:52,377 - INFO - Getting embeddings for dbmdz/bert-base-turkish-cased...
2024-10-31 17:17:52,586 - INFO - Embeddings for dbmdz/bert-base-turkish-cased obtained.
2024-10-31 17:17:54,247 - INFO - Getting embeddings for dbmdz/bert-base-turkish-cased...
2024-10-31 17:17:54,510 - INFO - Embeddings for dbmdz/bert-base-turkish-cased obtained.
2024-10-31 17:17:54,517 - INFO - dbmdz/bert-base-turkish-cased - Epoch 1, Batch 14: Training Top 1 Accuracy: 68.75%
2024-10-31 17:17:54,517 - INFO - dbmdz/bert-base-turkish-cased - Epoch 1, Batch 14: Training Top 5 Accuracy: 75.00%
2024-10-31 17:17:55,922 - INFO - Getting embeddings for dbmdz/bert-base-turkish-cased...
2024-10-31 17:17:56,096 - INFO - Embeddings for dbmdz/bert-base-turkish-cased obtained.
2024-10-31 17:17:57,648 - INFO - Getting embeddings for dbmdz/bert-base-turkish-cased...
2024-10-31 17:17:57,889 - INFO - Embeddings for dbmdz/bert-base-turkish-cased obtained.
2024-10-31 17:17:57,895 - INFO - dbmdz/bert-base-turkish-cased - Epoch 1, Batch 15: Training Top 1 Accuracy: 62.50%
2024-10-31 17:17:57,896 - INFO - dbmdz/bert-base-turkish-cased - Epoch 1, Batch 15: Training Top 5 Accuracy: 81.25%
2024-10-31 17:17:59,324 - INFO - Getting embeddings for dbmdz/bert-base-turkish-cased...
2024-10-31 17:17:59,564 - INFO - Embeddings for dbmdz/bert-base-turkish-cased obtained.
2024-10-31 17:18:01,083 - INFO - Getting embeddings for dbmdz/bert-base-turkish-cased...
2024-10-31 17:18:01,308 - INFO - Embeddings for dbmdz/bert-base-turkish-cased obtained.
2024-10-31 17:18:01,315 - INFO - dbmdz/bert-base-turkish-cased - Epoch 1, Batch 16: Training Top 1 Accuracy: 56.25%
2024-10-31 17:18:01,315 - INFO - dbmdz/bert-base-turkish-cased - Epoch 1, Batch 16: Training Top 5 Accuracy: 75.00%
2024-10-31 17:18:02,719 - INFO - Getting embeddings for dbmdz/bert-base-turkish-cased...
2024-10-31 17:18:02,922 - INFO - Embeddings for dbmdz/bert-base-turkish-cased obtained.
2024-10-31 17:18:04,407 - INFO - Getting embeddings for dbmdz/bert-base-turkish-cased...
2024-10-31 17:18:04,601 - INFO - Embeddings for dbmdz/bert-base-turkish-cased obtained.
2024-10-31 17:18:04,608 - INFO - dbmdz/bert-base-turkish-cased - Epoch 1, Batch 17: Training Top 1 Accuracy: 43.75%
2024-10-31 17:18:04,608 - INFO - dbmdz/bert-base-turkish-cased - Epoch 1, Batch 17: Training Top 5 Accuracy: 75.00%
2024-10-31 17:18:05,964 - INFO - Getting embeddings for dbmdz/bert-base-turkish-cased...
2024-10-31 17:18:06,142 - INFO - Embeddings for dbmdz/bert-base-turkish-cased obtained.
