2024-10-31 21:10:19,356 - INFO - Reading CSV file...
2024-10-31 21:10:19,376 - INFO - CSV file successfully read.
2024-10-31 21:10:19,748 - INFO - Reading CSV file...
2024-10-31 21:10:19,766 - INFO - CSV file successfully read.
2024-10-31 21:10:20,403 - INFO - Using device: cuda
2024-10-31 21:10:20,408 - INFO - Processing model: intfloat/multilingual-e5-large-instruct
2024-10-31 21:10:20,689 - INFO - Using device: cuda
2024-10-31 21:10:20,694 - INFO - Processing model: BAAI/bge-m3
2024-10-31 21:10:26,133 - INFO - Starting epoch 1/1 for intfloat/multilingual-e5-large-instruct...
2024-10-31 21:10:29,850 - INFO - Starting epoch 1/1 for BAAI/bge-m3...
2024-10-31 21:10:30,607 - INFO - Getting embeddings for intfloat/multilingual-e5-large-instruct...
2024-10-31 21:10:35,368 - INFO - Embeddings for intfloat/multilingual-e5-large-instruct obtained.
2024-10-31 21:10:36,666 - INFO - Getting embeddings for BAAI/bge-m3...
2024-10-31 21:10:40,702 - INFO - Getting embeddings for intfloat/multilingual-e5-large-instruct...
2024-10-31 21:10:44,350 - INFO - Embeddings for BAAI/bge-m3 obtained.
2024-10-31 21:10:49,374 - INFO - Embeddings for intfloat/multilingual-e5-large-instruct obtained.
2024-10-31 21:10:49,972 - INFO - intfloat/multilingual-e5-large-instruct - Epoch 1, Batch 1: Training Top 1 Accuracy: 79.33%
2024-10-31 21:10:49,973 - INFO - intfloat/multilingual-e5-large-instruct - Epoch 1, Batch 1: Training Top 5 Accuracy: 93.33%
2024-10-31 21:10:51,278 - INFO - Getting embeddings for BAAI/bge-m3...
2024-10-31 21:10:55,553 - INFO - Getting embeddings for intfloat/multilingual-e5-large-instruct...
2024-10-31 21:11:02,673 - INFO - Embeddings for BAAI/bge-m3 obtained.
2024-10-31 21:11:03,125 - INFO - BAAI/bge-m3 - Epoch 1, Batch 1: Training Top 1 Accuracy: 76.67%
2024-10-31 21:11:03,125 - INFO - BAAI/bge-m3 - Epoch 1, Batch 1: Training Top 5 Accuracy: 86.00%
2024-10-31 21:11:05,066 - INFO - Embeddings for intfloat/multilingual-e5-large-instruct obtained.
2024-10-31 21:11:09,157 - INFO - Getting embeddings for intfloat/multilingual-e5-large-instruct...
2024-10-31 21:11:14,015 - INFO - Getting embeddings for BAAI/bge-m3...
2024-10-31 21:11:21,861 - INFO - Embeddings for intfloat/multilingual-e5-large-instruct obtained.
2024-10-31 21:11:21,899 - INFO - Embeddings for BAAI/bge-m3 obtained.
2024-10-31 21:11:22,342 - INFO - intfloat/multilingual-e5-large-instruct - Epoch 1, Batch 2: Training Top 1 Accuracy: 86.67%
2024-10-31 21:11:22,342 - INFO - intfloat/multilingual-e5-large-instruct - Epoch 1, Batch 2: Training Top 5 Accuracy: 96.00%
2024-10-31 21:11:26,633 - INFO - Getting embeddings for intfloat/multilingual-e5-large-instruct...
2024-10-31 21:11:29,356 - INFO - Getting embeddings for BAAI/bge-m3...
2024-10-31 21:11:34,487 - INFO - Embeddings for intfloat/multilingual-e5-large-instruct obtained.
2024-10-31 21:11:42,034 - INFO - Embeddings for BAAI/bge-m3 obtained.
2024-10-31 21:11:42,478 - INFO - Getting embeddings for intfloat/multilingual-e5-large-instruct...
2024-10-31 21:11:42,577 - INFO - BAAI/bge-m3 - Epoch 1, Batch 2: Training Top 1 Accuracy: 87.33%
2024-10-31 21:11:42,578 - INFO - BAAI/bge-m3 - Epoch 1, Batch 2: Training Top 5 Accuracy: 94.67%
2024-10-31 21:11:52,687 - INFO - Embeddings for intfloat/multilingual-e5-large-instruct obtained.
2024-10-31 21:11:53,299 - INFO - intfloat/multilingual-e5-large-instruct - Epoch 1, Batch 3: Training Top 1 Accuracy: 86.00%
2024-10-31 21:11:53,300 - INFO - intfloat/multilingual-e5-large-instruct - Epoch 1, Batch 3: Training Top 5 Accuracy: 95.33%
2024-10-31 21:11:53,906 - INFO - Getting embeddings for BAAI/bge-m3...
2024-10-31 21:11:58,673 - INFO - Getting embeddings for intfloat/multilingual-e5-large-instruct...
2024-10-31 21:12:00,962 - INFO - Embeddings for BAAI/bge-m3 obtained.
2024-10-31 21:12:02,477 - INFO - Embeddings for intfloat/multilingual-e5-large-instruct obtained.
2024-10-31 21:12:16,166 - INFO - Getting embeddings for intfloat/multilingual-e5-large-instruct...
2024-10-31 21:12:16,615 - INFO - Getting embeddings for BAAI/bge-m3...
2024-10-31 21:12:22,911 - INFO - Embeddings for BAAI/bge-m3 obtained.
2024-10-31 21:12:23,343 - INFO - BAAI/bge-m3 - Epoch 1, Batch 3: Training Top 1 Accuracy: 88.00%
2024-10-31 21:12:23,344 - INFO - BAAI/bge-m3 - Epoch 1, Batch 3: Training Top 5 Accuracy: 92.67%
2024-10-31 21:12:23,769 - INFO - Embeddings for intfloat/multilingual-e5-large-instruct obtained.
2024-10-31 21:12:24,137 - INFO - intfloat/multilingual-e5-large-instruct - Epoch 1, Batch 4: Training Top 1 Accuracy: 82.67%
2024-10-31 21:12:24,138 - INFO - intfloat/multilingual-e5-large-instruct - Epoch 1, Batch 4: Training Top 5 Accuracy: 92.00%
2024-10-31 21:12:27,784 - INFO - Getting embeddings for intfloat/multilingual-e5-large-instruct...
2024-10-31 21:12:33,113 - INFO - Getting embeddings for BAAI/bge-m3...
2024-10-31 21:12:35,712 - INFO - Embeddings for intfloat/multilingual-e5-large-instruct obtained.
2024-10-31 21:12:39,477 - INFO - Embeddings for BAAI/bge-m3 obtained.
2024-10-31 21:12:39,523 - INFO - Getting embeddings for intfloat/multilingual-e5-large-instruct...
2024-10-31 21:12:46,082 - INFO - Getting embeddings for BAAI/bge-m3...
2024-10-31 21:12:47,490 - INFO - Embeddings for intfloat/multilingual-e5-large-instruct obtained.
2024-10-31 21:12:47,926 - INFO - intfloat/multilingual-e5-large-instruct - Epoch 1, Batch 5: Training Top 1 Accuracy: 81.33%
2024-10-31 21:12:47,926 - INFO - intfloat/multilingual-e5-large-instruct - Epoch 1, Batch 5: Training Top 5 Accuracy: 92.67%
2024-10-31 21:12:53,604 - INFO - Getting embeddings for intfloat/multilingual-e5-large-instruct...
2024-10-31 21:12:54,218 - INFO - Embeddings for BAAI/bge-m3 obtained.
2024-10-31 21:12:54,665 - INFO - BAAI/bge-m3 - Epoch 1, Batch 4: Training Top 1 Accuracy: 86.00%
2024-10-31 21:12:54,666 - INFO - BAAI/bge-m3 - Epoch 1, Batch 4: Training Top 5 Accuracy: 92.00%
2024-10-31 21:12:55,948 - INFO - Embeddings for intfloat/multilingual-e5-large-instruct obtained.
2024-10-31 21:13:00,800 - INFO - Getting embeddings for BAAI/bge-m3...
2024-10-31 21:13:06,540 - INFO - Getting embeddings for intfloat/multilingual-e5-large-instruct...
2024-10-31 21:13:07,737 - INFO - Embeddings for BAAI/bge-m3 obtained.
2024-10-31 21:13:08,995 - INFO - Embeddings for intfloat/multilingual-e5-large-instruct obtained.
2024-10-31 21:13:09,281 - INFO - intfloat/multilingual-e5-large-instruct - Epoch 1, Batch 6: Training Top 1 Accuracy: 88.00%
2024-10-31 21:13:09,282 - INFO - intfloat/multilingual-e5-large-instruct - Epoch 1, Batch 6: Training Top 5 Accuracy: 96.00%
2024-10-31 21:13:12,885 - INFO - Getting embeddings for intfloat/multilingual-e5-large-instruct...
2024-10-31 21:13:14,246 - INFO - Getting embeddings for BAAI/bge-m3...
2024-10-31 21:13:17,264 - INFO - Embeddings for intfloat/multilingual-e5-large-instruct obtained.
2024-10-31 21:13:18,565 - INFO - Embeddings for BAAI/bge-m3 obtained.
2024-10-31 21:13:19,128 - INFO - BAAI/bge-m3 - Epoch 1, Batch 5: Training Top 1 Accuracy: 84.00%
2024-10-31 21:13:19,130 - INFO - BAAI/bge-m3 - Epoch 1, Batch 5: Training Top 5 Accuracy: 91.33%
2024-10-31 21:13:20,647 - INFO - Getting embeddings for intfloat/multilingual-e5-large-instruct...
2024-10-31 21:13:25,072 - INFO - Embeddings for intfloat/multilingual-e5-large-instruct obtained.
2024-10-31 21:13:25,381 - INFO - intfloat/multilingual-e5-large-instruct - Validation Top 1 Accuracy: 81.00%
2024-10-31 21:13:25,382 - INFO - intfloat/multilingual-e5-large-instruct - Validation Top 5 Accuracy: 94.00%
2024-10-31 21:13:26,496 - INFO - Getting embeddings for BAAI/bge-m3...
2024-10-31 21:13:28,301 - INFO - Getting embeddings for intfloat/multilingual-e5-large-instruct...
2024-10-31 21:13:28,826 - INFO - Embeddings for BAAI/bge-m3 obtained.
2024-10-31 21:13:32,671 - INFO - Embeddings for intfloat/multilingual-e5-large-instruct obtained.
2024-10-31 21:13:33,619 - INFO - Getting embeddings for BAAI/bge-m3...
2024-10-31 21:13:35,171 - INFO - Embeddings for BAAI/bge-m3 obtained.
2024-10-31 21:13:35,529 - INFO - BAAI/bge-m3 - Epoch 1, Batch 6: Training Top 1 Accuracy: 84.00%
2024-10-31 21:13:35,530 - INFO - BAAI/bge-m3 - Epoch 1, Batch 6: Training Top 5 Accuracy: 98.00%
2024-10-31 21:13:35,721 - INFO - Getting embeddings for intfloat/multilingual-e5-large-instruct...
2024-10-31 21:13:38,278 - INFO - Embeddings for intfloat/multilingual-e5-large-instruct obtained.
2024-10-31 21:13:38,723 - INFO - intfloat/multilingual-e5-large-instruct - Test Top 1 Accuracy: 88.00%
2024-10-31 21:13:38,723 - INFO - intfloat/multilingual-e5-large-instruct - Test Top 5 Accuracy: 95.00%
2024-10-31 21:13:38,725 - INFO - Applying TSNE for intfloat/multilingual-e5-large-instruct...
2024-10-31 21:13:39,625 - INFO - Getting embeddings for BAAI/bge-m3...
2024-10-31 21:13:41,833 - INFO - Embeddings for BAAI/bge-m3 obtained.
2024-10-31 21:13:44,960 - INFO - Getting embeddings for BAAI/bge-m3...
2024-10-31 21:13:47,842 - INFO - Embeddings for BAAI/bge-m3 obtained.
2024-10-31 21:13:48,131 - INFO - BAAI/bge-m3 - Validation Top 1 Accuracy: 81.00%
2024-10-31 21:13:48,131 - INFO - BAAI/bge-m3 - Validation Top 5 Accuracy: 89.00%
2024-10-31 21:13:50,839 - INFO - Getting embeddings for BAAI/bge-m3...
2024-10-31 21:13:53,294 - INFO - Embeddings for BAAI/bge-m3 obtained.
2024-10-31 21:13:56,478 - INFO - Getting embeddings for BAAI/bge-m3...
2024-10-31 21:13:58,513 - INFO - Embeddings for BAAI/bge-m3 obtained.
2024-10-31 21:13:58,774 - INFO - BAAI/bge-m3 - Test Top 1 Accuracy: 84.00%
2024-10-31 21:13:58,775 - INFO - BAAI/bge-m3 - Test Top 5 Accuracy: 94.00%
2024-10-31 21:13:58,776 - INFO - Applying TSNE for BAAI/bge-m3...
