2024-10-31 20:36:22,051 - INFO - Reading CSV file...
2024-10-31 20:36:22,073 - INFO - CSV file successfully read.
2024-10-31 20:36:23,330 - INFO - Using device: cuda
2024-10-31 20:36:23,331 - INFO - Processing model: dbmdz/bert-base-turkish-cased
2024-10-31 20:36:27,507 - INFO - Starting epoch 1/1 for dbmdz/bert-base-turkish-cased...
2024-10-31 20:36:28,941 - INFO - Getting embeddings for dbmdz/bert-base-turkish-cased...
2024-10-31 20:36:33,308 - INFO - Embeddings for dbmdz/bert-base-turkish-cased obtained.
2024-10-31 20:36:34,707 - INFO - Getting embeddings for dbmdz/bert-base-turkish-cased...
2024-10-31 20:36:39,529 - INFO - Embeddings for dbmdz/bert-base-turkish-cased obtained.
2024-10-31 20:36:39,579 - INFO - dbmdz/bert-base-turkish-cased - Epoch 1, Batch 1: Training Top 1 Accuracy: 33.25%
2024-10-31 20:36:39,579 - INFO - dbmdz/bert-base-turkish-cased - Epoch 1, Batch 1: Training Top 5 Accuracy: 49.50%
2024-10-31 20:36:41,011 - INFO - Getting embeddings for dbmdz/bert-base-turkish-cased...
2024-10-31 20:36:44,793 - INFO - Embeddings for dbmdz/bert-base-turkish-cased obtained.
2024-10-31 20:36:46,231 - INFO - Getting embeddings for dbmdz/bert-base-turkish-cased...
2024-10-31 20:36:50,250 - INFO - Embeddings for dbmdz/bert-base-turkish-cased obtained.
2024-10-31 20:36:50,268 - INFO - dbmdz/bert-base-turkish-cased - Epoch 1, Batch 2: Training Top 1 Accuracy: 33.25%
2024-10-31 20:36:50,269 - INFO - dbmdz/bert-base-turkish-cased - Epoch 1, Batch 2: Training Top 5 Accuracy: 53.00%
2024-10-31 20:36:51,927 - INFO - Getting embeddings for dbmdz/bert-base-turkish-cased...
2024-10-31 20:36:52,923 - INFO - Embeddings for dbmdz/bert-base-turkish-cased obtained.
2024-10-31 20:36:54,374 - INFO - Getting embeddings for dbmdz/bert-base-turkish-cased...
2024-10-31 20:36:55,360 - INFO - Embeddings for dbmdz/bert-base-turkish-cased obtained.
2024-10-31 20:36:55,375 - INFO - dbmdz/bert-base-turkish-cased - Epoch 1: Validation Top 1 Accuracy: 47.00%
2024-10-31 20:36:55,376 - INFO - dbmdz/bert-base-turkish-cased - Epoch 1: Validation Top 5 Accuracy: 59.00%
2024-10-31 20:36:55,376 - INFO - dbmdz/bert-base-turkish-cased - Epoch 1: Model improved, saving model...
2024-10-31 20:36:55,376 - INFO - Evaluating model on test set: dbmdz/bert-base-turkish-cased
2024-10-31 20:36:56,787 - INFO - Getting embeddings for dbmdz/bert-base-turkish-cased...
2024-10-31 20:36:57,777 - INFO - Embeddings for dbmdz/bert-base-turkish-cased obtained.
2024-10-31 20:36:59,115 - INFO - Getting embeddings for dbmdz/bert-base-turkish-cased...
2024-10-31 20:37:00,141 - INFO - Embeddings for dbmdz/bert-base-turkish-cased obtained.
2024-10-31 20:37:00,157 - INFO - dbmdz/bert-base-turkish-cased - Test Top 1 Accuracy: 51.00%
2024-10-31 20:37:00,157 - INFO - dbmdz/bert-base-turkish-cased - Test Top 5 Accuracy: 65.00%
