2024-10-31 16:16:20,055 - INFO - Reading CSV file...
2024-10-31 16:16:20,067 - INFO - CSV file successfully read.
2024-10-31 16:16:20,515 - INFO - Using device: cuda
2024-10-31 16:16:20,516 - INFO - Processing model: dbmdz/bert-base-turkish-cased
2024-10-31 16:16:24,755 - INFO - Getting embeddings for dbmdz/bert-base-turkish-cased...
2024-10-31 16:16:32,336 - INFO - Embeddings for dbmdz/bert-base-turkish-cased obtained.
2024-10-31 16:16:33,820 - INFO - Getting embeddings for dbmdz/bert-base-turkish-cased...
2024-10-31 16:16:42,284 - INFO - Embeddings for dbmdz/bert-base-turkish-cased obtained.
2024-10-31 16:16:44,756 - INFO - Getting embeddings for dbmdz/bert-base-turkish-cased...
2024-10-31 16:16:45,821 - INFO - Embeddings for dbmdz/bert-base-turkish-cased obtained.
2024-10-31 16:16:47,486 - INFO - Getting embeddings for dbmdz/bert-base-turkish-cased...
2024-10-31 16:16:48,579 - INFO - Embeddings for dbmdz/bert-base-turkish-cased obtained.
2024-10-31 16:16:49,902 - INFO - Getting embeddings for dbmdz/bert-base-turkish-cased...
2024-10-31 16:16:50,767 - INFO - Embeddings for dbmdz/bert-base-turkish-cased obtained.
2024-10-31 16:16:52,307 - INFO - Getting embeddings for dbmdz/bert-base-turkish-cased...
2024-10-31 16:16:53,400 - INFO - Embeddings for dbmdz/bert-base-turkish-cased obtained.
2024-10-31 16:16:54,170 - INFO - dbmdz/bert-base-turkish-cased - Training Top 1 Accuracy: 29.88%
2024-10-31 16:16:54,170 - INFO - dbmdz/bert-base-turkish-cased - Training Top 5 Accuracy: 45.62%
2024-10-31 16:16:54,184 - INFO - dbmdz/bert-base-turkish-cased - Validation Top 1 Accuracy: 40.00%
2024-10-31 16:16:54,184 - INFO - dbmdz/bert-base-turkish-cased - Validation Top 5 Accuracy: 54.00%
2024-10-31 16:16:54,192 - INFO - dbmdz/bert-base-turkish-cased - Test Top 1 Accuracy: 49.00%
2024-10-31 16:16:54,193 - INFO - dbmdz/bert-base-turkish-cased - Test Top 5 Accuracy: 62.00%
2024-10-31 16:16:54,193 - INFO - Applying TSNE for dbmdz/bert-base-turkish-cased...
2024-10-31 16:16:58,648 - ERROR - Error processing model dbmdz/bert-base-turkish-cased: [Errno 2] No such file or directory: '/home/simdev/workspace/YildizNLP/results/tsne_dbmdz/bert-base-turkish-cased.png'
2024-10-31 16:16:58,648 - INFO - Processing complete.
