2024-10-31 20:24:40,906 - INFO - Reading CSV file...
2024-10-31 20:24:40,918 - INFO - CSV file successfully read.
2024-10-31 20:24:42,031 - INFO - Using device: cuda
2024-10-31 20:24:42,032 - INFO - Processing model: dbmdz/bert-base-turkish-cased
2024-10-31 20:24:46,166 - INFO - Starting epoch 1/1 for dbmdz/bert-base-turkish-cased...
2024-10-31 20:24:47,628 - INFO - Getting embeddings for dbmdz/bert-base-turkish-cased...
2024-10-31 20:24:48,804 - INFO - Embeddings for dbmdz/bert-base-turkish-cased obtained.
2024-10-31 20:24:50,264 - INFO - Getting embeddings for dbmdz/bert-base-turkish-cased...
2024-10-31 20:24:51,384 - INFO - Embeddings for dbmdz/bert-base-turkish-cased obtained.
2024-10-31 20:24:51,395 - INFO - dbmdz/bert-base-turkish-cased - Epoch 1, Batch 1: Training Top 1 Accuracy: 54.00%
2024-10-31 20:24:51,395 - INFO - dbmdz/bert-base-turkish-cased - Epoch 1, Batch 1: Training Top 5 Accuracy: 72.00%
2024-10-31 20:24:52,790 - INFO - Getting embeddings for dbmdz/bert-base-turkish-cased...
2024-10-31 20:24:53,970 - INFO - Embeddings for dbmdz/bert-base-turkish-cased obtained.
2024-10-31 20:24:55,438 - INFO - Getting embeddings for dbmdz/bert-base-turkish-cased...
2024-10-31 20:24:56,617 - INFO - Embeddings for dbmdz/bert-base-turkish-cased obtained.
2024-10-31 20:24:56,627 - INFO - dbmdz/bert-base-turkish-cased - Epoch 1, Batch 2: Training Top 1 Accuracy: 43.00%
2024-10-31 20:24:56,627 - INFO - dbmdz/bert-base-turkish-cased - Epoch 1, Batch 2: Training Top 5 Accuracy: 64.00%
2024-10-31 20:24:58,101 - INFO - Getting embeddings for dbmdz/bert-base-turkish-cased...
2024-10-31 20:24:59,426 - INFO - Embeddings for dbmdz/bert-base-turkish-cased obtained.
2024-10-31 20:25:00,877 - INFO - Getting embeddings for dbmdz/bert-base-turkish-cased...
2024-10-31 20:25:01,996 - INFO - Embeddings for dbmdz/bert-base-turkish-cased obtained.
2024-10-31 20:25:02,005 - INFO - dbmdz/bert-base-turkish-cased - Epoch 1, Batch 3: Training Top 1 Accuracy: 40.00%
2024-10-31 20:25:02,006 - INFO - dbmdz/bert-base-turkish-cased - Epoch 1, Batch 3: Training Top 5 Accuracy: 58.00%
2024-10-31 20:25:03,442 - INFO - Getting embeddings for dbmdz/bert-base-turkish-cased...
2024-10-31 20:25:04,366 - INFO - Embeddings for dbmdz/bert-base-turkish-cased obtained.
2024-10-31 20:25:05,834 - INFO - Getting embeddings for dbmdz/bert-base-turkish-cased...
2024-10-31 20:25:06,914 - INFO - Embeddings for dbmdz/bert-base-turkish-cased obtained.
2024-10-31 20:25:06,923 - INFO - dbmdz/bert-base-turkish-cased - Epoch 1, Batch 4: Training Top 1 Accuracy: 38.00%
2024-10-31 20:25:06,924 - INFO - dbmdz/bert-base-turkish-cased - Epoch 1, Batch 4: Training Top 5 Accuracy: 58.00%
2024-10-31 20:25:08,254 - INFO - Getting embeddings for dbmdz/bert-base-turkish-cased...
2024-10-31 20:25:09,288 - INFO - Embeddings for dbmdz/bert-base-turkish-cased obtained.
2024-10-31 20:25:10,667 - INFO - Getting embeddings for dbmdz/bert-base-turkish-cased...
2024-10-31 20:25:11,692 - INFO - Embeddings for dbmdz/bert-base-turkish-cased obtained.
2024-10-31 20:25:11,702 - INFO - dbmdz/bert-base-turkish-cased - Epoch 1, Batch 5: Training Top 1 Accuracy: 41.00%
2024-10-31 20:25:11,703 - INFO - dbmdz/bert-base-turkish-cased - Epoch 1, Batch 5: Training Top 5 Accuracy: 61.00%
2024-10-31 20:25:13,144 - INFO - Getting embeddings for dbmdz/bert-base-turkish-cased...
2024-10-31 20:25:14,159 - INFO - Embeddings for dbmdz/bert-base-turkish-cased obtained.
2024-10-31 20:25:15,511 - INFO - Getting embeddings for dbmdz/bert-base-turkish-cased...
2024-10-31 20:25:16,619 - INFO - Embeddings for dbmdz/bert-base-turkish-cased obtained.
2024-10-31 20:25:16,628 - INFO - dbmdz/bert-base-turkish-cased - Epoch 1, Batch 6: Training Top 1 Accuracy: 42.00%
2024-10-31 20:25:16,628 - INFO - dbmdz/bert-base-turkish-cased - Epoch 1, Batch 6: Training Top 5 Accuracy: 67.00%
2024-10-31 20:25:18,176 - INFO - Getting embeddings for dbmdz/bert-base-turkish-cased...
2024-10-31 20:25:19,148 - INFO - Embeddings for dbmdz/bert-base-turkish-cased obtained.
2024-10-31 20:25:20,537 - INFO - Getting embeddings for dbmdz/bert-base-turkish-cased...
2024-10-31 20:25:21,587 - INFO - Embeddings for dbmdz/bert-base-turkish-cased obtained.
2024-10-31 20:25:21,597 - INFO - dbmdz/bert-base-turkish-cased - Epoch 1, Batch 7: Training Top 1 Accuracy: 51.00%
2024-10-31 20:25:21,597 - INFO - dbmdz/bert-base-turkish-cased - Epoch 1, Batch 7: Training Top 5 Accuracy: 73.00%
2024-10-31 20:25:22,942 - INFO - Getting embeddings for dbmdz/bert-base-turkish-cased...
2024-10-31 20:25:24,071 - INFO - Embeddings for dbmdz/bert-base-turkish-cased obtained.
2024-10-31 20:25:25,491 - INFO - Getting embeddings for dbmdz/bert-base-turkish-cased...
2024-10-31 20:25:26,439 - INFO - Embeddings for dbmdz/bert-base-turkish-cased obtained.
2024-10-31 20:25:26,447 - INFO - dbmdz/bert-base-turkish-cased - Epoch 1, Batch 8: Training Top 1 Accuracy: 51.00%
2024-10-31 20:25:26,448 - INFO - dbmdz/bert-base-turkish-cased - Epoch 1, Batch 8: Training Top 5 Accuracy: 66.00%
2024-10-31 20:25:27,833 - INFO - Getting embeddings for dbmdz/bert-base-turkish-cased...
2024-10-31 20:25:28,848 - INFO - Embeddings for dbmdz/bert-base-turkish-cased obtained.
2024-10-31 20:25:30,238 - INFO - Getting embeddings for dbmdz/bert-base-turkish-cased...
2024-10-31 20:25:31,490 - INFO - Embeddings for dbmdz/bert-base-turkish-cased obtained.
2024-10-31 20:25:31,512 - INFO - dbmdz/bert-base-turkish-cased - Epoch 1: Validation Top 1 Accuracy: 47.00%
2024-10-31 20:25:31,513 - INFO - dbmdz/bert-base-turkish-cased - Epoch 1: Validation Top 5 Accuracy: 59.00%
2024-10-31 20:25:31,514 - INFO - dbmdz/bert-base-turkish-cased - Epoch 1: Model improved, saving model...
2024-10-31 20:25:31,515 - INFO - Evaluating model on test set: dbmdz/bert-base-turkish-cased
2024-10-31 20:25:32,961 - INFO - Getting embeddings for dbmdz/bert-base-turkish-cased...
2024-10-31 20:25:33,870 - INFO - Embeddings for dbmdz/bert-base-turkish-cased obtained.
2024-10-31 20:25:35,360 - INFO - Getting embeddings for dbmdz/bert-base-turkish-cased...
2024-10-31 20:25:36,440 - INFO - Embeddings for dbmdz/bert-base-turkish-cased obtained.
2024-10-31 20:25:36,455 - INFO - dbmdz/bert-base-turkish-cased - Test Top 1 Accuracy: 52.00%
2024-10-31 20:25:36,455 - INFO - dbmdz/bert-base-turkish-cased - Test Top 5 Accuracy: 65.00%
2024-10-31 20:25:36,455 - INFO - dbmdz/bert-base-turkish-cased - Wrong Answer Analysis:
2024-10-31 20:25:36,455 - ERROR - Error processing model dbmdz/bert-base-turkish-cased: unsupported format string passed to numpy.ndarray.__format__
