2024-11-01 21:15:27,219 - INFO - Reading CSV file...
2024-11-01 21:15:27,231 - INFO - CSV file successfully read.
2024-11-01 21:15:27,670 - INFO - Using device: cuda
2024-11-01 21:15:27,671 - INFO - Training model: dbmdz/bert-base-turkish-cased
2024-11-01 21:15:31,487 - INFO - Epoch 1/2
2024-11-01 21:15:32,513 - INFO - Getting embeddings for dbmdz/bert-base-turkish-cased...
2024-11-01 21:15:40,698 - INFO - Embeddings for dbmdz/bert-base-turkish-cased obtained.
2024-11-01 21:15:41,836 - INFO - Getting embeddings for dbmdz/bert-base-turkish-cased...
2024-11-01 21:15:49,446 - INFO - Embeddings for dbmdz/bert-base-turkish-cased obtained.
2024-11-01 21:15:49,617 - INFO - Training Batch 1: Top 1 Accuracy: 29.88%, Top 5 Accuracy: 72.00%
2024-11-01 21:15:49,619 - INFO - Validating model...
2024-11-01 21:15:50,677 - INFO - Getting embeddings for dbmdz/bert-base-turkish-cased...
2024-11-01 21:15:51,597 - INFO - Embeddings for dbmdz/bert-base-turkish-cased obtained.
2024-11-01 21:15:52,670 - INFO - Getting embeddings for dbmdz/bert-base-turkish-cased...
2024-11-01 21:15:53,867 - INFO - Embeddings for dbmdz/bert-base-turkish-cased obtained.
2024-11-01 21:15:53,880 - INFO - Validation: Top 1 Accuracy: 40.00%, Top 5 Accuracy: 71.00%
2024-11-01 21:15:53,880 - INFO - Epoch 2/2
2024-11-01 21:15:55,126 - INFO - Getting embeddings for dbmdz/bert-base-turkish-cased...
2024-11-01 21:16:03,099 - INFO - Embeddings for dbmdz/bert-base-turkish-cased obtained.
2024-11-01 21:16:04,070 - INFO - Getting embeddings for dbmdz/bert-base-turkish-cased...
2024-11-01 21:16:12,920 - INFO - Embeddings for dbmdz/bert-base-turkish-cased obtained.
2024-11-01 21:16:13,043 - INFO - Training Batch 1: Top 1 Accuracy: 29.88%, Top 5 Accuracy: 72.00%
2024-11-01 21:16:13,045 - INFO - Validating model...
2024-11-01 21:16:14,030 - INFO - Getting embeddings for dbmdz/bert-base-turkish-cased...
2024-11-01 21:16:14,904 - INFO - Embeddings for dbmdz/bert-base-turkish-cased obtained.
2024-11-01 21:16:15,919 - INFO - Getting embeddings for dbmdz/bert-base-turkish-cased...
2024-11-01 21:16:16,953 - INFO - Embeddings for dbmdz/bert-base-turkish-cased obtained.
2024-11-01 21:16:16,967 - INFO - Validation: Top 1 Accuracy: 40.00%, Top 5 Accuracy: 71.00%
2024-11-01 21:16:16,974 - INFO - Testing model...
2024-11-01 21:16:17,946 - INFO - Getting embeddings for dbmdz/bert-base-turkish-cased...
2024-11-01 21:16:18,825 - INFO - Embeddings for dbmdz/bert-base-turkish-cased obtained.
2024-11-01 21:16:20,049 - INFO - Getting embeddings for dbmdz/bert-base-turkish-cased...
2024-11-01 21:16:21,282 - INFO - Embeddings for dbmdz/bert-base-turkish-cased obtained.
2024-11-01 21:16:21,294 - INFO - Test Results: Top 1 Accuracy: 49.00%, Top 5 Accuracy: 77.00%
