2024-10-31 14:59:29,579 - INFO - Reading CSV file...
2024-10-31 14:59:29,591 - INFO - CSV file successfully read.
2024-10-31 14:59:30,116 - INFO - Using device: cuda
2024-10-31 14:59:30,117 - INFO - Processing model: dbmdz/bert-base-turkish-cased
2024-10-31 14:59:34,581 - INFO - Getting embeddings for dbmdz/bert-base-turkish-cased...
2024-10-31 14:59:43,216 - INFO - Embeddings for dbmdz/bert-base-turkish-cased obtained.
2024-10-31 14:59:44,726 - INFO - Getting embeddings for dbmdz/bert-base-turkish-cased...
2024-10-31 14:59:54,596 - INFO - Embeddings for dbmdz/bert-base-turkish-cased obtained.
2024-10-31 14:59:56,040 - INFO - Getting embeddings for dbmdz/bert-base-turkish-cased...
2024-10-31 14:59:57,014 - INFO - Embeddings for dbmdz/bert-base-turkish-cased obtained.
2024-10-31 14:59:58,479 - INFO - Getting embeddings for dbmdz/bert-base-turkish-cased...
2024-10-31 14:59:59,675 - INFO - Embeddings for dbmdz/bert-base-turkish-cased obtained.
2024-10-31 15:00:01,127 - INFO - Getting embeddings for dbmdz/bert-base-turkish-cased...
2024-10-31 15:00:02,429 - INFO - Embeddings for dbmdz/bert-base-turkish-cased obtained.
2024-10-31 15:00:03,805 - INFO - Getting embeddings for dbmdz/bert-base-turkish-cased...
2024-10-31 15:00:04,789 - INFO - Embeddings for dbmdz/bert-base-turkish-cased obtained.
2024-10-31 15:00:05,638 - INFO - dbmdz/bert-base-turkish-cased - Training Top 1 Accuracy: 29.88%
2024-10-31 15:00:05,639 - INFO - dbmdz/bert-base-turkish-cased - Training Top 5 Accuracy: 45.62%
2024-10-31 15:00:05,650 - INFO - dbmdz/bert-base-turkish-cased - Validation Top 1 Accuracy: 40.00%
2024-10-31 15:00:05,650 - INFO - dbmdz/bert-base-turkish-cased - Validation Top 5 Accuracy: 54.00%
2024-10-31 15:00:05,665 - INFO - dbmdz/bert-base-turkish-cased - Test Top 1 Accuracy: 49.00%
2024-10-31 15:00:05,666 - INFO - dbmdz/bert-base-turkish-cased - Test Top 5 Accuracy: 62.00%
2024-10-31 15:00:05,666 - INFO - Applying TSNE for dbmdz/bert-base-turkish-cased...
2024-10-31 15:00:10,231 - ERROR - Error processing model dbmdz/bert-base-turkish-cased: [Errno 2] No such file or directory: '/home/simdev/workspace/YildizNLP/results/visualization/tsne_plot_dbmdz/bert-base-turkish-cased.png'
