2024-10-31 21:10:20,231 - INFO - Reading CSV file...
2024-10-31 21:10:20,243 - INFO - CSV file successfully read.
2024-10-31 21:10:20,488 - INFO - Reading CSV file...
2024-10-31 21:10:20,500 - INFO - CSV file successfully read.
2024-10-31 21:10:21,058 - INFO - Using device: cuda
2024-10-31 21:10:21,061 - INFO - Processing model: nomic-ai/nomic-embed-text-v1
2024-10-31 21:10:21,277 - INFO - Using device: cuda
2024-10-31 21:10:21,282 - INFO - Processing model: dbmdz/bert-base-turkish-cased
2024-10-31 21:10:26,245 - INFO - Starting epoch 1/1 for dbmdz/bert-base-turkish-cased...
2024-10-31 21:10:28,553 - WARNING - <All keys matched successfully>
2024-10-31 21:10:29,155 - INFO - Starting epoch 1/1 for nomic-ai/nomic-embed-text-v1...
2024-10-31 21:10:29,514 - INFO - Getting embeddings for dbmdz/bert-base-turkish-cased...
2024-10-31 21:10:32,010 - INFO - Embeddings for dbmdz/bert-base-turkish-cased obtained.
2024-10-31 21:10:33,554 - WARNING - <All keys matched successfully>
2024-10-31 21:10:33,978 - INFO - Getting embeddings for nomic-ai/nomic-embed-text-v1...
2024-10-31 21:10:34,057 - INFO - Getting embeddings for dbmdz/bert-base-turkish-cased...
2024-10-31 21:10:36,693 - INFO - Embeddings for dbmdz/bert-base-turkish-cased obtained.
2024-10-31 21:10:36,728 - INFO - dbmdz/bert-base-turkish-cased - Epoch 1, Batch 1: Training Top 1 Accuracy: 47.33%
2024-10-31 21:10:36,729 - INFO - dbmdz/bert-base-turkish-cased - Epoch 1, Batch 1: Training Top 5 Accuracy: 66.00%
2024-10-31 21:10:39,398 - INFO - Embeddings for nomic-ai/nomic-embed-text-v1 obtained.
2024-10-31 21:10:39,448 - INFO - Getting embeddings for dbmdz/bert-base-turkish-cased...
2024-10-31 21:10:43,809 - INFO - Embeddings for dbmdz/bert-base-turkish-cased obtained.
2024-10-31 21:10:43,857 - WARNING - <All keys matched successfully>
2024-10-31 21:10:44,481 - INFO - Getting embeddings for nomic-ai/nomic-embed-text-v1...
2024-10-31 21:10:45,763 - INFO - Getting embeddings for dbmdz/bert-base-turkish-cased...
2024-10-31 21:10:49,980 - INFO - Embeddings for dbmdz/bert-base-turkish-cased obtained.
2024-10-31 21:10:50,069 - INFO - dbmdz/bert-base-turkish-cased - Epoch 1, Batch 2: Training Top 1 Accuracy: 44.00%
2024-10-31 21:10:50,069 - INFO - dbmdz/bert-base-turkish-cased - Epoch 1, Batch 2: Training Top 5 Accuracy: 68.00%
2024-10-31 21:10:50,770 - INFO - Embeddings for nomic-ai/nomic-embed-text-v1 obtained.
2024-10-31 21:10:51,023 - INFO - nomic-ai/nomic-embed-text-v1 - Epoch 1, Batch 1: Training Top 1 Accuracy: 56.67%
2024-10-31 21:10:51,023 - INFO - nomic-ai/nomic-embed-text-v1 - Epoch 1, Batch 1: Training Top 5 Accuracy: 73.33%
2024-10-31 21:10:51,893 - INFO - Getting embeddings for dbmdz/bert-base-turkish-cased...
2024-10-31 21:10:55,449 - INFO - Embeddings for dbmdz/bert-base-turkish-cased obtained.
2024-10-31 21:10:55,485 - WARNING - <All keys matched successfully>
2024-10-31 21:10:56,294 - INFO - Getting embeddings for nomic-ai/nomic-embed-text-v1...
2024-10-31 21:10:57,760 - INFO - Getting embeddings for dbmdz/bert-base-turkish-cased...
2024-10-31 21:11:03,658 - INFO - Embeddings for nomic-ai/nomic-embed-text-v1 obtained.
2024-10-31 21:11:03,696 - INFO - Embeddings for dbmdz/bert-base-turkish-cased obtained.
2024-10-31 21:11:03,746 - INFO - dbmdz/bert-base-turkish-cased - Epoch 1, Batch 3: Training Top 1 Accuracy: 34.67%
2024-10-31 21:11:03,746 - INFO - dbmdz/bert-base-turkish-cased - Epoch 1, Batch 3: Training Top 5 Accuracy: 54.67%
2024-10-31 21:11:05,375 - INFO - Getting embeddings for dbmdz/bert-base-turkish-cased...
2024-10-31 21:11:07,910 - WARNING - <All keys matched successfully>
2024-10-31 21:11:07,955 - INFO - Embeddings for dbmdz/bert-base-turkish-cased obtained.
2024-10-31 21:11:08,191 - INFO - Getting embeddings for nomic-ai/nomic-embed-text-v1...
2024-10-31 21:11:10,250 - INFO - Getting embeddings for dbmdz/bert-base-turkish-cased...
2024-10-31 21:11:14,385 - INFO - Embeddings for dbmdz/bert-base-turkish-cased obtained.
2024-10-31 21:11:14,481 - INFO - dbmdz/bert-base-turkish-cased - Epoch 1, Batch 4: Training Top 1 Accuracy: 40.00%
2024-10-31 21:11:14,482 - INFO - dbmdz/bert-base-turkish-cased - Epoch 1, Batch 4: Training Top 5 Accuracy: 60.00%
2024-10-31 21:11:16,320 - INFO - Embeddings for nomic-ai/nomic-embed-text-v1 obtained.
2024-10-31 21:11:16,435 - INFO - nomic-ai/nomic-embed-text-v1 - Epoch 1, Batch 2: Training Top 1 Accuracy: 60.00%
2024-10-31 21:11:16,436 - INFO - nomic-ai/nomic-embed-text-v1 - Epoch 1, Batch 2: Training Top 5 Accuracy: 76.67%
2024-10-31 21:11:16,488 - INFO - Getting embeddings for dbmdz/bert-base-turkish-cased...
2024-10-31 21:11:20,710 - WARNING - <All keys matched successfully>
2024-10-31 21:11:20,785 - INFO - Embeddings for dbmdz/bert-base-turkish-cased obtained.
2024-10-31 21:11:21,263 - INFO - Getting embeddings for nomic-ai/nomic-embed-text-v1...
2024-10-31 21:11:22,535 - INFO - Getting embeddings for dbmdz/bert-base-turkish-cased...
2024-10-31 21:11:24,756 - INFO - Embeddings for dbmdz/bert-base-turkish-cased obtained.
2024-10-31 21:11:24,804 - INFO - dbmdz/bert-base-turkish-cased - Epoch 1, Batch 5: Training Top 1 Accuracy: 35.33%
2024-10-31 21:11:24,805 - INFO - dbmdz/bert-base-turkish-cased - Epoch 1, Batch 5: Training Top 5 Accuracy: 58.00%
2024-10-31 21:11:24,984 - INFO - Embeddings for nomic-ai/nomic-embed-text-v1 obtained.
2024-10-31 21:11:27,067 - INFO - Getting embeddings for dbmdz/bert-base-turkish-cased...
2024-10-31 21:11:27,987 - INFO - Embeddings for dbmdz/bert-base-turkish-cased obtained.
2024-10-31 21:11:29,257 - WARNING - <All keys matched successfully>
2024-10-31 21:11:29,802 - INFO - Getting embeddings for dbmdz/bert-base-turkish-cased...
2024-10-31 21:11:29,981 - INFO - Getting embeddings for nomic-ai/nomic-embed-text-v1...
2024-10-31 21:11:31,237 - INFO - Embeddings for dbmdz/bert-base-turkish-cased obtained.
2024-10-31 21:11:31,289 - INFO - dbmdz/bert-base-turkish-cased - Epoch 1, Batch 6: Training Top 1 Accuracy: 56.00%
2024-10-31 21:11:31,291 - INFO - dbmdz/bert-base-turkish-cased - Epoch 1, Batch 6: Training Top 5 Accuracy: 70.00%
2024-10-31 21:11:33,603 - INFO - Getting embeddings for dbmdz/bert-base-turkish-cased...
2024-10-31 21:11:35,592 - INFO - Embeddings for nomic-ai/nomic-embed-text-v1 obtained.
2024-10-31 21:11:35,682 - INFO - nomic-ai/nomic-embed-text-v1 - Epoch 1, Batch 3: Training Top 1 Accuracy: 61.33%
2024-10-31 21:11:35,683 - INFO - nomic-ai/nomic-embed-text-v1 - Epoch 1, Batch 3: Training Top 5 Accuracy: 74.67%
2024-10-31 21:11:35,904 - INFO - Embeddings for dbmdz/bert-base-turkish-cased obtained.
2024-10-31 21:11:37,830 - INFO - Getting embeddings for dbmdz/bert-base-turkish-cased...
2024-10-31 21:11:39,207 - INFO - Embeddings for dbmdz/bert-base-turkish-cased obtained.
2024-10-31 21:11:39,238 - INFO - dbmdz/bert-base-turkish-cased - Validation Top 1 Accuracy: 47.00%
2024-10-31 21:11:39,238 - INFO - dbmdz/bert-base-turkish-cased - Validation Top 5 Accuracy: 59.00%
2024-10-31 21:11:40,712 - WARNING - <All keys matched successfully>
2024-10-31 21:11:41,707 - INFO - Getting embeddings for nomic-ai/nomic-embed-text-v1...
2024-10-31 21:11:42,880 - INFO - Getting embeddings for dbmdz/bert-base-turkish-cased...
2024-10-31 21:11:45,185 - INFO - Embeddings for dbmdz/bert-base-turkish-cased obtained.
2024-10-31 21:11:47,170 - INFO - Embeddings for nomic-ai/nomic-embed-text-v1 obtained.
2024-10-31 21:11:48,774 - INFO - Getting embeddings for dbmdz/bert-base-turkish-cased...
2024-10-31 21:11:51,484 - INFO - Embeddings for dbmdz/bert-base-turkish-cased obtained.
2024-10-31 21:11:51,504 - INFO - dbmdz/bert-base-turkish-cased - Test Top 1 Accuracy: 51.00%
2024-10-31 21:11:51,505 - INFO - dbmdz/bert-base-turkish-cased - Test Top 5 Accuracy: 65.00%
2024-10-31 21:11:51,509 - INFO - Applying TSNE for dbmdz/bert-base-turkish-cased...
2024-10-31 21:11:52,220 - WARNING - <All keys matched successfully>
2024-10-31 21:11:53,225 - INFO - Getting embeddings for nomic-ai/nomic-embed-text-v1...
2024-10-31 21:11:59,525 - INFO - Embeddings for nomic-ai/nomic-embed-text-v1 obtained.
2024-10-31 21:11:59,654 - INFO - nomic-ai/nomic-embed-text-v1 - Epoch 1, Batch 4: Training Top 1 Accuracy: 62.67%
2024-10-31 21:11:59,655 - INFO - nomic-ai/nomic-embed-text-v1 - Epoch 1, Batch 4: Training Top 5 Accuracy: 77.33%
2024-10-31 21:12:12,590 - WARNING - <All keys matched successfully>
2024-10-31 21:12:12,896 - INFO - Getting embeddings for nomic-ai/nomic-embed-text-v1...
2024-10-31 21:12:16,493 - INFO - Embeddings for nomic-ai/nomic-embed-text-v1 obtained.
2024-10-31 21:12:20,673 - WARNING - <All keys matched successfully>
2024-10-31 21:12:21,358 - INFO - Getting embeddings for nomic-ai/nomic-embed-text-v1...
2024-10-31 21:12:26,712 - INFO - Embeddings for nomic-ai/nomic-embed-text-v1 obtained.
2024-10-31 21:12:26,765 - INFO - nomic-ai/nomic-embed-text-v1 - Epoch 1, Batch 5: Training Top 1 Accuracy: 55.33%
2024-10-31 21:12:26,766 - INFO - nomic-ai/nomic-embed-text-v1 - Epoch 1, Batch 5: Training Top 5 Accuracy: 70.67%
2024-10-31 21:12:29,679 - WARNING - <All keys matched successfully>
2024-10-31 21:12:30,327 - INFO - Getting embeddings for nomic-ai/nomic-embed-text-v1...
2024-10-31 21:12:32,462 - INFO - Embeddings for nomic-ai/nomic-embed-text-v1 obtained.
2024-10-31 21:12:36,486 - WARNING - <All keys matched successfully>
2024-10-31 21:12:36,935 - INFO - Getting embeddings for nomic-ai/nomic-embed-text-v1...
2024-10-31 21:12:38,343 - INFO - Embeddings for nomic-ai/nomic-embed-text-v1 obtained.
2024-10-31 21:12:38,375 - INFO - nomic-ai/nomic-embed-text-v1 - Epoch 1, Batch 6: Training Top 1 Accuracy: 64.00%
2024-10-31 21:12:38,376 - INFO - nomic-ai/nomic-embed-text-v1 - Epoch 1, Batch 6: Training Top 5 Accuracy: 80.00%
2024-10-31 21:12:41,639 - WARNING - <All keys matched successfully>
2024-10-31 21:12:42,482 - INFO - Getting embeddings for nomic-ai/nomic-embed-text-v1...
2024-10-31 21:12:46,414 - INFO - Embeddings for nomic-ai/nomic-embed-text-v1 obtained.
2024-10-31 21:12:50,072 - WARNING - <All keys matched successfully>
2024-10-31 21:12:50,676 - INFO - Getting embeddings for nomic-ai/nomic-embed-text-v1...
2024-10-31 21:12:54,412 - INFO - Embeddings for nomic-ai/nomic-embed-text-v1 obtained.
2024-10-31 21:12:54,447 - INFO - nomic-ai/nomic-embed-text-v1 - Validation Top 1 Accuracy: 59.00%
2024-10-31 21:12:54,448 - INFO - nomic-ai/nomic-embed-text-v1 - Validation Top 5 Accuracy: 69.00%
2024-10-31 21:12:58,206 - WARNING - <All keys matched successfully>
2024-10-31 21:12:58,396 - INFO - Getting embeddings for nomic-ai/nomic-embed-text-v1...
2024-10-31 21:13:00,297 - INFO - Embeddings for nomic-ai/nomic-embed-text-v1 obtained.
2024-10-31 21:13:02,918 - WARNING - <All keys matched successfully>
2024-10-31 21:13:03,468 - INFO - Getting embeddings for nomic-ai/nomic-embed-text-v1...
2024-10-31 21:13:08,065 - INFO - Embeddings for nomic-ai/nomic-embed-text-v1 obtained.
2024-10-31 21:13:08,102 - INFO - nomic-ai/nomic-embed-text-v1 - Test Top 1 Accuracy: 58.00%
2024-10-31 21:13:08,102 - INFO - nomic-ai/nomic-embed-text-v1 - Test Top 5 Accuracy: 70.00%
2024-10-31 21:13:08,105 - INFO - Applying TSNE for nomic-ai/nomic-embed-text-v1...
