2024-11-01 21:39:36,397 - INFO - Reading CSV file...
2024-11-01 21:39:36,409 - INFO - CSV file successfully read.
2024-11-01 21:39:36,903 - INFO - Using device: cuda
2024-11-01 21:39:36,903 - INFO - Training model: dbmdz/bert-base-turkish-cased
2024-11-01 21:39:41,032 - INFO - Epoch 1/1
2024-11-01 21:39:42,353 - INFO - Getting embeddings for dbmdz/bert-base-turkish-cased...
2024-11-01 21:39:50,942 - INFO - Embeddings for dbmdz/bert-base-turkish-cased obtained.
2024-11-01 21:39:52,396 - INFO - Getting embeddings for dbmdz/bert-base-turkish-cased...
2024-11-01 21:39:59,920 - INFO - Embeddings for dbmdz/bert-base-turkish-cased obtained.
2024-11-01 21:40:00,053 - INFO - Training Batch 1: Top 1 Accuracy: 32.62%, Top 5 Accuracy: 72.75%
2024-11-01 21:40:00,056 - INFO - Validating model...
2024-11-01 21:40:01,519 - INFO - Getting embeddings for dbmdz/bert-base-turkish-cased...
2024-11-01 21:40:02,666 - INFO - Embeddings for dbmdz/bert-base-turkish-cased obtained.
2024-11-01 21:40:04,070 - INFO - Getting embeddings for dbmdz/bert-base-turkish-cased...
2024-11-01 21:40:05,660 - INFO - Embeddings for dbmdz/bert-base-turkish-cased obtained.
2024-11-01 21:40:05,676 - INFO - Validation: Top 1 Accuracy: 49.00%, Top 5 Accuracy: 85.00%
2024-11-01 21:40:05,686 - INFO - Testing model...
2024-11-01 21:40:07,075 - INFO - Getting embeddings for dbmdz/bert-base-turkish-cased...
2024-11-01 21:40:08,010 - INFO - Embeddings for dbmdz/bert-base-turkish-cased obtained.
2024-11-01 21:40:09,508 - INFO - Getting embeddings for dbmdz/bert-base-turkish-cased...
2024-11-01 21:40:10,508 - INFO - Embeddings for dbmdz/bert-base-turkish-cased obtained.
2024-11-01 21:40:10,521 - INFO - Test Results: Top 1 Accuracy: 54.00%, Top 5 Accuracy: 83.00%
