2024-11-01 17:18:55,777 - INFO - Reading CSV file...
2024-11-01 17:18:55,793 - INFO - CSV file successfully read.
2024-11-01 17:18:56,606 - INFO - Using device: cuda
2024-11-01 17:18:56,609 - INFO - Processing model: dbmdz/bert-base-turkish-cased
2024-11-01 17:19:01,966 - INFO - Starting epoch 1/5 for dbmdz/bert-base-turkish-cased...
2024-11-01 17:19:03,913 - INFO - Getting embeddings for dbmdz/bert-base-turkish-cased...
2024-11-01 17:19:11,839 - INFO - Embeddings for dbmdz/bert-base-turkish-cased obtained.
2024-11-01 17:19:13,284 - INFO - Getting embeddings for dbmdz/bert-base-turkish-cased...
2024-11-01 17:19:21,448 - INFO - Embeddings for dbmdz/bert-base-turkish-cased obtained.
2024-11-01 17:19:21,514 - INFO - dbmdz/bert-base-turkish-cased - Epoch 1, Batch 1: Training Top 1 Accuracy: 28.88%
2024-11-01 17:19:21,515 - INFO - dbmdz/bert-base-turkish-cased - Epoch 1, Batch 1: Training Top 5 Accuracy: 43.25%
2024-11-01 17:19:23,442 - INFO - Getting embeddings for dbmdz/bert-base-turkish-cased...
2024-11-01 17:19:24,445 - INFO - Embeddings for dbmdz/bert-base-turkish-cased obtained.
2024-11-01 17:19:26,507 - INFO - Getting embeddings for dbmdz/bert-base-turkish-cased...
2024-11-01 17:19:27,619 - INFO - Embeddings for dbmdz/bert-base-turkish-cased obtained.
2024-11-01 17:19:27,652 - INFO - dbmdz/bert-base-turkish-cased - Validation Top 1 Accuracy: 47.00%
2024-11-01 17:19:27,653 - INFO - dbmdz/bert-base-turkish-cased - Validation Top 5 Accuracy: 59.00%
2024-11-01 17:19:27,653 - INFO - Starting epoch 2/5 for dbmdz/bert-base-turkish-cased...
2024-11-01 17:19:29,082 - INFO - Getting embeddings for dbmdz/bert-base-turkish-cased...
2024-11-01 17:19:36,515 - INFO - Embeddings for dbmdz/bert-base-turkish-cased obtained.
2024-11-01 17:19:37,979 - INFO - Getting embeddings for dbmdz/bert-base-turkish-cased...
2024-11-01 17:19:45,306 - INFO - Embeddings for dbmdz/bert-base-turkish-cased obtained.
2024-11-01 17:19:45,345 - INFO - dbmdz/bert-base-turkish-cased - Epoch 2, Batch 1: Training Top 1 Accuracy: 28.88%
2024-11-01 17:19:45,345 - INFO - dbmdz/bert-base-turkish-cased - Epoch 2, Batch 1: Training Top 5 Accuracy: 43.25%
2024-11-01 17:19:47,258 - INFO - Getting embeddings for dbmdz/bert-base-turkish-cased...
2024-11-01 17:19:48,400 - INFO - Embeddings for dbmdz/bert-base-turkish-cased obtained.
2024-11-01 17:19:50,180 - INFO - Getting embeddings for dbmdz/bert-base-turkish-cased...
2024-11-01 17:19:51,156 - INFO - Embeddings for dbmdz/bert-base-turkish-cased obtained.
2024-11-01 17:19:51,174 - INFO - dbmdz/bert-base-turkish-cased - Validation Top 1 Accuracy: 47.00%
2024-11-01 17:19:51,175 - INFO - dbmdz/bert-base-turkish-cased - Validation Top 5 Accuracy: 59.00%
2024-11-01 17:19:51,175 - INFO - Starting epoch 3/5 for dbmdz/bert-base-turkish-cased...
2024-11-01 17:19:53,760 - INFO - Getting embeddings for dbmdz/bert-base-turkish-cased...
2024-11-01 17:20:01,673 - INFO - Embeddings for dbmdz/bert-base-turkish-cased obtained.
2024-11-01 17:20:04,028 - INFO - Getting embeddings for dbmdz/bert-base-turkish-cased...
2024-11-01 17:20:11,239 - INFO - Embeddings for dbmdz/bert-base-turkish-cased obtained.
2024-11-01 17:20:11,301 - INFO - dbmdz/bert-base-turkish-cased - Epoch 3, Batch 1: Training Top 1 Accuracy: 28.88%
2024-11-01 17:20:11,301 - INFO - dbmdz/bert-base-turkish-cased - Epoch 3, Batch 1: Training Top 5 Accuracy: 43.25%
2024-11-01 17:20:12,729 - INFO - Getting embeddings for dbmdz/bert-base-turkish-cased...
2024-11-01 17:20:13,604 - INFO - Embeddings for dbmdz/bert-base-turkish-cased obtained.
2024-11-01 17:20:15,019 - INFO - Getting embeddings for dbmdz/bert-base-turkish-cased...
2024-11-01 17:20:16,026 - INFO - Embeddings for dbmdz/bert-base-turkish-cased obtained.
2024-11-01 17:20:16,062 - INFO - dbmdz/bert-base-turkish-cased - Validation Top 1 Accuracy: 47.00%
2024-11-01 17:20:16,062 - INFO - dbmdz/bert-base-turkish-cased - Validation Top 5 Accuracy: 59.00%
2024-11-01 17:20:16,063 - INFO - Early stopping triggered for dbmdz/bert-base-turkish-cased at epoch 3.
2024-11-01 17:20:18,152 - INFO - Getting embeddings for dbmdz/bert-base-turkish-cased...
2024-11-01 17:20:19,348 - INFO - Embeddings for dbmdz/bert-base-turkish-cased obtained.
2024-11-01 17:20:20,926 - INFO - Getting embeddings for dbmdz/bert-base-turkish-cased...
2024-11-01 17:20:21,835 - INFO - Embeddings for dbmdz/bert-base-turkish-cased obtained.
2024-11-01 17:20:21,864 - INFO - dbmdz/bert-base-turkish-cased - Test Top 1 Accuracy: 52.00%
2024-11-01 17:20:21,865 - INFO - dbmdz/bert-base-turkish-cased - Test Top 5 Accuracy: 65.00%
2024-11-01 17:20:21,866 - INFO - Applying TSNE for dbmdz/bert-base-turkish-cased...
2024-11-01 17:20:25,365 - INFO - TSNE visualization completed for dbmdz/bert-base-turkish-cased.
