2024-10-31 19:37:53,370 - INFO - Reading CSV file...
2024-10-31 19:37:53,397 - INFO - CSV file successfully read.
2024-10-31 19:37:54,804 - INFO - Using device: cuda
2024-10-31 19:37:54,805 - INFO - Processing model: dbmdz/bert-base-turkish-cased
2024-10-31 19:37:59,168 - INFO - Starting epoch 1/3 for dbmdz/bert-base-turkish-cased...
2024-10-31 19:38:00,587 - INFO - Getting embeddings for dbmdz/bert-base-turkish-cased...
2024-10-31 19:38:01,217 - INFO - Embeddings for dbmdz/bert-base-turkish-cased obtained.
2024-10-31 19:38:02,443 - INFO - Getting embeddings for dbmdz/bert-base-turkish-cased...
2024-10-31 19:38:02,901 - INFO - Embeddings for dbmdz/bert-base-turkish-cased obtained.
2024-10-31 19:38:02,909 - INFO - dbmdz/bert-base-turkish-cased - Epoch 1, Batch 1: Training Top 1 Accuracy: 50.00%
2024-10-31 19:38:02,909 - INFO - dbmdz/bert-base-turkish-cased - Epoch 1, Batch 1: Training Top 5 Accuracy: 72.00%
2024-10-31 19:38:04,276 - INFO - Getting embeddings for dbmdz/bert-base-turkish-cased...
2024-10-31 19:38:04,838 - INFO - Embeddings for dbmdz/bert-base-turkish-cased obtained.
2024-10-31 19:38:06,291 - INFO - Getting embeddings for dbmdz/bert-base-turkish-cased...
2024-10-31 19:38:06,884 - INFO - Embeddings for dbmdz/bert-base-turkish-cased obtained.
2024-10-31 19:38:06,892 - INFO - dbmdz/bert-base-turkish-cased - Epoch 1, Batch 2: Training Top 1 Accuracy: 58.00%
2024-10-31 19:38:06,892 - INFO - dbmdz/bert-base-turkish-cased - Epoch 1, Batch 2: Training Top 5 Accuracy: 68.00%
2024-10-31 19:38:08,322 - INFO - Getting embeddings for dbmdz/bert-base-turkish-cased...
2024-10-31 19:38:08,937 - INFO - Embeddings for dbmdz/bert-base-turkish-cased obtained.
2024-10-31 19:38:10,331 - INFO - Getting embeddings for dbmdz/bert-base-turkish-cased...
2024-10-31 19:38:10,882 - INFO - Embeddings for dbmdz/bert-base-turkish-cased obtained.
2024-10-31 19:38:10,889 - INFO - dbmdz/bert-base-turkish-cased - Epoch 1, Batch 3: Training Top 1 Accuracy: 54.00%
2024-10-31 19:38:10,890 - INFO - dbmdz/bert-base-turkish-cased - Epoch 1, Batch 3: Training Top 5 Accuracy: 74.00%
2024-10-31 19:38:12,355 - INFO - Getting embeddings for dbmdz/bert-base-turkish-cased...
2024-10-31 19:38:12,803 - INFO - Embeddings for dbmdz/bert-base-turkish-cased obtained.
2024-10-31 19:38:14,258 - INFO - Getting embeddings for dbmdz/bert-base-turkish-cased...
2024-10-31 19:38:14,896 - INFO - Embeddings for dbmdz/bert-base-turkish-cased obtained.
2024-10-31 19:38:14,903 - INFO - dbmdz/bert-base-turkish-cased - Epoch 1, Batch 4: Training Top 1 Accuracy: 48.00%
2024-10-31 19:38:14,904 - INFO - dbmdz/bert-base-turkish-cased - Epoch 1, Batch 4: Training Top 5 Accuracy: 66.00%
2024-10-31 19:38:16,473 - INFO - Getting embeddings for dbmdz/bert-base-turkish-cased...
2024-10-31 19:38:16,937 - INFO - Embeddings for dbmdz/bert-base-turkish-cased obtained.
2024-10-31 19:38:18,823 - INFO - Getting embeddings for dbmdz/bert-base-turkish-cased...
2024-10-31 19:38:19,411 - INFO - Embeddings for dbmdz/bert-base-turkish-cased obtained.
2024-10-31 19:38:19,418 - INFO - dbmdz/bert-base-turkish-cased - Epoch 1, Batch 5: Training Top 1 Accuracy: 48.00%
2024-10-31 19:38:19,419 - INFO - dbmdz/bert-base-turkish-cased - Epoch 1, Batch 5: Training Top 5 Accuracy: 70.00%
2024-10-31 19:38:21,053 - INFO - Getting embeddings for dbmdz/bert-base-turkish-cased...
2024-10-31 19:38:21,633 - INFO - Embeddings for dbmdz/bert-base-turkish-cased obtained.
2024-10-31 19:38:22,994 - INFO - Getting embeddings for dbmdz/bert-base-turkish-cased...
2024-10-31 19:38:23,598 - INFO - Embeddings for dbmdz/bert-base-turkish-cased obtained.
2024-10-31 19:38:23,606 - INFO - dbmdz/bert-base-turkish-cased - Epoch 1, Batch 6: Training Top 1 Accuracy: 56.00%
2024-10-31 19:38:23,606 - INFO - dbmdz/bert-base-turkish-cased - Epoch 1, Batch 6: Training Top 5 Accuracy: 76.00%
2024-10-31 19:38:25,325 - INFO - Getting embeddings for dbmdz/bert-base-turkish-cased...
2024-10-31 19:38:25,932 - INFO - Embeddings for dbmdz/bert-base-turkish-cased obtained.
2024-10-31 19:38:27,364 - INFO - Getting embeddings for dbmdz/bert-base-turkish-cased...
2024-10-31 19:38:27,860 - INFO - Embeddings for dbmdz/bert-base-turkish-cased obtained.
2024-10-31 19:38:27,868 - INFO - dbmdz/bert-base-turkish-cased - Epoch 1, Batch 7: Training Top 1 Accuracy: 46.00%
2024-10-31 19:38:27,868 - INFO - dbmdz/bert-base-turkish-cased - Epoch 1, Batch 7: Training Top 5 Accuracy: 70.00%
2024-10-31 19:38:29,352 - INFO - Getting embeddings for dbmdz/bert-base-turkish-cased...
2024-10-31 19:38:29,972 - INFO - Embeddings for dbmdz/bert-base-turkish-cased obtained.
2024-10-31 19:38:31,652 - INFO - Getting embeddings for dbmdz/bert-base-turkish-cased...
2024-10-31 19:38:32,149 - INFO - Embeddings for dbmdz/bert-base-turkish-cased obtained.
2024-10-31 19:38:32,156 - INFO - dbmdz/bert-base-turkish-cased - Epoch 1, Batch 8: Training Top 1 Accuracy: 48.00%
2024-10-31 19:38:32,157 - INFO - dbmdz/bert-base-turkish-cased - Epoch 1, Batch 8: Training Top 5 Accuracy: 76.00%
2024-10-31 19:38:33,690 - INFO - Getting embeddings for dbmdz/bert-base-turkish-cased...
2024-10-31 19:38:34,287 - INFO - Embeddings for dbmdz/bert-base-turkish-cased obtained.
2024-10-31 19:38:35,694 - INFO - Getting embeddings for dbmdz/bert-base-turkish-cased...
2024-10-31 19:38:36,282 - INFO - Embeddings for dbmdz/bert-base-turkish-cased obtained.
2024-10-31 19:38:36,289 - INFO - dbmdz/bert-base-turkish-cased - Epoch 1, Batch 9: Training Top 1 Accuracy: 54.00%
2024-10-31 19:38:36,290 - INFO - dbmdz/bert-base-turkish-cased - Epoch 1, Batch 9: Training Top 5 Accuracy: 80.00%
2024-10-31 19:38:37,997 - INFO - Getting embeddings for dbmdz/bert-base-turkish-cased...
2024-10-31 19:38:38,587 - INFO - Embeddings for dbmdz/bert-base-turkish-cased obtained.
2024-10-31 19:38:39,993 - INFO - Getting embeddings for dbmdz/bert-base-turkish-cased...
2024-10-31 19:38:40,565 - INFO - Embeddings for dbmdz/bert-base-turkish-cased obtained.
2024-10-31 19:38:40,573 - INFO - dbmdz/bert-base-turkish-cased - Epoch 1, Batch 10: Training Top 1 Accuracy: 46.00%
2024-10-31 19:38:40,573 - INFO - dbmdz/bert-base-turkish-cased - Epoch 1, Batch 10: Training Top 5 Accuracy: 72.00%
2024-10-31 19:38:41,967 - INFO - Getting embeddings for dbmdz/bert-base-turkish-cased...
2024-10-31 19:38:42,551 - INFO - Embeddings for dbmdz/bert-base-turkish-cased obtained.
2024-10-31 19:38:44,012 - INFO - Getting embeddings for dbmdz/bert-base-turkish-cased...
2024-10-31 19:38:44,740 - INFO - Embeddings for dbmdz/bert-base-turkish-cased obtained.
2024-10-31 19:38:44,747 - INFO - dbmdz/bert-base-turkish-cased - Epoch 1, Batch 11: Training Top 1 Accuracy: 52.00%
2024-10-31 19:38:44,747 - INFO - dbmdz/bert-base-turkish-cased - Epoch 1, Batch 11: Training Top 5 Accuracy: 72.00%
2024-10-31 19:38:46,253 - INFO - Getting embeddings for dbmdz/bert-base-turkish-cased...
2024-10-31 19:38:46,883 - INFO - Embeddings for dbmdz/bert-base-turkish-cased obtained.
2024-10-31 19:38:48,223 - INFO - Getting embeddings for dbmdz/bert-base-turkish-cased...
2024-10-31 19:38:48,788 - INFO - Embeddings for dbmdz/bert-base-turkish-cased obtained.
2024-10-31 19:38:48,795 - INFO - dbmdz/bert-base-turkish-cased - Epoch 1, Batch 12: Training Top 1 Accuracy: 48.00%
2024-10-31 19:38:48,795 - INFO - dbmdz/bert-base-turkish-cased - Epoch 1, Batch 12: Training Top 5 Accuracy: 68.00%
2024-10-31 19:38:50,165 - INFO - Getting embeddings for dbmdz/bert-base-turkish-cased...
2024-10-31 19:38:50,712 - INFO - Embeddings for dbmdz/bert-base-turkish-cased obtained.
2024-10-31 19:38:52,443 - INFO - Getting embeddings for dbmdz/bert-base-turkish-cased...
2024-10-31 19:38:53,106 - INFO - Embeddings for dbmdz/bert-base-turkish-cased obtained.
2024-10-31 19:38:53,113 - INFO - dbmdz/bert-base-turkish-cased - Epoch 1, Batch 13: Training Top 1 Accuracy: 62.00%
2024-10-31 19:38:53,114 - INFO - dbmdz/bert-base-turkish-cased - Epoch 1, Batch 13: Training Top 5 Accuracy: 70.00%
2024-10-31 19:38:54,501 - INFO - Getting embeddings for dbmdz/bert-base-turkish-cased...
2024-10-31 19:38:55,138 - INFO - Embeddings for dbmdz/bert-base-turkish-cased obtained.
2024-10-31 19:38:56,619 - INFO - Getting embeddings for dbmdz/bert-base-turkish-cased...
2024-10-31 19:38:57,256 - INFO - Embeddings for dbmdz/bert-base-turkish-cased obtained.
2024-10-31 19:38:57,263 - INFO - dbmdz/bert-base-turkish-cased - Epoch 1, Batch 14: Training Top 1 Accuracy: 52.00%
2024-10-31 19:38:57,263 - INFO - dbmdz/bert-base-turkish-cased - Epoch 1, Batch 14: Training Top 5 Accuracy: 78.00%
2024-10-31 19:38:58,669 - INFO - Getting embeddings for dbmdz/bert-base-turkish-cased...
2024-10-31 19:38:59,210 - INFO - Embeddings for dbmdz/bert-base-turkish-cased obtained.
2024-10-31 19:39:00,571 - INFO - Getting embeddings for dbmdz/bert-base-turkish-cased...
2024-10-31 19:39:01,226 - INFO - Embeddings for dbmdz/bert-base-turkish-cased obtained.
2024-10-31 19:39:01,235 - INFO - dbmdz/bert-base-turkish-cased - Epoch 1, Batch 15: Training Top 1 Accuracy: 52.00%
2024-10-31 19:39:01,235 - INFO - dbmdz/bert-base-turkish-cased - Epoch 1, Batch 15: Training Top 5 Accuracy: 68.00%
2024-10-31 19:39:02,633 - INFO - Getting embeddings for dbmdz/bert-base-turkish-cased...
2024-10-31 19:39:03,198 - INFO - Embeddings for dbmdz/bert-base-turkish-cased obtained.
2024-10-31 19:39:04,614 - INFO - Getting embeddings for dbmdz/bert-base-turkish-cased...
2024-10-31 19:39:05,400 - INFO - Embeddings for dbmdz/bert-base-turkish-cased obtained.
2024-10-31 19:39:05,409 - INFO - dbmdz/bert-base-turkish-cased - Epoch 1, Batch 16: Training Top 1 Accuracy: 48.00%
2024-10-31 19:39:05,409 - INFO - dbmdz/bert-base-turkish-cased - Epoch 1, Batch 16: Training Top 5 Accuracy: 64.00%
2024-10-31 19:39:06,835 - INFO - Getting embeddings for dbmdz/bert-base-turkish-cased...
2024-10-31 19:39:07,957 - INFO - Embeddings for dbmdz/bert-base-turkish-cased obtained.
2024-10-31 19:39:09,412 - INFO - Getting embeddings for dbmdz/bert-base-turkish-cased...
2024-10-31 19:39:10,574 - INFO - Embeddings for dbmdz/bert-base-turkish-cased obtained.
2024-10-31 19:39:10,591 - INFO - dbmdz/bert-base-turkish-cased - Epoch 1: Validation Top 1 Accuracy: 47.00%
2024-10-31 19:39:10,591 - INFO - dbmdz/bert-base-turkish-cased - Epoch 1: Validation Top 5 Accuracy: 58.00%
2024-10-31 19:39:10,591 - INFO - dbmdz/bert-base-turkish-cased - Epoch 1: Model improved, saving model...
2024-10-31 19:39:10,591 - INFO - Starting epoch 2/3 for dbmdz/bert-base-turkish-cased...
2024-10-31 19:39:12,004 - INFO - Getting embeddings for dbmdz/bert-base-turkish-cased...
2024-10-31 19:39:12,556 - INFO - Embeddings for dbmdz/bert-base-turkish-cased obtained.
2024-10-31 19:39:14,089 - INFO - Getting embeddings for dbmdz/bert-base-turkish-cased...
2024-10-31 19:39:14,813 - INFO - Embeddings for dbmdz/bert-base-turkish-cased obtained.
2024-10-31 19:39:14,820 - INFO - dbmdz/bert-base-turkish-cased - Epoch 2, Batch 1: Training Top 1 Accuracy: 46.00%
2024-10-31 19:39:14,821 - INFO - dbmdz/bert-base-turkish-cased - Epoch 2, Batch 1: Training Top 5 Accuracy: 70.00%
2024-10-31 19:39:16,299 - INFO - Getting embeddings for dbmdz/bert-base-turkish-cased...
2024-10-31 19:39:16,812 - INFO - Embeddings for dbmdz/bert-base-turkish-cased obtained.
2024-10-31 19:39:18,225 - INFO - Getting embeddings for dbmdz/bert-base-turkish-cased...
2024-10-31 19:39:18,792 - INFO - Embeddings for dbmdz/bert-base-turkish-cased obtained.
2024-10-31 19:39:18,800 - INFO - dbmdz/bert-base-turkish-cased - Epoch 2, Batch 2: Training Top 1 Accuracy: 32.00%
2024-10-31 19:39:18,800 - INFO - dbmdz/bert-base-turkish-cased - Epoch 2, Batch 2: Training Top 5 Accuracy: 62.00%
2024-10-31 19:39:20,271 - INFO - Getting embeddings for dbmdz/bert-base-turkish-cased...
2024-10-31 19:39:20,899 - INFO - Embeddings for dbmdz/bert-base-turkish-cased obtained.
2024-10-31 19:39:22,364 - INFO - Getting embeddings for dbmdz/bert-base-turkish-cased...
2024-10-31 19:39:22,957 - INFO - Embeddings for dbmdz/bert-base-turkish-cased obtained.
2024-10-31 19:39:22,965 - INFO - dbmdz/bert-base-turkish-cased - Epoch 2, Batch 3: Training Top 1 Accuracy: 48.00%
2024-10-31 19:39:22,966 - INFO - dbmdz/bert-base-turkish-cased - Epoch 2, Batch 3: Training Top 5 Accuracy: 68.00%
2024-10-31 19:39:24,297 - INFO - Getting embeddings for dbmdz/bert-base-turkish-cased...
2024-10-31 19:39:24,870 - INFO - Embeddings for dbmdz/bert-base-turkish-cased obtained.
2024-10-31 19:39:26,272 - INFO - Getting embeddings for dbmdz/bert-base-turkish-cased...
2024-10-31 19:39:26,991 - INFO - Embeddings for dbmdz/bert-base-turkish-cased obtained.
2024-10-31 19:39:26,999 - INFO - dbmdz/bert-base-turkish-cased - Epoch 2, Batch 4: Training Top 1 Accuracy: 50.00%
2024-10-31 19:39:27,000 - INFO - dbmdz/bert-base-turkish-cased - Epoch 2, Batch 4: Training Top 5 Accuracy: 68.00%
2024-10-31 19:39:28,277 - INFO - Getting embeddings for dbmdz/bert-base-turkish-cased...
2024-10-31 19:39:28,822 - INFO - Embeddings for dbmdz/bert-base-turkish-cased obtained.
2024-10-31 19:39:30,214 - INFO - Getting embeddings for dbmdz/bert-base-turkish-cased...
2024-10-31 19:39:30,865 - INFO - Embeddings for dbmdz/bert-base-turkish-cased obtained.
2024-10-31 19:39:30,873 - INFO - dbmdz/bert-base-turkish-cased - Epoch 2, Batch 5: Training Top 1 Accuracy: 54.00%
2024-10-31 19:39:30,873 - INFO - dbmdz/bert-base-turkish-cased - Epoch 2, Batch 5: Training Top 5 Accuracy: 70.00%
2024-10-31 19:39:32,399 - INFO - Getting embeddings for dbmdz/bert-base-turkish-cased...
2024-10-31 19:39:33,120 - INFO - Embeddings for dbmdz/bert-base-turkish-cased obtained.
2024-10-31 19:39:34,668 - INFO - Getting embeddings for dbmdz/bert-base-turkish-cased...
2024-10-31 19:39:35,244 - INFO - Embeddings for dbmdz/bert-base-turkish-cased obtained.
2024-10-31 19:39:35,252 - INFO - dbmdz/bert-base-turkish-cased - Epoch 2, Batch 6: Training Top 1 Accuracy: 44.00%
2024-10-31 19:39:35,252 - INFO - dbmdz/bert-base-turkish-cased - Epoch 2, Batch 6: Training Top 5 Accuracy: 72.00%
2024-10-31 19:39:36,642 - INFO - Getting embeddings for dbmdz/bert-base-turkish-cased...
2024-10-31 19:39:37,178 - INFO - Embeddings for dbmdz/bert-base-turkish-cased obtained.
2024-10-31 19:39:39,542 - INFO - Getting embeddings for dbmdz/bert-base-turkish-cased...
2024-10-31 19:39:40,198 - INFO - Embeddings for dbmdz/bert-base-turkish-cased obtained.
2024-10-31 19:39:40,218 - INFO - dbmdz/bert-base-turkish-cased - Epoch 2, Batch 7: Training Top 1 Accuracy: 50.00%
2024-10-31 19:39:40,218 - INFO - dbmdz/bert-base-turkish-cased - Epoch 2, Batch 7: Training Top 5 Accuracy: 68.00%
2024-10-31 19:39:41,770 - INFO - Getting embeddings for dbmdz/bert-base-turkish-cased...
2024-10-31 19:39:42,277 - INFO - Embeddings for dbmdz/bert-base-turkish-cased obtained.
2024-10-31 19:39:43,722 - INFO - Getting embeddings for dbmdz/bert-base-turkish-cased...
2024-10-31 19:39:44,411 - INFO - Embeddings for dbmdz/bert-base-turkish-cased obtained.
2024-10-31 19:39:44,419 - INFO - dbmdz/bert-base-turkish-cased - Epoch 2, Batch 8: Training Top 1 Accuracy: 54.00%
2024-10-31 19:39:44,419 - INFO - dbmdz/bert-base-turkish-cased - Epoch 2, Batch 8: Training Top 5 Accuracy: 68.00%
2024-10-31 19:39:45,814 - INFO - Getting embeddings for dbmdz/bert-base-turkish-cased...
2024-10-31 19:39:46,350 - INFO - Embeddings for dbmdz/bert-base-turkish-cased obtained.
2024-10-31 19:39:47,914 - INFO - Getting embeddings for dbmdz/bert-base-turkish-cased...
2024-10-31 19:39:48,482 - INFO - Embeddings for dbmdz/bert-base-turkish-cased obtained.
2024-10-31 19:39:48,490 - INFO - dbmdz/bert-base-turkish-cased - Epoch 2, Batch 9: Training Top 1 Accuracy: 64.00%
2024-10-31 19:39:48,490 - INFO - dbmdz/bert-base-turkish-cased - Epoch 2, Batch 9: Training Top 5 Accuracy: 74.00%
2024-10-31 19:39:49,876 - INFO - Getting embeddings for dbmdz/bert-base-turkish-cased...
2024-10-31 19:39:50,604 - INFO - Embeddings for dbmdz/bert-base-turkish-cased obtained.
2024-10-31 19:39:51,983 - INFO - Getting embeddings for dbmdz/bert-base-turkish-cased...
2024-10-31 19:39:52,569 - INFO - Embeddings for dbmdz/bert-base-turkish-cased obtained.
2024-10-31 19:39:52,577 - INFO - dbmdz/bert-base-turkish-cased - Epoch 2, Batch 10: Training Top 1 Accuracy: 54.00%
2024-10-31 19:39:52,577 - INFO - dbmdz/bert-base-turkish-cased - Epoch 2, Batch 10: Training Top 5 Accuracy: 68.00%
2024-10-31 19:39:53,972 - INFO - Getting embeddings for dbmdz/bert-base-turkish-cased...
2024-10-31 19:39:54,607 - INFO - Embeddings for dbmdz/bert-base-turkish-cased obtained.
2024-10-31 19:39:56,212 - INFO - Getting embeddings for dbmdz/bert-base-turkish-cased...
2024-10-31 19:39:56,900 - INFO - Embeddings for dbmdz/bert-base-turkish-cased obtained.
2024-10-31 19:39:56,908 - INFO - dbmdz/bert-base-turkish-cased - Epoch 2, Batch 11: Training Top 1 Accuracy: 60.00%
2024-10-31 19:39:56,908 - INFO - dbmdz/bert-base-turkish-cased - Epoch 2, Batch 11: Training Top 5 Accuracy: 74.00%
2024-10-31 19:39:58,268 - INFO - Getting embeddings for dbmdz/bert-base-turkish-cased...
2024-10-31 19:39:58,830 - INFO - Embeddings for dbmdz/bert-base-turkish-cased obtained.
2024-10-31 19:40:00,182 - INFO - Getting embeddings for dbmdz/bert-base-turkish-cased...
2024-10-31 19:40:00,876 - INFO - Embeddings for dbmdz/bert-base-turkish-cased obtained.
2024-10-31 19:40:00,884 - INFO - dbmdz/bert-base-turkish-cased - Epoch 2, Batch 12: Training Top 1 Accuracy: 50.00%
2024-10-31 19:40:00,884 - INFO - dbmdz/bert-base-turkish-cased - Epoch 2, Batch 12: Training Top 5 Accuracy: 68.00%
2024-10-31 19:40:02,628 - INFO - Getting embeddings for dbmdz/bert-base-turkish-cased...
2024-10-31 19:40:03,308 - INFO - Embeddings for dbmdz/bert-base-turkish-cased obtained.
2024-10-31 19:40:04,722 - INFO - Getting embeddings for dbmdz/bert-base-turkish-cased...
2024-10-31 19:40:05,485 - INFO - Embeddings for dbmdz/bert-base-turkish-cased obtained.
2024-10-31 19:40:05,493 - INFO - dbmdz/bert-base-turkish-cased - Epoch 2, Batch 13: Training Top 1 Accuracy: 52.00%
2024-10-31 19:40:05,493 - INFO - dbmdz/bert-base-turkish-cased - Epoch 2, Batch 13: Training Top 5 Accuracy: 72.00%
2024-10-31 19:40:06,892 - INFO - Getting embeddings for dbmdz/bert-base-turkish-cased...
2024-10-31 19:40:07,412 - INFO - Embeddings for dbmdz/bert-base-turkish-cased obtained.
2024-10-31 19:40:08,756 - INFO - Getting embeddings for dbmdz/bert-base-turkish-cased...
2024-10-31 19:40:09,328 - INFO - Embeddings for dbmdz/bert-base-turkish-cased obtained.
2024-10-31 19:40:09,336 - INFO - dbmdz/bert-base-turkish-cased - Epoch 2, Batch 14: Training Top 1 Accuracy: 64.00%
2024-10-31 19:40:09,336 - INFO - dbmdz/bert-base-turkish-cased - Epoch 2, Batch 14: Training Top 5 Accuracy: 80.00%
2024-10-31 19:40:10,771 - INFO - Getting embeddings for dbmdz/bert-base-turkish-cased...
2024-10-31 19:40:11,367 - INFO - Embeddings for dbmdz/bert-base-turkish-cased obtained.
2024-10-31 19:40:12,791 - INFO - Getting embeddings for dbmdz/bert-base-turkish-cased...
2024-10-31 19:40:13,434 - INFO - Embeddings for dbmdz/bert-base-turkish-cased obtained.
2024-10-31 19:40:13,441 - INFO - dbmdz/bert-base-turkish-cased - Epoch 2, Batch 15: Training Top 1 Accuracy: 58.00%
2024-10-31 19:40:13,442 - INFO - dbmdz/bert-base-turkish-cased - Epoch 2, Batch 15: Training Top 5 Accuracy: 74.00%
2024-10-31 19:40:14,856 - INFO - Getting embeddings for dbmdz/bert-base-turkish-cased...
2024-10-31 19:40:15,506 - INFO - Embeddings for dbmdz/bert-base-turkish-cased obtained.
2024-10-31 19:40:16,897 - INFO - Getting embeddings for dbmdz/bert-base-turkish-cased...
2024-10-31 19:40:17,544 - INFO - Embeddings for dbmdz/bert-base-turkish-cased obtained.
2024-10-31 19:40:17,552 - INFO - dbmdz/bert-base-turkish-cased - Epoch 2, Batch 16: Training Top 1 Accuracy: 48.00%
2024-10-31 19:40:17,552 - INFO - dbmdz/bert-base-turkish-cased - Epoch 2, Batch 16: Training Top 5 Accuracy: 76.00%
2024-10-31 19:40:18,921 - INFO - Getting embeddings for dbmdz/bert-base-turkish-cased...
2024-10-31 19:40:19,931 - INFO - Embeddings for dbmdz/bert-base-turkish-cased obtained.
2024-10-31 19:40:21,314 - INFO - Getting embeddings for dbmdz/bert-base-turkish-cased...
2024-10-31 19:40:22,459 - INFO - Embeddings for dbmdz/bert-base-turkish-cased obtained.
2024-10-31 19:40:22,475 - INFO - dbmdz/bert-base-turkish-cased - Epoch 2: Validation Top 1 Accuracy: 47.00%
2024-10-31 19:40:22,475 - INFO - dbmdz/bert-base-turkish-cased - Epoch 2: Validation Top 5 Accuracy: 58.00%
2024-10-31 19:40:22,475 - INFO - Starting epoch 3/3 for dbmdz/bert-base-turkish-cased...
2024-10-31 19:40:23,909 - INFO - Getting embeddings for dbmdz/bert-base-turkish-cased...
2024-10-31 19:40:24,419 - INFO - Embeddings for dbmdz/bert-base-turkish-cased obtained.
2024-10-31 19:40:25,779 - INFO - Getting embeddings for dbmdz/bert-base-turkish-cased...
2024-10-31 19:40:26,474 - INFO - Embeddings for dbmdz/bert-base-turkish-cased obtained.
2024-10-31 19:40:26,483 - INFO - dbmdz/bert-base-turkish-cased - Epoch 3, Batch 1: Training Top 1 Accuracy: 58.00%
2024-10-31 19:40:26,483 - INFO - dbmdz/bert-base-turkish-cased - Epoch 3, Batch 1: Training Top 5 Accuracy: 84.00%
2024-10-31 19:40:27,877 - INFO - Getting embeddings for dbmdz/bert-base-turkish-cased...
2024-10-31 19:40:28,344 - INFO - Embeddings for dbmdz/bert-base-turkish-cased obtained.
2024-10-31 19:40:30,043 - INFO - Getting embeddings for dbmdz/bert-base-turkish-cased...
2024-10-31 19:40:30,721 - INFO - Embeddings for dbmdz/bert-base-turkish-cased obtained.
2024-10-31 19:40:30,729 - INFO - dbmdz/bert-base-turkish-cased - Epoch 3, Batch 2: Training Top 1 Accuracy: 56.00%
2024-10-31 19:40:30,729 - INFO - dbmdz/bert-base-turkish-cased - Epoch 3, Batch 2: Training Top 5 Accuracy: 74.00%
2024-10-31 19:40:32,121 - INFO - Getting embeddings for dbmdz/bert-base-turkish-cased...
2024-10-31 19:40:32,627 - INFO - Embeddings for dbmdz/bert-base-turkish-cased obtained.
2024-10-31 19:40:33,988 - INFO - Getting embeddings for dbmdz/bert-base-turkish-cased...
2024-10-31 19:40:34,685 - INFO - Embeddings for dbmdz/bert-base-turkish-cased obtained.
2024-10-31 19:40:34,693 - INFO - dbmdz/bert-base-turkish-cased - Epoch 3, Batch 3: Training Top 1 Accuracy: 46.00%
2024-10-31 19:40:34,693 - INFO - dbmdz/bert-base-turkish-cased - Epoch 3, Batch 3: Training Top 5 Accuracy: 68.00%
2024-10-31 19:40:36,088 - INFO - Getting embeddings for dbmdz/bert-base-turkish-cased...
2024-10-31 19:40:36,699 - INFO - Embeddings for dbmdz/bert-base-turkish-cased obtained.
2024-10-31 19:40:38,094 - INFO - Getting embeddings for dbmdz/bert-base-turkish-cased...
2024-10-31 19:40:38,627 - INFO - Embeddings for dbmdz/bert-base-turkish-cased obtained.
2024-10-31 19:40:38,635 - INFO - dbmdz/bert-base-turkish-cased - Epoch 3, Batch 4: Training Top 1 Accuracy: 52.00%
2024-10-31 19:40:38,635 - INFO - dbmdz/bert-base-turkish-cased - Epoch 3, Batch 4: Training Top 5 Accuracy: 72.00%
2024-10-31 19:40:40,187 - INFO - Getting embeddings for dbmdz/bert-base-turkish-cased...
2024-10-31 19:40:40,892 - INFO - Embeddings for dbmdz/bert-base-turkish-cased obtained.
2024-10-31 19:40:42,305 - INFO - Getting embeddings for dbmdz/bert-base-turkish-cased...
2024-10-31 19:40:42,925 - INFO - Embeddings for dbmdz/bert-base-turkish-cased obtained.
2024-10-31 19:40:42,933 - INFO - dbmdz/bert-base-turkish-cased - Epoch 3, Batch 5: Training Top 1 Accuracy: 44.00%
2024-10-31 19:40:42,933 - INFO - dbmdz/bert-base-turkish-cased - Epoch 3, Batch 5: Training Top 5 Accuracy: 70.00%
2024-10-31 19:40:44,356 - INFO - Getting embeddings for dbmdz/bert-base-turkish-cased...
2024-10-31 19:40:44,968 - INFO - Embeddings for dbmdz/bert-base-turkish-cased obtained.
2024-10-31 19:40:46,301 - INFO - Getting embeddings for dbmdz/bert-base-turkish-cased...
2024-10-31 19:40:46,854 - INFO - Embeddings for dbmdz/bert-base-turkish-cased obtained.
2024-10-31 19:40:46,862 - INFO - dbmdz/bert-base-turkish-cased - Epoch 3, Batch 6: Training Top 1 Accuracy: 52.00%
2024-10-31 19:40:46,863 - INFO - dbmdz/bert-base-turkish-cased - Epoch 3, Batch 6: Training Top 5 Accuracy: 74.00%
2024-10-31 19:40:48,329 - INFO - Getting embeddings for dbmdz/bert-base-turkish-cased...
2024-10-31 19:40:48,979 - INFO - Embeddings for dbmdz/bert-base-turkish-cased obtained.
2024-10-31 19:40:50,379 - INFO - Getting embeddings for dbmdz/bert-base-turkish-cased...
2024-10-31 19:40:51,045 - INFO - Embeddings for dbmdz/bert-base-turkish-cased obtained.
2024-10-31 19:40:51,052 - INFO - dbmdz/bert-base-turkish-cased - Epoch 3, Batch 7: Training Top 1 Accuracy: 46.00%
2024-10-31 19:40:51,052 - INFO - dbmdz/bert-base-turkish-cased - Epoch 3, Batch 7: Training Top 5 Accuracy: 74.00%
2024-10-31 19:40:52,496 - INFO - Getting embeddings for dbmdz/bert-base-turkish-cased...
2024-10-31 19:40:53,064 - INFO - Embeddings for dbmdz/bert-base-turkish-cased obtained.
2024-10-31 19:40:54,457 - INFO - Getting embeddings for dbmdz/bert-base-turkish-cased...
2024-10-31 19:40:55,016 - INFO - Embeddings for dbmdz/bert-base-turkish-cased obtained.
2024-10-31 19:40:55,024 - INFO - dbmdz/bert-base-turkish-cased - Epoch 3, Batch 8: Training Top 1 Accuracy: 50.00%
2024-10-31 19:40:55,024 - INFO - dbmdz/bert-base-turkish-cased - Epoch 3, Batch 8: Training Top 5 Accuracy: 72.00%
2024-10-31 19:40:56,515 - INFO - Getting embeddings for dbmdz/bert-base-turkish-cased...
2024-10-31 19:40:57,150 - INFO - Embeddings for dbmdz/bert-base-turkish-cased obtained.
2024-10-31 19:40:58,541 - INFO - Getting embeddings for dbmdz/bert-base-turkish-cased...
2024-10-31 19:40:59,148 - INFO - Embeddings for dbmdz/bert-base-turkish-cased obtained.
2024-10-31 19:40:59,156 - INFO - dbmdz/bert-base-turkish-cased - Epoch 3, Batch 9: Training Top 1 Accuracy: 54.00%
2024-10-31 19:40:59,156 - INFO - dbmdz/bert-base-turkish-cased - Epoch 3, Batch 9: Training Top 5 Accuracy: 68.00%
2024-10-31 19:41:00,588 - INFO - Getting embeddings for dbmdz/bert-base-turkish-cased...
2024-10-31 19:41:01,228 - INFO - Embeddings for dbmdz/bert-base-turkish-cased obtained.
2024-10-31 19:41:02,556 - INFO - Getting embeddings for dbmdz/bert-base-turkish-cased...
2024-10-31 19:41:03,066 - INFO - Embeddings for dbmdz/bert-base-turkish-cased obtained.
2024-10-31 19:41:03,075 - INFO - dbmdz/bert-base-turkish-cased - Epoch 3, Batch 10: Training Top 1 Accuracy: 52.00%
2024-10-31 19:41:03,075 - INFO - dbmdz/bert-base-turkish-cased - Epoch 3, Batch 10: Training Top 5 Accuracy: 72.00%
2024-10-31 19:41:04,443 - INFO - Getting embeddings for dbmdz/bert-base-turkish-cased...
2024-10-31 19:41:04,935 - INFO - Embeddings for dbmdz/bert-base-turkish-cased obtained.
2024-10-31 19:41:06,318 - INFO - Getting embeddings for dbmdz/bert-base-turkish-cased...
2024-10-31 19:41:07,083 - INFO - Embeddings for dbmdz/bert-base-turkish-cased obtained.
2024-10-31 19:41:07,092 - INFO - dbmdz/bert-base-turkish-cased - Epoch 3, Batch 11: Training Top 1 Accuracy: 66.00%
2024-10-31 19:41:07,092 - INFO - dbmdz/bert-base-turkish-cased - Epoch 3, Batch 11: Training Top 5 Accuracy: 78.00%
2024-10-31 19:41:08,450 - INFO - Getting embeddings for dbmdz/bert-base-turkish-cased...
2024-10-31 19:41:08,959 - INFO - Embeddings for dbmdz/bert-base-turkish-cased obtained.
2024-10-31 19:41:10,461 - INFO - Getting embeddings for dbmdz/bert-base-turkish-cased...
2024-10-31 19:41:11,004 - INFO - Embeddings for dbmdz/bert-base-turkish-cased obtained.
2024-10-31 19:41:11,017 - INFO - dbmdz/bert-base-turkish-cased - Epoch 3, Batch 12: Training Top 1 Accuracy: 46.00%
2024-10-31 19:41:11,018 - INFO - dbmdz/bert-base-turkish-cased - Epoch 3, Batch 12: Training Top 5 Accuracy: 66.00%
2024-10-31 19:41:12,600 - INFO - Getting embeddings for dbmdz/bert-base-turkish-cased...
2024-10-31 19:41:13,283 - INFO - Embeddings for dbmdz/bert-base-turkish-cased obtained.
2024-10-31 19:41:14,660 - INFO - Getting embeddings for dbmdz/bert-base-turkish-cased...
2024-10-31 19:41:15,142 - INFO - Embeddings for dbmdz/bert-base-turkish-cased obtained.
2024-10-31 19:41:15,150 - INFO - dbmdz/bert-base-turkish-cased - Epoch 3, Batch 13: Training Top 1 Accuracy: 60.00%
2024-10-31 19:41:15,150 - INFO - dbmdz/bert-base-turkish-cased - Epoch 3, Batch 13: Training Top 5 Accuracy: 70.00%
2024-10-31 19:41:16,602 - INFO - Getting embeddings for dbmdz/bert-base-turkish-cased...
2024-10-31 19:41:17,082 - INFO - Embeddings for dbmdz/bert-base-turkish-cased obtained.
2024-10-31 19:41:18,497 - INFO - Getting embeddings for dbmdz/bert-base-turkish-cased...
2024-10-31 19:41:19,127 - INFO - Embeddings for dbmdz/bert-base-turkish-cased obtained.
2024-10-31 19:41:19,135 - INFO - dbmdz/bert-base-turkish-cased - Epoch 3, Batch 14: Training Top 1 Accuracy: 46.00%
2024-10-31 19:41:19,135 - INFO - dbmdz/bert-base-turkish-cased - Epoch 3, Batch 14: Training Top 5 Accuracy: 68.00%
2024-10-31 19:41:20,458 - INFO - Getting embeddings for dbmdz/bert-base-turkish-cased...
2024-10-31 19:41:20,980 - INFO - Embeddings for dbmdz/bert-base-turkish-cased obtained.
2024-10-31 19:41:22,427 - INFO - Getting embeddings for dbmdz/bert-base-turkish-cased...
2024-10-31 19:41:23,152 - INFO - Embeddings for dbmdz/bert-base-turkish-cased obtained.
2024-10-31 19:41:23,160 - INFO - dbmdz/bert-base-turkish-cased - Epoch 3, Batch 15: Training Top 1 Accuracy: 58.00%
2024-10-31 19:41:23,160 - INFO - dbmdz/bert-base-turkish-cased - Epoch 3, Batch 15: Training Top 5 Accuracy: 76.00%
2024-10-31 19:41:24,553 - INFO - Getting embeddings for dbmdz/bert-base-turkish-cased...
2024-10-31 19:41:25,192 - INFO - Embeddings for dbmdz/bert-base-turkish-cased obtained.
2024-10-31 19:41:26,581 - INFO - Getting embeddings for dbmdz/bert-base-turkish-cased...
2024-10-31 19:41:27,169 - INFO - Embeddings for dbmdz/bert-base-turkish-cased obtained.
2024-10-31 19:41:27,177 - INFO - dbmdz/bert-base-turkish-cased - Epoch 3, Batch 16: Training Top 1 Accuracy: 44.00%
2024-10-31 19:41:27,178 - INFO - dbmdz/bert-base-turkish-cased - Epoch 3, Batch 16: Training Top 5 Accuracy: 58.00%
2024-10-31 19:41:28,589 - INFO - Getting embeddings for dbmdz/bert-base-turkish-cased...
2024-10-31 19:41:29,912 - INFO - Embeddings for dbmdz/bert-base-turkish-cased obtained.
2024-10-31 19:41:31,404 - INFO - Getting embeddings for dbmdz/bert-base-turkish-cased...
2024-10-31 19:41:32,710 - INFO - Embeddings for dbmdz/bert-base-turkish-cased obtained.
2024-10-31 19:41:32,726 - INFO - dbmdz/bert-base-turkish-cased - Epoch 3: Validation Top 1 Accuracy: 47.00%
2024-10-31 19:41:32,726 - INFO - dbmdz/bert-base-turkish-cased - Epoch 3: Validation Top 5 Accuracy: 58.00%
2024-10-31 19:41:32,726 - INFO - dbmdz/bert-base-turkish-cased - Early stopping after 3 epochs.
2024-10-31 19:41:32,726 - INFO - Evaluating model on test set: dbmdz/bert-base-turkish-cased
2024-10-31 19:41:34,050 - INFO - Getting embeddings for dbmdz/bert-base-turkish-cased...
2024-10-31 19:41:35,192 - INFO - Embeddings for dbmdz/bert-base-turkish-cased obtained.
2024-10-31 19:41:36,619 - INFO - Getting embeddings for dbmdz/bert-base-turkish-cased...
2024-10-31 19:41:37,832 - INFO - Embeddings for dbmdz/bert-base-turkish-cased obtained.
2024-10-31 19:41:37,847 - INFO - dbmdz/bert-base-turkish-cased - Test Top 1 Accuracy: 51.00%
2024-10-31 19:41:37,847 - INFO - dbmdz/bert-base-turkish-cased - Test Top 5 Accuracy: 65.00%
