2024-10-31 19:53:55,903 - INFO - Reading CSV file...
2024-10-31 19:53:55,914 - INFO - CSV file successfully read.
2024-10-31 19:53:57,108 - INFO - Using device: cuda
2024-10-31 19:53:57,108 - INFO - Processing model: dbmdz/bert-base-turkish-cased
2024-10-31 19:54:01,322 - INFO - Starting epoch 1/1 for dbmdz/bert-base-turkish-cased...
2024-10-31 19:54:02,881 - INFO - Getting embeddings for dbmdz/bert-base-turkish-cased...
2024-10-31 19:54:03,085 - INFO - Embeddings for dbmdz/bert-base-turkish-cased obtained.
2024-10-31 19:54:04,543 - INFO - Getting embeddings for dbmdz/bert-base-turkish-cased...
2024-10-31 19:54:04,596 - INFO - Embeddings for dbmdz/bert-base-turkish-cased obtained.
2024-10-31 19:54:04,603 - INFO - dbmdz/bert-base-turkish-cased - Epoch 1, Batch 1: Training Top 1 Accuracy: 80.00%
2024-10-31 19:54:04,603 - INFO - dbmdz/bert-base-turkish-cased - Epoch 1, Batch 1: Training Top 5 Accuracy: 100.00%
2024-10-31 19:54:06,051 - INFO - Getting embeddings for dbmdz/bert-base-turkish-cased...
2024-10-31 19:54:06,121 - INFO - Embeddings for dbmdz/bert-base-turkish-cased obtained.
2024-10-31 19:54:07,543 - INFO - Getting embeddings for dbmdz/bert-base-turkish-cased...
2024-10-31 19:54:07,639 - INFO - Embeddings for dbmdz/bert-base-turkish-cased obtained.
2024-10-31 19:54:07,646 - INFO - dbmdz/bert-base-turkish-cased - Epoch 1, Batch 2: Training Top 1 Accuracy: 80.00%
2024-10-31 19:54:07,647 - INFO - dbmdz/bert-base-turkish-cased - Epoch 1, Batch 2: Training Top 5 Accuracy: 100.00%
2024-10-31 19:54:09,048 - INFO - Getting embeddings for dbmdz/bert-base-turkish-cased...
2024-10-31 19:54:09,101 - INFO - Embeddings for dbmdz/bert-base-turkish-cased obtained.
2024-10-31 19:54:10,593 - INFO - Getting embeddings for dbmdz/bert-base-turkish-cased...
2024-10-31 19:54:10,690 - INFO - Embeddings for dbmdz/bert-base-turkish-cased obtained.
2024-10-31 19:54:10,697 - INFO - dbmdz/bert-base-turkish-cased - Epoch 1, Batch 3: Training Top 1 Accuracy: 60.00%
2024-10-31 19:54:10,697 - INFO - dbmdz/bert-base-turkish-cased - Epoch 1, Batch 3: Training Top 5 Accuracy: 100.00%
2024-10-31 19:54:12,107 - INFO - Getting embeddings for dbmdz/bert-base-turkish-cased...
2024-10-31 19:54:12,187 - INFO - Embeddings for dbmdz/bert-base-turkish-cased obtained.
2024-10-31 19:54:13,617 - INFO - Getting embeddings for dbmdz/bert-base-turkish-cased...
2024-10-31 19:54:13,736 - INFO - Embeddings for dbmdz/bert-base-turkish-cased obtained.
2024-10-31 19:54:13,746 - INFO - dbmdz/bert-base-turkish-cased - Epoch 1, Batch 4: Training Top 1 Accuracy: 40.00%
2024-10-31 19:54:13,746 - INFO - dbmdz/bert-base-turkish-cased - Epoch 1, Batch 4: Training Top 5 Accuracy: 100.00%
2024-10-31 19:54:15,313 - INFO - Getting embeddings for dbmdz/bert-base-turkish-cased...
2024-10-31 19:54:15,382 - INFO - Embeddings for dbmdz/bert-base-turkish-cased obtained.
2024-10-31 19:54:16,856 - INFO - Getting embeddings for dbmdz/bert-base-turkish-cased...
2024-10-31 19:54:16,905 - INFO - Embeddings for dbmdz/bert-base-turkish-cased obtained.
2024-10-31 19:54:16,911 - INFO - dbmdz/bert-base-turkish-cased - Epoch 1, Batch 5: Training Top 1 Accuracy: 60.00%
2024-10-31 19:54:16,911 - INFO - dbmdz/bert-base-turkish-cased - Epoch 1, Batch 5: Training Top 5 Accuracy: 100.00%
2024-10-31 19:54:18,496 - INFO - Getting embeddings for dbmdz/bert-base-turkish-cased...
2024-10-31 19:54:18,573 - INFO - Embeddings for dbmdz/bert-base-turkish-cased obtained.
2024-10-31 19:54:20,031 - INFO - Getting embeddings for dbmdz/bert-base-turkish-cased...
2024-10-31 19:54:20,122 - INFO - Embeddings for dbmdz/bert-base-turkish-cased obtained.
2024-10-31 19:54:20,128 - INFO - dbmdz/bert-base-turkish-cased - Epoch 1, Batch 6: Training Top 1 Accuracy: 60.00%
2024-10-31 19:54:20,128 - INFO - dbmdz/bert-base-turkish-cased - Epoch 1, Batch 6: Training Top 5 Accuracy: 100.00%
2024-10-31 19:54:21,719 - INFO - Getting embeddings for dbmdz/bert-base-turkish-cased...
2024-10-31 19:54:21,804 - INFO - Embeddings for dbmdz/bert-base-turkish-cased obtained.
2024-10-31 19:54:23,425 - INFO - Getting embeddings for dbmdz/bert-base-turkish-cased...
2024-10-31 19:54:23,509 - INFO - Embeddings for dbmdz/bert-base-turkish-cased obtained.
2024-10-31 19:54:23,516 - INFO - dbmdz/bert-base-turkish-cased - Epoch 1, Batch 7: Training Top 1 Accuracy: 40.00%
2024-10-31 19:54:23,516 - INFO - dbmdz/bert-base-turkish-cased - Epoch 1, Batch 7: Training Top 5 Accuracy: 100.00%
2024-10-31 19:54:25,279 - INFO - Getting embeddings for dbmdz/bert-base-turkish-cased...
2024-10-31 19:54:25,361 - INFO - Embeddings for dbmdz/bert-base-turkish-cased obtained.
2024-10-31 19:54:26,854 - INFO - Getting embeddings for dbmdz/bert-base-turkish-cased...
2024-10-31 19:54:26,940 - INFO - Embeddings for dbmdz/bert-base-turkish-cased obtained.
2024-10-31 19:54:26,946 - INFO - dbmdz/bert-base-turkish-cased - Epoch 1, Batch 8: Training Top 1 Accuracy: 60.00%
2024-10-31 19:54:26,946 - INFO - dbmdz/bert-base-turkish-cased - Epoch 1, Batch 8: Training Top 5 Accuracy: 100.00%
2024-10-31 19:54:28,347 - INFO - Getting embeddings for dbmdz/bert-base-turkish-cased...
2024-10-31 19:54:28,418 - INFO - Embeddings for dbmdz/bert-base-turkish-cased obtained.
2024-10-31 19:54:30,102 - INFO - Getting embeddings for dbmdz/bert-base-turkish-cased...
2024-10-31 19:54:30,177 - INFO - Embeddings for dbmdz/bert-base-turkish-cased obtained.
2024-10-31 19:54:30,195 - INFO - dbmdz/bert-base-turkish-cased - Epoch 1, Batch 9: Training Top 1 Accuracy: 80.00%
2024-10-31 19:54:30,196 - INFO - dbmdz/bert-base-turkish-cased - Epoch 1, Batch 9: Training Top 5 Accuracy: 100.00%
2024-10-31 19:54:31,908 - INFO - Getting embeddings for dbmdz/bert-base-turkish-cased...
2024-10-31 19:54:31,988 - INFO - Embeddings for dbmdz/bert-base-turkish-cased obtained.
2024-10-31 19:54:33,443 - INFO - Getting embeddings for dbmdz/bert-base-turkish-cased...
2024-10-31 19:54:33,501 - INFO - Embeddings for dbmdz/bert-base-turkish-cased obtained.
2024-10-31 19:54:33,508 - INFO - dbmdz/bert-base-turkish-cased - Epoch 1, Batch 10: Training Top 1 Accuracy: 100.00%
2024-10-31 19:54:33,508 - INFO - dbmdz/bert-base-turkish-cased - Epoch 1, Batch 10: Training Top 5 Accuracy: 100.00%
2024-10-31 19:54:35,028 - INFO - Getting embeddings for dbmdz/bert-base-turkish-cased...
2024-10-31 19:54:35,124 - INFO - Embeddings for dbmdz/bert-base-turkish-cased obtained.
2024-10-31 19:54:36,643 - INFO - Getting embeddings for dbmdz/bert-base-turkish-cased...
2024-10-31 19:54:36,736 - INFO - Embeddings for dbmdz/bert-base-turkish-cased obtained.
2024-10-31 19:54:36,742 - INFO - dbmdz/bert-base-turkish-cased - Epoch 1, Batch 11: Training Top 1 Accuracy: 100.00%
2024-10-31 19:54:36,742 - INFO - dbmdz/bert-base-turkish-cased - Epoch 1, Batch 11: Training Top 5 Accuracy: 100.00%
2024-10-31 19:54:38,242 - INFO - Getting embeddings for dbmdz/bert-base-turkish-cased...
2024-10-31 19:54:38,317 - INFO - Embeddings for dbmdz/bert-base-turkish-cased obtained.
2024-10-31 19:54:39,829 - INFO - Getting embeddings for dbmdz/bert-base-turkish-cased...
2024-10-31 19:54:39,890 - INFO - Embeddings for dbmdz/bert-base-turkish-cased obtained.
2024-10-31 19:54:39,897 - INFO - dbmdz/bert-base-turkish-cased - Epoch 1, Batch 12: Training Top 1 Accuracy: 60.00%
2024-10-31 19:54:39,897 - INFO - dbmdz/bert-base-turkish-cased - Epoch 1, Batch 12: Training Top 5 Accuracy: 100.00%
2024-10-31 19:54:41,339 - INFO - Getting embeddings for dbmdz/bert-base-turkish-cased...
2024-10-31 19:54:41,416 - INFO - Embeddings for dbmdz/bert-base-turkish-cased obtained.
2024-10-31 19:54:42,928 - INFO - Getting embeddings for dbmdz/bert-base-turkish-cased...
2024-10-31 19:54:43,025 - INFO - Embeddings for dbmdz/bert-base-turkish-cased obtained.
2024-10-31 19:54:43,032 - INFO - dbmdz/bert-base-turkish-cased - Epoch 1, Batch 13: Training Top 1 Accuracy: 80.00%
2024-10-31 19:54:43,032 - INFO - dbmdz/bert-base-turkish-cased - Epoch 1, Batch 13: Training Top 5 Accuracy: 100.00%
2024-10-31 19:54:44,484 - INFO - Getting embeddings for dbmdz/bert-base-turkish-cased...
2024-10-31 19:54:44,551 - INFO - Embeddings for dbmdz/bert-base-turkish-cased obtained.
2024-10-31 19:54:46,046 - INFO - Getting embeddings for dbmdz/bert-base-turkish-cased...
2024-10-31 19:54:46,102 - INFO - Embeddings for dbmdz/bert-base-turkish-cased obtained.
2024-10-31 19:54:46,108 - INFO - dbmdz/bert-base-turkish-cased - Epoch 1, Batch 14: Training Top 1 Accuracy: 20.00%
2024-10-31 19:54:46,108 - INFO - dbmdz/bert-base-turkish-cased - Epoch 1, Batch 14: Training Top 5 Accuracy: 100.00%
2024-10-31 19:54:47,575 - INFO - Getting embeddings for dbmdz/bert-base-turkish-cased...
2024-10-31 19:54:47,659 - INFO - Embeddings for dbmdz/bert-base-turkish-cased obtained.
2024-10-31 19:54:49,088 - INFO - Getting embeddings for dbmdz/bert-base-turkish-cased...
2024-10-31 19:54:49,198 - INFO - Embeddings for dbmdz/bert-base-turkish-cased obtained.
2024-10-31 19:54:49,214 - INFO - dbmdz/bert-base-turkish-cased - Epoch 1, Batch 15: Training Top 1 Accuracy: 60.00%
2024-10-31 19:54:49,214 - INFO - dbmdz/bert-base-turkish-cased - Epoch 1, Batch 15: Training Top 5 Accuracy: 100.00%
2024-10-31 19:54:50,681 - INFO - Getting embeddings for dbmdz/bert-base-turkish-cased...
2024-10-31 19:54:50,738 - INFO - Embeddings for dbmdz/bert-base-turkish-cased obtained.
2024-10-31 19:54:52,085 - INFO - Getting embeddings for dbmdz/bert-base-turkish-cased...
2024-10-31 19:54:52,133 - INFO - Embeddings for dbmdz/bert-base-turkish-cased obtained.
2024-10-31 19:54:52,145 - INFO - dbmdz/bert-base-turkish-cased - Epoch 1, Batch 16: Training Top 1 Accuracy: 100.00%
2024-10-31 19:54:52,145 - INFO - dbmdz/bert-base-turkish-cased - Epoch 1, Batch 16: Training Top 5 Accuracy: 100.00%
2024-10-31 19:54:53,564 - INFO - Getting embeddings for dbmdz/bert-base-turkish-cased...
2024-10-31 19:54:53,673 - INFO - Embeddings for dbmdz/bert-base-turkish-cased obtained.
2024-10-31 19:54:55,070 - INFO - Getting embeddings for dbmdz/bert-base-turkish-cased...
2024-10-31 19:54:55,162 - INFO - Embeddings for dbmdz/bert-base-turkish-cased obtained.
2024-10-31 19:54:55,169 - INFO - dbmdz/bert-base-turkish-cased - Epoch 1, Batch 17: Training Top 1 Accuracy: 60.00%
2024-10-31 19:54:55,169 - INFO - dbmdz/bert-base-turkish-cased - Epoch 1, Batch 17: Training Top 5 Accuracy: 100.00%
2024-10-31 19:54:56,554 - INFO - Getting embeddings for dbmdz/bert-base-turkish-cased...
2024-10-31 19:54:56,633 - INFO - Embeddings for dbmdz/bert-base-turkish-cased obtained.
2024-10-31 19:54:58,005 - INFO - Getting embeddings for dbmdz/bert-base-turkish-cased...
2024-10-31 19:54:58,069 - INFO - Embeddings for dbmdz/bert-base-turkish-cased obtained.
2024-10-31 19:54:58,076 - INFO - dbmdz/bert-base-turkish-cased - Epoch 1, Batch 18: Training Top 1 Accuracy: 60.00%
2024-10-31 19:54:58,076 - INFO - dbmdz/bert-base-turkish-cased - Epoch 1, Batch 18: Training Top 5 Accuracy: 100.00%
2024-10-31 19:54:59,522 - INFO - Getting embeddings for dbmdz/bert-base-turkish-cased...
2024-10-31 19:54:59,587 - INFO - Embeddings for dbmdz/bert-base-turkish-cased obtained.
2024-10-31 19:55:01,059 - INFO - Getting embeddings for dbmdz/bert-base-turkish-cased...
2024-10-31 19:55:01,124 - INFO - Embeddings for dbmdz/bert-base-turkish-cased obtained.
2024-10-31 19:55:01,131 - INFO - dbmdz/bert-base-turkish-cased - Epoch 1, Batch 19: Training Top 1 Accuracy: 80.00%
2024-10-31 19:55:01,131 - INFO - dbmdz/bert-base-turkish-cased - Epoch 1, Batch 19: Training Top 5 Accuracy: 100.00%
2024-10-31 19:55:02,504 - INFO - Getting embeddings for dbmdz/bert-base-turkish-cased...
2024-10-31 19:55:02,591 - INFO - Embeddings for dbmdz/bert-base-turkish-cased obtained.
2024-10-31 19:55:04,109 - INFO - Getting embeddings for dbmdz/bert-base-turkish-cased...
2024-10-31 19:55:04,195 - INFO - Embeddings for dbmdz/bert-base-turkish-cased obtained.
2024-10-31 19:55:04,201 - INFO - dbmdz/bert-base-turkish-cased - Epoch 1, Batch 20: Training Top 1 Accuracy: 80.00%
2024-10-31 19:55:04,201 - INFO - dbmdz/bert-base-turkish-cased - Epoch 1, Batch 20: Training Top 5 Accuracy: 100.00%
