2024-10-31 19:55:13,599 - INFO - Reading CSV file...
2024-10-31 19:55:13,610 - INFO - CSV file successfully read.
2024-10-31 19:55:14,871 - INFO - Using device: cuda
2024-10-31 19:55:14,872 - INFO - Processing model: dbmdz/bert-base-turkish-cased
2024-10-31 19:55:19,175 - INFO - Starting epoch 1/1 for dbmdz/bert-base-turkish-cased...
2024-10-31 19:55:20,581 - INFO - Getting embeddings for dbmdz/bert-base-turkish-cased...
2024-10-31 19:55:20,795 - INFO - Embeddings for dbmdz/bert-base-turkish-cased obtained.
2024-10-31 19:55:22,203 - INFO - Getting embeddings for dbmdz/bert-base-turkish-cased...
2024-10-31 19:55:22,278 - INFO - Embeddings for dbmdz/bert-base-turkish-cased obtained.
2024-10-31 19:55:23,610 - INFO - Getting embeddings for dbmdz/bert-base-turkish-cased...
2024-10-31 19:55:23,664 - INFO - Embeddings for dbmdz/bert-base-turkish-cased obtained.
2024-10-31 19:55:25,130 - INFO - Getting embeddings for dbmdz/bert-base-turkish-cased...
2024-10-31 19:55:25,184 - INFO - Embeddings for dbmdz/bert-base-turkish-cased obtained.
2024-10-31 19:55:26,645 - INFO - Getting embeddings for dbmdz/bert-base-turkish-cased...
2024-10-31 19:55:26,731 - INFO - Embeddings for dbmdz/bert-base-turkish-cased obtained.
2024-10-31 19:55:28,202 - INFO - Getting embeddings for dbmdz/bert-base-turkish-cased...
2024-10-31 19:55:28,299 - INFO - Embeddings for dbmdz/bert-base-turkish-cased obtained.
2024-10-31 19:55:29,809 - INFO - Getting embeddings for dbmdz/bert-base-turkish-cased...
2024-10-31 19:55:29,870 - INFO - Embeddings for dbmdz/bert-base-turkish-cased obtained.
2024-10-31 19:55:31,308 - INFO - Getting embeddings for dbmdz/bert-base-turkish-cased...
2024-10-31 19:55:31,379 - INFO - Embeddings for dbmdz/bert-base-turkish-cased obtained.
2024-10-31 19:55:32,774 - INFO - Getting embeddings for dbmdz/bert-base-turkish-cased...
2024-10-31 19:55:32,874 - INFO - Embeddings for dbmdz/bert-base-turkish-cased obtained.
2024-10-31 19:55:34,384 - INFO - Getting embeddings for dbmdz/bert-base-turkish-cased...
2024-10-31 19:55:34,469 - INFO - Embeddings for dbmdz/bert-base-turkish-cased obtained.
2024-10-31 19:55:35,934 - INFO - Getting embeddings for dbmdz/bert-base-turkish-cased...
2024-10-31 19:55:36,038 - INFO - Embeddings for dbmdz/bert-base-turkish-cased obtained.
2024-10-31 19:55:37,626 - INFO - Getting embeddings for dbmdz/bert-base-turkish-cased...
2024-10-31 19:55:37,749 - INFO - Embeddings for dbmdz/bert-base-turkish-cased obtained.
2024-10-31 19:55:39,198 - INFO - Getting embeddings for dbmdz/bert-base-turkish-cased...
2024-10-31 19:55:39,272 - INFO - Embeddings for dbmdz/bert-base-turkish-cased obtained.
2024-10-31 19:55:40,750 - INFO - Getting embeddings for dbmdz/bert-base-turkish-cased...
2024-10-31 19:55:40,826 - INFO - Embeddings for dbmdz/bert-base-turkish-cased obtained.
2024-10-31 19:55:42,245 - INFO - Getting embeddings for dbmdz/bert-base-turkish-cased...
2024-10-31 19:55:42,298 - INFO - Embeddings for dbmdz/bert-base-turkish-cased obtained.
2024-10-31 19:55:43,670 - INFO - Getting embeddings for dbmdz/bert-base-turkish-cased...
2024-10-31 19:55:43,749 - INFO - Embeddings for dbmdz/bert-base-turkish-cased obtained.
2024-10-31 19:55:45,252 - INFO - Getting embeddings for dbmdz/bert-base-turkish-cased...
2024-10-31 19:55:45,357 - INFO - Embeddings for dbmdz/bert-base-turkish-cased obtained.
2024-10-31 19:55:46,772 - INFO - Getting embeddings for dbmdz/bert-base-turkish-cased...
2024-10-31 19:55:46,858 - INFO - Embeddings for dbmdz/bert-base-turkish-cased obtained.
2024-10-31 19:55:48,567 - INFO - Getting embeddings for dbmdz/bert-base-turkish-cased...
2024-10-31 19:55:48,623 - INFO - Embeddings for dbmdz/bert-base-turkish-cased obtained.
2024-10-31 19:55:50,138 - INFO - Getting embeddings for dbmdz/bert-base-turkish-cased...
2024-10-31 19:55:50,257 - INFO - Embeddings for dbmdz/bert-base-turkish-cased obtained.
2024-10-31 19:55:51,705 - INFO - Getting embeddings for dbmdz/bert-base-turkish-cased...
2024-10-31 19:55:51,785 - INFO - Embeddings for dbmdz/bert-base-turkish-cased obtained.
2024-10-31 19:55:53,289 - INFO - Getting embeddings for dbmdz/bert-base-turkish-cased...
2024-10-31 19:55:53,373 - INFO - Embeddings for dbmdz/bert-base-turkish-cased obtained.
2024-10-31 19:55:54,886 - INFO - Getting embeddings for dbmdz/bert-base-turkish-cased...
2024-10-31 19:55:54,968 - INFO - Embeddings for dbmdz/bert-base-turkish-cased obtained.
2024-10-31 19:55:56,284 - INFO - Getting embeddings for dbmdz/bert-base-turkish-cased...
2024-10-31 19:55:56,398 - INFO - Embeddings for dbmdz/bert-base-turkish-cased obtained.
2024-10-31 19:55:57,711 - INFO - Getting embeddings for dbmdz/bert-base-turkish-cased...
2024-10-31 19:55:57,762 - INFO - Embeddings for dbmdz/bert-base-turkish-cased obtained.
2024-10-31 19:55:59,221 - INFO - Getting embeddings for dbmdz/bert-base-turkish-cased...
2024-10-31 19:55:59,324 - INFO - Embeddings for dbmdz/bert-base-turkish-cased obtained.
2024-10-31 19:56:00,679 - INFO - Getting embeddings for dbmdz/bert-base-turkish-cased...
2024-10-31 19:56:00,778 - INFO - Embeddings for dbmdz/bert-base-turkish-cased obtained.
2024-10-31 19:56:02,141 - INFO - Getting embeddings for dbmdz/bert-base-turkish-cased...
2024-10-31 19:56:02,258 - INFO - Embeddings for dbmdz/bert-base-turkish-cased obtained.
2024-10-31 19:56:03,731 - INFO - Getting embeddings for dbmdz/bert-base-turkish-cased...
2024-10-31 19:56:03,810 - INFO - Embeddings for dbmdz/bert-base-turkish-cased obtained.
2024-10-31 19:56:05,283 - INFO - Getting embeddings for dbmdz/bert-base-turkish-cased...
2024-10-31 19:56:05,336 - INFO - Embeddings for dbmdz/bert-base-turkish-cased obtained.
2024-10-31 19:56:06,678 - INFO - Getting embeddings for dbmdz/bert-base-turkish-cased...
2024-10-31 19:56:06,733 - INFO - Embeddings for dbmdz/bert-base-turkish-cased obtained.
2024-10-31 19:56:08,075 - INFO - Getting embeddings for dbmdz/bert-base-turkish-cased...
2024-10-31 19:56:08,141 - INFO - Embeddings for dbmdz/bert-base-turkish-cased obtained.
2024-10-31 19:56:09,592 - INFO - Getting embeddings for dbmdz/bert-base-turkish-cased...
2024-10-31 19:56:09,692 - INFO - Embeddings for dbmdz/bert-base-turkish-cased obtained.
2024-10-31 19:56:11,130 - INFO - Getting embeddings for dbmdz/bert-base-turkish-cased...
2024-10-31 19:56:11,219 - INFO - Embeddings for dbmdz/bert-base-turkish-cased obtained.
2024-10-31 19:56:12,946 - INFO - Getting embeddings for dbmdz/bert-base-turkish-cased...
2024-10-31 19:56:13,025 - INFO - Embeddings for dbmdz/bert-base-turkish-cased obtained.
2024-10-31 19:56:14,532 - INFO - Getting embeddings for dbmdz/bert-base-turkish-cased...
2024-10-31 19:56:14,672 - INFO - Embeddings for dbmdz/bert-base-turkish-cased obtained.
2024-10-31 19:56:16,037 - INFO - Getting embeddings for dbmdz/bert-base-turkish-cased...
2024-10-31 19:56:16,136 - INFO - Embeddings for dbmdz/bert-base-turkish-cased obtained.
2024-10-31 19:56:17,555 - INFO - Getting embeddings for dbmdz/bert-base-turkish-cased...
2024-10-31 19:56:17,635 - INFO - Embeddings for dbmdz/bert-base-turkish-cased obtained.
2024-10-31 19:56:19,012 - INFO - Getting embeddings for dbmdz/bert-base-turkish-cased...
2024-10-31 19:56:19,068 - INFO - Embeddings for dbmdz/bert-base-turkish-cased obtained.
2024-10-31 19:56:20,554 - INFO - Getting embeddings for dbmdz/bert-base-turkish-cased...
2024-10-31 19:56:20,655 - INFO - Embeddings for dbmdz/bert-base-turkish-cased obtained.
2024-10-31 19:56:22,046 - INFO - Getting embeddings for dbmdz/bert-base-turkish-cased...
2024-10-31 19:56:22,111 - INFO - Embeddings for dbmdz/bert-base-turkish-cased obtained.
2024-10-31 19:56:23,508 - INFO - Getting embeddings for dbmdz/bert-base-turkish-cased...
2024-10-31 19:56:23,554 - INFO - Embeddings for dbmdz/bert-base-turkish-cased obtained.
2024-10-31 19:56:25,270 - INFO - Getting embeddings for dbmdz/bert-base-turkish-cased...
2024-10-31 19:56:25,368 - INFO - Embeddings for dbmdz/bert-base-turkish-cased obtained.
2024-10-31 19:56:26,950 - INFO - Getting embeddings for dbmdz/bert-base-turkish-cased...
2024-10-31 19:56:27,047 - INFO - Embeddings for dbmdz/bert-base-turkish-cased obtained.
2024-10-31 19:56:28,683 - INFO - Getting embeddings for dbmdz/bert-base-turkish-cased...
2024-10-31 19:56:28,733 - INFO - Embeddings for dbmdz/bert-base-turkish-cased obtained.
2024-10-31 19:56:30,327 - INFO - Getting embeddings for dbmdz/bert-base-turkish-cased...
2024-10-31 19:56:30,436 - INFO - Embeddings for dbmdz/bert-base-turkish-cased obtained.
2024-10-31 19:56:31,876 - INFO - Getting embeddings for dbmdz/bert-base-turkish-cased...
2024-10-31 19:56:31,962 - INFO - Embeddings for dbmdz/bert-base-turkish-cased obtained.
2024-10-31 19:56:33,755 - INFO - Getting embeddings for dbmdz/bert-base-turkish-cased...
2024-10-31 19:56:33,853 - INFO - Embeddings for dbmdz/bert-base-turkish-cased obtained.
2024-10-31 19:56:35,453 - INFO - Getting embeddings for dbmdz/bert-base-turkish-cased...
2024-10-31 19:56:35,549 - INFO - Embeddings for dbmdz/bert-base-turkish-cased obtained.
2024-10-31 19:56:36,879 - INFO - Getting embeddings for dbmdz/bert-base-turkish-cased...
2024-10-31 19:56:36,936 - INFO - Embeddings for dbmdz/bert-base-turkish-cased obtained.
2024-10-31 19:56:38,435 - INFO - Getting embeddings for dbmdz/bert-base-turkish-cased...
2024-10-31 19:56:38,535 - INFO - Embeddings for dbmdz/bert-base-turkish-cased obtained.
2024-10-31 19:56:39,900 - INFO - Getting embeddings for dbmdz/bert-base-turkish-cased...
2024-10-31 19:56:39,983 - INFO - Embeddings for dbmdz/bert-base-turkish-cased obtained.
2024-10-31 19:56:41,345 - INFO - Getting embeddings for dbmdz/bert-base-turkish-cased...
2024-10-31 19:56:41,398 - INFO - Embeddings for dbmdz/bert-base-turkish-cased obtained.
2024-10-31 19:56:42,812 - INFO - Getting embeddings for dbmdz/bert-base-turkish-cased...
2024-10-31 19:56:42,927 - INFO - Embeddings for dbmdz/bert-base-turkish-cased obtained.
2024-10-31 19:56:44,366 - INFO - Getting embeddings for dbmdz/bert-base-turkish-cased...
2024-10-31 19:56:44,432 - INFO - Embeddings for dbmdz/bert-base-turkish-cased obtained.
2024-10-31 19:56:45,792 - INFO - Getting embeddings for dbmdz/bert-base-turkish-cased...
2024-10-31 19:56:45,864 - INFO - Embeddings for dbmdz/bert-base-turkish-cased obtained.
2024-10-31 19:56:47,243 - INFO - Getting embeddings for dbmdz/bert-base-turkish-cased...
2024-10-31 19:56:47,304 - INFO - Embeddings for dbmdz/bert-base-turkish-cased obtained.
2024-10-31 19:56:48,630 - INFO - Getting embeddings for dbmdz/bert-base-turkish-cased...
2024-10-31 19:56:48,700 - INFO - Embeddings for dbmdz/bert-base-turkish-cased obtained.
2024-10-31 19:56:50,022 - INFO - Getting embeddings for dbmdz/bert-base-turkish-cased...
2024-10-31 19:56:50,112 - INFO - Embeddings for dbmdz/bert-base-turkish-cased obtained.
2024-10-31 19:56:51,511 - INFO - Getting embeddings for dbmdz/bert-base-turkish-cased...
2024-10-31 19:56:51,566 - INFO - Embeddings for dbmdz/bert-base-turkish-cased obtained.
2024-10-31 19:56:52,963 - INFO - Getting embeddings for dbmdz/bert-base-turkish-cased...
2024-10-31 19:56:53,059 - INFO - Embeddings for dbmdz/bert-base-turkish-cased obtained.
2024-10-31 19:56:54,394 - INFO - Getting embeddings for dbmdz/bert-base-turkish-cased...
2024-10-31 19:56:54,504 - INFO - Embeddings for dbmdz/bert-base-turkish-cased obtained.
2024-10-31 19:56:55,870 - INFO - Getting embeddings for dbmdz/bert-base-turkish-cased...
2024-10-31 19:56:55,920 - INFO - Embeddings for dbmdz/bert-base-turkish-cased obtained.
2024-10-31 19:56:57,294 - INFO - Getting embeddings for dbmdz/bert-base-turkish-cased...
2024-10-31 19:56:57,394 - INFO - Embeddings for dbmdz/bert-base-turkish-cased obtained.
2024-10-31 19:56:58,789 - INFO - Getting embeddings for dbmdz/bert-base-turkish-cased...
2024-10-31 19:56:58,879 - INFO - Embeddings for dbmdz/bert-base-turkish-cased obtained.
2024-10-31 19:57:00,385 - INFO - Getting embeddings for dbmdz/bert-base-turkish-cased...
2024-10-31 19:57:00,444 - INFO - Embeddings for dbmdz/bert-base-turkish-cased obtained.
2024-10-31 19:57:02,186 - INFO - Getting embeddings for dbmdz/bert-base-turkish-cased...
2024-10-31 19:57:02,260 - INFO - Embeddings for dbmdz/bert-base-turkish-cased obtained.
2024-10-31 19:57:03,694 - INFO - Getting embeddings for dbmdz/bert-base-turkish-cased...
2024-10-31 19:57:03,742 - INFO - Embeddings for dbmdz/bert-base-turkish-cased obtained.
2024-10-31 19:57:05,448 - INFO - Getting embeddings for dbmdz/bert-base-turkish-cased...
2024-10-31 19:57:05,523 - INFO - Embeddings for dbmdz/bert-base-turkish-cased obtained.
2024-10-31 19:57:06,995 - INFO - Getting embeddings for dbmdz/bert-base-turkish-cased...
2024-10-31 19:57:07,096 - INFO - Embeddings for dbmdz/bert-base-turkish-cased obtained.
2024-10-31 19:57:08,533 - INFO - Getting embeddings for dbmdz/bert-base-turkish-cased...
2024-10-31 19:57:08,611 - INFO - Embeddings for dbmdz/bert-base-turkish-cased obtained.
2024-10-31 19:57:10,073 - INFO - Getting embeddings for dbmdz/bert-base-turkish-cased...
2024-10-31 19:57:10,158 - INFO - Embeddings for dbmdz/bert-base-turkish-cased obtained.
2024-10-31 19:57:11,535 - INFO - Getting embeddings for dbmdz/bert-base-turkish-cased...
2024-10-31 19:57:11,608 - INFO - Embeddings for dbmdz/bert-base-turkish-cased obtained.
2024-10-31 19:57:13,158 - INFO - Getting embeddings for dbmdz/bert-base-turkish-cased...
2024-10-31 19:57:13,253 - INFO - Embeddings for dbmdz/bert-base-turkish-cased obtained.
2024-10-31 19:57:15,025 - INFO - Getting embeddings for dbmdz/bert-base-turkish-cased...
2024-10-31 19:57:15,113 - INFO - Embeddings for dbmdz/bert-base-turkish-cased obtained.
2024-10-31 19:57:16,611 - INFO - Getting embeddings for dbmdz/bert-base-turkish-cased...
2024-10-31 19:57:16,689 - INFO - Embeddings for dbmdz/bert-base-turkish-cased obtained.
2024-10-31 19:57:18,305 - INFO - Getting embeddings for dbmdz/bert-base-turkish-cased...
2024-10-31 19:57:18,408 - INFO - Embeddings for dbmdz/bert-base-turkish-cased obtained.
2024-10-31 19:57:19,819 - INFO - Getting embeddings for dbmdz/bert-base-turkish-cased...
2024-10-31 19:57:19,907 - INFO - Embeddings for dbmdz/bert-base-turkish-cased obtained.
2024-10-31 19:57:21,446 - INFO - Getting embeddings for dbmdz/bert-base-turkish-cased...
2024-10-31 19:57:21,521 - INFO - Embeddings for dbmdz/bert-base-turkish-cased obtained.
2024-10-31 19:57:23,039 - INFO - Getting embeddings for dbmdz/bert-base-turkish-cased...
2024-10-31 19:57:23,105 - INFO - Embeddings for dbmdz/bert-base-turkish-cased obtained.
2024-10-31 19:57:24,506 - INFO - Getting embeddings for dbmdz/bert-base-turkish-cased...
2024-10-31 19:57:24,582 - INFO - Embeddings for dbmdz/bert-base-turkish-cased obtained.
2024-10-31 19:57:26,120 - INFO - Getting embeddings for dbmdz/bert-base-turkish-cased...
2024-10-31 19:57:26,235 - INFO - Embeddings for dbmdz/bert-base-turkish-cased obtained.
2024-10-31 19:57:27,732 - INFO - Getting embeddings for dbmdz/bert-base-turkish-cased...
2024-10-31 19:57:27,824 - INFO - Embeddings for dbmdz/bert-base-turkish-cased obtained.
2024-10-31 19:57:29,339 - INFO - Getting embeddings for dbmdz/bert-base-turkish-cased...
2024-10-31 19:57:29,412 - INFO - Embeddings for dbmdz/bert-base-turkish-cased obtained.
2024-10-31 19:57:30,921 - INFO - Getting embeddings for dbmdz/bert-base-turkish-cased...
2024-10-31 19:57:31,001 - INFO - Embeddings for dbmdz/bert-base-turkish-cased obtained.
2024-10-31 19:57:32,518 - INFO - Getting embeddings for dbmdz/bert-base-turkish-cased...
2024-10-31 19:57:32,603 - INFO - Embeddings for dbmdz/bert-base-turkish-cased obtained.
2024-10-31 19:57:34,250 - INFO - Getting embeddings for dbmdz/bert-base-turkish-cased...
2024-10-31 19:57:34,325 - INFO - Embeddings for dbmdz/bert-base-turkish-cased obtained.
2024-10-31 19:57:35,930 - INFO - Getting embeddings for dbmdz/bert-base-turkish-cased...
2024-10-31 19:57:36,038 - INFO - Embeddings for dbmdz/bert-base-turkish-cased obtained.
2024-10-31 19:57:37,594 - INFO - Getting embeddings for dbmdz/bert-base-turkish-cased...
2024-10-31 19:57:37,672 - INFO - Embeddings for dbmdz/bert-base-turkish-cased obtained.
2024-10-31 19:57:39,055 - INFO - Getting embeddings for dbmdz/bert-base-turkish-cased...
2024-10-31 19:57:39,170 - INFO - Embeddings for dbmdz/bert-base-turkish-cased obtained.
2024-10-31 19:57:40,608 - INFO - Getting embeddings for dbmdz/bert-base-turkish-cased...
2024-10-31 19:57:40,663 - INFO - Embeddings for dbmdz/bert-base-turkish-cased obtained.
2024-10-31 19:57:42,792 - INFO - Getting embeddings for dbmdz/bert-base-turkish-cased...
2024-10-31 19:57:42,968 - INFO - Embeddings for dbmdz/bert-base-turkish-cased obtained.
2024-10-31 19:57:44,384 - INFO - Getting embeddings for dbmdz/bert-base-turkish-cased...
2024-10-31 19:57:44,447 - INFO - Embeddings for dbmdz/bert-base-turkish-cased obtained.
2024-10-31 19:57:45,847 - INFO - Getting embeddings for dbmdz/bert-base-turkish-cased...
2024-10-31 19:57:45,944 - INFO - Embeddings for dbmdz/bert-base-turkish-cased obtained.
2024-10-31 19:57:47,375 - INFO - Getting embeddings for dbmdz/bert-base-turkish-cased...
2024-10-31 19:57:47,462 - INFO - Embeddings for dbmdz/bert-base-turkish-cased obtained.
2024-10-31 19:57:48,904 - INFO - Getting embeddings for dbmdz/bert-base-turkish-cased...
2024-10-31 19:57:49,035 - INFO - Embeddings for dbmdz/bert-base-turkish-cased obtained.
2024-10-31 19:57:50,458 - INFO - Getting embeddings for dbmdz/bert-base-turkish-cased...
2024-10-31 19:57:50,536 - INFO - Embeddings for dbmdz/bert-base-turkish-cased obtained.
2024-10-31 19:57:51,999 - INFO - Getting embeddings for dbmdz/bert-base-turkish-cased...
2024-10-31 19:57:52,084 - INFO - Embeddings for dbmdz/bert-base-turkish-cased obtained.
2024-10-31 19:57:53,488 - INFO - Getting embeddings for dbmdz/bert-base-turkish-cased...
2024-10-31 19:57:53,547 - INFO - Embeddings for dbmdz/bert-base-turkish-cased obtained.
2024-10-31 19:57:55,113 - INFO - Getting embeddings for dbmdz/bert-base-turkish-cased...
2024-10-31 19:57:55,199 - INFO - Embeddings for dbmdz/bert-base-turkish-cased obtained.
2024-10-31 19:57:56,701 - INFO - Getting embeddings for dbmdz/bert-base-turkish-cased...
2024-10-31 19:57:56,785 - INFO - Embeddings for dbmdz/bert-base-turkish-cased obtained.
2024-10-31 19:57:58,168 - INFO - Getting embeddings for dbmdz/bert-base-turkish-cased...
2024-10-31 19:57:58,269 - INFO - Embeddings for dbmdz/bert-base-turkish-cased obtained.
2024-10-31 19:57:59,713 - INFO - Getting embeddings for dbmdz/bert-base-turkish-cased...
2024-10-31 19:57:59,761 - INFO - Embeddings for dbmdz/bert-base-turkish-cased obtained.
2024-10-31 19:58:01,238 - INFO - Getting embeddings for dbmdz/bert-base-turkish-cased...
2024-10-31 19:58:01,389 - INFO - Embeddings for dbmdz/bert-base-turkish-cased obtained.
2024-10-31 19:58:03,103 - INFO - Getting embeddings for dbmdz/bert-base-turkish-cased...
2024-10-31 19:58:03,149 - INFO - Embeddings for dbmdz/bert-base-turkish-cased obtained.
2024-10-31 19:58:04,640 - INFO - Getting embeddings for dbmdz/bert-base-turkish-cased...
2024-10-31 19:58:04,695 - INFO - Embeddings for dbmdz/bert-base-turkish-cased obtained.
2024-10-31 19:58:06,256 - INFO - Getting embeddings for dbmdz/bert-base-turkish-cased...
2024-10-31 19:58:06,301 - INFO - Embeddings for dbmdz/bert-base-turkish-cased obtained.
2024-10-31 19:58:07,816 - INFO - Getting embeddings for dbmdz/bert-base-turkish-cased...
2024-10-31 19:58:07,964 - INFO - Embeddings for dbmdz/bert-base-turkish-cased obtained.
2024-10-31 19:58:09,408 - INFO - Getting embeddings for dbmdz/bert-base-turkish-cased...
2024-10-31 19:58:09,454 - INFO - Embeddings for dbmdz/bert-base-turkish-cased obtained.
2024-10-31 19:58:11,039 - INFO - Getting embeddings for dbmdz/bert-base-turkish-cased...
2024-10-31 19:58:11,139 - INFO - Embeddings for dbmdz/bert-base-turkish-cased obtained.
2024-10-31 19:58:12,616 - INFO - Getting embeddings for dbmdz/bert-base-turkish-cased...
2024-10-31 19:58:12,712 - INFO - Embeddings for dbmdz/bert-base-turkish-cased obtained.
2024-10-31 19:58:14,128 - INFO - Getting embeddings for dbmdz/bert-base-turkish-cased...
2024-10-31 19:58:14,176 - INFO - Embeddings for dbmdz/bert-base-turkish-cased obtained.
2024-10-31 19:58:15,863 - INFO - Getting embeddings for dbmdz/bert-base-turkish-cased...
2024-10-31 19:58:15,958 - INFO - Embeddings for dbmdz/bert-base-turkish-cased obtained.
2024-10-31 19:58:17,382 - INFO - Getting embeddings for dbmdz/bert-base-turkish-cased...
2024-10-31 19:58:17,465 - INFO - Embeddings for dbmdz/bert-base-turkish-cased obtained.
2024-10-31 19:58:18,873 - INFO - Getting embeddings for dbmdz/bert-base-turkish-cased...
2024-10-31 19:58:18,937 - INFO - Embeddings for dbmdz/bert-base-turkish-cased obtained.
2024-10-31 19:58:20,427 - INFO - Getting embeddings for dbmdz/bert-base-turkish-cased...
2024-10-31 19:58:20,527 - INFO - Embeddings for dbmdz/bert-base-turkish-cased obtained.
