2024-10-31 17:08:03,847 - INFO - Reading CSV file...
2024-10-31 17:08:03,859 - INFO - CSV file successfully read.
2024-10-31 17:08:04,396 - INFO - Using device: cuda
2024-10-31 17:08:04,396 - INFO - Processing model: dbmdz/bert-base-turkish-cased
2024-10-31 17:08:07,987 - INFO - Starting epoch 1/3 for dbmdz/bert-base-turkish-cased...
2024-10-31 17:08:09,064 - INFO - Getting embeddings for dbmdz/bert-base-turkish-cased...
2024-10-31 17:08:16,786 - INFO - Embeddings for dbmdz/bert-base-turkish-cased obtained.
2024-10-31 17:08:17,917 - INFO - Getting embeddings for dbmdz/bert-base-turkish-cased...
2024-10-31 17:08:26,968 - INFO - Embeddings for dbmdz/bert-base-turkish-cased obtained.
2024-10-31 17:08:27,988 - INFO - Getting embeddings for dbmdz/bert-base-turkish-cased...
2024-10-31 17:08:28,962 - INFO - Embeddings for dbmdz/bert-base-turkish-cased obtained.
2024-10-31 17:08:29,970 - INFO - Getting embeddings for dbmdz/bert-base-turkish-cased...
2024-10-31 17:08:31,017 - INFO - Embeddings for dbmdz/bert-base-turkish-cased obtained.
2024-10-31 17:08:32,020 - INFO - Getting embeddings for dbmdz/bert-base-turkish-cased...
2024-10-31 17:08:33,341 - INFO - Embeddings for dbmdz/bert-base-turkish-cased obtained.
2024-10-31 17:08:34,453 - INFO - Getting embeddings for dbmdz/bert-base-turkish-cased...
2024-10-31 17:08:35,598 - INFO - Embeddings for dbmdz/bert-base-turkish-cased obtained.
2024-10-31 17:08:36,329 - INFO - dbmdz/bert-base-turkish-cased - Epoch 1: Training Top 1 Accuracy: 29.88%
2024-10-31 17:08:36,329 - INFO - dbmdz/bert-base-turkish-cased - Epoch 1: Training Top 5 Accuracy: 45.62%
2024-10-31 17:08:36,329 - INFO - Starting epoch 2/3 for dbmdz/bert-base-turkish-cased...
2024-10-31 17:08:37,435 - INFO - Getting embeddings for dbmdz/bert-base-turkish-cased...
2024-10-31 17:08:45,400 - INFO - Embeddings for dbmdz/bert-base-turkish-cased obtained.
2024-10-31 17:08:46,714 - INFO - Getting embeddings for dbmdz/bert-base-turkish-cased...
2024-10-31 17:08:55,191 - INFO - Embeddings for dbmdz/bert-base-turkish-cased obtained.
2024-10-31 17:08:56,213 - INFO - Getting embeddings for dbmdz/bert-base-turkish-cased...
2024-10-31 17:08:57,300 - INFO - Embeddings for dbmdz/bert-base-turkish-cased obtained.
2024-10-31 17:08:58,338 - INFO - Getting embeddings for dbmdz/bert-base-turkish-cased...
2024-10-31 17:08:59,491 - INFO - Embeddings for dbmdz/bert-base-turkish-cased obtained.
2024-10-31 17:09:00,568 - INFO - Getting embeddings for dbmdz/bert-base-turkish-cased...
2024-10-31 17:09:01,812 - INFO - Embeddings for dbmdz/bert-base-turkish-cased obtained.
2024-10-31 17:09:03,029 - INFO - Getting embeddings for dbmdz/bert-base-turkish-cased...
2024-10-31 17:09:04,144 - INFO - Embeddings for dbmdz/bert-base-turkish-cased obtained.
2024-10-31 17:09:04,886 - INFO - dbmdz/bert-base-turkish-cased - Epoch 2: Training Top 1 Accuracy: 29.88%
2024-10-31 17:09:04,886 - INFO - dbmdz/bert-base-turkish-cased - Epoch 2: Training Top 5 Accuracy: 45.62%
2024-10-31 17:09:04,886 - INFO - Starting epoch 3/3 for dbmdz/bert-base-turkish-cased...
2024-10-31 17:09:06,092 - INFO - Getting embeddings for dbmdz/bert-base-turkish-cased...
2024-10-31 17:09:13,862 - INFO - Embeddings for dbmdz/bert-base-turkish-cased obtained.
2024-10-31 17:09:14,907 - INFO - Getting embeddings for dbmdz/bert-base-turkish-cased...
2024-10-31 17:09:23,427 - INFO - Embeddings for dbmdz/bert-base-turkish-cased obtained.
2024-10-31 17:09:24,523 - INFO - Getting embeddings for dbmdz/bert-base-turkish-cased...
2024-10-31 17:09:25,642 - INFO - Embeddings for dbmdz/bert-base-turkish-cased obtained.
2024-10-31 17:09:26,665 - INFO - Getting embeddings for dbmdz/bert-base-turkish-cased...
2024-10-31 17:09:27,862 - INFO - Embeddings for dbmdz/bert-base-turkish-cased obtained.
2024-10-31 17:09:28,998 - INFO - Getting embeddings for dbmdz/bert-base-turkish-cased...
2024-10-31 17:09:29,982 - INFO - Embeddings for dbmdz/bert-base-turkish-cased obtained.
2024-10-31 17:09:30,972 - INFO - Getting embeddings for dbmdz/bert-base-turkish-cased...
2024-10-31 17:09:32,311 - INFO - Embeddings for dbmdz/bert-base-turkish-cased obtained.
2024-10-31 17:09:33,052 - INFO - dbmdz/bert-base-turkish-cased - Epoch 3: Training Top 1 Accuracy: 29.88%
2024-10-31 17:09:33,053 - INFO - dbmdz/bert-base-turkish-cased - Epoch 3: Training Top 5 Accuracy: 45.62%
