2024-11-01 20:35:16,731 - INFO - Reading CSV file...
2024-11-01 20:35:16,743 - INFO - CSV file successfully read.
2024-11-01 20:35:16,814 - INFO - Using device: cuda
2024-11-01 20:35:16,817 - INFO - Processing model: dbmdz/bert-base-turkish-cased
2024-11-01 20:35:16,818 - INFO - Training model: dbmdz/bert-base-turkish-cased
2024-11-01 20:35:16,818 - INFO - Epoch 1/5
2024-11-01 20:35:20,963 - INFO - Getting embeddings for dbmdz/bert-base-turkish-cased...
2024-11-01 20:35:29,825 - INFO - Embeddings for dbmdz/bert-base-turkish-cased obtained.
2024-11-01 20:35:31,273 - INFO - Getting embeddings for dbmdz/bert-base-turkish-cased...
2024-11-01 20:35:41,815 - INFO - Embeddings for dbmdz/bert-base-turkish-cased obtained.
2024-11-01 20:35:42,937 - INFO - Epoch 1: Top 1 Accuracy: 28.70%, Top 5 Accuracy: 43.10%
2024-11-01 20:35:42,937 - INFO - Epoch 2/5
2024-11-01 20:35:44,366 - INFO - Getting embeddings for dbmdz/bert-base-turkish-cased...
2024-11-01 20:35:54,893 - INFO - Embeddings for dbmdz/bert-base-turkish-cased obtained.
2024-11-01 20:35:56,226 - INFO - Getting embeddings for dbmdz/bert-base-turkish-cased...
2024-11-01 20:36:05,897 - INFO - Embeddings for dbmdz/bert-base-turkish-cased obtained.
2024-11-01 20:36:07,016 - INFO - Epoch 2: Top 1 Accuracy: 28.70%, Top 5 Accuracy: 43.10%
2024-11-01 20:36:07,016 - INFO - Epoch 3/5
2024-11-01 20:36:08,408 - INFO - Getting embeddings for dbmdz/bert-base-turkish-cased...
2024-11-01 20:36:19,569 - INFO - Embeddings for dbmdz/bert-base-turkish-cased obtained.
2024-11-01 20:36:21,039 - INFO - Getting embeddings for dbmdz/bert-base-turkish-cased...
2024-11-01 20:36:31,268 - INFO - Embeddings for dbmdz/bert-base-turkish-cased obtained.
2024-11-01 20:36:32,403 - INFO - Epoch 3: Top 1 Accuracy: 28.70%, Top 5 Accuracy: 43.10%
2024-11-01 20:36:32,403 - INFO - Epoch 4/5
2024-11-01 20:36:34,387 - INFO - Getting embeddings for dbmdz/bert-base-turkish-cased...
2024-11-01 20:36:45,720 - INFO - Embeddings for dbmdz/bert-base-turkish-cased obtained.
2024-11-01 20:36:47,157 - INFO - Getting embeddings for dbmdz/bert-base-turkish-cased...
2024-11-01 20:36:58,590 - INFO - Embeddings for dbmdz/bert-base-turkish-cased obtained.
2024-11-01 20:36:59,698 - INFO - Epoch 4: Top 1 Accuracy: 28.70%, Top 5 Accuracy: 43.10%
2024-11-01 20:36:59,711 - INFO - Epoch 5/5
2024-11-01 20:37:01,097 - INFO - Getting embeddings for dbmdz/bert-base-turkish-cased...
2024-11-01 20:37:10,507 - INFO - Embeddings for dbmdz/bert-base-turkish-cased obtained.
2024-11-01 20:37:11,914 - INFO - Getting embeddings for dbmdz/bert-base-turkish-cased...
