2024-11-01 21:34:32,087 - INFO - Reading CSV file...
2024-11-01 21:34:32,109 - INFO - CSV file successfully read.
2024-11-01 21:34:32,563 - INFO - Using device: cuda
2024-11-01 21:34:32,564 - INFO - Training model: dbmdz/bert-base-turkish-cased
2024-11-01 21:34:36,805 - INFO - Epoch 1/1
2024-11-01 21:34:38,844 - INFO - Getting embeddings for dbmdz/bert-base-turkish-cased...
2024-11-01 21:34:47,581 - INFO - Embeddings for dbmdz/bert-base-turkish-cased obtained.
2024-11-01 21:34:49,073 - INFO - Getting embeddings for dbmdz/bert-base-turkish-cased...
2024-11-01 21:34:57,737 - INFO - Embeddings for dbmdz/bert-base-turkish-cased obtained.
2024-11-01 21:34:57,861 - INFO - Training Batch 1: Top 1 Accuracy: 32.62%, Top 5 Accuracy: 72.75%
2024-11-01 21:34:57,863 - INFO - Validating model...
2024-11-01 21:35:03,741 - INFO - Getting embeddings for dbmdz/bert-base-turkish-cased...
2024-11-01 21:35:04,893 - INFO - Embeddings for dbmdz/bert-base-turkish-cased obtained.
2024-11-01 21:35:06,287 - INFO - Getting embeddings for dbmdz/bert-base-turkish-cased...
2024-11-01 21:35:07,484 - INFO - Embeddings for dbmdz/bert-base-turkish-cased obtained.
2024-11-01 21:35:07,495 - INFO - Validation: Top 1 Accuracy: 49.00%, Top 5 Accuracy: 85.00%
2024-11-01 21:35:07,502 - INFO - Testing model...
2024-11-01 21:35:08,922 - INFO - Getting embeddings for dbmdz/bert-base-turkish-cased...
2024-11-01 21:35:10,607 - INFO - Embeddings for dbmdz/bert-base-turkish-cased obtained.
2024-11-01 21:35:11,960 - INFO - Getting embeddings for dbmdz/bert-base-turkish-cased...
2024-11-01 21:35:12,877 - INFO - Embeddings for dbmdz/bert-base-turkish-cased obtained.
2024-11-01 21:35:12,889 - INFO - Test Results: Top 1 Accuracy: 54.00%, Top 5 Accuracy: 83.00%
