2024-10-31 20:28:43,556 - INFO - Reading CSV file...
2024-10-31 20:28:43,567 - INFO - CSV file successfully read.
2024-10-31 20:28:44,788 - INFO - Using device: cuda
2024-10-31 20:28:44,788 - INFO - Processing model: dbmdz/bert-base-turkish-cased
2024-10-31 20:28:48,979 - INFO - Starting epoch 1/5 for dbmdz/bert-base-turkish-cased...
2024-10-31 20:28:50,362 - INFO - Getting embeddings for dbmdz/bert-base-turkish-cased...
2024-10-31 20:28:51,477 - INFO - Embeddings for dbmdz/bert-base-turkish-cased obtained.
2024-10-31 20:28:52,869 - INFO - Getting embeddings for dbmdz/bert-base-turkish-cased...
2024-10-31 20:28:53,933 - INFO - Embeddings for dbmdz/bert-base-turkish-cased obtained.
2024-10-31 20:28:53,944 - INFO - dbmdz/bert-base-turkish-cased - Epoch 1, Batch 1: Training Top 1 Accuracy: 42.00%
2024-10-31 20:28:53,944 - INFO - dbmdz/bert-base-turkish-cased - Epoch 1, Batch 1: Training Top 5 Accuracy: 58.00%
2024-10-31 20:28:55,603 - INFO - Getting embeddings for dbmdz/bert-base-turkish-cased...
2024-10-31 20:28:56,824 - INFO - Embeddings for dbmdz/bert-base-turkish-cased obtained.
2024-10-31 20:28:58,440 - INFO - Getting embeddings for dbmdz/bert-base-turkish-cased...
2024-10-31 20:28:59,969 - INFO - Embeddings for dbmdz/bert-base-turkish-cased obtained.
2024-10-31 20:28:59,978 - INFO - dbmdz/bert-base-turkish-cased - Epoch 1, Batch 2: Training Top 1 Accuracy: 39.00%
2024-10-31 20:28:59,979 - INFO - dbmdz/bert-base-turkish-cased - Epoch 1, Batch 2: Training Top 5 Accuracy: 61.00%
2024-10-31 20:29:01,442 - INFO - Getting embeddings for dbmdz/bert-base-turkish-cased...
2024-10-31 20:29:02,727 - INFO - Embeddings for dbmdz/bert-base-turkish-cased obtained.
2024-10-31 20:29:04,462 - INFO - Getting embeddings for dbmdz/bert-base-turkish-cased...
2024-10-31 20:29:05,785 - INFO - Embeddings for dbmdz/bert-base-turkish-cased obtained.
2024-10-31 20:29:05,794 - INFO - dbmdz/bert-base-turkish-cased - Epoch 1, Batch 3: Training Top 1 Accuracy: 48.00%
2024-10-31 20:29:05,794 - INFO - dbmdz/bert-base-turkish-cased - Epoch 1, Batch 3: Training Top 5 Accuracy: 74.00%
2024-10-31 20:29:07,200 - INFO - Getting embeddings for dbmdz/bert-base-turkish-cased...
2024-10-31 20:29:08,263 - INFO - Embeddings for dbmdz/bert-base-turkish-cased obtained.
2024-10-31 20:29:09,803 - INFO - Getting embeddings for dbmdz/bert-base-turkish-cased...
2024-10-31 20:29:10,868 - INFO - Embeddings for dbmdz/bert-base-turkish-cased obtained.
2024-10-31 20:29:10,876 - INFO - dbmdz/bert-base-turkish-cased - Epoch 1, Batch 4: Training Top 1 Accuracy: 48.00%
2024-10-31 20:29:10,877 - INFO - dbmdz/bert-base-turkish-cased - Epoch 1, Batch 4: Training Top 5 Accuracy: 73.00%
2024-10-31 20:29:12,308 - INFO - Getting embeddings for dbmdz/bert-base-turkish-cased...
2024-10-31 20:29:13,323 - INFO - Embeddings for dbmdz/bert-base-turkish-cased obtained.
2024-10-31 20:29:14,703 - INFO - Getting embeddings for dbmdz/bert-base-turkish-cased...
2024-10-31 20:29:15,798 - INFO - Embeddings for dbmdz/bert-base-turkish-cased obtained.
2024-10-31 20:29:15,814 - INFO - dbmdz/bert-base-turkish-cased - Epoch 1, Batch 5: Training Top 1 Accuracy: 43.00%
2024-10-31 20:29:15,814 - INFO - dbmdz/bert-base-turkish-cased - Epoch 1, Batch 5: Training Top 5 Accuracy: 66.00%
2024-10-31 20:29:17,179 - INFO - Getting embeddings for dbmdz/bert-base-turkish-cased...
2024-10-31 20:29:18,135 - INFO - Embeddings for dbmdz/bert-base-turkish-cased obtained.
2024-10-31 20:29:19,580 - INFO - Getting embeddings for dbmdz/bert-base-turkish-cased...
2024-10-31 20:29:20,673 - INFO - Embeddings for dbmdz/bert-base-turkish-cased obtained.
2024-10-31 20:29:20,683 - INFO - dbmdz/bert-base-turkish-cased - Epoch 1, Batch 6: Training Top 1 Accuracy: 39.00%
2024-10-31 20:29:20,683 - INFO - dbmdz/bert-base-turkish-cased - Epoch 1, Batch 6: Training Top 5 Accuracy: 59.00%
2024-10-31 20:29:22,206 - INFO - Getting embeddings for dbmdz/bert-base-turkish-cased...
2024-10-31 20:29:23,347 - INFO - Embeddings for dbmdz/bert-base-turkish-cased obtained.
