2024-10-31 20:29:34,485 - INFO - Reading CSV file...
2024-10-31 20:29:34,497 - INFO - CSV file successfully read.
2024-10-31 20:29:35,827 - INFO - Using device: cuda
2024-10-31 20:29:35,828 - INFO - Processing model: dbmdz/bert-base-turkish-cased
2024-10-31 20:29:39,999 - INFO - Starting epoch 1/1 for dbmdz/bert-base-turkish-cased...
2024-10-31 20:29:41,507 - INFO - Getting embeddings for dbmdz/bert-base-turkish-cased...
2024-10-31 20:29:42,784 - INFO - Embeddings for dbmdz/bert-base-turkish-cased obtained.
2024-10-31 20:29:44,162 - INFO - Getting embeddings for dbmdz/bert-base-turkish-cased...
2024-10-31 20:29:45,399 - INFO - Embeddings for dbmdz/bert-base-turkish-cased obtained.
2024-10-31 20:29:45,410 - INFO - dbmdz/bert-base-turkish-cased - Epoch 1, Batch 1: Training Top 1 Accuracy: 44.00%
2024-10-31 20:29:45,411 - INFO - dbmdz/bert-base-turkish-cased - Epoch 1, Batch 1: Training Top 5 Accuracy: 68.00%
2024-10-31 20:29:46,855 - INFO - Getting embeddings for dbmdz/bert-base-turkish-cased...
2024-10-31 20:29:48,129 - INFO - Embeddings for dbmdz/bert-base-turkish-cased obtained.
2024-10-31 20:29:49,615 - INFO - Getting embeddings for dbmdz/bert-base-turkish-cased...
2024-10-31 20:29:50,822 - INFO - Embeddings for dbmdz/bert-base-turkish-cased obtained.
2024-10-31 20:29:50,831 - INFO - dbmdz/bert-base-turkish-cased - Epoch 1, Batch 2: Training Top 1 Accuracy: 39.00%
2024-10-31 20:29:50,831 - INFO - dbmdz/bert-base-turkish-cased - Epoch 1, Batch 2: Training Top 5 Accuracy: 62.00%
2024-10-31 20:29:52,206 - INFO - Getting embeddings for dbmdz/bert-base-turkish-cased...
2024-10-31 20:29:53,222 - INFO - Embeddings for dbmdz/bert-base-turkish-cased obtained.
2024-10-31 20:29:54,608 - INFO - Getting embeddings for dbmdz/bert-base-turkish-cased...
2024-10-31 20:29:55,695 - INFO - Embeddings for dbmdz/bert-base-turkish-cased obtained.
2024-10-31 20:29:55,704 - INFO - dbmdz/bert-base-turkish-cased - Epoch 1, Batch 3: Training Top 1 Accuracy: 40.00%
2024-10-31 20:29:55,704 - INFO - dbmdz/bert-base-turkish-cased - Epoch 1, Batch 3: Training Top 5 Accuracy: 64.00%
2024-10-31 20:29:57,099 - INFO - Getting embeddings for dbmdz/bert-base-turkish-cased...
2024-10-31 20:29:58,157 - INFO - Embeddings for dbmdz/bert-base-turkish-cased obtained.
2024-10-31 20:29:59,531 - INFO - Getting embeddings for dbmdz/bert-base-turkish-cased...
2024-10-31 20:30:00,599 - INFO - Embeddings for dbmdz/bert-base-turkish-cased obtained.
2024-10-31 20:30:00,610 - INFO - dbmdz/bert-base-turkish-cased - Epoch 1, Batch 4: Training Top 1 Accuracy: 36.00%
2024-10-31 20:30:00,610 - INFO - dbmdz/bert-base-turkish-cased - Epoch 1, Batch 4: Training Top 5 Accuracy: 60.00%
2024-10-31 20:30:02,382 - INFO - Getting embeddings for dbmdz/bert-base-turkish-cased...
2024-10-31 20:30:03,674 - INFO - Embeddings for dbmdz/bert-base-turkish-cased obtained.
2024-10-31 20:30:05,227 - INFO - Getting embeddings for dbmdz/bert-base-turkish-cased...
2024-10-31 20:30:06,590 - INFO - Embeddings for dbmdz/bert-base-turkish-cased obtained.
2024-10-31 20:30:06,599 - INFO - dbmdz/bert-base-turkish-cased - Epoch 1, Batch 5: Training Top 1 Accuracy: 48.00%
2024-10-31 20:30:06,599 - INFO - dbmdz/bert-base-turkish-cased - Epoch 1, Batch 5: Training Top 5 Accuracy: 63.00%
2024-10-31 20:30:08,186 - INFO - Getting embeddings for dbmdz/bert-base-turkish-cased...
2024-10-31 20:30:09,323 - INFO - Embeddings for dbmdz/bert-base-turkish-cased obtained.
2024-10-31 20:30:11,165 - INFO - Getting embeddings for dbmdz/bert-base-turkish-cased...
2024-10-31 20:30:12,459 - INFO - Embeddings for dbmdz/bert-base-turkish-cased obtained.
2024-10-31 20:30:12,472 - INFO - dbmdz/bert-base-turkish-cased - Epoch 1, Batch 6: Training Top 1 Accuracy: 50.00%
2024-10-31 20:30:12,472 - INFO - dbmdz/bert-base-turkish-cased - Epoch 1, Batch 6: Training Top 5 Accuracy: 69.00%
2024-10-31 20:30:14,216 - INFO - Getting embeddings for dbmdz/bert-base-turkish-cased...
2024-10-31 20:30:15,262 - INFO - Embeddings for dbmdz/bert-base-turkish-cased obtained.
2024-10-31 20:30:16,947 - INFO - Getting embeddings for dbmdz/bert-base-turkish-cased...
2024-10-31 20:30:18,092 - INFO - Embeddings for dbmdz/bert-base-turkish-cased obtained.
2024-10-31 20:30:18,101 - INFO - dbmdz/bert-base-turkish-cased - Epoch 1, Batch 7: Training Top 1 Accuracy: 54.00%
2024-10-31 20:30:18,101 - INFO - dbmdz/bert-base-turkish-cased - Epoch 1, Batch 7: Training Top 5 Accuracy: 67.00%
2024-10-31 20:30:19,466 - INFO - Getting embeddings for dbmdz/bert-base-turkish-cased...
2024-10-31 20:30:20,381 - INFO - Embeddings for dbmdz/bert-base-turkish-cased obtained.
2024-10-31 20:30:21,765 - INFO - Getting embeddings for dbmdz/bert-base-turkish-cased...
2024-10-31 20:30:22,782 - INFO - Embeddings for dbmdz/bert-base-turkish-cased obtained.
2024-10-31 20:30:22,792 - INFO - dbmdz/bert-base-turkish-cased - Epoch 1, Batch 8: Training Top 1 Accuracy: 43.00%
2024-10-31 20:30:22,792 - INFO - dbmdz/bert-base-turkish-cased - Epoch 1, Batch 8: Training Top 5 Accuracy: 69.00%
2024-10-31 20:30:24,125 - INFO - Getting embeddings for dbmdz/bert-base-turkish-cased...
2024-10-31 20:30:25,184 - INFO - Embeddings for dbmdz/bert-base-turkish-cased obtained.
2024-10-31 20:30:26,830 - INFO - Getting embeddings for dbmdz/bert-base-turkish-cased...
2024-10-31 20:30:28,014 - INFO - Embeddings for dbmdz/bert-base-turkish-cased obtained.
2024-10-31 20:30:28,029 - INFO - dbmdz/bert-base-turkish-cased - Epoch 1: Validation Top 1 Accuracy: 47.00%
2024-10-31 20:30:28,029 - INFO - dbmdz/bert-base-turkish-cased - Epoch 1: Validation Top 5 Accuracy: 59.00%
2024-10-31 20:30:28,030 - ERROR - Error processing model dbmdz/bert-base-turkish-cased: only integer scalar arrays can be converted to a scalar index
