2024-11-01 21:47:22,813 - INFO - Reading CSV file...
2024-11-01 21:47:22,824 - INFO - CSV file successfully read.
2024-11-01 21:47:22,899 - INFO - Using device: cuda
2024-11-01 21:47:22,906 - INFO - Training model: dbmdz/bert-base-turkish-cased
2024-11-01 21:47:26,951 - INFO - Epoch 1/1
2024-11-01 21:47:28,399 - INFO - Getting embeddings for dbmdz/bert-base-turkish-cased...
2024-11-01 21:47:37,217 - INFO - Embeddings for dbmdz/bert-base-turkish-cased obtained.
2024-11-01 21:47:38,707 - INFO - Getting embeddings for dbmdz/bert-base-turkish-cased...
2024-11-01 21:47:47,469 - INFO - Embeddings for dbmdz/bert-base-turkish-cased obtained.
2024-11-01 21:47:47,507 - INFO - Training: Top 1 Accuracy: 33.38%
2024-11-01 21:47:49,079 - INFO - Getting embeddings for dbmdz/bert-base-turkish-cased...
2024-11-01 21:47:50,094 - INFO - Embeddings for dbmdz/bert-base-turkish-cased obtained.
2024-11-01 21:47:51,551 - INFO - Getting embeddings for dbmdz/bert-base-turkish-cased...
2024-11-01 21:47:52,647 - INFO - Embeddings for dbmdz/bert-base-turkish-cased obtained.
2024-11-01 21:47:52,655 - INFO - Validation: Top 1 Accuracy: 45.00%
2024-11-01 21:47:52,655 - INFO - Applying TSNE for dbmdz/bert-base-turkish-cased...
2024-11-01 21:48:00,901 - INFO - TSNE visualization completed for dbmdz/bert-base-turkish-cased.
2024-11-01 21:48:00,910 - INFO - Testing model...
2024-11-01 21:48:02,529 - INFO - Getting embeddings for dbmdz/bert-base-turkish-cased...
2024-11-01 21:48:03,720 - INFO - Embeddings for dbmdz/bert-base-turkish-cased obtained.
2024-11-01 21:48:05,183 - INFO - Getting embeddings for dbmdz/bert-base-turkish-cased...
2024-11-01 21:48:06,225 - INFO - Embeddings for dbmdz/bert-base-turkish-cased obtained.
2024-11-01 21:48:06,233 - INFO - Test Results: Top 1 Accuracy: 58.00%
2024-11-01 21:48:06,233 - INFO - Applying TSNE for dbmdz/bert-base-turkish-cased...
2024-11-01 21:48:14,728 - INFO - TSNE visualization completed for dbmdz/bert-base-turkish-cased.
