2024-10-29 14:33:34,604 - INFO - CSV dosyası okunuyor...
2024-10-29 14:33:34,618 - INFO - CSV dosyası başarıyla okundu.
2024-10-29 14:33:34,620 - INFO - sentence-transformers/all-MiniLM-L12-v2 yükleniyor...
2024-10-29 14:33:36,046 - INFO - sentence-transformers/all-MiniLM-L12-v2 yüklendi.
2024-10-29 14:33:36,046 - INFO - jinaai/jina-embeddings-v3 yükleniyor...
2024-10-29 14:33:41,388 - INFO - jinaai/jina-embeddings-v3 yüklendi.
2024-10-29 14:33:41,388 - INFO - intfloat/multilingual-e5-large-instruct yükleniyor...
2024-10-29 14:33:44,018 - INFO - intfloat/multilingual-e5-large-instruct yüklendi.
2024-10-29 14:33:44,019 - INFO - BAAI/bge-m3 yükleniyor...
2024-10-29 14:33:45,870 - INFO - BAAI/bge-m3 yüklendi.
2024-10-29 14:33:45,871 - INFO - thenlper/gte-large yükleniyor...
2024-10-29 14:33:48,081 - INFO - thenlper/gte-large yüklendi.
2024-10-29 14:33:48,082 - INFO - nomic-ai/nomic-embed-text-v1 yükleniyor...
2024-10-29 14:33:51,531 - WARNING - <All keys matched successfully>
2024-10-29 14:33:51,538 - INFO - nomic-ai/nomic-embed-text-v1 yüklendi.
2024-10-29 14:33:51,538 - INFO - dbmdz/bert-base-turkish-cased yükleniyor...
2024-10-29 14:33:52,740 - INFO - dbmdz/bert-base-turkish-cased yüklendi.
2024-10-29 14:33:52,740 - INFO - sentence-transformers/all-MiniLM-L12-v2 için temsilleri alınıyor...
2024-10-29 14:34:09,615 - INFO - sentence-transformers/all-MiniLM-L12-v2 için temsiller alındı.
2024-10-29 14:34:09,620 - INFO - jinaai/jina-embeddings-v3 için temsilleri alınıyor...
2024-10-29 14:37:06,124 - INFO - jinaai/jina-embeddings-v3 için temsiller alındı.
2024-10-29 14:37:06,126 - INFO - intfloat/multilingual-e5-large-instruct için temsilleri alınıyor...
2024-10-29 14:39:35,660 - INFO - intfloat/multilingual-e5-large-instruct için temsiller alındı.
2024-10-29 14:39:35,663 - INFO - BAAI/bge-m3 için temsilleri alınıyor...
2024-10-29 15:18:55,917 - INFO - BAAI/bge-m3 için temsiller alındı.
2024-10-29 15:18:55,941 - INFO - thenlper/gte-large için temsilleri alınıyor...
2024-10-29 15:21:48,093 - INFO - thenlper/gte-large için temsiller alındı.
2024-10-29 15:21:48,094 - INFO - nomic-ai/nomic-embed-text-v1 için temsilleri alınıyor...
2024-10-29 15:22:52,821 - INFO - nomic-ai/nomic-embed-text-v1 için temsiller alındı.
2024-10-29 15:22:52,823 - INFO - dbmdz/bert-base-turkish-cased için temsilleri alınıyor...
2024-10-29 15:23:33,127 - INFO - dbmdz/bert-base-turkish-cased için temsiller alındı.
2024-10-29 15:23:33,129 - INFO - sentence-transformers/all-MiniLM-L12-v2 için temsilleri alınıyor...
2024-10-29 15:24:06,819 - INFO - sentence-transformers/all-MiniLM-L12-v2 için temsiller alındı.
2024-10-29 15:24:06,821 - INFO - jinaai/jina-embeddings-v3 için temsilleri alınıyor...
2024-10-29 15:28:29,927 - INFO - jinaai/jina-embeddings-v3 için temsiller alındı.
2024-10-29 15:28:29,930 - INFO - intfloat/multilingual-e5-large-instruct için temsilleri alınıyor...
2024-10-29 15:32:26,762 - INFO - intfloat/multilingual-e5-large-instruct için temsiller alındı.
2024-10-29 15:32:26,764 - INFO - BAAI/bge-m3 için temsilleri alınıyor...
2024-10-29 16:15:53,823 - INFO - BAAI/bge-m3 için temsiller alındı.
2024-10-29 16:15:53,833 - INFO - thenlper/gte-large için temsilleri alınıyor...
